<?xml version="1.0" encoding="UTF-8"?><TestSessionContainer xmlns="http://www.codecover.org/xml/testsession-container" Date="1429889378508" TestSessionContainerId="ff07b478-716a-4970-a98d-3efaebcd4b0e" version="1.0">
<SrcFileList>
<SrcFile Content="import java.util.ArrayList;&#13;&#10;&#13;&#10;&#13;&#10;public class Player {&#13;&#10;&#9;public String username;&#13;&#10;&#9;public ArrayList&lt;Integer&gt; pHand = new ArrayList&lt;Integer&gt;();&#13;&#10;&#9;public boolean classAbility;&#13;&#10;&#9;public ArrayList&lt;Integer&gt; pPlay = new ArrayList&lt;Integer&gt;();&#13;&#10;&#9;public String className;&#13;&#10;&#9;public int pLevel=1; //actual level of player&#13;&#10;&#9;public int cLevel=pLevel; //the level a player is with door cards in combat&#13;&#10;&#9;public InitializeCards initCards = new InitializeCards();&#13;&#10;&#9;&#13;&#10;&#9;public Player(String name){&#13;&#10;&#9;&#9;this.username=name;&#13;&#10;&#9;&#9;&#13;&#10;&#9;}&#13;&#10;&#9;&#13;&#10;&#9;public void cLevelCalculation(){&#13;&#10;&#9;&#9;Card card;&#13;&#10;&#9;&#9;this.cLevel=this.pLevel;&#13;&#10;&#9;&#9;for(int i=0; i&lt;this.pPlay.size();i++){&#13;&#10;&#9;&#9;&#9;card = initCards.getCardHash().get(pPlay.get(i));&#9;&#13;&#10;&#9;&#9;&#9;this.cLevel+=card.pLevelBonus;&#13;&#10;&#9;&#9;}&#13;&#10;&#9;}&#13;&#10;&#9;&#13;&#10;&#9;public int mLevelBonusCalculation(){&#13;&#10;&#9;&#9;int mLevelBonus=0;&#13;&#10;&#9;&#9;InitializeCards init = new InitializeCards();&#13;&#10;&#9;&#9;for(int i = 0; i&lt;this.pPlay.size();i++){&#13;&#10;&#9;&#9;&#9;mLevelBonus+=init.cardHash.get(this.pPlay.get(i)).monsterLevelBonus;&#13;&#10;&#9;&#9;}&#13;&#10;&#9;&#9;return mLevelBonus;&#13;&#10;&#9;}&#13;&#10;&#9;&#13;&#10;&#9;public boolean didIwin(Game game){&#13;&#10;&#9;&#9;int playerInt = game.turnPlayer;&#13;&#10;&#9;&#9;if(playerInt==1){&#13;&#10;&#9;&#9;&#9;return didIwinHelper(game.p1, game.p2,game);&#13;&#10;&#9;&#9;}&#13;&#10;&#9;&#9;else{&#13;&#10;&#9;&#9;&#9;return didIwinHelper(game.p2,game.p1, game);&#13;&#10;&#9;&#9;}&#13;&#10;&#9;}&#13;&#10;&#9;&#13;&#10;&#9;public boolean didIwinHelper(Player me, Player other, Game game){&#13;&#10;&#9;&#9;int monster = game.mLevel + me.mLevelBonusCalculation()+other.mLevelBonusCalculation();&#13;&#10;&#9;&#9;System.out.println(&quot;Other person's monster bonus level &quot; + other.mLevelBonusCalculation());&#13;&#10;&#9;&#9;System.out.println(&quot;monster level in combat is: &quot; + monster);&#13;&#10;&#9;&#9;me.cLevelCalculation(); //me.cLevel is now set&#13;&#10;&#9;&#9;System.out.println(&quot;my clevel is: &quot; + me.cLevel);&#13;&#10;&#9;&#9;return (me.cLevel&gt;=monster);&#13;&#10;&#9;}&#13;&#10;}&#13;&#10;" Filename="Player.java" Intrnl_Id="1"/>
<SrcFile Content="import static org.junit.Assert.assertEquals;&#13;&#10;&#13;&#10;import java.util.ArrayList;&#13;&#10;import java.util.HashMap;&#13;&#10;&#13;&#10;public class InitializeCards {&#13;&#10;&#9;public HashMap&lt;Integer, Card&gt; cardHash = new HashMap&lt;Integer, Card&gt;();&#13;&#10;&#9;//public HashMap&lt;Integer, Card&gt; cardHash = new HashMap&lt;Integer, Card&gt;();&#13;&#10;&#9;public ArrayList&lt;Integer&gt; doors = new ArrayList&lt;Integer&gt;();&#13;&#10;&#9;public ArrayList&lt;Integer&gt; treasure = new ArrayList&lt;Integer&gt;();&#13;&#10;&#9;public int numDoors;&#13;&#10;&#9;public int numTreas;&#13;&#10;&#13;&#10;&#9;public InitializeCards(ArrayList&lt;String&gt; cardInfo) {&#13;&#10;&#13;&#10;&#9;&#9;// numDoors = 68;&#13;&#10;&#9;&#9;// numTreas = 0;&#13;&#10;&#13;&#10;&#9;&#9;//numDoors = 67;&#13;&#10;&#9;&#9;//numTreas = 83;&#13;&#10;&#13;&#10;&#9;&#9;for (int i = 0; i &lt; numDoors; i++) {&#13;&#10;&#9;&#9;&#9;Card newCard = new Card(i + 1, cardInfo.get(i));&#13;&#10;&#9;&#9;&#9;cardHash.put(i + 1, newCard);&#13;&#10;&#9;&#9;&#9;doors.add(i + 1);&#13;&#10;&#9;&#9;}&#13;&#10;&#13;&#10;&#9;&#9;for (int i = numDoors; i &lt; (numDoors + numTreas) - 1; i++) {&#13;&#10;&#13;&#10;&#9;&#9;&#9;if (i != 91) {&#13;&#10;&#9;&#9;&#9;&#9;Card newCard = new Card(i + 1, cardInfo.get(i));&#13;&#10;&#9;&#9;&#9;&#9;cardHash.put(i + 1, newCard);&#13;&#10;&#9;&#9;&#9;&#9;treasure.add(i + 1);&#13;&#10;&#9;&#9;&#9;} else {&#13;&#10;&#13;&#10;&#9;&#9;&#9;}&#13;&#10;&#13;&#10;&#9;&#9;}&#13;&#10;&#9;&#9;this.addConditions();&#13;&#10;&#13;&#10;&#9;}&#13;&#10;&#13;&#10;&#9;public InitializeCards() {&#13;&#10;&#9;&#9;numDoors = 67;&#13;&#10;&#9;&#9;numTreas = 83;&#13;&#10;&#13;&#10;&#9;&#9;for (int i = 0; i &lt; numDoors; i++) {&#13;&#10;&#9;&#9;&#9;Card newCard = new Card(i + 1, &quot;&quot;);&#13;&#10;&#9;&#9;&#9;cardHash.put(i + 1, newCard);&#13;&#10;&#9;&#9;&#9;doors.add(i + 1);&#13;&#10;&#9;&#9;}&#13;&#10;&#13;&#10;&#9;&#9;for (int i = numDoors; i &lt; (numDoors + numTreas) - 1; i++) {&#13;&#10;&#9;&#9;&#9;if (i != 91) {&#13;&#10;&#9;&#9;&#9;&#9;Card newCard = new Card(i + 1, &quot;&quot;);&#13;&#10;&#9;&#9;&#9;&#9;cardHash.put(i + 1, newCard);&#13;&#10;&#9;&#9;&#9;&#9;treasure.add(i + 1);&#13;&#10;&#9;&#9;&#9;} else {&#13;&#10;&#13;&#10;&#9;&#9;&#9;}&#13;&#10;&#9;&#9;}&#13;&#10;&#9;&#9;this.addConditionsForSelect();&#13;&#10;&#13;&#10;&#9;}&#13;&#10;&#9;&#13;&#10;&#9;public InitializeCards(boolean test) {&#13;&#10;&#9;&#9;numDoors = 67;&#13;&#10;&#9;&#9;numTreas = 83;&#13;&#10;&#13;&#10;&#9;&#9;for (int i = 0; i &lt; numDoors; i++) {&#13;&#10;&#9;&#9;&#9;Card newCard = new Card(i + 1, &quot;&quot;);&#13;&#10;&#9;&#9;&#9;cardHash.put(i + 1, newCard);&#13;&#10;&#9;&#9;&#9;doors.add(i + 1);&#13;&#10;&#9;&#9;}&#13;&#10;&#13;&#10;&#9;&#9;for (int i = numDoors; i &lt; (numDoors + numTreas) - 1; i++) {&#13;&#10;&#9;&#9;&#9;if (i != 91) {&#13;&#10;&#9;&#9;&#9;&#9;Card newCard = new Card(i + 1, &quot;&quot;);&#13;&#10;&#9;&#9;&#9;&#9;cardHash.put(i + 1, newCard);&#13;&#10;&#9;&#9;&#9;&#9;treasure.add(i + 1);&#13;&#10;&#9;&#9;&#9;} else {&#13;&#10;&#13;&#10;&#9;&#9;&#9;}&#13;&#10;&#9;&#9;}&#13;&#10;&#9;&#9;this.addConditions();&#13;&#10;&#9;}&#13;&#10;&#9;&#13;&#10;&#9;public InitializeCards(ArrayList&lt;Integer&gt; doorAvailable, ArrayList&lt;Integer&gt; treasAvailable){&#13;&#10;&#9;&#9;for (int i = 0; i &lt; doorAvailable.size(); i++) {&#13;&#10;&#9;&#9;&#9;Card newCard = new Card(doorAvailable.get(i), &quot;&quot;);&#13;&#10;&#9;&#9;&#9;cardHash.put(doorAvailable.get(i), newCard);&#13;&#10;&#9;&#9;&#9;doors.add(doorAvailable.get(i));&#13;&#10;&#9;&#9;}&#13;&#10;&#13;&#10;&#9;&#9;for (int i = 0; i &lt; treasAvailable.size(); i++) {&#13;&#10;&#9;&#9;&#9;Card newCard = new Card(treasAvailable.get(i),&quot;&quot;);&#13;&#10;&#9;&#9;&#9;cardHash.put(treasAvailable.get(i), newCard);&#13;&#10;&#9;&#9;&#9;treasure.add(treasAvailable.get(i));&#13;&#10;&#9;&#9;}&#13;&#10;&#9;&#9;this.addConditionsForSelect();&#13;&#10;&#9;}&#13;&#10;&#13;&#10;&#9;public void addConditions() {&#13;&#10;&#9;&#9;cardHash.get(1).monsterLevelBonus = 5;&#13;&#10;&#9;&#9;cardHash.get(2).monsterLevel = 2;&#13;&#10;&#9;&#9;cardHash.get(2).monsterLevelBonus = 3;&#13;&#10;&#9;&#9;cardHash.get(2).numTreas = 1;&#13;&#10;&#9;&#9;cardHash.get(2).condForBonus = &quot;Monster Whacker&quot;;&#13;&#10;&#9;&#9;cardHash.get(3).monsterLevelBonus = 3;&#13;&#10;&#9;&#9;cardHash.get(4).numTreas = 1;&#13;&#10;&#9;&#9;cardHash.get(4).monsterLevel = 1;&#13;&#10;&#9;&#9;cardHash.get(5).monsterLevel = 6;&#13;&#10;&#9;&#9;cardHash.get(5).monsterLevelBonus = -2;&#13;&#10;&#9;&#9;cardHash.get(5).numTreas = 2;&#13;&#10;&#9;&#9;cardHash.get(5).condForBonus = &quot;Professors&quot;;&#13;&#10;&#9;&#9;cardHash.get(7).monsterLevel = 2;&#13;&#10;&#9;&#9;cardHash.get(7).monsterLevelBonus = 4;&#13;&#10;&#9;&#9;cardHash.get(7).numTreas = 1;&#13;&#10;&#9;&#9;cardHash.get(7).condForBonus = &quot;Females&quot;;&#13;&#10;&#9;&#9;cardHash.get(8).monsterLevel = 8;&#13;&#10;&#9;&#9;cardHash.get(8).monsterLevelBonus = 3;&#13;&#10;&#9;&#9;cardHash.get(8).numTreas = 2;&#13;&#10;&#9;&#9;cardHash.get(26).monsterLevel = 10;&#13;&#10;&#9;&#9;cardHash.get(26).numTreas = 3;&#13;&#10;&#9;&#9;cardHash.get(27).monsterLevel = 1;&#13;&#10;&#9;&#9;cardHash.get(27).monsterLevelBonus = 2;&#13;&#10;&#9;&#9;cardHash.get(27).numTreas = 1;&#13;&#10;&#9;&#9;cardHash.get(27).condForBonus = &quot;Investigators&quot;;&#13;&#10;&#9;&#9;cardHash.get(27).badStuff = &quot;gold&quot;;&#13;&#10;&#9;&#9;cardHash.get(27).badGold = -500;&#13;&#10;&#9;&#9;cardHash.get(28).monsterLevel = 6;&#13;&#10;&#9;&#9;cardHash.get(28).numTreas = 2;&#13;&#10;&#9;&#9;cardHash.get(29).monsterLevelBonus = 10;&#13;&#10;&#9;&#9;cardHash.get(29).bonusTreasure = 2;&#13;&#10;&#9;&#9;cardHash.get(30).monsterLevel = 12;&#13;&#10;&#9;&#9;cardHash.get(30).monsterLevelBonus = -2;&#13;&#10;&#9;&#9;cardHash.get(30).numTreas = 3;&#13;&#10;&#9;&#9;cardHash.get(30).condForBonus = &quot;Monster Whacker&quot;;&#13;&#10;&#9;&#9;cardHash.get(31).monsterLevelBonus = 3;&#13;&#10;&#9;&#9;cardHash.get(32).monsterLevel = 12;&#13;&#10;&#9;&#9;cardHash.get(32).numTreas = 3;&#13;&#10;&#9;&#9;cardHash.get(33).monsterLevel = 4;&#13;&#10;&#9;&#9;cardHash.get(33).monsterLevelBonus = -2;&#13;&#10;&#9;&#9;cardHash.get(33).numTreas = 2;&#13;&#10;&#9;&#9;cardHash.get(33).condForBonus = &quot;Females&quot;;&#13;&#10;&#9;&#9;cardHash.get(34).monsterLevelBonus = 3;&#13;&#10;&#9;&#9;cardHash.get(35).monsterLevel = 14;&#13;&#10;&#9;&#9;cardHash.get(35).monsterLevelBonus = -2;&#13;&#10;&#9;&#9;cardHash.get(35).numTreas = 4;&#13;&#10;&#9;&#9;cardHash.get(35).condForBonus = &quot;Professors&quot;;&#13;&#10;&#9;&#9;cardHash.get(42).monsterLevelBonus = -5;&#13;&#10;&#9;&#9;cardHash.get(42).badStuff = &quot;treas&quot;;&#13;&#10;&#9;&#9;cardHash.get(42).badTreas = -1;&#13;&#10;&#9;&#9;cardHash.get(84).numGold = 500;&#13;&#10;&#9;&#9;cardHash.get(84).numHands = 2;&#13;&#10;&#9;&#9;cardHash.get(84).pLevelBonus = 4;&#13;&#10;&#9;&#9;cardHash.get(85).numGold = 600;&#13;&#10;&#9;&#9;cardHash.get(86).numGold = 200;&#13;&#10;&#9;&#9;cardHash.get(86).numHands = 1;&#13;&#10;&#9;&#9;cardHash.get(86).pLevelBonus = 2;&#13;&#10;&#9;&#9;cardHash.get(87).numGold = 200;&#13;&#10;&#9;&#9;cardHash.get(87).pLevelBonus = 1;&#13;&#10;&#9;&#9;cardHash.get(88).numGold = 300;&#13;&#10;&#9;&#9;cardHash.get(88).numHands = 1;&#13;&#10;&#9;&#9;cardHash.get(88).pLevelBonus = 2;&#13;&#10;&#9;&#9;cardHash.get(89).goUpALevel = true;&#13;&#10;&#9;&#9;cardHash.get(90).numGold = 100;&#13;&#10;&#9;&#9;cardHash.get(90).numUse = 1;&#13;&#10;&#9;&#9;cardHash.get(90).forMe = false;&#13;&#10;&#9;&#9;cardHash.get(90).pLevelBonus = 3;&#13;&#10;&#9;&#9;cardHash.get(90).monsterLevelBonus = 3;&#13;&#10;&#9;&#9;cardHash.get(94).goUpALevel = true;&#13;&#10;&#9;&#9;cardHash.get(97).numGold = 700;&#13;&#10;&#9;&#9;cardHash.get(97).pLevelBonus = 3;&#13;&#10;&#9;&#9;cardHash.get(97).NotUsableBy = &quot;Monster Whacker&quot;;&#13;&#10;&#9;&#9;cardHash.get(98).numGold=800;&#13;&#10;&#9;&#9;cardHash.get(98).pLevelBonus=4;&#13;&#10;&#9;&#9;cardHash.get(98).numHands=2;&#13;&#10;&#9;&#9;cardHash.get(99).numGold=300;&#13;&#10;&#9;&#9;cardHash.get(99).pLevelBonus=1;&#13;&#10;&#9;&#9;cardHash.get(99).footGear=true;&#13;&#10;&#9;}&#13;&#10;&#9;&#13;&#10;&#9;public void addConditionsForSelect() {&#13;&#10;&#9;&#9;&#13;&#10;&#9;&#9;cardHash.get(2).monsterLevel = 2;&#13;&#10;&#9;&#9;cardHash.get(2).monsterLevelCondBonus = 3;&#13;&#10;&#9;&#9;cardHash.get(2).numTreas = 1;&#13;&#10;&#9;&#9;cardHash.get(2).condForBonus = &quot;Monster Whacker&quot;;&#13;&#10;&#9;&#9;&#13;&#10;&#9;&#9;cardHash.get(4).numTreas = 1;&#13;&#10;&#9;&#9;cardHash.get(4).monsterLevel = 1;&#13;&#10;&#9;&#13;&#10;&#9;&#9;cardHash.get(7).monsterLevel = 2;&#13;&#10;&#9;&#9;cardHash.get(7).monsterLevelCondBonus = 4;&#13;&#10;&#9;&#9;cardHash.get(7).numTreas = 1;&#13;&#10;&#9;&#9;cardHash.get(7).condForBonus = &quot;Females&quot;;&#13;&#10;&#9;&#9;&#13;&#10;&#9;&#9;&#13;&#10;&#9;&#9;cardHash.get(29).monsterLevelBonus = 10;&#13;&#10;&#9;&#9;cardHash.get(29).bonusTreasure = 2;&#13;&#10;&#9;&#9;&#13;&#10;&#9;&#9;&#13;&#10;&#9;&#9;cardHash.get(42).monsterLevelBonus = -5;&#13;&#10;&#9;&#9;cardHash.get(42).badStuff = &quot;treas&quot;;&#13;&#10;&#9;&#9;cardHash.get(42).badTreas = -1;&#13;&#10;&#9;&#9;cardHash.get(84).numGold = 500;&#13;&#10;&#9;&#9;cardHash.get(84).numHands = 2;&#13;&#10;&#9;&#9;cardHash.get(84).pLevelBonus = 4;&#13;&#10;&#9;&#9;cardHash.get(85).numGold = 600;&#13;&#10;&#9;&#9;cardHash.get(86).numGold = 200;&#13;&#10;&#9;&#9;cardHash.get(86).numHands = 1;&#13;&#10;&#9;&#9;cardHash.get(86).pLevelBonus = 2;&#13;&#10;&#9;&#9;cardHash.get(87).numGold = 200;&#13;&#10;&#9;&#9;cardHash.get(87).pLevelBonus = 1;&#13;&#10;&#9;&#9;cardHash.get(88).numGold = 300;&#13;&#10;&#9;&#9;cardHash.get(88).numHands = 1;&#13;&#10;&#9;&#9;cardHash.get(88).pLevelBonus = 2;&#13;&#10;&#9;&#9;cardHash.get(89).goUpALevel = true;&#13;&#10;&#9;&#9;cardHash.get(90).numGold = 100;&#13;&#10;&#9;&#9;cardHash.get(90).numUse = 1;&#13;&#10;&#9;&#9;cardHash.get(90).forMe = false;&#13;&#10;&#9;&#9;cardHash.get(90).pLevelBonus = 3;&#13;&#10;&#9;&#9;cardHash.get(90).monsterLevelBonus = 3;&#13;&#10;&#9;&#9;cardHash.get(94).goUpALevel = true;&#13;&#10;&#9;&#9;cardHash.get(97).numGold = 700;&#13;&#10;&#9;&#9;cardHash.get(97).pLevelBonus = 3;&#13;&#10;&#9;&#9;cardHash.get(97).NotUsableBy = &quot;Monster Whacker&quot;;&#13;&#10;&#9;&#9;cardHash.get(98).numGold=800;&#13;&#10;&#9;&#9;cardHash.get(98).pLevelBonus=4;&#13;&#10;&#9;&#9;cardHash.get(98).numHands=2;&#13;&#10;&#9;&#9;cardHash.get(99).numGold=300;&#13;&#10;&#9;&#9;cardHash.get(99).pLevelBonus=1;&#13;&#10;&#9;&#9;cardHash.get(99).footGear=true;&#13;&#10;&#9;}&#13;&#10;&#13;&#10;&#9;public HashMap&lt;Integer, Card&gt; getCardHash() {&#13;&#10;&#9;&#9;return cardHash;&#13;&#10;&#9;}&#13;&#10;&#13;&#10;&#13;&#10;}&#13;&#10;" Filename="InitializeCards.java" Intrnl_Id="2"/>
<SrcFile Content="import java.util.ArrayList;&#13;&#10;import java.util.HashMap;&#13;&#10;import java.util.Random;&#13;&#10;&#13;&#10;public class Game {&#13;&#10;&#9;ArrayList&lt;Integer&gt; doors = new ArrayList&lt;Integer&gt;();&#13;&#10;&#9;ArrayList&lt;Integer&gt; treasures = new ArrayList&lt;Integer&gt;();&#13;&#10;&#9;ArrayList&lt;Integer&gt; discards = new ArrayList&lt;Integer&gt;();&#13;&#10;&#9;Player p1 = new Player(&quot;p1&quot;);&#13;&#10;&#9;Player p2 = new Player(&quot;p2&quot;);&#13;&#10;&#9;int turnPlayer;&#13;&#10;&#9;CardFunc funcs = new CardFunc(this);&#13;&#10;&#9;int mInPlay = 0; //0 indicates no monster, otherwise card number goes here.&#13;&#10;&#9;int mLevel = 0; //0 indicates no monster, otherwise monster level goes here.&#13;&#10;&#9;&#13;&#10;&#9;&#13;&#10;&#13;&#10;&#9;public Game(ArrayList&lt;Integer&gt; doors, ArrayList&lt;Integer&gt; treasures) {&#13;&#10; &#9;&#9;this.doors = doors;&#13;&#10;&#9;&#9;this.treasures = treasures;&#13;&#10;&#9;&#9;this.turnPlayer=1;&#13;&#10;&#9;}&#13;&#10;&#9;&#13;&#10;&#13;&#10;&#9;public ArrayList&lt;Integer&gt; shuffle(ArrayList&lt;Integer&gt; cards) {&#13;&#10;&#9;&#9;Random rand = new Random();&#13;&#10;&#9;&#9;for (int i = cards.size() - 1; i &gt; 0; i--) {&#13;&#10;&#9;&#9;&#9;int randNum = rand.nextInt(i);&#13;&#10;&#9;&#9;&#9;int temp = cards.get(randNum);&#13;&#10;&#9;&#9;&#9;cards.set(randNum, cards.get(i));&#13;&#10;&#9;&#9;&#9;cards.set(i, temp);&#13;&#10;&#9;&#9;}&#13;&#10;&#9;&#9;return cards;&#13;&#10;&#9;}&#13;&#10;&#9;&#13;&#10;&#9;public void setInitialCards(){&#13;&#10;&#9;&#9;p1.pHand=this.dealCards();&#13;&#10;&#9;&#9;p2.pHand=this.dealCards();&#13;&#10;&#9;}&#13;&#10;&#13;&#10;&#9;&#13;&#10;&#9;public ArrayList&lt;Integer&gt; dealCards() {&#13;&#10;&#9;&#9;ArrayList&lt;Integer&gt; deal = new ArrayList&lt;Integer&gt;();&#13;&#10;&#9;&#9;shuffle(doors);&#13;&#10;&#9;&#9;shuffle(treasures);&#13;&#10;&#9;&#9;for (int i = 0; i &lt;= 3; i++) {&#13;&#10;&#9;&#9;&#9;deal.add(doors.get(doors.size() - 1));&#13;&#10;&#9;&#9;&#9;deal.add(treasures.get(treasures.size()-1));&#13;&#10;&#9;&#9;&#9;doors.remove(doors.get(doors.size() - 1));&#13;&#10;&#9;&#9;&#9;treasures.remove(treasures.get(treasures.size()-1));&#13;&#10;&#9;&#9;&#9;&#13;&#10;&#9;&#9;}&#13;&#10;&#9;&#9;return deal;&#13;&#10;&#9;}&#13;&#10;&#9;//This function will not deal another card if the player hand size equals 8&#13;&#10;&#9;public boolean dealNewCard(ArrayList&lt;Integer&gt; cards, Player p) {&#13;&#10;&#9;&#9;int size = cards.size()-1;&#13;&#10;&#9;&#9;if(p.pHand.size() &lt; 8) {&#13;&#10;&#9;&#9;&#9;p.pHand.add(cards.get(size));&#13;&#10;&#9;&#9;&#9;cards.remove(size);&#13;&#10;&#9;&#9;&#9;return true;&#13;&#10;&#9;&#9;} return false;&#13;&#10;&#9;}&#13;&#10;&#9;&#13;&#10;&#9;public boolean mustDiscard(Player p) {&#13;&#10;&#9;&#9;return p.pHand.size()&gt;=8;&#13;&#10;&#9;}&#13;&#10;&#9;&#13;&#10;&#9;public boolean discardCard(Player p, int card) {&#13;&#10;&#9;&#9;if(p.pHand.contains(card)) {&#13;&#10;&#9;&#9;&#9;p.pHand.remove(card);&#13;&#10;&#9;&#9;&#9;discards.add(card);&#13;&#10;&#9;&#9;&#9;return true;&#13;&#10;&#9;&#9;}return false;&#13;&#10;&#9;}&#13;&#10;&#9;&#13;&#10;&#9;public ArrayList&lt;Integer&gt; returnDiscardPile() {&#13;&#10;&#9;&#9;return discards;&#13;&#10;&#9;}&#13;&#10;&#9;&#13;&#10;&#9;public int rollDice() {&#13;&#10;&#9;&#9;Random rand = new Random();&#13;&#10;&#9;&#9;return rand.nextInt(6) + 1;&#13;&#10;&#9;}&#13;&#10;&#13;&#10;}&#13;&#10;" Filename="Game.java" Intrnl_Id="3"/>
<SrcFile Content="&#13;&#10;public class CardFunc {&#13;&#10;&#9;public Game myGame;&#13;&#10;&#9;public Player p;&#13;&#10;&#9;public CardFunc(Game game){&#13;&#10;&#9;&#9;this.myGame=game;&#13;&#10;&#9;&#9;if (myGame.turnPlayer==1){&#13;&#10;&#9;&#9;&#9;p=myGame.p1;&#13;&#10;&#9;&#9;}&#13;&#10;&#9;&#9;else{&#13;&#10;&#9;&#9;&#9;p=myGame.p2;&#13;&#10;&#9;&#9;}&#13;&#10;&#9;&#9;&#13;&#10;&#9;}&#13;&#10;&#9;public void func57(){&#13;&#10;&#9;&#9;p.className=&quot;Professor&quot;;&#13;&#10;&#9;&#9;end();&#13;&#10;&#9;}&#13;&#10;&#9;&#13;&#10;&#9;public void playClass(){&#13;&#10;&#9;&#9;&#13;&#10;&#9;}&#13;&#10;&#9;&#13;&#10;&#9;public void end(){&#13;&#10;&#9;&#9;if(myGame.turnPlayer==1){&#13;&#10;&#9;&#9;&#9;myGame.p1=p;&#13;&#10;&#9;&#9;}&#13;&#10;&#9;&#9;else{&#13;&#10;&#9;&#9;&#9;myGame.p2=p;&#13;&#10;&#9;&#9;}&#13;&#10;&#9;}&#13;&#10;&#9;&#13;&#10;&#9;&#13;&#10;}&#13;&#10;" Filename="CardFunc.java" Intrnl_Id="4"/>
<SrcFile Content="import java.util.HashMap;&#13;&#10;&#13;&#10;public class Card {&#13;&#10;&#9;public String NotUsableBy = &quot;&quot;;&#13;&#10;&#9;public int num;&#13;&#10;&#9;public String name;&#13;&#10;&#9;public int addNum;&#13;&#10;&#9;public int monsterLevel=0; //is 0 if not a monster&#13;&#10;&#9;public String badStuff=&quot;&quot;; //gold or treas or level&#13;&#10;&#9;public int badGold;&#13;&#10;&#9;public int badTreas;&#13;&#10;&#9;public int badLevel;&#13;&#10;&#9;public int numTreas;&#13;&#10;&#9;public int monsterLevelBonus = 0; //always execute&#13;&#10;&#9;public int monsterLevelCondBonus; //only execute if certain condition is met&#13;&#10;&#9;public String condForBonus;&#13;&#10;&#9;public boolean inPlay;&#13;&#10;&#9;public int numGold;&#13;&#10;&#9;public int numHands;&#13;&#10;&#9;public boolean footGear;&#13;&#10;&#9;public boolean headGear;&#13;&#10;&#9;public int pLevelBonus=0;&#13;&#10;&#9;public boolean goUpALevel;&#13;&#10;&#9;public boolean forMe;&#13;&#10;&#9;public int numUse;&#13;&#10;&#9;public int bonusTreasure=0;&#13;&#10;&#9;boolean readyToPlay=false; //means card is implemented enough to be in demo.&#13;&#10;&#9;&#13;&#10;&#9;&#13;&#10;&#9;&#13;&#10;&#9;public Card(int num, String name) {&#13;&#10;&#9;&#9;this.num = num;&#13;&#10;&#9;&#9;this.name = name;&#13;&#10;&#9;&#9;&#13;&#10;&#9;&#9;&#13;&#10;&#9;&#9;&#9;&#13;&#10;&#9;}&#13;&#10;&#9;&#13;&#10;&#9;public String getName(){&#13;&#10;&#9;&#9;return this.name;&#13;&#10;&#9;}&#13;&#10;&#9;&#13;&#10;&#9;public int getNumber(){&#13;&#10;&#9;&#9;return this.num;&#13;&#10;&#9;}&#13;&#10;&#13;&#10;}&#13;&#10;" Filename="Card.java" Intrnl_Id="5"/>
</SrcFileList>
<CritList>
<CritListEntry Name="org.codecover.model.utils.criteria.LoopCoverage" PluginName="org.codecover"/>
<CritListEntry Name="org.codecover.model.utils.criteria.QMOCoverage" PluginName="org.codecover"/>
<CritListEntry Name="org.codecover.model.utils.criteria.ConditionCoverage" PluginName="org.codecover"/>
<CritListEntry Name="org.codecover.model.utils.criteria.BranchCoverage" PluginName="org.codecover"/>
<CritListEntry Name="org.codecover.model.utils.criteria.SynchronizedStatementCoverage" PluginName="org.codecover"/>
<CritListEntry Name="org.codecover.model.utils.criteria.StatementCoverage" PluginName="org.codecover"/>
</CritList>
<BoolOpList/>
<HierarchyLvlTypeList>
<HierarchyLvlType EnglishName="method" IntrnlName="method" Intrnl_Id="6"/>
<HierarchyLvlType EnglishName="class" IntrnlName="class" Intrnl_Id="7"/>
<HierarchyLvlType EnglishName="default package" IntrnlName="default package" Intrnl_Id="8"/>
</HierarchyLvlTypeList>
<MASTRoot>
<HierarchyLvl HierarchyLvlId="597" HierarchyLvlTypeId="8" Intrnl_Id="9" Name="default package">
<Header/>
<LocList/>
<HierarchyLvl HierarchyLvlId="569" HierarchyLvlTypeId="7" Intrnl_Id="10" Name="Player">
<Header>
<Loc EndOffset="52" SrcFileId="1" StartOffset="33"/>
</Header>
<LocList>
<Loc EndOffset="1677" SrcFileId="1" StartOffset="33"/>
</LocList>
<StmntSeq Intrnl_Id="11">
<LocList>
<Loc EndOffset="142" SrcFileId="1" StartOffset="83"/>
<Loc EndOffset="235" SrcFileId="1" StartOffset="176"/>
<Loc EndOffset="285" SrcFileId="1" StartOffset="265"/>
<Loc EndOffset="338" SrcFileId="1" StartOffset="313"/>
<Loc EndOffset="448" SrcFileId="1" StartOffset="391"/>
</LocList>
<BasicStmnt CovItemId="S1" CovItemPrefix="Player.java" Intrnl_Id="12">
<LocList>
<Loc EndOffset="142" SrcFileId="1" StartOffset="83"/>
</LocList>
</BasicStmnt>
<BasicStmnt CovItemId="S2" CovItemPrefix="Player.java" Intrnl_Id="13">
<LocList>
<Loc EndOffset="235" SrcFileId="1" StartOffset="176"/>
</LocList>
</BasicStmnt>
<BasicStmnt CovItemId="S3" CovItemPrefix="Player.java" Intrnl_Id="14">
<LocList>
<Loc EndOffset="285" SrcFileId="1" StartOffset="265"/>
</LocList>
</BasicStmnt>
<BasicStmnt CovItemId="S4" CovItemPrefix="Player.java" Intrnl_Id="15">
<LocList>
<Loc EndOffset="338" SrcFileId="1" StartOffset="313"/>
</LocList>
</BasicStmnt>
<BasicStmnt CovItemId="S5" CovItemPrefix="Player.java" Intrnl_Id="16">
<LocList>
<Loc EndOffset="448" SrcFileId="1" StartOffset="391"/>
</LocList>
</BasicStmnt>
</StmntSeq>
<HierarchyLvl HierarchyLvlId="564" HierarchyLvlTypeId="6" Intrnl_Id="17" Name="Player">
<Header>
<Loc EndOffset="480" SrcFileId="1" StartOffset="454"/>
</Header>
<LocList>
<Loc EndOffset="512" SrcFileId="1" StartOffset="454"/>
</LocList>
<StmntSeq Intrnl_Id="18">
<LocList>
<Loc EndOffset="504" SrcFileId="1" StartOffset="485"/>
</LocList>
<BasicStmnt CovItemId="S6" CovItemPrefix="Player.java" Intrnl_Id="19">
<LocList>
<Loc EndOffset="504" SrcFileId="1" StartOffset="485"/>
</LocList>
</BasicStmnt>
</StmntSeq>
</HierarchyLvl>
<HierarchyLvl HierarchyLvlId="565" HierarchyLvlTypeId="6" Intrnl_Id="20" Name="cLevelCalculation">
<Header>
<Loc EndOffset="549" SrcFileId="1" StartOffset="518"/>
</Header>
<LocList>
<Loc EndOffset="733" SrcFileId="1" StartOffset="518"/>
</LocList>
<StmntSeq Intrnl_Id="21">
<LocList>
<Loc EndOffset="592" SrcFileId="1" StartOffset="568"/>
<Loc EndOffset="729" SrcFileId="1" StartOffset="596"/>
</LocList>
<BasicStmnt CovItemId="S7" CovItemPrefix="Player.java" Intrnl_Id="22">
<LocList>
<Loc EndOffset="592" SrcFileId="1" StartOffset="568"/>
</LocList>
</BasicStmnt>
<LoopStmnt CovItemId="S8" CovItemPrefix="Player.java" Intrnl_Id="23" MltplExecId="L1-2" MltplExecPrefix="Player.java" NvrExecId="L1-0" NvrExecPrefix="Player.java" OnceExecutedId="L1-1" OnceExecutedPrefix="Player.java" OptBodyExec="true">
<StmntSeq Intrnl_Id="24">
<LocList>
<Loc EndOffset="688" SrcFileId="1" StartOffset="639"/>
<Loc EndOffset="724" SrcFileId="1" StartOffset="694"/>
</LocList>
<BasicStmnt CovItemId="S9" CovItemPrefix="Player.java" Intrnl_Id="25">
<LocList>
<Loc EndOffset="688" SrcFileId="1" StartOffset="639"/>
</LocList>
</BasicStmnt>
<BasicStmnt CovItemId="S10" CovItemPrefix="Player.java" Intrnl_Id="26">
<LocList>
<Loc EndOffset="724" SrcFileId="1" StartOffset="694"/>
</LocList>
</BasicStmnt>
</StmntSeq>
<Keyword EndOffset="599" SrcFileId="1" StartOffset="596"/>
<LocList>
<Loc EndOffset="729" SrcFileId="1" StartOffset="596"/>
</LocList>
<RootTerm CovItemId="C1" CovItemPrefix="Player.java" Intrnl_Id="27">
<BasicBoolTerm Intrnl_Id="28">
<LocList>
<Loc EndOffset="628" SrcFileId="1" StartOffset="609"/>
</LocList>
</BasicBoolTerm>
</RootTerm>
</LoopStmnt>
</StmntSeq>
</HierarchyLvl>
<HierarchyLvl HierarchyLvlId="566" HierarchyLvlTypeId="6" Intrnl_Id="29" Name="mLevelBonusCalculation">
<Header>
<Loc EndOffset="774" SrcFileId="1" StartOffset="739"/>
</Header>
<LocList>
<Loc EndOffset="995" SrcFileId="1" StartOffset="739"/>
</LocList>
<StmntSeq Intrnl_Id="30">
<LocList>
<Loc EndOffset="797" SrcFileId="1" StartOffset="779"/>
<Loc EndOffset="846" SrcFileId="1" StartOffset="801"/>
<Loc EndOffset="968" SrcFileId="1" StartOffset="850"/>
<Loc EndOffset="991" SrcFileId="1" StartOffset="972"/>
</LocList>
<BasicStmnt CovItemId="S11" CovItemPrefix="Player.java" Intrnl_Id="31">
<LocList>
<Loc EndOffset="797" SrcFileId="1" StartOffset="779"/>
</LocList>
</BasicStmnt>
<BasicStmnt CovItemId="S12" CovItemPrefix="Player.java" Intrnl_Id="32">
<LocList>
<Loc EndOffset="846" SrcFileId="1" StartOffset="801"/>
</LocList>
</BasicStmnt>
<LoopStmnt CovItemId="S13" CovItemPrefix="Player.java" Intrnl_Id="33" MltplExecId="L2-2" MltplExecPrefix="Player.java" NvrExecId="L2-0" NvrExecPrefix="Player.java" OnceExecutedId="L2-1" OnceExecutedPrefix="Player.java" OptBodyExec="true">
<StmntSeq Intrnl_Id="34">
<LocList>
<Loc EndOffset="963" SrcFileId="1" StartOffset="895"/>
</LocList>
<BasicStmnt CovItemId="S14" CovItemPrefix="Player.java" Intrnl_Id="35">
<LocList>
<Loc EndOffset="963" SrcFileId="1" StartOffset="895"/>
</LocList>
</BasicStmnt>
</StmntSeq>
<Keyword EndOffset="853" SrcFileId="1" StartOffset="850"/>
<LocList>
<Loc EndOffset="968" SrcFileId="1" StartOffset="850"/>
</LocList>
<RootTerm CovItemId="C2" CovItemPrefix="Player.java" Intrnl_Id="36">
<BasicBoolTerm Intrnl_Id="37">
<LocList>
<Loc EndOffset="884" SrcFileId="1" StartOffset="865"/>
</LocList>
</BasicBoolTerm>
</RootTerm>
</LoopStmnt>
<BasicStmnt CovItemId="S15" CovItemPrefix="Player.java" Intrnl_Id="38">
<LocList>
<Loc EndOffset="991" SrcFileId="1" StartOffset="972"/>
</LocList>
</BasicStmnt>
</StmntSeq>
</HierarchyLvl>
<HierarchyLvl HierarchyLvlId="567" HierarchyLvlTypeId="6" Intrnl_Id="39" Name="didIwin">
<Header>
<Loc EndOffset="1034" SrcFileId="1" StartOffset="1001"/>
</Header>
<LocList>
<Loc EndOffset="1213" SrcFileId="1" StartOffset="1001"/>
</LocList>
<StmntSeq Intrnl_Id="40">
<LocList>
<Loc EndOffset="1071" SrcFileId="1" StartOffset="1039"/>
<Loc EndOffset="1209" SrcFileId="1" StartOffset="1075"/>
</LocList>
<BasicStmnt CovItemId="S16" CovItemPrefix="Player.java" Intrnl_Id="41">
<LocList>
<Loc EndOffset="1071" SrcFileId="1" StartOffset="1039"/>
</LocList>
</BasicStmnt>
<CondStmnt CovItemId="S17" CovItemPrefix="Player.java" Intrnl_Id="42">
<Branch CovItemId="B1" CovItemPrefix="Player.java" Implct="false" Intrnl_Id="43">
<Cond/>
<LocList>
<Loc EndOffset="1146" SrcFileId="1" StartOffset="1091"/>
</LocList>
<StmntSeq Intrnl_Id="44">
<LocList>
<Loc EndOffset="1141" SrcFileId="1" StartOffset="1097"/>
</LocList>
<BasicStmnt CovItemId="S18" CovItemPrefix="Player.java" Intrnl_Id="45">
<LocList>
<Loc EndOffset="1141" SrcFileId="1" StartOffset="1097"/>
</LocList>
</BasicStmnt>
</StmntSeq>
</Branch>
<Branch CovItemId="B2" CovItemPrefix="Player.java" Implct="false" Intrnl_Id="46">
<Cond>
<Loc EndOffset="1154" SrcFileId="1" StartOffset="1150"/>
</Cond>
<LocList>
<Loc EndOffset="1209" SrcFileId="1" StartOffset="1154"/>
</LocList>
<StmntSeq Intrnl_Id="47">
<LocList>
<Loc EndOffset="1204" SrcFileId="1" StartOffset="1160"/>
</LocList>
<BasicStmnt CovItemId="S19" CovItemPrefix="Player.java" Intrnl_Id="48">
<LocList>
<Loc EndOffset="1204" SrcFileId="1" StartOffset="1160"/>
</LocList>
</BasicStmnt>
</StmntSeq>
</Branch>
<Keyword EndOffset="1077" SrcFileId="1" StartOffset="1075"/>
<LocList>
<Loc EndOffset="1209" SrcFileId="1" StartOffset="1075"/>
</LocList>
<RootTerm CovItemId="C3" CovItemPrefix="Player.java" Intrnl_Id="49">
<BasicBoolTerm Intrnl_Id="50">
<LocList>
<Loc EndOffset="1090" SrcFileId="1" StartOffset="1078"/>
</LocList>
</BasicBoolTerm>
</RootTerm>
</CondStmnt>
</StmntSeq>
</HierarchyLvl>
<HierarchyLvl HierarchyLvlId="568" HierarchyLvlTypeId="6" Intrnl_Id="51" Name="didIwinHelper">
<Header>
<Loc EndOffset="1283" SrcFileId="1" StartOffset="1219"/>
</Header>
<LocList>
<Loc EndOffset="1674" SrcFileId="1" StartOffset="1219"/>
</LocList>
<StmntSeq Intrnl_Id="52">
<LocList>
<Loc EndOffset="1375" SrcFileId="1" StartOffset="1288"/>
<Loc EndOffset="1470" SrcFileId="1" StartOffset="1379"/>
<Loc EndOffset="1535" SrcFileId="1" StartOffset="1474"/>
<Loc EndOffset="1562" SrcFileId="1" StartOffset="1539"/>
<Loc EndOffset="1638" SrcFileId="1" StartOffset="1589"/>
<Loc EndOffset="1670" SrcFileId="1" StartOffset="1642"/>
</LocList>
<BasicStmnt CovItemId="S20" CovItemPrefix="Player.java" Intrnl_Id="53">
<LocList>
<Loc EndOffset="1375" SrcFileId="1" StartOffset="1288"/>
</LocList>
</BasicStmnt>
<BasicStmnt CovItemId="S21" CovItemPrefix="Player.java" Intrnl_Id="54">
<LocList>
<Loc EndOffset="1470" SrcFileId="1" StartOffset="1379"/>
</LocList>
</BasicStmnt>
<BasicStmnt CovItemId="S22" CovItemPrefix="Player.java" Intrnl_Id="55">
<LocList>
<Loc EndOffset="1535" SrcFileId="1" StartOffset="1474"/>
</LocList>
</BasicStmnt>
<BasicStmnt CovItemId="S23" CovItemPrefix="Player.java" Intrnl_Id="56">
<LocList>
<Loc EndOffset="1562" SrcFileId="1" StartOffset="1539"/>
</LocList>
</BasicStmnt>
<BasicStmnt CovItemId="S24" CovItemPrefix="Player.java" Intrnl_Id="57">
<LocList>
<Loc EndOffset="1638" SrcFileId="1" StartOffset="1589"/>
</LocList>
</BasicStmnt>
<BasicStmnt CovItemId="S25" CovItemPrefix="Player.java" Intrnl_Id="58">
<LocList>
<Loc EndOffset="1670" SrcFileId="1" StartOffset="1642"/>
</LocList>
</BasicStmnt>
</StmntSeq>
</HierarchyLvl>
</HierarchyLvl>
<HierarchyLvl HierarchyLvlId="577" HierarchyLvlTypeId="7" Intrnl_Id="59" Name="InitializeCards">
<Header>
<Loc EndOffset="134" SrcFileId="2" StartOffset="106"/>
</Header>
<LocList>
<Loc EndOffset="7302" SrcFileId="2" StartOffset="106"/>
</LocList>
<StmntSeq Intrnl_Id="60">
<LocList>
<Loc EndOffset="209" SrcFileId="2" StartOffset="139"/>
<Loc EndOffset="346" SrcFileId="2" StartOffset="287"/>
<Loc EndOffset="411" SrcFileId="2" StartOffset="349"/>
</LocList>
<BasicStmnt CovItemId="S1" CovItemPrefix="InitializeCards.java" Intrnl_Id="61">
<LocList>
<Loc EndOffset="209" SrcFileId="2" StartOffset="139"/>
</LocList>
</BasicStmnt>
<BasicStmnt CovItemId="S2" CovItemPrefix="InitializeCards.java" Intrnl_Id="62">
<LocList>
<Loc EndOffset="346" SrcFileId="2" StartOffset="287"/>
</LocList>
</BasicStmnt>
<BasicStmnt CovItemId="S3" CovItemPrefix="InitializeCards.java" Intrnl_Id="63">
<LocList>
<Loc EndOffset="411" SrcFileId="2" StartOffset="349"/>
</LocList>
</BasicStmnt>
</StmntSeq>
<HierarchyLvl HierarchyLvlId="570" HierarchyLvlTypeId="6" Intrnl_Id="64" Name="InitializeCards">
<Header>
<Loc EndOffset="512" SrcFileId="2" StartOffset="462"/>
</Header>
<LocList>
<Loc EndOffset="1016" SrcFileId="2" StartOffset="462"/>
</LocList>
<StmntSeq Intrnl_Id="65">
<LocList>
<Loc EndOffset="755" SrcFileId="2" StartOffset="605"/>
<Loc EndOffset="985" SrcFileId="2" StartOffset="761"/>
<Loc EndOffset="1010" SrcFileId="2" StartOffset="989"/>
</LocList>
<LoopStmnt CovItemId="S4" CovItemPrefix="InitializeCards.java" Intrnl_Id="66" MltplExecId="L1-2" MltplExecPrefix="InitializeCards.java" NvrExecId="L1-0" NvrExecPrefix="InitializeCards.java" OnceExecutedId="L1-1" OnceExecutedPrefix="InitializeCards.java" OptBodyExec="true">
<StmntSeq Intrnl_Id="67">
<LocList>
<Loc EndOffset="694" SrcFileId="2" StartOffset="646"/>
<Loc EndOffset="728" SrcFileId="2" StartOffset="699"/>
<Loc EndOffset="750" SrcFileId="2" StartOffset="733"/>
</LocList>
<BasicStmnt CovItemId="S5" CovItemPrefix="InitializeCards.java" Intrnl_Id="68">
<LocList>
<Loc EndOffset="694" SrcFileId="2" StartOffset="646"/>
</LocList>
</BasicStmnt>
<BasicStmnt CovItemId="S6" CovItemPrefix="InitializeCards.java" Intrnl_Id="69">
<LocList>
<Loc EndOffset="728" SrcFileId="2" StartOffset="699"/>
</LocList>
</BasicStmnt>
<BasicStmnt CovItemId="S7" CovItemPrefix="InitializeCards.java" Intrnl_Id="70">
<LocList>
<Loc EndOffset="750" SrcFileId="2" StartOffset="733"/>
</LocList>
</BasicStmnt>
</StmntSeq>
<Keyword EndOffset="608" SrcFileId="2" StartOffset="605"/>
<LocList>
<Loc EndOffset="755" SrcFileId="2" StartOffset="605"/>
</LocList>
<RootTerm CovItemId="C1" CovItemPrefix="InitializeCards.java" Intrnl_Id="71">
<BasicBoolTerm Intrnl_Id="72">
<LocList>
<Loc EndOffset="633" SrcFileId="2" StartOffset="621"/>
</LocList>
</BasicBoolTerm>
</RootTerm>
</LoopStmnt>
<LoopStmnt CovItemId="S8" CovItemPrefix="InitializeCards.java" Intrnl_Id="73" MltplExecId="L2-2" MltplExecPrefix="InitializeCards.java" NvrExecId="L2-0" NvrExecPrefix="InitializeCards.java" OnceExecutedId="L2-1" OnceExecutedPrefix="InitializeCards.java" OptBodyExec="true">
<StmntSeq Intrnl_Id="74">
<LocList>
<Loc EndOffset="978" SrcFileId="2" StartOffset="828"/>
</LocList>
<CondStmnt CovItemId="S9" CovItemPrefix="InitializeCards.java" Intrnl_Id="75">
<Branch CovItemId="B1" CovItemPrefix="InitializeCards.java" Implct="false" Intrnl_Id="76">
<Cond/>
<LocList>
<Loc EndOffset="963" SrcFileId="2" StartOffset="841"/>
</LocList>
<StmntSeq Intrnl_Id="77">
<LocList>
<Loc EndOffset="896" SrcFileId="2" StartOffset="848"/>
<Loc EndOffset="931" SrcFileId="2" StartOffset="902"/>
<Loc EndOffset="957" SrcFileId="2" StartOffset="937"/>
</LocList>
<BasicStmnt CovItemId="S10" CovItemPrefix="InitializeCards.java" Intrnl_Id="78">
<LocList>
<Loc EndOffset="896" SrcFileId="2" StartOffset="848"/>
</LocList>
</BasicStmnt>
<BasicStmnt CovItemId="S11" CovItemPrefix="InitializeCards.java" Intrnl_Id="79">
<LocList>
<Loc EndOffset="931" SrcFileId="2" StartOffset="902"/>
</LocList>
</BasicStmnt>
<BasicStmnt CovItemId="S12" CovItemPrefix="InitializeCards.java" Intrnl_Id="80">
<LocList>
<Loc EndOffset="957" SrcFileId="2" StartOffset="937"/>
</LocList>
</BasicStmnt>
</StmntSeq>
</Branch>
<Branch CovItemId="B2" CovItemPrefix="InitializeCards.java" Implct="false" Intrnl_Id="81">
<Cond>
<Loc EndOffset="968" SrcFileId="2" StartOffset="964"/>
</Cond>
<LocList>
<Loc EndOffset="978" SrcFileId="2" StartOffset="969"/>
</LocList>
<StmntSeq Intrnl_Id="82">
<LocList/>
</StmntSeq>
</Branch>
<Keyword EndOffset="830" SrcFileId="2" StartOffset="828"/>
<LocList>
<Loc EndOffset="978" SrcFileId="2" StartOffset="828"/>
</LocList>
<RootTerm CovItemId="C3" CovItemPrefix="InitializeCards.java" Intrnl_Id="83">
<BasicBoolTerm Intrnl_Id="84">
<LocList>
<Loc EndOffset="839" SrcFileId="2" StartOffset="832"/>
</LocList>
</BasicBoolTerm>
</RootTerm>
</CondStmnt>
</StmntSeq>
<Keyword EndOffset="764" SrcFileId="2" StartOffset="761"/>
<LocList>
<Loc EndOffset="985" SrcFileId="2" StartOffset="761"/>
</LocList>
<RootTerm CovItemId="C2" CovItemPrefix="InitializeCards.java" Intrnl_Id="85">
<BasicBoolTerm Intrnl_Id="86">
<LocList>
<Loc EndOffset="813" SrcFileId="2" StartOffset="784"/>
</LocList>
</BasicBoolTerm>
</RootTerm>
</LoopStmnt>
<BasicStmnt CovItemId="S13" CovItemPrefix="InitializeCards.java" Intrnl_Id="87">
<LocList>
<Loc EndOffset="1010" SrcFileId="2" StartOffset="989"/>
</LocList>
</BasicStmnt>
</StmntSeq>
</HierarchyLvl>
<HierarchyLvl HierarchyLvlId="571" HierarchyLvlTypeId="6" Intrnl_Id="88" Name="InitializeCards">
<Header>
<Loc EndOffset="1045" SrcFileId="2" StartOffset="1021"/>
</Header>
<LocList>
<Loc EndOffset="1479" SrcFileId="2" StartOffset="1021"/>
</LocList>
<StmntSeq Intrnl_Id="89">
<LocList>
<Loc EndOffset="1065" SrcFileId="2" StartOffset="1051"/>
<Loc EndOffset="1083" SrcFileId="2" StartOffset="1069"/>
<Loc EndOffset="1226" SrcFileId="2" StartOffset="1089"/>
<Loc EndOffset="1439" SrcFileId="2" StartOffset="1232"/>
<Loc EndOffset="1473" SrcFileId="2" StartOffset="1443"/>
</LocList>
<BasicStmnt CovItemId="S14" CovItemPrefix="InitializeCards.java" Intrnl_Id="90">
<LocList>
<Loc EndOffset="1065" SrcFileId="2" StartOffset="1051"/>
</LocList>
</BasicStmnt>
<BasicStmnt CovItemId="S15" CovItemPrefix="InitializeCards.java" Intrnl_Id="91">
<LocList>
<Loc EndOffset="1083" SrcFileId="2" StartOffset="1069"/>
</LocList>
</BasicStmnt>
<LoopStmnt CovItemId="S16" CovItemPrefix="InitializeCards.java" Intrnl_Id="92" MltplExecId="L3-2" MltplExecPrefix="InitializeCards.java" NvrExecId="L3-0" NvrExecPrefix="InitializeCards.java" OnceExecutedId="L3-1" OnceExecutedPrefix="InitializeCards.java" OptBodyExec="true">
<StmntSeq Intrnl_Id="93">
<LocList>
<Loc EndOffset="1165" SrcFileId="2" StartOffset="1130"/>
<Loc EndOffset="1199" SrcFileId="2" StartOffset="1170"/>
<Loc EndOffset="1221" SrcFileId="2" StartOffset="1204"/>
</LocList>
<BasicStmnt CovItemId="S17" CovItemPrefix="InitializeCards.java" Intrnl_Id="94">
<LocList>
<Loc EndOffset="1165" SrcFileId="2" StartOffset="1130"/>
</LocList>
</BasicStmnt>
<BasicStmnt CovItemId="S18" CovItemPrefix="InitializeCards.java" Intrnl_Id="95">
<LocList>
<Loc EndOffset="1199" SrcFileId="2" StartOffset="1170"/>
</LocList>
</BasicStmnt>
<BasicStmnt CovItemId="S19" CovItemPrefix="InitializeCards.java" Intrnl_Id="96">
<LocList>
<Loc EndOffset="1221" SrcFileId="2" StartOffset="1204"/>
</LocList>
</BasicStmnt>
</StmntSeq>
<Keyword EndOffset="1092" SrcFileId="2" StartOffset="1089"/>
<LocList>
<Loc EndOffset="1226" SrcFileId="2" StartOffset="1089"/>
</LocList>
<RootTerm CovItemId="C4" CovItemPrefix="InitializeCards.java" Intrnl_Id="97">
<BasicBoolTerm Intrnl_Id="98">
<LocList>
<Loc EndOffset="1117" SrcFileId="2" StartOffset="1105"/>
</LocList>
</BasicBoolTerm>
</RootTerm>
</LoopStmnt>
<LoopStmnt CovItemId="S20" CovItemPrefix="InitializeCards.java" Intrnl_Id="99" MltplExecId="L4-2" MltplExecPrefix="InitializeCards.java" NvrExecId="L4-0" NvrExecPrefix="InitializeCards.java" OnceExecutedId="L4-1" OnceExecutedPrefix="InitializeCards.java" OptBodyExec="true">
<StmntSeq Intrnl_Id="100">
<LocList>
<Loc EndOffset="1434" SrcFileId="2" StartOffset="1297"/>
</LocList>
<CondStmnt CovItemId="S21" CovItemPrefix="InitializeCards.java" Intrnl_Id="101">
<Branch CovItemId="B3" CovItemPrefix="InitializeCards.java" Implct="false" Intrnl_Id="102">
<Cond/>
<LocList>
<Loc EndOffset="1419" SrcFileId="2" StartOffset="1310"/>
</LocList>
<StmntSeq Intrnl_Id="103">
<LocList>
<Loc EndOffset="1352" SrcFileId="2" StartOffset="1317"/>
<Loc EndOffset="1387" SrcFileId="2" StartOffset="1358"/>
<Loc EndOffset="1413" SrcFileId="2" StartOffset="1393"/>
</LocList>
<BasicStmnt CovItemId="S22" CovItemPrefix="InitializeCards.java" Intrnl_Id="104">
<LocList>
<Loc EndOffset="1352" SrcFileId="2" StartOffset="1317"/>
</LocList>
</BasicStmnt>
<BasicStmnt CovItemId="S23" CovItemPrefix="InitializeCards.java" Intrnl_Id="105">
<LocList>
<Loc EndOffset="1387" SrcFileId="2" StartOffset="1358"/>
</LocList>
</BasicStmnt>
<BasicStmnt CovItemId="S24" CovItemPrefix="InitializeCards.java" Intrnl_Id="106">
<LocList>
<Loc EndOffset="1413" SrcFileId="2" StartOffset="1393"/>
</LocList>
</BasicStmnt>
</StmntSeq>
</Branch>
<Branch CovItemId="B4" CovItemPrefix="InitializeCards.java" Implct="false" Intrnl_Id="107">
<Cond>
<Loc EndOffset="1424" SrcFileId="2" StartOffset="1420"/>
</Cond>
<LocList>
<Loc EndOffset="1434" SrcFileId="2" StartOffset="1425"/>
</LocList>
<StmntSeq Intrnl_Id="108">
<LocList/>
</StmntSeq>
</Branch>
<Keyword EndOffset="1299" SrcFileId="2" StartOffset="1297"/>
<LocList>
<Loc EndOffset="1434" SrcFileId="2" StartOffset="1297"/>
</LocList>
<RootTerm CovItemId="C6" CovItemPrefix="InitializeCards.java" Intrnl_Id="109">
<BasicBoolTerm Intrnl_Id="110">
<LocList>
<Loc EndOffset="1308" SrcFileId="2" StartOffset="1301"/>
</LocList>
</BasicBoolTerm>
</RootTerm>
</CondStmnt>
</StmntSeq>
<Keyword EndOffset="1235" SrcFileId="2" StartOffset="1232"/>
<LocList>
<Loc EndOffset="1439" SrcFileId="2" StartOffset="1232"/>
</LocList>
<RootTerm CovItemId="C5" CovItemPrefix="InitializeCards.java" Intrnl_Id="111">
<BasicBoolTerm Intrnl_Id="112">
<LocList>
<Loc EndOffset="1284" SrcFileId="2" StartOffset="1255"/>
</LocList>
</BasicBoolTerm>
</RootTerm>
</LoopStmnt>
<BasicStmnt CovItemId="S25" CovItemPrefix="InitializeCards.java" Intrnl_Id="113">
<LocList>
<Loc EndOffset="1473" SrcFileId="2" StartOffset="1443"/>
</LocList>
</BasicStmnt>
</StmntSeq>
</HierarchyLvl>
<HierarchyLvl HierarchyLvlId="572" HierarchyLvlTypeId="6" Intrnl_Id="114" Name="InitializeCards">
<Header>
<Loc EndOffset="1521" SrcFileId="2" StartOffset="1485"/>
</Header>
<LocList>
<Loc EndOffset="1944" SrcFileId="2" StartOffset="1485"/>
</LocList>
<StmntSeq Intrnl_Id="115">
<LocList>
<Loc EndOffset="1541" SrcFileId="2" StartOffset="1527"/>
<Loc EndOffset="1559" SrcFileId="2" StartOffset="1545"/>
<Loc EndOffset="1702" SrcFileId="2" StartOffset="1565"/>
<Loc EndOffset="1915" SrcFileId="2" StartOffset="1708"/>
<Loc EndOffset="1940" SrcFileId="2" StartOffset="1919"/>
</LocList>
<BasicStmnt CovItemId="S26" CovItemPrefix="InitializeCards.java" Intrnl_Id="116">
<LocList>
<Loc EndOffset="1541" SrcFileId="2" StartOffset="1527"/>
</LocList>
</BasicStmnt>
<BasicStmnt CovItemId="S27" CovItemPrefix="InitializeCards.java" Intrnl_Id="117">
<LocList>
<Loc EndOffset="1559" SrcFileId="2" StartOffset="1545"/>
</LocList>
</BasicStmnt>
<LoopStmnt CovItemId="S28" CovItemPrefix="InitializeCards.java" Intrnl_Id="118" MltplExecId="L5-2" MltplExecPrefix="InitializeCards.java" NvrExecId="L5-0" NvrExecPrefix="InitializeCards.java" OnceExecutedId="L5-1" OnceExecutedPrefix="InitializeCards.java" OptBodyExec="true">
<StmntSeq Intrnl_Id="119">
<LocList>
<Loc EndOffset="1641" SrcFileId="2" StartOffset="1606"/>
<Loc EndOffset="1675" SrcFileId="2" StartOffset="1646"/>
<Loc EndOffset="1697" SrcFileId="2" StartOffset="1680"/>
</LocList>
<BasicStmnt CovItemId="S29" CovItemPrefix="InitializeCards.java" Intrnl_Id="120">
<LocList>
<Loc EndOffset="1641" SrcFileId="2" StartOffset="1606"/>
</LocList>
</BasicStmnt>
<BasicStmnt CovItemId="S30" CovItemPrefix="InitializeCards.java" Intrnl_Id="121">
<LocList>
<Loc EndOffset="1675" SrcFileId="2" StartOffset="1646"/>
</LocList>
</BasicStmnt>
<BasicStmnt CovItemId="S31" CovItemPrefix="InitializeCards.java" Intrnl_Id="122">
<LocList>
<Loc EndOffset="1697" SrcFileId="2" StartOffset="1680"/>
</LocList>
</BasicStmnt>
</StmntSeq>
<Keyword EndOffset="1568" SrcFileId="2" StartOffset="1565"/>
<LocList>
<Loc EndOffset="1702" SrcFileId="2" StartOffset="1565"/>
</LocList>
<RootTerm CovItemId="C7" CovItemPrefix="InitializeCards.java" Intrnl_Id="123">
<BasicBoolTerm Intrnl_Id="124">
<LocList>
<Loc EndOffset="1593" SrcFileId="2" StartOffset="1581"/>
</LocList>
</BasicBoolTerm>
</RootTerm>
</LoopStmnt>
<LoopStmnt CovItemId="S32" CovItemPrefix="InitializeCards.java" Intrnl_Id="125" MltplExecId="L6-2" MltplExecPrefix="InitializeCards.java" NvrExecId="L6-0" NvrExecPrefix="InitializeCards.java" OnceExecutedId="L6-1" OnceExecutedPrefix="InitializeCards.java" OptBodyExec="true">
<StmntSeq Intrnl_Id="126">
<LocList>
<Loc EndOffset="1910" SrcFileId="2" StartOffset="1773"/>
</LocList>
<CondStmnt CovItemId="S33" CovItemPrefix="InitializeCards.java" Intrnl_Id="127">
<Branch CovItemId="B5" CovItemPrefix="InitializeCards.java" Implct="false" Intrnl_Id="128">
<Cond/>
<LocList>
<Loc EndOffset="1895" SrcFileId="2" StartOffset="1786"/>
</LocList>
<StmntSeq Intrnl_Id="129">
<LocList>
<Loc EndOffset="1828" SrcFileId="2" StartOffset="1793"/>
<Loc EndOffset="1863" SrcFileId="2" StartOffset="1834"/>
<Loc EndOffset="1889" SrcFileId="2" StartOffset="1869"/>
</LocList>
<BasicStmnt CovItemId="S34" CovItemPrefix="InitializeCards.java" Intrnl_Id="130">
<LocList>
<Loc EndOffset="1828" SrcFileId="2" StartOffset="1793"/>
</LocList>
</BasicStmnt>
<BasicStmnt CovItemId="S35" CovItemPrefix="InitializeCards.java" Intrnl_Id="131">
<LocList>
<Loc EndOffset="1863" SrcFileId="2" StartOffset="1834"/>
</LocList>
</BasicStmnt>
<BasicStmnt CovItemId="S36" CovItemPrefix="InitializeCards.java" Intrnl_Id="132">
<LocList>
<Loc EndOffset="1889" SrcFileId="2" StartOffset="1869"/>
</LocList>
</BasicStmnt>
</StmntSeq>
</Branch>
<Branch CovItemId="B6" CovItemPrefix="InitializeCards.java" Implct="false" Intrnl_Id="133">
<Cond>
<Loc EndOffset="1900" SrcFileId="2" StartOffset="1896"/>
</Cond>
<LocList>
<Loc EndOffset="1910" SrcFileId="2" StartOffset="1901"/>
</LocList>
<StmntSeq Intrnl_Id="134">
<LocList/>
</StmntSeq>
</Branch>
<Keyword EndOffset="1775" SrcFileId="2" StartOffset="1773"/>
<LocList>
<Loc EndOffset="1910" SrcFileId="2" StartOffset="1773"/>
</LocList>
<RootTerm CovItemId="C9" CovItemPrefix="InitializeCards.java" Intrnl_Id="135">
<BasicBoolTerm Intrnl_Id="136">
<LocList>
<Loc EndOffset="1784" SrcFileId="2" StartOffset="1777"/>
</LocList>
</BasicBoolTerm>
</RootTerm>
</CondStmnt>
</StmntSeq>
<Keyword EndOffset="1711" SrcFileId="2" StartOffset="1708"/>
<LocList>
<Loc EndOffset="1915" SrcFileId="2" StartOffset="1708"/>
</LocList>
<RootTerm CovItemId="C8" CovItemPrefix="InitializeCards.java" Intrnl_Id="137">
<BasicBoolTerm Intrnl_Id="138">
<LocList>
<Loc EndOffset="1760" SrcFileId="2" StartOffset="1731"/>
</LocList>
</BasicBoolTerm>
</RootTerm>
</LoopStmnt>
<BasicStmnt CovItemId="S37" CovItemPrefix="InitializeCards.java" Intrnl_Id="139">
<LocList>
<Loc EndOffset="1940" SrcFileId="2" StartOffset="1919"/>
</LocList>
</BasicStmnt>
</StmntSeq>
</HierarchyLvl>
<HierarchyLvl HierarchyLvlId="573" HierarchyLvlTypeId="6" Intrnl_Id="140" Name="InitializeCards">
<Header>
<Loc EndOffset="2041" SrcFileId="2" StartOffset="1950"/>
</Header>
<LocList>
<Loc EndOffset="2484" SrcFileId="2" StartOffset="1950"/>
</LocList>
<StmntSeq Intrnl_Id="141">
<LocList>
<Loc EndOffset="2240" SrcFileId="2" StartOffset="2046"/>
<Loc EndOffset="2446" SrcFileId="2" StartOffset="2246"/>
<Loc EndOffset="2480" SrcFileId="2" StartOffset="2450"/>
</LocList>
<LoopStmnt CovItemId="S38" CovItemPrefix="InitializeCards.java" Intrnl_Id="142" MltplExecId="L7-2" MltplExecPrefix="InitializeCards.java" NvrExecId="L7-0" NvrExecPrefix="InitializeCards.java" OnceExecutedId="L7-1" OnceExecutedPrefix="InitializeCards.java" OptBodyExec="true">
<StmntSeq Intrnl_Id="143">
<LocList>
<Loc EndOffset="2149" SrcFileId="2" StartOffset="2099"/>
<Loc EndOffset="2198" SrcFileId="2" StartOffset="2154"/>
<Loc EndOffset="2235" SrcFileId="2" StartOffset="2203"/>
</LocList>
<BasicStmnt CovItemId="S39" CovItemPrefix="InitializeCards.java" Intrnl_Id="144">
<LocList>
<Loc EndOffset="2149" SrcFileId="2" StartOffset="2099"/>
</LocList>
</BasicStmnt>
<BasicStmnt CovItemId="S40" CovItemPrefix="InitializeCards.java" Intrnl_Id="145">
<LocList>
<Loc EndOffset="2198" SrcFileId="2" StartOffset="2154"/>
</LocList>
</BasicStmnt>
<BasicStmnt CovItemId="S41" CovItemPrefix="InitializeCards.java" Intrnl_Id="146">
<LocList>
<Loc EndOffset="2235" SrcFileId="2" StartOffset="2203"/>
</LocList>
</BasicStmnt>
</StmntSeq>
<Keyword EndOffset="2049" SrcFileId="2" StartOffset="2046"/>
<LocList>
<Loc EndOffset="2240" SrcFileId="2" StartOffset="2046"/>
</LocList>
<RootTerm CovItemId="C10" CovItemPrefix="InitializeCards.java" Intrnl_Id="147">
<BasicBoolTerm Intrnl_Id="148">
<LocList>
<Loc EndOffset="2086" SrcFileId="2" StartOffset="2062"/>
</LocList>
</BasicBoolTerm>
</RootTerm>
</LoopStmnt>
<LoopStmnt CovItemId="S42" CovItemPrefix="InitializeCards.java" Intrnl_Id="149" MltplExecId="L8-2" MltplExecPrefix="InitializeCards.java" NvrExecId="L8-0" NvrExecPrefix="InitializeCards.java" OnceExecutedId="L8-1" OnceExecutedPrefix="InitializeCards.java" OptBodyExec="true">
<StmntSeq Intrnl_Id="150">
<LocList>
<Loc EndOffset="2350" SrcFileId="2" StartOffset="2300"/>
<Loc EndOffset="2400" SrcFileId="2" StartOffset="2355"/>
<Loc EndOffset="2441" SrcFileId="2" StartOffset="2405"/>
</LocList>
<BasicStmnt CovItemId="S43" CovItemPrefix="InitializeCards.java" Intrnl_Id="151">
<LocList>
<Loc EndOffset="2350" SrcFileId="2" StartOffset="2300"/>
</LocList>
</BasicStmnt>
<BasicStmnt CovItemId="S44" CovItemPrefix="InitializeCards.java" Intrnl_Id="152">
<LocList>
<Loc EndOffset="2400" SrcFileId="2" StartOffset="2355"/>
</LocList>
</BasicStmnt>
<BasicStmnt CovItemId="S45" CovItemPrefix="InitializeCards.java" Intrnl_Id="153">
<LocList>
<Loc EndOffset="2441" SrcFileId="2" StartOffset="2405"/>
</LocList>
</BasicStmnt>
</StmntSeq>
<Keyword EndOffset="2249" SrcFileId="2" StartOffset="2246"/>
<LocList>
<Loc EndOffset="2446" SrcFileId="2" StartOffset="2246"/>
</LocList>
<RootTerm CovItemId="C11" CovItemPrefix="InitializeCards.java" Intrnl_Id="154">
<BasicBoolTerm Intrnl_Id="155">
<LocList>
<Loc EndOffset="2287" SrcFileId="2" StartOffset="2262"/>
</LocList>
</BasicBoolTerm>
</RootTerm>
</LoopStmnt>
<BasicStmnt CovItemId="S46" CovItemPrefix="InitializeCards.java" Intrnl_Id="156">
<LocList>
<Loc EndOffset="2480" SrcFileId="2" StartOffset="2450"/>
</LocList>
</BasicStmnt>
</StmntSeq>
</HierarchyLvl>
<HierarchyLvl HierarchyLvlId="574" HierarchyLvlTypeId="6" Intrnl_Id="157" Name="addConditions">
<Header>
<Loc EndOffset="2516" SrcFileId="2" StartOffset="2489"/>
</Header>
<LocList>
<Loc EndOffset="5531" SrcFileId="2" StartOffset="2489"/>
</LocList>
<StmntSeq Intrnl_Id="158">
<LocList>
<Loc EndOffset="2560" SrcFileId="2" StartOffset="2522"/>
<Loc EndOffset="2597" SrcFileId="2" StartOffset="2564"/>
<Loc EndOffset="2639" SrcFileId="2" StartOffset="2601"/>
<Loc EndOffset="2672" SrcFileId="2" StartOffset="2643"/>
<Loc EndOffset="2725" SrcFileId="2" StartOffset="2676"/>
<Loc EndOffset="2767" SrcFileId="2" StartOffset="2729"/>
<Loc EndOffset="2800" SrcFileId="2" StartOffset="2771"/>
<Loc EndOffset="2837" SrcFileId="2" StartOffset="2804"/>
<Loc EndOffset="2874" SrcFileId="2" StartOffset="2841"/>
<Loc EndOffset="2917" SrcFileId="2" StartOffset="2878"/>
<Loc EndOffset="2950" SrcFileId="2" StartOffset="2921"/>
<Loc EndOffset="2998" SrcFileId="2" StartOffset="2954"/>
<Loc EndOffset="3035" SrcFileId="2" StartOffset="3002"/>
<Loc EndOffset="3077" SrcFileId="2" StartOffset="3039"/>
<Loc EndOffset="3110" SrcFileId="2" StartOffset="3081"/>
<Loc EndOffset="3155" SrcFileId="2" StartOffset="3114"/>
<Loc EndOffset="3192" SrcFileId="2" StartOffset="3159"/>
<Loc EndOffset="3234" SrcFileId="2" StartOffset="3196"/>
<Loc EndOffset="3267" SrcFileId="2" StartOffset="3238"/>
<Loc EndOffset="3306" SrcFileId="2" StartOffset="3271"/>
<Loc EndOffset="3340" SrcFileId="2" StartOffset="3310"/>
<Loc EndOffset="3378" SrcFileId="2" StartOffset="3344"/>
<Loc EndOffset="3421" SrcFileId="2" StartOffset="3382"/>
<Loc EndOffset="3455" SrcFileId="2" StartOffset="3425"/>
<Loc EndOffset="3507" SrcFileId="2" StartOffset="3459"/>
<Loc EndOffset="3546" SrcFileId="2" StartOffset="3511"/>
<Loc EndOffset="3582" SrcFileId="2" StartOffset="3550"/>
<Loc EndOffset="3620" SrcFileId="2" StartOffset="3586"/>
<Loc EndOffset="3654" SrcFileId="2" StartOffset="3624"/>
<Loc EndOffset="3698" SrcFileId="2" StartOffset="3658"/>
<Loc EndOffset="3737" SrcFileId="2" StartOffset="3702"/>
<Loc EndOffset="3776" SrcFileId="2" StartOffset="3741"/>
<Loc EndOffset="3820" SrcFileId="2" StartOffset="3780"/>
<Loc EndOffset="3854" SrcFileId="2" StartOffset="3824"/>
<Loc EndOffset="3908" SrcFileId="2" StartOffset="3858"/>
<Loc EndOffset="3951" SrcFileId="2" StartOffset="3912"/>
<Loc EndOffset="3990" SrcFileId="2" StartOffset="3955"/>
<Loc EndOffset="4024" SrcFileId="2" StartOffset="3994"/>
<Loc EndOffset="4062" SrcFileId="2" StartOffset="4028"/>
<Loc EndOffset="4106" SrcFileId="2" StartOffset="4066"/>
<Loc EndOffset="4140" SrcFileId="2" StartOffset="4110"/>
<Loc EndOffset="4186" SrcFileId="2" StartOffset="4144"/>
<Loc EndOffset="4229" SrcFileId="2" StartOffset="4190"/>
<Loc EndOffset="4268" SrcFileId="2" StartOffset="4233"/>
<Loc EndOffset="4312" SrcFileId="2" StartOffset="4272"/>
<Loc EndOffset="4346" SrcFileId="2" StartOffset="4316"/>
<Loc EndOffset="4395" SrcFileId="2" StartOffset="4350"/>
<Loc EndOffset="4439" SrcFileId="2" StartOffset="4399"/>
<Loc EndOffset="4479" SrcFileId="2" StartOffset="4443"/>
<Loc EndOffset="4514" SrcFileId="2" StartOffset="4483"/>
<Loc EndOffset="4549" SrcFileId="2" StartOffset="4518"/>
<Loc EndOffset="4583" SrcFileId="2" StartOffset="4553"/>
<Loc EndOffset="4620" SrcFileId="2" StartOffset="4587"/>
<Loc EndOffset="4655" SrcFileId="2" StartOffset="4624"/>
<Loc EndOffset="4690" SrcFileId="2" StartOffset="4659"/>
<Loc EndOffset="4724" SrcFileId="2" StartOffset="4694"/>
<Loc EndOffset="4761" SrcFileId="2" StartOffset="4728"/>
<Loc EndOffset="4796" SrcFileId="2" StartOffset="4765"/>
<Loc EndOffset="4833" SrcFileId="2" StartOffset="4800"/>
<Loc EndOffset="4868" SrcFileId="2" StartOffset="4837"/>
<Loc EndOffset="4902" SrcFileId="2" StartOffset="4872"/>
<Loc EndOffset="4939" SrcFileId="2" StartOffset="4906"/>
<Loc EndOffset="4978" SrcFileId="2" StartOffset="4943"/>
<Loc EndOffset="5013" SrcFileId="2" StartOffset="4982"/>
<Loc EndOffset="5045" SrcFileId="2" StartOffset="5017"/>
<Loc EndOffset="5080" SrcFileId="2" StartOffset="5049"/>
<Loc EndOffset="5117" SrcFileId="2" StartOffset="5084"/>
<Loc EndOffset="5160" SrcFileId="2" StartOffset="5121"/>
<Loc EndOffset="5199" SrcFileId="2" StartOffset="5164"/>
<Loc EndOffset="5234" SrcFileId="2" StartOffset="5203"/>
<Loc EndOffset="5271" SrcFileId="2" StartOffset="5238"/>
<Loc EndOffset="5324" SrcFileId="2" StartOffset="5275"/>
<Loc EndOffset="5357" SrcFileId="2" StartOffset="5328"/>
<Loc EndOffset="5392" SrcFileId="2" StartOffset="5361"/>
<Loc EndOffset="5424" SrcFileId="2" StartOffset="5396"/>
<Loc EndOffset="5457" SrcFileId="2" StartOffset="5428"/>
<Loc EndOffset="5492" SrcFileId="2" StartOffset="5461"/>
<Loc EndOffset="5527" SrcFileId="2" StartOffset="5496"/>
</LocList>
<BasicStmnt CovItemId="S47" CovItemPrefix="InitializeCards.java" Intrnl_Id="159">
<LocList>
<Loc EndOffset="2560" SrcFileId="2" StartOffset="2522"/>
</LocList>
</BasicStmnt>
<BasicStmnt CovItemId="S48" CovItemPrefix="InitializeCards.java" Intrnl_Id="160">
<LocList>
<Loc EndOffset="2597" SrcFileId="2" StartOffset="2564"/>
</LocList>
</BasicStmnt>
<BasicStmnt CovItemId="S49" CovItemPrefix="InitializeCards.java" Intrnl_Id="161">
<LocList>
<Loc EndOffset="2639" SrcFileId="2" StartOffset="2601"/>
</LocList>
</BasicStmnt>
<BasicStmnt CovItemId="S50" CovItemPrefix="InitializeCards.java" Intrnl_Id="162">
<LocList>
<Loc EndOffset="2672" SrcFileId="2" StartOffset="2643"/>
</LocList>
</BasicStmnt>
<BasicStmnt CovItemId="S51" CovItemPrefix="InitializeCards.java" Intrnl_Id="163">
<LocList>
<Loc EndOffset="2725" SrcFileId="2" StartOffset="2676"/>
</LocList>
</BasicStmnt>
<BasicStmnt CovItemId="S52" CovItemPrefix="InitializeCards.java" Intrnl_Id="164">
<LocList>
<Loc EndOffset="2767" SrcFileId="2" StartOffset="2729"/>
</LocList>
</BasicStmnt>
<BasicStmnt CovItemId="S53" CovItemPrefix="InitializeCards.java" Intrnl_Id="165">
<LocList>
<Loc EndOffset="2800" SrcFileId="2" StartOffset="2771"/>
</LocList>
</BasicStmnt>
<BasicStmnt CovItemId="S54" CovItemPrefix="InitializeCards.java" Intrnl_Id="166">
<LocList>
<Loc EndOffset="2837" SrcFileId="2" StartOffset="2804"/>
</LocList>
</BasicStmnt>
<BasicStmnt CovItemId="S55" CovItemPrefix="InitializeCards.java" Intrnl_Id="167">
<LocList>
<Loc EndOffset="2874" SrcFileId="2" StartOffset="2841"/>
</LocList>
</BasicStmnt>
<BasicStmnt CovItemId="S56" CovItemPrefix="InitializeCards.java" Intrnl_Id="168">
<LocList>
<Loc EndOffset="2917" SrcFileId="2" StartOffset="2878"/>
</LocList>
</BasicStmnt>
<BasicStmnt CovItemId="S57" CovItemPrefix="InitializeCards.java" Intrnl_Id="169">
<LocList>
<Loc EndOffset="2950" SrcFileId="2" StartOffset="2921"/>
</LocList>
</BasicStmnt>
<BasicStmnt CovItemId="S58" CovItemPrefix="InitializeCards.java" Intrnl_Id="170">
<LocList>
<Loc EndOffset="2998" SrcFileId="2" StartOffset="2954"/>
</LocList>
</BasicStmnt>
<BasicStmnt CovItemId="S59" CovItemPrefix="InitializeCards.java" Intrnl_Id="171">
<LocList>
<Loc EndOffset="3035" SrcFileId="2" StartOffset="3002"/>
</LocList>
</BasicStmnt>
<BasicStmnt CovItemId="S60" CovItemPrefix="InitializeCards.java" Intrnl_Id="172">
<LocList>
<Loc EndOffset="3077" SrcFileId="2" StartOffset="3039"/>
</LocList>
</BasicStmnt>
<BasicStmnt CovItemId="S61" CovItemPrefix="InitializeCards.java" Intrnl_Id="173">
<LocList>
<Loc EndOffset="3110" SrcFileId="2" StartOffset="3081"/>
</LocList>
</BasicStmnt>
<BasicStmnt CovItemId="S62" CovItemPrefix="InitializeCards.java" Intrnl_Id="174">
<LocList>
<Loc EndOffset="3155" SrcFileId="2" StartOffset="3114"/>
</LocList>
</BasicStmnt>
<BasicStmnt CovItemId="S63" CovItemPrefix="InitializeCards.java" Intrnl_Id="175">
<LocList>
<Loc EndOffset="3192" SrcFileId="2" StartOffset="3159"/>
</LocList>
</BasicStmnt>
<BasicStmnt CovItemId="S64" CovItemPrefix="InitializeCards.java" Intrnl_Id="176">
<LocList>
<Loc EndOffset="3234" SrcFileId="2" StartOffset="3196"/>
</LocList>
</BasicStmnt>
<BasicStmnt CovItemId="S65" CovItemPrefix="InitializeCards.java" Intrnl_Id="177">
<LocList>
<Loc EndOffset="3267" SrcFileId="2" StartOffset="3238"/>
</LocList>
</BasicStmnt>
<BasicStmnt CovItemId="S66" CovItemPrefix="InitializeCards.java" Intrnl_Id="178">
<LocList>
<Loc EndOffset="3306" SrcFileId="2" StartOffset="3271"/>
</LocList>
</BasicStmnt>
<BasicStmnt CovItemId="S67" CovItemPrefix="InitializeCards.java" Intrnl_Id="179">
<LocList>
<Loc EndOffset="3340" SrcFileId="2" StartOffset="3310"/>
</LocList>
</BasicStmnt>
<BasicStmnt CovItemId="S68" CovItemPrefix="InitializeCards.java" Intrnl_Id="180">
<LocList>
<Loc EndOffset="3378" SrcFileId="2" StartOffset="3344"/>
</LocList>
</BasicStmnt>
<BasicStmnt CovItemId="S69" CovItemPrefix="InitializeCards.java" Intrnl_Id="181">
<LocList>
<Loc EndOffset="3421" SrcFileId="2" StartOffset="3382"/>
</LocList>
</BasicStmnt>
<BasicStmnt CovItemId="S70" CovItemPrefix="InitializeCards.java" Intrnl_Id="182">
<LocList>
<Loc EndOffset="3455" SrcFileId="2" StartOffset="3425"/>
</LocList>
</BasicStmnt>
<BasicStmnt CovItemId="S71" CovItemPrefix="InitializeCards.java" Intrnl_Id="183">
<LocList>
<Loc EndOffset="3507" SrcFileId="2" StartOffset="3459"/>
</LocList>
</BasicStmnt>
<BasicStmnt CovItemId="S72" CovItemPrefix="InitializeCards.java" Intrnl_Id="184">
<LocList>
<Loc EndOffset="3546" SrcFileId="2" StartOffset="3511"/>
</LocList>
</BasicStmnt>
<BasicStmnt CovItemId="S73" CovItemPrefix="InitializeCards.java" Intrnl_Id="185">
<LocList>
<Loc EndOffset="3582" SrcFileId="2" StartOffset="3550"/>
</LocList>
</BasicStmnt>
<BasicStmnt CovItemId="S74" CovItemPrefix="InitializeCards.java" Intrnl_Id="186">
<LocList>
<Loc EndOffset="3620" SrcFileId="2" StartOffset="3586"/>
</LocList>
</BasicStmnt>
<BasicStmnt CovItemId="S75" CovItemPrefix="InitializeCards.java" Intrnl_Id="187">
<LocList>
<Loc EndOffset="3654" SrcFileId="2" StartOffset="3624"/>
</LocList>
</BasicStmnt>
<BasicStmnt CovItemId="S76" CovItemPrefix="InitializeCards.java" Intrnl_Id="188">
<LocList>
<Loc EndOffset="3698" SrcFileId="2" StartOffset="3658"/>
</LocList>
</BasicStmnt>
<BasicStmnt CovItemId="S77" CovItemPrefix="InitializeCards.java" Intrnl_Id="189">
<LocList>
<Loc EndOffset="3737" SrcFileId="2" StartOffset="3702"/>
</LocList>
</BasicStmnt>
<BasicStmnt CovItemId="S78" CovItemPrefix="InitializeCards.java" Intrnl_Id="190">
<LocList>
<Loc EndOffset="3776" SrcFileId="2" StartOffset="3741"/>
</LocList>
</BasicStmnt>
<BasicStmnt CovItemId="S79" CovItemPrefix="InitializeCards.java" Intrnl_Id="191">
<LocList>
<Loc EndOffset="3820" SrcFileId="2" StartOffset="3780"/>
</LocList>
</BasicStmnt>
<BasicStmnt CovItemId="S80" CovItemPrefix="InitializeCards.java" Intrnl_Id="192">
<LocList>
<Loc EndOffset="3854" SrcFileId="2" StartOffset="3824"/>
</LocList>
</BasicStmnt>
<BasicStmnt CovItemId="S81" CovItemPrefix="InitializeCards.java" Intrnl_Id="193">
<LocList>
<Loc EndOffset="3908" SrcFileId="2" StartOffset="3858"/>
</LocList>
</BasicStmnt>
<BasicStmnt CovItemId="S82" CovItemPrefix="InitializeCards.java" Intrnl_Id="194">
<LocList>
<Loc EndOffset="3951" SrcFileId="2" StartOffset="3912"/>
</LocList>
</BasicStmnt>
<BasicStmnt CovItemId="S83" CovItemPrefix="InitializeCards.java" Intrnl_Id="195">
<LocList>
<Loc EndOffset="3990" SrcFileId="2" StartOffset="3955"/>
</LocList>
</BasicStmnt>
<BasicStmnt CovItemId="S84" CovItemPrefix="InitializeCards.java" Intrnl_Id="196">
<LocList>
<Loc EndOffset="4024" SrcFileId="2" StartOffset="3994"/>
</LocList>
</BasicStmnt>
<BasicStmnt CovItemId="S85" CovItemPrefix="InitializeCards.java" Intrnl_Id="197">
<LocList>
<Loc EndOffset="4062" SrcFileId="2" StartOffset="4028"/>
</LocList>
</BasicStmnt>
<BasicStmnt CovItemId="S86" CovItemPrefix="InitializeCards.java" Intrnl_Id="198">
<LocList>
<Loc EndOffset="4106" SrcFileId="2" StartOffset="4066"/>
</LocList>
</BasicStmnt>
<BasicStmnt CovItemId="S87" CovItemPrefix="InitializeCards.java" Intrnl_Id="199">
<LocList>
<Loc EndOffset="4140" SrcFileId="2" StartOffset="4110"/>
</LocList>
</BasicStmnt>
<BasicStmnt CovItemId="S88" CovItemPrefix="InitializeCards.java" Intrnl_Id="200">
<LocList>
<Loc EndOffset="4186" SrcFileId="2" StartOffset="4144"/>
</LocList>
</BasicStmnt>
<BasicStmnt CovItemId="S89" CovItemPrefix="InitializeCards.java" Intrnl_Id="201">
<LocList>
<Loc EndOffset="4229" SrcFileId="2" StartOffset="4190"/>
</LocList>
</BasicStmnt>
<BasicStmnt CovItemId="S90" CovItemPrefix="InitializeCards.java" Intrnl_Id="202">
<LocList>
<Loc EndOffset="4268" SrcFileId="2" StartOffset="4233"/>
</LocList>
</BasicStmnt>
<BasicStmnt CovItemId="S91" CovItemPrefix="InitializeCards.java" Intrnl_Id="203">
<LocList>
<Loc EndOffset="4312" SrcFileId="2" StartOffset="4272"/>
</LocList>
</BasicStmnt>
<BasicStmnt CovItemId="S92" CovItemPrefix="InitializeCards.java" Intrnl_Id="204">
<LocList>
<Loc EndOffset="4346" SrcFileId="2" StartOffset="4316"/>
</LocList>
</BasicStmnt>
<BasicStmnt CovItemId="S93" CovItemPrefix="InitializeCards.java" Intrnl_Id="205">
<LocList>
<Loc EndOffset="4395" SrcFileId="2" StartOffset="4350"/>
</LocList>
</BasicStmnt>
<BasicStmnt CovItemId="S94" CovItemPrefix="InitializeCards.java" Intrnl_Id="206">
<LocList>
<Loc EndOffset="4439" SrcFileId="2" StartOffset="4399"/>
</LocList>
</BasicStmnt>
<BasicStmnt CovItemId="S95" CovItemPrefix="InitializeCards.java" Intrnl_Id="207">
<LocList>
<Loc EndOffset="4479" SrcFileId="2" StartOffset="4443"/>
</LocList>
</BasicStmnt>
<BasicStmnt CovItemId="S96" CovItemPrefix="InitializeCards.java" Intrnl_Id="208">
<LocList>
<Loc EndOffset="4514" SrcFileId="2" StartOffset="4483"/>
</LocList>
</BasicStmnt>
<BasicStmnt CovItemId="S97" CovItemPrefix="InitializeCards.java" Intrnl_Id="209">
<LocList>
<Loc EndOffset="4549" SrcFileId="2" StartOffset="4518"/>
</LocList>
</BasicStmnt>
<BasicStmnt CovItemId="S98" CovItemPrefix="InitializeCards.java" Intrnl_Id="210">
<LocList>
<Loc EndOffset="4583" SrcFileId="2" StartOffset="4553"/>
</LocList>
</BasicStmnt>
<BasicStmnt CovItemId="S99" CovItemPrefix="InitializeCards.java" Intrnl_Id="211">
<LocList>
<Loc EndOffset="4620" SrcFileId="2" StartOffset="4587"/>
</LocList>
</BasicStmnt>
<BasicStmnt CovItemId="S100" CovItemPrefix="InitializeCards.java" Intrnl_Id="212">
<LocList>
<Loc EndOffset="4655" SrcFileId="2" StartOffset="4624"/>
</LocList>
</BasicStmnt>
<BasicStmnt CovItemId="S101" CovItemPrefix="InitializeCards.java" Intrnl_Id="213">
<LocList>
<Loc EndOffset="4690" SrcFileId="2" StartOffset="4659"/>
</LocList>
</BasicStmnt>
<BasicStmnt CovItemId="S102" CovItemPrefix="InitializeCards.java" Intrnl_Id="214">
<LocList>
<Loc EndOffset="4724" SrcFileId="2" StartOffset="4694"/>
</LocList>
</BasicStmnt>
<BasicStmnt CovItemId="S103" CovItemPrefix="InitializeCards.java" Intrnl_Id="215">
<LocList>
<Loc EndOffset="4761" SrcFileId="2" StartOffset="4728"/>
</LocList>
</BasicStmnt>
<BasicStmnt CovItemId="S104" CovItemPrefix="InitializeCards.java" Intrnl_Id="216">
<LocList>
<Loc EndOffset="4796" SrcFileId="2" StartOffset="4765"/>
</LocList>
</BasicStmnt>
<BasicStmnt CovItemId="S105" CovItemPrefix="InitializeCards.java" Intrnl_Id="217">
<LocList>
<Loc EndOffset="4833" SrcFileId="2" StartOffset="4800"/>
</LocList>
</BasicStmnt>
<BasicStmnt CovItemId="S106" CovItemPrefix="InitializeCards.java" Intrnl_Id="218">
<LocList>
<Loc EndOffset="4868" SrcFileId="2" StartOffset="4837"/>
</LocList>
</BasicStmnt>
<BasicStmnt CovItemId="S107" CovItemPrefix="InitializeCards.java" Intrnl_Id="219">
<LocList>
<Loc EndOffset="4902" SrcFileId="2" StartOffset="4872"/>
</LocList>
</BasicStmnt>
<BasicStmnt CovItemId="S108" CovItemPrefix="InitializeCards.java" Intrnl_Id="220">
<LocList>
<Loc EndOffset="4939" SrcFileId="2" StartOffset="4906"/>
</LocList>
</BasicStmnt>
<BasicStmnt CovItemId="S109" CovItemPrefix="InitializeCards.java" Intrnl_Id="221">
<LocList>
<Loc EndOffset="4978" SrcFileId="2" StartOffset="4943"/>
</LocList>
</BasicStmnt>
<BasicStmnt CovItemId="S110" CovItemPrefix="InitializeCards.java" Intrnl_Id="222">
<LocList>
<Loc EndOffset="5013" SrcFileId="2" StartOffset="4982"/>
</LocList>
</BasicStmnt>
<BasicStmnt CovItemId="S111" CovItemPrefix="InitializeCards.java" Intrnl_Id="223">
<LocList>
<Loc EndOffset="5045" SrcFileId="2" StartOffset="5017"/>
</LocList>
</BasicStmnt>
<BasicStmnt CovItemId="S112" CovItemPrefix="InitializeCards.java" Intrnl_Id="224">
<LocList>
<Loc EndOffset="5080" SrcFileId="2" StartOffset="5049"/>
</LocList>
</BasicStmnt>
<BasicStmnt CovItemId="S113" CovItemPrefix="InitializeCards.java" Intrnl_Id="225">
<LocList>
<Loc EndOffset="5117" SrcFileId="2" StartOffset="5084"/>
</LocList>
</BasicStmnt>
<BasicStmnt CovItemId="S114" CovItemPrefix="InitializeCards.java" Intrnl_Id="226">
<LocList>
<Loc EndOffset="5160" SrcFileId="2" StartOffset="5121"/>
</LocList>
</BasicStmnt>
<BasicStmnt CovItemId="S115" CovItemPrefix="InitializeCards.java" Intrnl_Id="227">
<LocList>
<Loc EndOffset="5199" SrcFileId="2" StartOffset="5164"/>
</LocList>
</BasicStmnt>
<BasicStmnt CovItemId="S116" CovItemPrefix="InitializeCards.java" Intrnl_Id="228">
<LocList>
<Loc EndOffset="5234" SrcFileId="2" StartOffset="5203"/>
</LocList>
</BasicStmnt>
<BasicStmnt CovItemId="S117" CovItemPrefix="InitializeCards.java" Intrnl_Id="229">
<LocList>
<Loc EndOffset="5271" SrcFileId="2" StartOffset="5238"/>
</LocList>
</BasicStmnt>
<BasicStmnt CovItemId="S118" CovItemPrefix="InitializeCards.java" Intrnl_Id="230">
<LocList>
<Loc EndOffset="5324" SrcFileId="2" StartOffset="5275"/>
</LocList>
</BasicStmnt>
<BasicStmnt CovItemId="S119" CovItemPrefix="InitializeCards.java" Intrnl_Id="231">
<LocList>
<Loc EndOffset="5357" SrcFileId="2" StartOffset="5328"/>
</LocList>
</BasicStmnt>
<BasicStmnt CovItemId="S120" CovItemPrefix="InitializeCards.java" Intrnl_Id="232">
<LocList>
<Loc EndOffset="5392" SrcFileId="2" StartOffset="5361"/>
</LocList>
</BasicStmnt>
<BasicStmnt CovItemId="S121" CovItemPrefix="InitializeCards.java" Intrnl_Id="233">
<LocList>
<Loc EndOffset="5424" SrcFileId="2" StartOffset="5396"/>
</LocList>
</BasicStmnt>
<BasicStmnt CovItemId="S122" CovItemPrefix="InitializeCards.java" Intrnl_Id="234">
<LocList>
<Loc EndOffset="5457" SrcFileId="2" StartOffset="5428"/>
</LocList>
</BasicStmnt>
<BasicStmnt CovItemId="S123" CovItemPrefix="InitializeCards.java" Intrnl_Id="235">
<LocList>
<Loc EndOffset="5492" SrcFileId="2" StartOffset="5461"/>
</LocList>
</BasicStmnt>
<BasicStmnt CovItemId="S124" CovItemPrefix="InitializeCards.java" Intrnl_Id="236">
<LocList>
<Loc EndOffset="5527" SrcFileId="2" StartOffset="5496"/>
</LocList>
</BasicStmnt>
</StmntSeq>
</HierarchyLvl>
<HierarchyLvl HierarchyLvlId="575" HierarchyLvlTypeId="6" Intrnl_Id="237" Name="addConditionsForSelect">
<Header>
<Loc EndOffset="5573" SrcFileId="2" StartOffset="5537"/>
</Header>
<LocList>
<Loc EndOffset="7221" SrcFileId="2" StartOffset="5537"/>
</LocList>
<StmntSeq Intrnl_Id="238">
<LocList>
<Loc EndOffset="5616" SrcFileId="2" StartOffset="5583"/>
<Loc EndOffset="5662" SrcFileId="2" StartOffset="5620"/>
<Loc EndOffset="5695" SrcFileId="2" StartOffset="5666"/>
<Loc EndOffset="5748" SrcFileId="2" StartOffset="5699"/>
<Loc EndOffset="5785" SrcFileId="2" StartOffset="5756"/>
<Loc EndOffset="5822" SrcFileId="2" StartOffset="5789"/>
<Loc EndOffset="5862" SrcFileId="2" StartOffset="5829"/>
<Loc EndOffset="5908" SrcFileId="2" StartOffset="5866"/>
<Loc EndOffset="5941" SrcFileId="2" StartOffset="5912"/>
<Loc EndOffset="5986" SrcFileId="2" StartOffset="5945"/>
<Loc EndOffset="6038" SrcFileId="2" StartOffset="5998"/>
<Loc EndOffset="6077" SrcFileId="2" StartOffset="6042"/>
<Loc EndOffset="6129" SrcFileId="2" StartOffset="6089"/>
<Loc EndOffset="6169" SrcFileId="2" StartOffset="6133"/>
<Loc EndOffset="6204" SrcFileId="2" StartOffset="6173"/>
<Loc EndOffset="6239" SrcFileId="2" StartOffset="6208"/>
<Loc EndOffset="6273" SrcFileId="2" StartOffset="6243"/>
<Loc EndOffset="6310" SrcFileId="2" StartOffset="6277"/>
<Loc EndOffset="6345" SrcFileId="2" StartOffset="6314"/>
<Loc EndOffset="6380" SrcFileId="2" StartOffset="6349"/>
<Loc EndOffset="6414" SrcFileId="2" StartOffset="6384"/>
<Loc EndOffset="6451" SrcFileId="2" StartOffset="6418"/>
<Loc EndOffset="6486" SrcFileId="2" StartOffset="6455"/>
<Loc EndOffset="6523" SrcFileId="2" StartOffset="6490"/>
<Loc EndOffset="6558" SrcFileId="2" StartOffset="6527"/>
<Loc EndOffset="6592" SrcFileId="2" StartOffset="6562"/>
<Loc EndOffset="6629" SrcFileId="2" StartOffset="6596"/>
<Loc EndOffset="6668" SrcFileId="2" StartOffset="6633"/>
<Loc EndOffset="6703" SrcFileId="2" StartOffset="6672"/>
<Loc EndOffset="6735" SrcFileId="2" StartOffset="6707"/>
<Loc EndOffset="6770" SrcFileId="2" StartOffset="6739"/>
<Loc EndOffset="6807" SrcFileId="2" StartOffset="6774"/>
<Loc EndOffset="6850" SrcFileId="2" StartOffset="6811"/>
<Loc EndOffset="6889" SrcFileId="2" StartOffset="6854"/>
<Loc EndOffset="6924" SrcFileId="2" StartOffset="6893"/>
<Loc EndOffset="6961" SrcFileId="2" StartOffset="6928"/>
<Loc EndOffset="7014" SrcFileId="2" StartOffset="6965"/>
<Loc EndOffset="7047" SrcFileId="2" StartOffset="7018"/>
<Loc EndOffset="7082" SrcFileId="2" StartOffset="7051"/>
<Loc EndOffset="7114" SrcFileId="2" StartOffset="7086"/>
<Loc EndOffset="7147" SrcFileId="2" StartOffset="7118"/>
<Loc EndOffset="7182" SrcFileId="2" StartOffset="7151"/>
<Loc EndOffset="7217" SrcFileId="2" StartOffset="7186"/>
</LocList>
<BasicStmnt CovItemId="S125" CovItemPrefix="InitializeCards.java" Intrnl_Id="239">
<LocList>
<Loc EndOffset="5616" SrcFileId="2" StartOffset="5583"/>
</LocList>
</BasicStmnt>
<BasicStmnt CovItemId="S126" CovItemPrefix="InitializeCards.java" Intrnl_Id="240">
<LocList>
<Loc EndOffset="5662" SrcFileId="2" StartOffset="5620"/>
</LocList>
</BasicStmnt>
<BasicStmnt CovItemId="S127" CovItemPrefix="InitializeCards.java" Intrnl_Id="241">
<LocList>
<Loc EndOffset="5695" SrcFileId="2" StartOffset="5666"/>
</LocList>
</BasicStmnt>
<BasicStmnt CovItemId="S128" CovItemPrefix="InitializeCards.java" Intrnl_Id="242">
<LocList>
<Loc EndOffset="5748" SrcFileId="2" StartOffset="5699"/>
</LocList>
</BasicStmnt>
<BasicStmnt CovItemId="S129" CovItemPrefix="InitializeCards.java" Intrnl_Id="243">
<LocList>
<Loc EndOffset="5785" SrcFileId="2" StartOffset="5756"/>
</LocList>
</BasicStmnt>
<BasicStmnt CovItemId="S130" CovItemPrefix="InitializeCards.java" Intrnl_Id="244">
<LocList>
<Loc EndOffset="5822" SrcFileId="2" StartOffset="5789"/>
</LocList>
</BasicStmnt>
<BasicStmnt CovItemId="S131" CovItemPrefix="InitializeCards.java" Intrnl_Id="245">
<LocList>
<Loc EndOffset="5862" SrcFileId="2" StartOffset="5829"/>
</LocList>
</BasicStmnt>
<BasicStmnt CovItemId="S132" CovItemPrefix="InitializeCards.java" Intrnl_Id="246">
<LocList>
<Loc EndOffset="5908" SrcFileId="2" StartOffset="5866"/>
</LocList>
</BasicStmnt>
<BasicStmnt CovItemId="S133" CovItemPrefix="InitializeCards.java" Intrnl_Id="247">
<LocList>
<Loc EndOffset="5941" SrcFileId="2" StartOffset="5912"/>
</LocList>
</BasicStmnt>
<BasicStmnt CovItemId="S134" CovItemPrefix="InitializeCards.java" Intrnl_Id="248">
<LocList>
<Loc EndOffset="5986" SrcFileId="2" StartOffset="5945"/>
</LocList>
</BasicStmnt>
<BasicStmnt CovItemId="S135" CovItemPrefix="InitializeCards.java" Intrnl_Id="249">
<LocList>
<Loc EndOffset="6038" SrcFileId="2" StartOffset="5998"/>
</LocList>
</BasicStmnt>
<BasicStmnt CovItemId="S136" CovItemPrefix="InitializeCards.java" Intrnl_Id="250">
<LocList>
<Loc EndOffset="6077" SrcFileId="2" StartOffset="6042"/>
</LocList>
</BasicStmnt>
<BasicStmnt CovItemId="S137" CovItemPrefix="InitializeCards.java" Intrnl_Id="251">
<LocList>
<Loc EndOffset="6129" SrcFileId="2" StartOffset="6089"/>
</LocList>
</BasicStmnt>
<BasicStmnt CovItemId="S138" CovItemPrefix="InitializeCards.java" Intrnl_Id="252">
<LocList>
<Loc EndOffset="6169" SrcFileId="2" StartOffset="6133"/>
</LocList>
</BasicStmnt>
<BasicStmnt CovItemId="S139" CovItemPrefix="InitializeCards.java" Intrnl_Id="253">
<LocList>
<Loc EndOffset="6204" SrcFileId="2" StartOffset="6173"/>
</LocList>
</BasicStmnt>
<BasicStmnt CovItemId="S140" CovItemPrefix="InitializeCards.java" Intrnl_Id="254">
<LocList>
<Loc EndOffset="6239" SrcFileId="2" StartOffset="6208"/>
</LocList>
</BasicStmnt>
<BasicStmnt CovItemId="S141" CovItemPrefix="InitializeCards.java" Intrnl_Id="255">
<LocList>
<Loc EndOffset="6273" SrcFileId="2" StartOffset="6243"/>
</LocList>
</BasicStmnt>
<BasicStmnt CovItemId="S142" CovItemPrefix="InitializeCards.java" Intrnl_Id="256">
<LocList>
<Loc EndOffset="6310" SrcFileId="2" StartOffset="6277"/>
</LocList>
</BasicStmnt>
<BasicStmnt CovItemId="S143" CovItemPrefix="InitializeCards.java" Intrnl_Id="257">
<LocList>
<Loc EndOffset="6345" SrcFileId="2" StartOffset="6314"/>
</LocList>
</BasicStmnt>
<BasicStmnt CovItemId="S144" CovItemPrefix="InitializeCards.java" Intrnl_Id="258">
<LocList>
<Loc EndOffset="6380" SrcFileId="2" StartOffset="6349"/>
</LocList>
</BasicStmnt>
<BasicStmnt CovItemId="S145" CovItemPrefix="InitializeCards.java" Intrnl_Id="259">
<LocList>
<Loc EndOffset="6414" SrcFileId="2" StartOffset="6384"/>
</LocList>
</BasicStmnt>
<BasicStmnt CovItemId="S146" CovItemPrefix="InitializeCards.java" Intrnl_Id="260">
<LocList>
<Loc EndOffset="6451" SrcFileId="2" StartOffset="6418"/>
</LocList>
</BasicStmnt>
<BasicStmnt CovItemId="S147" CovItemPrefix="InitializeCards.java" Intrnl_Id="261">
<LocList>
<Loc EndOffset="6486" SrcFileId="2" StartOffset="6455"/>
</LocList>
</BasicStmnt>
<BasicStmnt CovItemId="S148" CovItemPrefix="InitializeCards.java" Intrnl_Id="262">
<LocList>
<Loc EndOffset="6523" SrcFileId="2" StartOffset="6490"/>
</LocList>
</BasicStmnt>
<BasicStmnt CovItemId="S149" CovItemPrefix="InitializeCards.java" Intrnl_Id="263">
<LocList>
<Loc EndOffset="6558" SrcFileId="2" StartOffset="6527"/>
</LocList>
</BasicStmnt>
<BasicStmnt CovItemId="S150" CovItemPrefix="InitializeCards.java" Intrnl_Id="264">
<LocList>
<Loc EndOffset="6592" SrcFileId="2" StartOffset="6562"/>
</LocList>
</BasicStmnt>
<BasicStmnt CovItemId="S151" CovItemPrefix="InitializeCards.java" Intrnl_Id="265">
<LocList>
<Loc EndOffset="6629" SrcFileId="2" StartOffset="6596"/>
</LocList>
</BasicStmnt>
<BasicStmnt CovItemId="S152" CovItemPrefix="InitializeCards.java" Intrnl_Id="266">
<LocList>
<Loc EndOffset="6668" SrcFileId="2" StartOffset="6633"/>
</LocList>
</BasicStmnt>
<BasicStmnt CovItemId="S153" CovItemPrefix="InitializeCards.java" Intrnl_Id="267">
<LocList>
<Loc EndOffset="6703" SrcFileId="2" StartOffset="6672"/>
</LocList>
</BasicStmnt>
<BasicStmnt CovItemId="S154" CovItemPrefix="InitializeCards.java" Intrnl_Id="268">
<LocList>
<Loc EndOffset="6735" SrcFileId="2" StartOffset="6707"/>
</LocList>
</BasicStmnt>
<BasicStmnt CovItemId="S155" CovItemPrefix="InitializeCards.java" Intrnl_Id="269">
<LocList>
<Loc EndOffset="6770" SrcFileId="2" StartOffset="6739"/>
</LocList>
</BasicStmnt>
<BasicStmnt CovItemId="S156" CovItemPrefix="InitializeCards.java" Intrnl_Id="270">
<LocList>
<Loc EndOffset="6807" SrcFileId="2" StartOffset="6774"/>
</LocList>
</BasicStmnt>
<BasicStmnt CovItemId="S157" CovItemPrefix="InitializeCards.java" Intrnl_Id="271">
<LocList>
<Loc EndOffset="6850" SrcFileId="2" StartOffset="6811"/>
</LocList>
</BasicStmnt>
<BasicStmnt CovItemId="S158" CovItemPrefix="InitializeCards.java" Intrnl_Id="272">
<LocList>
<Loc EndOffset="6889" SrcFileId="2" StartOffset="6854"/>
</LocList>
</BasicStmnt>
<BasicStmnt CovItemId="S159" CovItemPrefix="InitializeCards.java" Intrnl_Id="273">
<LocList>
<Loc EndOffset="6924" SrcFileId="2" StartOffset="6893"/>
</LocList>
</BasicStmnt>
<BasicStmnt CovItemId="S160" CovItemPrefix="InitializeCards.java" Intrnl_Id="274">
<LocList>
<Loc EndOffset="6961" SrcFileId="2" StartOffset="6928"/>
</LocList>
</BasicStmnt>
<BasicStmnt CovItemId="S161" CovItemPrefix="InitializeCards.java" Intrnl_Id="275">
<LocList>
<Loc EndOffset="7014" SrcFileId="2" StartOffset="6965"/>
</LocList>
</BasicStmnt>
<BasicStmnt CovItemId="S162" CovItemPrefix="InitializeCards.java" Intrnl_Id="276">
<LocList>
<Loc EndOffset="7047" SrcFileId="2" StartOffset="7018"/>
</LocList>
</BasicStmnt>
<BasicStmnt CovItemId="S163" CovItemPrefix="InitializeCards.java" Intrnl_Id="277">
<LocList>
<Loc EndOffset="7082" SrcFileId="2" StartOffset="7051"/>
</LocList>
</BasicStmnt>
<BasicStmnt CovItemId="S164" CovItemPrefix="InitializeCards.java" Intrnl_Id="278">
<LocList>
<Loc EndOffset="7114" SrcFileId="2" StartOffset="7086"/>
</LocList>
</BasicStmnt>
<BasicStmnt CovItemId="S165" CovItemPrefix="InitializeCards.java" Intrnl_Id="279">
<LocList>
<Loc EndOffset="7147" SrcFileId="2" StartOffset="7118"/>
</LocList>
</BasicStmnt>
<BasicStmnt CovItemId="S166" CovItemPrefix="InitializeCards.java" Intrnl_Id="280">
<LocList>
<Loc EndOffset="7182" SrcFileId="2" StartOffset="7151"/>
</LocList>
</BasicStmnt>
<BasicStmnt CovItemId="S167" CovItemPrefix="InitializeCards.java" Intrnl_Id="281">
<LocList>
<Loc EndOffset="7217" SrcFileId="2" StartOffset="7186"/>
</LocList>
</BasicStmnt>
</StmntSeq>
</HierarchyLvl>
<HierarchyLvl HierarchyLvlId="576" HierarchyLvlTypeId="6" Intrnl_Id="282" Name="getCardHash">
<Header>
<Loc EndOffset="7269" SrcFileId="2" StartOffset="7226"/>
</Header>
<LocList>
<Loc EndOffset="7295" SrcFileId="2" StartOffset="7226"/>
</LocList>
<StmntSeq Intrnl_Id="283">
<LocList>
<Loc EndOffset="7291" SrcFileId="2" StartOffset="7275"/>
</LocList>
<BasicStmnt CovItemId="S168" CovItemPrefix="InitializeCards.java" Intrnl_Id="284">
<LocList>
<Loc EndOffset="7291" SrcFileId="2" StartOffset="7275"/>
</LocList>
</BasicStmnt>
</StmntSeq>
</HierarchyLvl>
</HierarchyLvl>
<HierarchyLvl HierarchyLvlId="587" HierarchyLvlTypeId="7" Intrnl_Id="285" Name="Game">
<Header>
<Loc EndOffset="101" SrcFileId="3" StartOffset="84"/>
</Header>
<LocList>
<Loc EndOffset="2254" SrcFileId="3" StartOffset="84"/>
</LocList>
<StmntSeq Intrnl_Id="286">
<LocList>
<Loc EndOffset="158" SrcFileId="3" StartOffset="106"/>
<Loc EndOffset="217" SrcFileId="3" StartOffset="161"/>
<Loc EndOffset="275" SrcFileId="3" StartOffset="220"/>
<Loc EndOffset="307" SrcFileId="3" StartOffset="278"/>
<Loc EndOffset="339" SrcFileId="3" StartOffset="310"/>
<Loc EndOffset="396" SrcFileId="3" StartOffset="360"/>
<Loc EndOffset="415" SrcFileId="3" StartOffset="399"/>
<Loc EndOffset="492" SrcFileId="3" StartOffset="477"/>
</LocList>
<BasicStmnt CovItemId="S1" CovItemPrefix="Game.java" Intrnl_Id="287">
<LocList>
<Loc EndOffset="158" SrcFileId="3" StartOffset="106"/>
</LocList>
</BasicStmnt>
<BasicStmnt CovItemId="S2" CovItemPrefix="Game.java" Intrnl_Id="288">
<LocList>
<Loc EndOffset="217" SrcFileId="3" StartOffset="161"/>
</LocList>
</BasicStmnt>
<BasicStmnt CovItemId="S3" CovItemPrefix="Game.java" Intrnl_Id="289">
<LocList>
<Loc EndOffset="275" SrcFileId="3" StartOffset="220"/>
</LocList>
</BasicStmnt>
<BasicStmnt CovItemId="S4" CovItemPrefix="Game.java" Intrnl_Id="290">
<LocList>
<Loc EndOffset="307" SrcFileId="3" StartOffset="278"/>
</LocList>
</BasicStmnt>
<BasicStmnt CovItemId="S5" CovItemPrefix="Game.java" Intrnl_Id="291">
<LocList>
<Loc EndOffset="339" SrcFileId="3" StartOffset="310"/>
</LocList>
</BasicStmnt>
<BasicStmnt CovItemId="S6" CovItemPrefix="Game.java" Intrnl_Id="292">
<LocList>
<Loc EndOffset="396" SrcFileId="3" StartOffset="360"/>
</LocList>
</BasicStmnt>
<BasicStmnt CovItemId="S7" CovItemPrefix="Game.java" Intrnl_Id="293">
<LocList>
<Loc EndOffset="415" SrcFileId="3" StartOffset="399"/>
</LocList>
</BasicStmnt>
<BasicStmnt CovItemId="S8" CovItemPrefix="Game.java" Intrnl_Id="294">
<LocList>
<Loc EndOffset="492" SrcFileId="3" StartOffset="477"/>
</LocList>
</BasicStmnt>
</StmntSeq>
<HierarchyLvl HierarchyLvlId="578" HierarchyLvlTypeId="6" Intrnl_Id="295" Name="Game">
<Header>
<Loc EndOffset="631" SrcFileId="3" StartOffset="564"/>
</Header>
<LocList>
<Loc EndOffset="714" SrcFileId="3" StartOffset="564"/>
</LocList>
<StmntSeq Intrnl_Id="296">
<LocList>
<Loc EndOffset="657" SrcFileId="3" StartOffset="638"/>
<Loc EndOffset="688" SrcFileId="3" StartOffset="661"/>
<Loc EndOffset="710" SrcFileId="3" StartOffset="692"/>
</LocList>
<BasicStmnt CovItemId="S9" CovItemPrefix="Game.java" Intrnl_Id="297">
<LocList>
<Loc EndOffset="657" SrcFileId="3" StartOffset="638"/>
</LocList>
</BasicStmnt>
<BasicStmnt CovItemId="S10" CovItemPrefix="Game.java" Intrnl_Id="298">
<LocList>
<Loc EndOffset="688" SrcFileId="3" StartOffset="661"/>
</LocList>
</BasicStmnt>
<BasicStmnt CovItemId="S11" CovItemPrefix="Game.java" Intrnl_Id="299">
<LocList>
<Loc EndOffset="710" SrcFileId="3" StartOffset="692"/>
</LocList>
</BasicStmnt>
</StmntSeq>
</HierarchyLvl>
<HierarchyLvl HierarchyLvlId="579" HierarchyLvlTypeId="6" Intrnl_Id="300" Name="shuffle">
<Header>
<Loc EndOffset="781" SrcFileId="3" StartOffset="722"/>
</Header>
<LocList>
<Loc EndOffset="1020" SrcFileId="3" StartOffset="722"/>
</LocList>
<StmntSeq Intrnl_Id="301">
<LocList>
<Loc EndOffset="814" SrcFileId="3" StartOffset="787"/>
<Loc EndOffset="999" SrcFileId="3" StartOffset="818"/>
<Loc EndOffset="1016" SrcFileId="3" StartOffset="1003"/>
</LocList>
<BasicStmnt CovItemId="S12" CovItemPrefix="Game.java" Intrnl_Id="302">
<LocList>
<Loc EndOffset="814" SrcFileId="3" StartOffset="787"/>
</LocList>
</BasicStmnt>
<LoopStmnt CovItemId="S13" CovItemPrefix="Game.java" Intrnl_Id="303" MltplExecId="L1-2" MltplExecPrefix="Game.java" NvrExecId="L1-0" NvrExecPrefix="Game.java" OnceExecutedId="L1-1" OnceExecutedPrefix="Game.java" OptBodyExec="true">
<StmntSeq Intrnl_Id="304">
<LocList>
<Loc EndOffset="897" SrcFileId="3" StartOffset="867"/>
<Loc EndOffset="932" SrcFileId="3" StartOffset="902"/>
<Loc EndOffset="970" SrcFileId="3" StartOffset="937"/>
<Loc EndOffset="994" SrcFileId="3" StartOffset="975"/>
</LocList>
<BasicStmnt CovItemId="S14" CovItemPrefix="Game.java" Intrnl_Id="305">
<LocList>
<Loc EndOffset="897" SrcFileId="3" StartOffset="867"/>
</LocList>
</BasicStmnt>
<BasicStmnt CovItemId="S15" CovItemPrefix="Game.java" Intrnl_Id="306">
<LocList>
<Loc EndOffset="932" SrcFileId="3" StartOffset="902"/>
</LocList>
</BasicStmnt>
<BasicStmnt CovItemId="S16" CovItemPrefix="Game.java" Intrnl_Id="307">
<LocList>
<Loc EndOffset="970" SrcFileId="3" StartOffset="937"/>
</LocList>
</BasicStmnt>
<BasicStmnt CovItemId="S17" CovItemPrefix="Game.java" Intrnl_Id="308">
<LocList>
<Loc EndOffset="994" SrcFileId="3" StartOffset="975"/>
</LocList>
</BasicStmnt>
</StmntSeq>
<Keyword EndOffset="821" SrcFileId="3" StartOffset="818"/>
<LocList>
<Loc EndOffset="999" SrcFileId="3" StartOffset="818"/>
</LocList>
<RootTerm CovItemId="C1" CovItemPrefix="Game.java" Intrnl_Id="309">
<BasicBoolTerm Intrnl_Id="310">
<LocList>
<Loc EndOffset="854" SrcFileId="3" StartOffset="849"/>
</LocList>
</BasicBoolTerm>
</RootTerm>
</LoopStmnt>
<BasicStmnt CovItemId="S18" CovItemPrefix="Game.java" Intrnl_Id="311">
<LocList>
<Loc EndOffset="1016" SrcFileId="3" StartOffset="1003"/>
</LocList>
</BasicStmnt>
</StmntSeq>
</HierarchyLvl>
<HierarchyLvl HierarchyLvlId="580" HierarchyLvlTypeId="6" Intrnl_Id="312" Name="setInitialCards">
<Header>
<Loc EndOffset="1055" SrcFileId="3" StartOffset="1026"/>
</Header>
<LocList>
<Loc EndOffset="1120" SrcFileId="3" StartOffset="1026"/>
</LocList>
<StmntSeq Intrnl_Id="313">
<LocList>
<Loc EndOffset="1086" SrcFileId="3" StartOffset="1060"/>
<Loc EndOffset="1116" SrcFileId="3" StartOffset="1090"/>
</LocList>
<BasicStmnt CovItemId="S19" CovItemPrefix="Game.java" Intrnl_Id="314">
<LocList>
<Loc EndOffset="1086" SrcFileId="3" StartOffset="1060"/>
</LocList>
</BasicStmnt>
<BasicStmnt CovItemId="S20" CovItemPrefix="Game.java" Intrnl_Id="315">
<LocList>
<Loc EndOffset="1116" SrcFileId="3" StartOffset="1090"/>
</LocList>
</BasicStmnt>
</StmntSeq>
</HierarchyLvl>
<HierarchyLvl HierarchyLvlId="581" HierarchyLvlTypeId="6" Intrnl_Id="316" Name="dealCards">
<Header>
<Loc EndOffset="1165" SrcFileId="3" StartOffset="1128"/>
</Header>
<LocList>
<Loc EndOffset="1524" SrcFileId="3" StartOffset="1128"/>
</LocList>
<StmntSeq Intrnl_Id="317">
<LocList>
<Loc EndOffset="1222" SrcFileId="3" StartOffset="1171"/>
<Loc EndOffset="1241" SrcFileId="3" StartOffset="1226"/>
<Loc EndOffset="1264" SrcFileId="3" StartOffset="1245"/>
<Loc EndOffset="1504" SrcFileId="3" StartOffset="1268"/>
<Loc EndOffset="1520" SrcFileId="3" StartOffset="1508"/>
</LocList>
<BasicStmnt CovItemId="S21" CovItemPrefix="Game.java" Intrnl_Id="318">
<LocList>
<Loc EndOffset="1222" SrcFileId="3" StartOffset="1171"/>
</LocList>
</BasicStmnt>
<BasicStmnt CovItemId="S22" CovItemPrefix="Game.java" Intrnl_Id="319">
<LocList>
<Loc EndOffset="1241" SrcFileId="3" StartOffset="1226"/>
</LocList>
</BasicStmnt>
<BasicStmnt CovItemId="S23" CovItemPrefix="Game.java" Intrnl_Id="320">
<LocList>
<Loc EndOffset="1264" SrcFileId="3" StartOffset="1245"/>
</LocList>
</BasicStmnt>
<LoopStmnt CovItemId="S24" CovItemPrefix="Game.java" Intrnl_Id="321" MltplExecId="L2-2" MltplExecPrefix="Game.java" NvrExecId="L2-0" NvrExecPrefix="Game.java" OnceExecutedId="L2-1" OnceExecutedPrefix="Game.java" OptBodyExec="true">
<StmntSeq Intrnl_Id="322">
<LocList>
<Loc EndOffset="1341" SrcFileId="3" StartOffset="1303"/>
<Loc EndOffset="1390" SrcFileId="3" StartOffset="1346"/>
<Loc EndOffset="1437" SrcFileId="3" StartOffset="1395"/>
<Loc EndOffset="1494" SrcFileId="3" StartOffset="1442"/>
</LocList>
<BasicStmnt CovItemId="S25" CovItemPrefix="Game.java" Intrnl_Id="323">
<LocList>
<Loc EndOffset="1341" SrcFileId="3" StartOffset="1303"/>
</LocList>
</BasicStmnt>
<BasicStmnt CovItemId="S26" CovItemPrefix="Game.java" Intrnl_Id="324">
<LocList>
<Loc EndOffset="1390" SrcFileId="3" StartOffset="1346"/>
</LocList>
</BasicStmnt>
<BasicStmnt CovItemId="S27" CovItemPrefix="Game.java" Intrnl_Id="325">
<LocList>
<Loc EndOffset="1437" SrcFileId="3" StartOffset="1395"/>
</LocList>
</BasicStmnt>
<BasicStmnt CovItemId="S28" CovItemPrefix="Game.java" Intrnl_Id="326">
<LocList>
<Loc EndOffset="1494" SrcFileId="3" StartOffset="1442"/>
</LocList>
</BasicStmnt>
</StmntSeq>
<Keyword EndOffset="1271" SrcFileId="3" StartOffset="1268"/>
<LocList>
<Loc EndOffset="1504" SrcFileId="3" StartOffset="1268"/>
</LocList>
<RootTerm CovItemId="C2" CovItemPrefix="Game.java" Intrnl_Id="327">
<BasicBoolTerm Intrnl_Id="328">
<LocList>
<Loc EndOffset="1290" SrcFileId="3" StartOffset="1284"/>
</LocList>
</BasicBoolTerm>
</RootTerm>
</LoopStmnt>
<BasicStmnt CovItemId="S29" CovItemPrefix="Game.java" Intrnl_Id="329">
<LocList>
<Loc EndOffset="1520" SrcFileId="3" StartOffset="1508"/>
</LocList>
</BasicStmnt>
</StmntSeq>
</HierarchyLvl>
<HierarchyLvl HierarchyLvlId="582" HierarchyLvlTypeId="6" Intrnl_Id="330" Name="dealNewCard">
<Header>
<Loc EndOffset="1667" SrcFileId="3" StartOffset="1605"/>
</Header>
<LocList>
<Loc EndOffset="1825" SrcFileId="3" StartOffset="1605"/>
</LocList>
<StmntSeq Intrnl_Id="331">
<LocList>
<Loc EndOffset="1699" SrcFileId="3" StartOffset="1673"/>
<Loc EndOffset="1807" SrcFileId="3" StartOffset="1703"/>
<Loc EndOffset="1821" SrcFileId="3" StartOffset="1808"/>
</LocList>
<BasicStmnt CovItemId="S30" CovItemPrefix="Game.java" Intrnl_Id="332">
<LocList>
<Loc EndOffset="1699" SrcFileId="3" StartOffset="1673"/>
</LocList>
</BasicStmnt>
<CondStmnt CovItemId="S31" CovItemPrefix="Game.java" Intrnl_Id="333">
<Branch CovItemId="B1" CovItemPrefix="Game.java" Implct="false" Intrnl_Id="334">
<Cond/>
<LocList>
<Loc EndOffset="1807" SrcFileId="3" StartOffset="1726"/>
</LocList>
<StmntSeq Intrnl_Id="335">
<LocList>
<Loc EndOffset="1761" SrcFileId="3" StartOffset="1732"/>
<Loc EndOffset="1785" SrcFileId="3" StartOffset="1766"/>
<Loc EndOffset="1802" SrcFileId="3" StartOffset="1790"/>
</LocList>
<BasicStmnt CovItemId="S32" CovItemPrefix="Game.java" Intrnl_Id="336">
<LocList>
<Loc EndOffset="1761" SrcFileId="3" StartOffset="1732"/>
</LocList>
</BasicStmnt>
<BasicStmnt CovItemId="S33" CovItemPrefix="Game.java" Intrnl_Id="337">
<LocList>
<Loc EndOffset="1785" SrcFileId="3" StartOffset="1766"/>
</LocList>
</BasicStmnt>
<BasicStmnt CovItemId="S34" CovItemPrefix="Game.java" Intrnl_Id="338">
<LocList>
<Loc EndOffset="1802" SrcFileId="3" StartOffset="1790"/>
</LocList>
</BasicStmnt>
</StmntSeq>
</Branch>
<Branch CovItemId="B2" CovItemPrefix="Game.java" Implct="true" Intrnl_Id="339">
<Cond/>
<LocList/>
<StmntSeq Intrnl_Id="340">
<LocList/>
</StmntSeq>
</Branch>
<Keyword EndOffset="1705" SrcFileId="3" StartOffset="1703"/>
<LocList>
<Loc EndOffset="1807" SrcFileId="3" StartOffset="1703"/>
</LocList>
<RootTerm CovItemId="C3" CovItemPrefix="Game.java" Intrnl_Id="341">
<BasicBoolTerm Intrnl_Id="342">
<LocList>
<Loc EndOffset="1724" SrcFileId="3" StartOffset="1706"/>
</LocList>
</BasicBoolTerm>
</RootTerm>
</CondStmnt>
<BasicStmnt CovItemId="S35" CovItemPrefix="Game.java" Intrnl_Id="343">
<LocList>
<Loc EndOffset="1821" SrcFileId="3" StartOffset="1808"/>
</LocList>
</BasicStmnt>
</StmntSeq>
</HierarchyLvl>
<HierarchyLvl HierarchyLvlId="583" HierarchyLvlTypeId="6" Intrnl_Id="344" Name="mustDiscard">
<Header>
<Loc EndOffset="1867" SrcFileId="3" StartOffset="1831"/>
</Header>
<LocList>
<Loc EndOffset="1902" SrcFileId="3" StartOffset="1831"/>
</LocList>
<StmntSeq Intrnl_Id="345">
<LocList>
<Loc EndOffset="1898" SrcFileId="3" StartOffset="1873"/>
</LocList>
<BasicStmnt CovItemId="S36" CovItemPrefix="Game.java" Intrnl_Id="346">
<LocList>
<Loc EndOffset="1898" SrcFileId="3" StartOffset="1873"/>
</LocList>
</BasicStmnt>
</StmntSeq>
</HierarchyLvl>
<HierarchyLvl HierarchyLvlId="584" HierarchyLvlTypeId="6" Intrnl_Id="347" Name="discardCard">
<Header>
<Loc EndOffset="1954" SrcFileId="3" StartOffset="1908"/>
</Header>
<LocList>
<Loc EndOffset="2077" SrcFileId="3" StartOffset="1908"/>
</LocList>
<StmntSeq Intrnl_Id="348">
<LocList>
<Loc EndOffset="2060" SrcFileId="3" StartOffset="1960"/>
<Loc EndOffset="2073" SrcFileId="3" StartOffset="2060"/>
</LocList>
<CondStmnt CovItemId="S37" CovItemPrefix="Game.java" Intrnl_Id="349">
<Branch CovItemId="B3" CovItemPrefix="Game.java" Implct="false" Intrnl_Id="350">
<Cond/>
<LocList>
<Loc EndOffset="2060" SrcFileId="3" StartOffset="1987"/>
</LocList>
<StmntSeq Intrnl_Id="351">
<LocList>
<Loc EndOffset="2014" SrcFileId="3" StartOffset="1993"/>
<Loc EndOffset="2038" SrcFileId="3" StartOffset="2019"/>
<Loc EndOffset="2055" SrcFileId="3" StartOffset="2043"/>
</LocList>
<BasicStmnt CovItemId="S38" CovItemPrefix="Game.java" Intrnl_Id="352">
<LocList>
<Loc EndOffset="2014" SrcFileId="3" StartOffset="1993"/>
</LocList>
</BasicStmnt>
<BasicStmnt CovItemId="S39" CovItemPrefix="Game.java" Intrnl_Id="353">
<LocList>
<Loc EndOffset="2038" SrcFileId="3" StartOffset="2019"/>
</LocList>
</BasicStmnt>
<BasicStmnt CovItemId="S40" CovItemPrefix="Game.java" Intrnl_Id="354">
<LocList>
<Loc EndOffset="2055" SrcFileId="3" StartOffset="2043"/>
</LocList>
</BasicStmnt>
</StmntSeq>
</Branch>
<Branch CovItemId="B4" CovItemPrefix="Game.java" Implct="true" Intrnl_Id="355">
<Cond/>
<LocList/>
<StmntSeq Intrnl_Id="356">
<LocList/>
</StmntSeq>
</Branch>
<Keyword EndOffset="1962" SrcFileId="3" StartOffset="1960"/>
<LocList>
<Loc EndOffset="2060" SrcFileId="3" StartOffset="1960"/>
</LocList>
<RootTerm CovItemId="C4" CovItemPrefix="Game.java" Intrnl_Id="357">
<BasicBoolTerm Intrnl_Id="358">
<LocList>
<Loc EndOffset="1985" SrcFileId="3" StartOffset="1963"/>
</LocList>
</BasicBoolTerm>
</RootTerm>
</CondStmnt>
<BasicStmnt CovItemId="S41" CovItemPrefix="Game.java" Intrnl_Id="359">
<LocList>
<Loc EndOffset="2073" SrcFileId="3" StartOffset="2060"/>
</LocList>
</BasicStmnt>
</StmntSeq>
</HierarchyLvl>
<HierarchyLvl HierarchyLvlId="585" HierarchyLvlTypeId="6" Intrnl_Id="360" Name="returnDiscardPile">
<Header>
<Loc EndOffset="2128" SrcFileId="3" StartOffset="2083"/>
</Header>
<LocList>
<Loc EndOffset="2154" SrcFileId="3" StartOffset="2083"/>
</LocList>
<StmntSeq Intrnl_Id="361">
<LocList>
<Loc EndOffset="2150" SrcFileId="3" StartOffset="2134"/>
</LocList>
<BasicStmnt CovItemId="S42" CovItemPrefix="Game.java" Intrnl_Id="362">
<LocList>
<Loc EndOffset="2150" SrcFileId="3" StartOffset="2134"/>
</LocList>
</BasicStmnt>
</StmntSeq>
</HierarchyLvl>
<HierarchyLvl HierarchyLvlId="586" HierarchyLvlTypeId="6" Intrnl_Id="363" Name="rollDice">
<Header>
<Loc EndOffset="2181" SrcFileId="3" StartOffset="2160"/>
</Header>
<LocList>
<Loc EndOffset="2249" SrcFileId="3" StartOffset="2160"/>
</LocList>
<StmntSeq Intrnl_Id="364">
<LocList>
<Loc EndOffset="2214" SrcFileId="3" StartOffset="2187"/>
<Loc EndOffset="2245" SrcFileId="3" StartOffset="2218"/>
</LocList>
<BasicStmnt CovItemId="S43" CovItemPrefix="Game.java" Intrnl_Id="365">
<LocList>
<Loc EndOffset="2214" SrcFileId="3" StartOffset="2187"/>
</LocList>
</BasicStmnt>
<BasicStmnt CovItemId="S44" CovItemPrefix="Game.java" Intrnl_Id="366">
<LocList>
<Loc EndOffset="2245" SrcFileId="3" StartOffset="2218"/>
</LocList>
</BasicStmnt>
</StmntSeq>
</HierarchyLvl>
</HierarchyLvl>
<HierarchyLvl HierarchyLvlId="592" HierarchyLvlTypeId="7" Intrnl_Id="367" Name="CardFunc">
<Header>
<Loc EndOffset="23" SrcFileId="4" StartOffset="2"/>
</Header>
<LocList>
<Loc EndOffset="431" SrcFileId="4" StartOffset="2"/>
</LocList>
<HierarchyLvl HierarchyLvlId="588" HierarchyLvlTypeId="6" Intrnl_Id="368" Name="CardFunc">
<Header>
<Loc EndOffset="95" SrcFileId="4" StartOffset="69"/>
</Header>
<LocList>
<Loc EndOffset="208" SrcFileId="4" StartOffset="69"/>
</LocList>
<StmntSeq Intrnl_Id="369">
<LocList>
<Loc EndOffset="117" SrcFileId="4" StartOffset="100"/>
<Loc EndOffset="200" SrcFileId="4" StartOffset="121"/>
</LocList>
<BasicStmnt CovItemId="S1" CovItemPrefix="CardFunc.java" Intrnl_Id="370">
<LocList>
<Loc EndOffset="117" SrcFileId="4" StartOffset="100"/>
</LocList>
</BasicStmnt>
<CondStmnt CovItemId="S2" CovItemPrefix="CardFunc.java" Intrnl_Id="371">
<Branch CovItemId="B1" CovItemPrefix="CardFunc.java" Implct="false" Intrnl_Id="372">
<Cond/>
<LocList>
<Loc EndOffset="169" SrcFileId="4" StartOffset="146"/>
</LocList>
<StmntSeq Intrnl_Id="373">
<LocList>
<Loc EndOffset="164" SrcFileId="4" StartOffset="152"/>
</LocList>
<BasicStmnt CovItemId="S3" CovItemPrefix="CardFunc.java" Intrnl_Id="374">
<LocList>
<Loc EndOffset="164" SrcFileId="4" StartOffset="152"/>
</LocList>
</BasicStmnt>
</StmntSeq>
</Branch>
<Branch CovItemId="B2" CovItemPrefix="CardFunc.java" Implct="false" Intrnl_Id="375">
<Cond>
<Loc EndOffset="177" SrcFileId="4" StartOffset="173"/>
</Cond>
<LocList>
<Loc EndOffset="200" SrcFileId="4" StartOffset="177"/>
</LocList>
<StmntSeq Intrnl_Id="376">
<LocList>
<Loc EndOffset="195" SrcFileId="4" StartOffset="183"/>
</LocList>
<BasicStmnt CovItemId="S4" CovItemPrefix="CardFunc.java" Intrnl_Id="377">
<LocList>
<Loc EndOffset="195" SrcFileId="4" StartOffset="183"/>
</LocList>
</BasicStmnt>
</StmntSeq>
</Branch>
<Keyword EndOffset="123" SrcFileId="4" StartOffset="121"/>
<LocList>
<Loc EndOffset="200" SrcFileId="4" StartOffset="121"/>
</LocList>
<RootTerm CovItemId="C1" CovItemPrefix="CardFunc.java" Intrnl_Id="378">
<BasicBoolTerm Intrnl_Id="379">
<LocList>
<Loc EndOffset="145" SrcFileId="4" StartOffset="125"/>
</LocList>
</BasicBoolTerm>
</RootTerm>
</CondStmnt>
</StmntSeq>
</HierarchyLvl>
<HierarchyLvl HierarchyLvlId="589" HierarchyLvlTypeId="6" Intrnl_Id="380" Name="func57">
<Header>
<Loc EndOffset="231" SrcFileId="4" StartOffset="211"/>
</Header>
<LocList>
<Loc EndOffset="274" SrcFileId="4" StartOffset="211"/>
</LocList>
<StmntSeq Intrnl_Id="381">
<LocList>
<Loc EndOffset="260" SrcFileId="4" StartOffset="236"/>
<Loc EndOffset="270" SrcFileId="4" StartOffset="264"/>
</LocList>
<BasicStmnt CovItemId="S5" CovItemPrefix="CardFunc.java" Intrnl_Id="382">
<LocList>
<Loc EndOffset="260" SrcFileId="4" StartOffset="236"/>
</LocList>
</BasicStmnt>
<BasicStmnt CovItemId="S6" CovItemPrefix="CardFunc.java" Intrnl_Id="383">
<LocList>
<Loc EndOffset="270" SrcFileId="4" StartOffset="264"/>
</LocList>
</BasicStmnt>
</StmntSeq>
</HierarchyLvl>
<HierarchyLvl HierarchyLvlId="590" HierarchyLvlTypeId="6" Intrnl_Id="384" Name="playClass">
<Header>
<Loc EndOffset="303" SrcFileId="4" StartOffset="280"/>
</Header>
<LocList>
<Loc EndOffset="312" SrcFileId="4" StartOffset="280"/>
</LocList>
</HierarchyLvl>
<HierarchyLvl HierarchyLvlId="591" HierarchyLvlTypeId="6" Intrnl_Id="385" Name="end">
<Header>
<Loc EndOffset="335" SrcFileId="4" StartOffset="318"/>
</Header>
<LocList>
<Loc EndOffset="422" SrcFileId="4" StartOffset="318"/>
</LocList>
<StmntSeq Intrnl_Id="386">
<LocList>
<Loc EndOffset="418" SrcFileId="4" StartOffset="340"/>
</LocList>
<CondStmnt CovItemId="S7" CovItemPrefix="CardFunc.java" Intrnl_Id="387">
<Branch CovItemId="B3" CovItemPrefix="CardFunc.java" Implct="false" Intrnl_Id="388">
<Cond/>
<LocList>
<Loc EndOffset="387" SrcFileId="4" StartOffset="364"/>
</LocList>
<StmntSeq Intrnl_Id="389">
<LocList>
<Loc EndOffset="382" SrcFileId="4" StartOffset="370"/>
</LocList>
<BasicStmnt CovItemId="S8" CovItemPrefix="CardFunc.java" Intrnl_Id="390">
<LocList>
<Loc EndOffset="382" SrcFileId="4" StartOffset="370"/>
</LocList>
</BasicStmnt>
</StmntSeq>
</Branch>
<Branch CovItemId="B4" CovItemPrefix="CardFunc.java" Implct="false" Intrnl_Id="391">
<Cond>
<Loc EndOffset="395" SrcFileId="4" StartOffset="391"/>
</Cond>
<LocList>
<Loc EndOffset="418" SrcFileId="4" StartOffset="395"/>
</LocList>
<StmntSeq Intrnl_Id="392">
<LocList>
<Loc EndOffset="413" SrcFileId="4" StartOffset="401"/>
</LocList>
<BasicStmnt CovItemId="S9" CovItemPrefix="CardFunc.java" Intrnl_Id="393">
<LocList>
<Loc EndOffset="413" SrcFileId="4" StartOffset="401"/>
</LocList>
</BasicStmnt>
</StmntSeq>
</Branch>
<Keyword EndOffset="342" SrcFileId="4" StartOffset="340"/>
<LocList>
<Loc EndOffset="418" SrcFileId="4" StartOffset="340"/>
</LocList>
<RootTerm CovItemId="C2" CovItemPrefix="CardFunc.java" Intrnl_Id="394">
<BasicBoolTerm Intrnl_Id="395">
<LocList>
<Loc EndOffset="363" SrcFileId="4" StartOffset="343"/>
</LocList>
</BasicBoolTerm>
</RootTerm>
</CondStmnt>
</StmntSeq>
</HierarchyLvl>
</HierarchyLvl>
<HierarchyLvl HierarchyLvlId="596" HierarchyLvlTypeId="7" Intrnl_Id="396" Name="Card">
<Header>
<Loc EndOffset="46" SrcFileId="5" StartOffset="29"/>
</Header>
<LocList>
<Loc EndOffset="1055" SrcFileId="5" StartOffset="29"/>
</LocList>
<StmntSeq Intrnl_Id="397">
<LocList>
<Loc EndOffset="82" SrcFileId="5" StartOffset="51"/>
<Loc EndOffset="172" SrcFileId="5" StartOffset="146"/>
<Loc EndOffset="225" SrcFileId="5" StartOffset="199"/>
<Loc EndOffset="377" SrcFileId="5" StartOffset="344"/>
<Loc EndOffset="655" SrcFileId="5" StartOffset="630"/>
<Loc EndOffset="759" SrcFileId="5" StartOffset="732"/>
<Loc EndOffset="788" SrcFileId="5" StartOffset="762"/>
</LocList>
<BasicStmnt CovItemId="S1" CovItemPrefix="Card.java" Intrnl_Id="398">
<LocList>
<Loc EndOffset="82" SrcFileId="5" StartOffset="51"/>
</LocList>
</BasicStmnt>
<BasicStmnt CovItemId="S2" CovItemPrefix="Card.java" Intrnl_Id="399">
<LocList>
<Loc EndOffset="172" SrcFileId="5" StartOffset="146"/>
</LocList>
</BasicStmnt>
<BasicStmnt CovItemId="S3" CovItemPrefix="Card.java" Intrnl_Id="400">
<LocList>
<Loc EndOffset="225" SrcFileId="5" StartOffset="199"/>
</LocList>
</BasicStmnt>
<BasicStmnt CovItemId="S4" CovItemPrefix="Card.java" Intrnl_Id="401">
<LocList>
<Loc EndOffset="377" SrcFileId="5" StartOffset="344"/>
</LocList>
</BasicStmnt>
<BasicStmnt CovItemId="S5" CovItemPrefix="Card.java" Intrnl_Id="402">
<LocList>
<Loc EndOffset="655" SrcFileId="5" StartOffset="630"/>
</LocList>
</BasicStmnt>
<BasicStmnt CovItemId="S6" CovItemPrefix="Card.java" Intrnl_Id="403">
<LocList>
<Loc EndOffset="759" SrcFileId="5" StartOffset="732"/>
</LocList>
</BasicStmnt>
<BasicStmnt CovItemId="S7" CovItemPrefix="Card.java" Intrnl_Id="404">
<LocList>
<Loc EndOffset="788" SrcFileId="5" StartOffset="762"/>
</LocList>
</BasicStmnt>
</StmntSeq>
<HierarchyLvl HierarchyLvlId="593" HierarchyLvlTypeId="6" Intrnl_Id="405" Name="Card">
<Header>
<Loc EndOffset="883" SrcFileId="5" StartOffset="850"/>
</Header>
<LocList>
<Loc EndOffset="942" SrcFileId="5" StartOffset="850"/>
</LocList>
<StmntSeq Intrnl_Id="406">
<LocList>
<Loc EndOffset="904" SrcFileId="5" StartOffset="889"/>
<Loc EndOffset="925" SrcFileId="5" StartOffset="908"/>
</LocList>
<BasicStmnt CovItemId="S8" CovItemPrefix="Card.java" Intrnl_Id="407">
<LocList>
<Loc EndOffset="904" SrcFileId="5" StartOffset="889"/>
</LocList>
</BasicStmnt>
<BasicStmnt CovItemId="S9" CovItemPrefix="Card.java" Intrnl_Id="408">
<LocList>
<Loc EndOffset="925" SrcFileId="5" StartOffset="908"/>
</LocList>
</BasicStmnt>
</StmntSeq>
</HierarchyLvl>
<HierarchyLvl HierarchyLvlId="594" HierarchyLvlTypeId="6" Intrnl_Id="409" Name="getName">
<Header>
<Loc EndOffset="971" SrcFileId="5" StartOffset="948"/>
</Header>
<LocList>
<Loc EndOffset="997" SrcFileId="5" StartOffset="948"/>
</LocList>
<StmntSeq Intrnl_Id="410">
<LocList>
<Loc EndOffset="993" SrcFileId="5" StartOffset="976"/>
</LocList>
<BasicStmnt CovItemId="S10" CovItemPrefix="Card.java" Intrnl_Id="411">
<LocList>
<Loc EndOffset="993" SrcFileId="5" StartOffset="976"/>
</LocList>
</BasicStmnt>
</StmntSeq>
</HierarchyLvl>
<HierarchyLvl HierarchyLvlId="595" HierarchyLvlTypeId="6" Intrnl_Id="412" Name="getNumber">
<Header>
<Loc EndOffset="1025" SrcFileId="5" StartOffset="1003"/>
</Header>
<LocList>
<Loc EndOffset="1050" SrcFileId="5" StartOffset="1003"/>
</LocList>
<StmntSeq Intrnl_Id="413">
<LocList>
<Loc EndOffset="1046" SrcFileId="5" StartOffset="1030"/>
</LocList>
<BasicStmnt CovItemId="S11" CovItemPrefix="Card.java" Intrnl_Id="414">
<LocList>
<Loc EndOffset="1046" SrcFileId="5" StartOffset="1030"/>
</LocList>
</BasicStmnt>
</StmntSeq>
</HierarchyLvl>
</HierarchyLvl>
</HierarchyLvl>
</MASTRoot>
</TestSessionContainer>
