<?xml version="1.0" encoding="UTF-8"?><TestSessionContainer xmlns="http://www.codecover.org/xml/testsession-container" Date="1430352573048" TestSessionContainerId="c9649af0-7b5b-49e3-8fde-c3814c455190" version="1.0">
<SrcFileList>
<SrcFile Content="import java.util.ArrayList;&#13;&#10;&#13;&#10;&#13;&#10;public class Player {&#13;&#10;&#9;public String username;&#13;&#10;&#9;public ArrayList&lt;Integer&gt; pHand = new ArrayList&lt;Integer&gt;();&#13;&#10;&#9;public boolean classAbility;&#13;&#10;&#9;public ArrayList&lt;Integer&gt; pPlay = new ArrayList&lt;Integer&gt;();&#13;&#10;&#9;public String className;&#13;&#10;&#9;public char gender = 'F';&#13;&#10;&#9;public int pLevel=1; //actual level of player&#13;&#10;&#9;public int cLevel=pLevel; //the level a player is with door cards in combat&#13;&#10;&#9;public InitializeCards initCards = new InitializeCards();&#13;&#10;&#9;&#13;&#10;&#9;public Player(String name){&#13;&#10;&#9;&#9;this.username = name;&#13;&#10;&#9;&#9;&#13;&#10;&#9;}&#13;&#10;&#9;&#13;&#10;&#9;public void cLevelCalculation(){&#13;&#10;&#9;&#9;Card card;&#13;&#10;&#9;&#9;this.cLevel=this.pLevel;&#13;&#10;&#9;&#9;for(int i=0; i&lt;this.pPlay.size();i++){&#13;&#10;&#9;&#9;&#9;card = initCards.getCardHash().get(pPlay.get(i));&#9;&#13;&#10;&#9;&#9;&#9;this.cLevel+=card.pLevelBonus;&#13;&#10;&#9;&#9;}&#13;&#10;&#9;}&#13;&#10;&#9;&#13;&#10;&#9;public int mLevelBonusCalculation(){&#13;&#10;&#9;&#9;int mLevelBonus=0;&#13;&#10;&#9;&#9;InitializeCards init = new InitializeCards();&#13;&#10;&#9;&#9;for(int i = 0; i&lt;this.pPlay.size();i++){&#13;&#10;&#9;&#9;&#9;mLevelBonus+=init.cardHash.get(this.pPlay.get(i)).monsterLevelBonus;&#13;&#10;&#9;&#9;}&#13;&#10;&#9;&#9;return mLevelBonus;&#13;&#10;&#9;}&#13;&#10;&#9;&#13;&#10;&#9;public boolean didIwin(Game game){&#13;&#10;&#9;&#9;int playerInt = game.turnPlayer;&#13;&#10;&#9;&#9;if(playerInt==1){&#13;&#10;&#9;&#9;&#9;return didIwinHelper(game.p1, game.p2,game);&#13;&#10;&#9;&#9;}&#13;&#10;&#9;&#9;else{&#13;&#10;&#9;&#9;&#9;return didIwinHelper(game.p2,game.p1, game);&#13;&#10;&#9;&#9;}&#13;&#10;&#9;}&#13;&#10;&#9;&#13;&#10;&#9;public boolean didIwinHelper(Player me, Player other, Game game){&#13;&#10;&#9;&#9;int monster = game.mLevel + me.mLevelBonusCalculation()+other.mLevelBonusCalculation();&#13;&#10;&#9;&#9;System.out.println(&quot;Other person's monster bonus level &quot; + other.mLevelBonusCalculation());&#13;&#10;&#9;&#9;System.out.println(&quot;monster level in combat is: &quot; + monster);&#13;&#10;&#9;&#9;me.cLevelCalculation(); //me.cLevel is now set&#13;&#10;&#9;&#9;System.out.println(&quot;my clevel is: &quot; + me.cLevel);&#13;&#10;&#9;&#9;return (me.cLevel&gt;=monster);&#13;&#10;&#9;}&#13;&#10;&#9;&#13;&#10;&#9;public void consequence(Game game, int win) {&#13;&#10;&#9;&#9;System.out.println(&quot;Consequence is &quot; + win);&#13;&#10;&#9;}&#13;&#10;}&#13;&#10;" Filename="Player.java" Intrnl_Id="1"/>
<SrcFile Content="import static org.junit.Assert.assertEquals;&#13;&#10;&#13;&#10;import java.util.ArrayList;&#13;&#10;import java.util.HashMap;&#13;&#10;&#13;&#10;public class InitializeCards {&#13;&#10;&#9;public HashMap&lt;Integer, Card&gt; cardHash = new HashMap&lt;Integer, Card&gt;();&#13;&#10;&#9;//public HashMap&lt;Integer, Card&gt; cardHash = new HashMap&lt;Integer, Card&gt;();&#13;&#10;&#9;public ArrayList&lt;Integer&gt; doors = new ArrayList&lt;Integer&gt;();&#13;&#10;&#9;public ArrayList&lt;Integer&gt; treasure = new ArrayList&lt;Integer&gt;();&#13;&#10;&#9;public int numDoors;&#13;&#10;&#9;public int numTreas;&#13;&#10;&#13;&#10;&#9;public InitializeCards(ArrayList&lt;String&gt; cardInfo) {&#13;&#10;&#13;&#10;&#9;&#9;// numDoors = 68;&#13;&#10;&#9;&#9;// numTreas = 0;&#13;&#10;&#13;&#10;&#9;&#9;//numDoors = 67;&#13;&#10;&#9;&#9;//numTreas = 83;&#13;&#10;&#13;&#10;//&#9;&#9;for (int i = 0; i &lt; numDoors; i++) {&#13;&#10;//&#9;&#9;&#9;Card newCard = new Card(i + 1, cardInfo.get(i));&#13;&#10;//&#9;&#9;&#9;cardHash.put(i + 1, newCard);&#13;&#10;//&#9;&#9;&#9;doors.add(i + 1);&#13;&#10;//&#9;&#9;}&#13;&#10;//&#13;&#10;//&#9;&#9;for (int i = numDoors; i &lt; (numDoors + numTreas) - 1; i++) {&#13;&#10;//&#13;&#10;//&#9;&#9;&#9;if (i != 91) {&#13;&#10;//&#9;&#9;&#9;&#9;Card newCard = new Card(i + 1, cardInfo.get(i));&#13;&#10;//&#9;&#9;&#9;&#9;cardHash.put(i + 1, newCard);&#13;&#10;//&#9;&#9;&#9;&#9;treasure.add(i + 1);&#13;&#10;//&#9;&#9;&#9;} else {&#13;&#10;//&#13;&#10;//&#9;&#9;&#9;}&#13;&#10;//&#13;&#10;//&#9;&#9;}&#13;&#10;//&#9;&#9;this.addConditions();&#13;&#10;&#13;&#10;&#9;}&#13;&#10;&#13;&#10;&#9;public InitializeCards() {&#13;&#10;&#9;&#9;numDoors = 67;&#13;&#10;&#9;&#9;numTreas = 83;&#13;&#10;&#13;&#10;&#9;&#9;for (int i = 0; i &lt; numDoors; i++) {&#13;&#10;&#9;&#9;&#9;Card newCard = new Card(i + 1, &quot;&quot;);&#13;&#10;&#9;&#9;&#9;cardHash.put(i + 1, newCard);&#13;&#10;&#9;&#9;&#9;doors.add(i + 1);&#13;&#10;&#9;&#9;}&#13;&#10;&#13;&#10;&#9;&#9;for (int i = numDoors; i &lt; (numDoors + numTreas) - 1; i++) {&#13;&#10;&#9;&#9;&#9;if (i != 91) {&#13;&#10;&#9;&#9;&#9;&#9;Card newCard = new Card(i + 1, &quot;&quot;);&#13;&#10;&#9;&#9;&#9;&#9;cardHash.put(i + 1, newCard);&#13;&#10;&#9;&#9;&#9;&#9;treasure.add(i + 1);&#13;&#10;&#9;&#9;&#9;} else {&#13;&#10;&#13;&#10;&#9;&#9;&#9;}&#13;&#10;&#9;&#9;}&#13;&#10;&#9;&#9;this.addConditionsForSelect();&#13;&#10;&#13;&#10;&#9;}&#13;&#10;&#9;&#13;&#10;&#9;public InitializeCards(boolean test) {&#13;&#10;&#9;&#9;numDoors = 67;&#13;&#10;&#9;&#9;numTreas = 83;&#13;&#10;&#13;&#10;&#9;&#9;for (int i = 0; i &lt; numDoors; i++) {&#13;&#10;&#9;&#9;&#9;Card newCard = new Card(i + 1, &quot;&quot;);&#13;&#10;&#9;&#9;&#9;cardHash.put(i + 1, newCard);&#13;&#10;&#9;&#9;&#9;doors.add(i + 1);&#13;&#10;&#9;&#9;}&#13;&#10;&#13;&#10;&#9;&#9;for (int i = numDoors; i &lt; (numDoors + numTreas) - 1; i++) {&#13;&#10;&#9;&#9;&#9;if (i != 91) {&#13;&#10;&#9;&#9;&#9;&#9;Card newCard = new Card(i + 1, &quot;&quot;);&#13;&#10;&#9;&#9;&#9;&#9;cardHash.put(i + 1, newCard);&#13;&#10;&#9;&#9;&#9;&#9;treasure.add(i + 1);&#13;&#10;&#9;&#9;&#9;} else {&#13;&#10;&#13;&#10;&#9;&#9;&#9;}&#13;&#10;&#9;&#9;}&#13;&#10;&#9;&#9;this.addConditions();&#13;&#10;&#9;}&#13;&#10;&#9;&#13;&#10;&#9;public InitializeCards(ArrayList&lt;Integer&gt; doorAvailable, ArrayList&lt;Integer&gt; treasAvailable){&#13;&#10;&#9;&#9;for (int i = 0; i &lt; doorAvailable.size(); i++) {&#13;&#10;&#9;&#9;&#9;Card newCard = new Card(doorAvailable.get(i), &quot;&quot;);&#13;&#10;&#9;&#9;&#9;cardHash.put(doorAvailable.get(i), newCard);&#13;&#10;&#9;&#9;&#9;doors.add(doorAvailable.get(i));&#13;&#10;&#9;&#9;}&#13;&#10;&#13;&#10;&#9;&#9;for (int i = 0; i &lt; treasAvailable.size(); i++) {&#13;&#10;&#9;&#9;&#9;Card newCard = new Card(treasAvailable.get(i),&quot;&quot;);&#13;&#10;&#9;&#9;&#9;cardHash.put(treasAvailable.get(i), newCard);&#13;&#10;&#9;&#9;&#9;treasure.add(treasAvailable.get(i));&#13;&#10;&#9;&#9;}&#13;&#10;&#9;&#9;this.addConditionsForSelect();&#13;&#10;&#9;}&#13;&#10;&#13;&#10;&#9;public void addConditions() {&#13;&#10;&#9;&#9;cardHash.get(1).monsterLevelBonus = 5;&#13;&#10;&#9;&#9;cardHash.get(2).monsterLevel = 2;&#13;&#10;&#9;&#9;cardHash.get(2).monsterLevelBonus = 3;&#13;&#10;&#9;&#9;cardHash.get(2).numTreas = 1;&#13;&#10;&#9;&#9;cardHash.get(2).condForBonus = &quot;Monster Whacker&quot;;&#13;&#10;&#9;&#9;cardHash.get(3).monsterLevelBonus = 3;&#13;&#10;&#9;&#9;cardHash.get(4).numTreas = 1;&#13;&#10;&#9;&#9;cardHash.get(4).monsterLevel = 1;&#13;&#10;&#9;&#9;cardHash.get(5).monsterLevel = 6;&#13;&#10;&#9;&#9;cardHash.get(5).monsterLevelBonus = -2;&#13;&#10;&#9;&#9;cardHash.get(5).numTreas = 2;&#13;&#10;&#9;&#9;cardHash.get(5).condForBonus = &quot;Professors&quot;;&#13;&#10;&#9;&#9;cardHash.get(7).monsterLevel = 2;&#13;&#10;&#9;&#9;cardHash.get(7).monsterLevelBonus = 4;&#13;&#10;&#9;&#9;cardHash.get(7).numTreas = 1;&#13;&#10;&#9;&#9;cardHash.get(7).condForBonus = &quot;Females&quot;;&#13;&#10;&#9;&#9;cardHash.get(8).monsterLevel = 8;&#13;&#10;&#9;&#9;cardHash.get(8).monsterLevelBonus = 3;&#13;&#10;&#9;&#9;cardHash.get(8).numTreas = 2;&#13;&#10;&#9;&#9;cardHash.get(26).monsterLevel = 10;&#13;&#10;&#9;&#9;cardHash.get(26).numTreas = 3;&#13;&#10;&#9;&#9;cardHash.get(27).monsterLevel = 1;&#13;&#10;&#9;&#9;cardHash.get(27).monsterLevelBonus = 2;&#13;&#10;&#9;&#9;cardHash.get(27).numTreas = 1;&#13;&#10;&#9;&#9;cardHash.get(27).condForBonus = &quot;Investigators&quot;;&#13;&#10;&#9;&#9;cardHash.get(27).badStuff = &quot;gold&quot;;&#13;&#10;&#9;&#9;cardHash.get(27).badGold = -500;&#13;&#10;&#9;&#9;cardHash.get(28).monsterLevel = 6;&#13;&#10;&#9;&#9;cardHash.get(28).numTreas = 2;&#13;&#10;&#9;&#9;cardHash.get(29).monsterLevelBonus = 10;&#13;&#10;&#9;&#9;cardHash.get(29).bonusTreasure = 2;&#13;&#10;&#9;&#9;cardHash.get(30).monsterLevel = 12;&#13;&#10;&#9;&#9;cardHash.get(30).monsterLevelBonus = -2;&#13;&#10;&#9;&#9;cardHash.get(30).numTreas = 3;&#13;&#10;&#9;&#9;cardHash.get(30).condForBonus = &quot;Monster Whacker&quot;;&#13;&#10;&#9;&#9;cardHash.get(31).monsterLevelBonus = 3;&#13;&#10;&#9;&#9;cardHash.get(32).monsterLevel = 12;&#13;&#10;&#9;&#9;cardHash.get(32).numTreas = 3;&#13;&#10;&#9;&#9;cardHash.get(33).monsterLevel = 4;&#13;&#10;&#9;&#9;cardHash.get(33).monsterLevelBonus = -2;&#13;&#10;&#9;&#9;cardHash.get(33).numTreas = 2;&#13;&#10;&#9;&#9;cardHash.get(33).condForBonus = &quot;Females&quot;;&#13;&#10;&#9;&#9;cardHash.get(34).monsterLevelBonus = 3;&#13;&#10;&#9;&#9;cardHash.get(35).monsterLevel = 14;&#13;&#10;&#9;&#9;cardHash.get(35).monsterLevelBonus = -2;&#13;&#10;&#9;&#9;cardHash.get(35).numTreas = 4;&#13;&#10;&#9;&#9;cardHash.get(35).condForBonus = &quot;Professors&quot;;&#13;&#10;&#9;&#9;cardHash.get(42).monsterLevelBonus = -5;&#13;&#10;&#9;&#9;cardHash.get(42).badStuff = &quot;treas&quot;;&#13;&#10;&#9;&#9;cardHash.get(42).badTreas = -1;&#13;&#10;&#9;&#9;cardHash.get(84).numGold = 500;&#13;&#10;&#9;&#9;cardHash.get(84).numHands = 2;&#13;&#10;&#9;&#9;cardHash.get(84).pLevelBonus = 4;&#13;&#10;&#9;&#9;cardHash.get(85).numGold = 600;&#13;&#10;&#9;&#9;cardHash.get(86).numGold = 200;&#13;&#10;&#9;&#9;cardHash.get(86).numHands = 1;&#13;&#10;&#9;&#9;cardHash.get(86).pLevelBonus = 2;&#13;&#10;&#9;&#9;cardHash.get(87).numGold = 200;&#13;&#10;&#9;&#9;cardHash.get(87).pLevelBonus = 1;&#13;&#10;&#9;&#9;cardHash.get(88).numGold = 300;&#13;&#10;&#9;&#9;cardHash.get(88).numHands = 1;&#13;&#10;&#9;&#9;cardHash.get(88).pLevelBonus = 2;&#13;&#10;&#9;&#9;cardHash.get(89).goUpALevel = true;&#13;&#10;&#9;&#9;cardHash.get(90).numGold = 100;&#13;&#10;&#9;&#9;cardHash.get(90).numUse = 1;&#13;&#10;&#9;&#9;cardHash.get(90).forMe = false;&#13;&#10;&#9;&#9;cardHash.get(90).pLevelBonus = 3;&#13;&#10;&#9;&#9;cardHash.get(90).monsterLevelBonus = 3;&#13;&#10;&#9;&#9;cardHash.get(94).goUpALevel = true;&#13;&#10;&#9;&#9;cardHash.get(97).numGold = 700;&#13;&#10;&#9;&#9;cardHash.get(97).pLevelBonus = 3;&#13;&#10;&#9;&#9;cardHash.get(97).NotUsableBy = &quot;Monster Whacker&quot;;&#13;&#10;&#9;&#9;cardHash.get(98).numGold=800;&#13;&#10;&#9;&#9;cardHash.get(98).pLevelBonus=4;&#13;&#10;&#9;&#9;cardHash.get(98).numHands=2;&#13;&#10;&#9;&#9;cardHash.get(99).numGold=300;&#13;&#10;&#9;&#9;cardHash.get(99).pLevelBonus=1;&#13;&#10;&#9;&#9;cardHash.get(99).footGear=true;&#13;&#10;&#9;}&#13;&#10;&#9;&#13;&#10;&#9;public void addConditionsForSelect() {&#13;&#10;&#9;&#9;&#13;&#10;&#9;&#9;cardHash.get(2).monsterLevel = 2;&#13;&#10;&#9;&#9;cardHash.get(2).monsterLevelCondBonus = 3;&#13;&#10;&#9;&#9;cardHash.get(2).numTreas = 1;&#13;&#10;&#9;&#9;cardHash.get(2).condForBonus = &quot;Monster Whacker&quot;;&#13;&#10;&#9;&#9;&#13;&#10;&#9;&#9;cardHash.get(4).numTreas = 1;&#13;&#10;&#9;&#9;cardHash.get(4).monsterLevel = 1;&#13;&#10;&#9;&#13;&#10;&#9;&#9;cardHash.get(7).monsterLevel = 2;&#13;&#10;&#9;&#9;cardHash.get(7).monsterLevelCondBonus = 4;&#13;&#10;&#9;&#9;cardHash.get(7).numTreas = 1;&#13;&#10;&#9;&#9;cardHash.get(7).condForBonus = &quot;Females&quot;;&#13;&#10;&#9;&#9;&#13;&#10;&#9;&#9;&#13;&#10;&#9;&#9;cardHash.get(29).monsterLevelBonus = 10;&#13;&#10;&#9;&#9;cardHash.get(29).bonusTreasure = 2;&#13;&#10;&#9;&#9;&#13;&#10;&#9;&#9;&#13;&#10;&#9;&#9;cardHash.get(42).monsterLevelBonus = -5;&#13;&#10;&#9;&#9;cardHash.get(42).badStuff = &quot;treas&quot;;&#13;&#10;&#9;&#9;cardHash.get(42).badTreas = -1;&#13;&#10;&#9;&#9;cardHash.get(84).numGold = 500;&#13;&#10;&#9;&#9;cardHash.get(84).numHands = 2;&#13;&#10;&#9;&#9;cardHash.get(84).pLevelBonus = 4;&#13;&#10;&#9;&#9;cardHash.get(85).numGold = 600;&#13;&#10;&#9;&#9;cardHash.get(86).numGold = 200;&#13;&#10;&#9;&#9;cardHash.get(86).numHands = 1;&#13;&#10;&#9;&#9;cardHash.get(86).pLevelBonus = 2;&#13;&#10;&#9;&#9;cardHash.get(87).numGold = 200;&#13;&#10;&#9;&#9;cardHash.get(87).pLevelBonus = 1;&#13;&#10;&#9;&#9;cardHash.get(88).numGold = 300;&#13;&#10;&#9;&#9;cardHash.get(88).numHands = 1;&#13;&#10;&#9;&#9;cardHash.get(88).pLevelBonus = 2;&#13;&#10;&#9;&#9;cardHash.get(89).goUpALevel = true;&#13;&#10;&#9;&#9;cardHash.get(90).numGold = 100;&#13;&#10;&#9;&#9;cardHash.get(90).numUse = 1;&#13;&#10;&#9;&#9;cardHash.get(90).forMe = false;&#13;&#10;&#9;&#9;cardHash.get(90).pLevelBonus = 3;&#13;&#10;&#9;&#9;cardHash.get(90).monsterLevelBonus = 3;&#13;&#10;&#9;&#9;cardHash.get(94).goUpALevel = true;&#13;&#10;&#9;&#9;cardHash.get(97).numGold = 700;&#13;&#10;&#9;&#9;cardHash.get(97).pLevelBonus = 3;&#13;&#10;&#9;&#9;cardHash.get(97).NotUsableBy = &quot;Monster Whacker&quot;;&#13;&#10;&#9;&#9;cardHash.get(98).numGold=800;&#13;&#10;&#9;&#9;cardHash.get(98).pLevelBonus=4;&#13;&#10;&#9;&#9;cardHash.get(98).numHands=2;&#13;&#10;&#9;&#9;cardHash.get(99).numGold=300;&#13;&#10;&#9;&#9;cardHash.get(99).pLevelBonus=1;&#13;&#10;&#9;&#9;cardHash.get(99).footGear=true;&#13;&#10;&#9;}&#13;&#10;&#13;&#10;&#9;public HashMap&lt;Integer, Card&gt; getCardHash() {&#13;&#10;&#9;&#9;return cardHash;&#13;&#10;&#9;}&#13;&#10;&#13;&#10;&#13;&#10;}&#13;&#10;" Filename="InitializeCards.java" Intrnl_Id="2"/>
<SrcFile Content="import java.util.ArrayList;&#13;&#10;import java.util.HashMap;&#13;&#10;import java.util.Random;&#13;&#10;&#13;&#10;public class Game {&#13;&#10;&#9;ArrayList&lt;Integer&gt; doors = new ArrayList&lt;Integer&gt;();&#13;&#10;&#9;ArrayList&lt;Integer&gt; treasures = new ArrayList&lt;Integer&gt;();&#13;&#10;&#9;ArrayList&lt;Integer&gt; discards = new ArrayList&lt;Integer&gt;();&#13;&#10;&#9;Player p1 = new Player(&quot;p1&quot;);&#13;&#10;&#9;Player p2 = new Player(&quot;p2&quot;);&#13;&#10;&#9;int turnPlayer;&#13;&#10;&#9;CardFunc funcs = new CardFunc(this);&#13;&#10;&#9;int mInPlay = 0; //0 indicates no monster, otherwise card number goes here.&#13;&#10;&#9;int mLevel = 0; //0 indicates no monster, otherwise monster level goes here.&#13;&#10;&#9;&#13;&#10;&#9;&#13;&#10;&#13;&#10;&#9;public Game(ArrayList&lt;Integer&gt; doors, ArrayList&lt;Integer&gt; treasures) {&#13;&#10; &#9;&#9;this.doors = doors;&#13;&#10;&#9;&#9;this.treasures = treasures;&#13;&#10;&#9;&#9;this.turnPlayer=1;&#13;&#10;&#9;}&#13;&#10;&#9;&#13;&#10;&#13;&#10;&#9;public ArrayList&lt;Integer&gt; shuffle(ArrayList&lt;Integer&gt; cards) {&#13;&#10;&#9;&#9;Random rand = new Random();&#13;&#10;&#9;&#9;for (int i = cards.size() - 1; i &gt; 0; i--) {&#13;&#10;&#9;&#9;&#9;int randNum = rand.nextInt(i);&#13;&#10;&#9;&#9;&#9;int temp = cards.get(randNum);&#13;&#10;&#9;&#9;&#9;cards.set(randNum, cards.get(i));&#13;&#10;&#9;&#9;&#9;cards.set(i, temp);&#13;&#10;&#9;&#9;}&#13;&#10;&#9;&#9;return cards;&#13;&#10;&#9;}&#13;&#10;&#9;&#13;&#10;&#9;public void setInitialCards(){&#13;&#10;&#9;&#9;p1.pHand=this.dealCards();&#13;&#10;&#9;&#9;p2.pHand=this.dealCards();&#13;&#10;&#9;}&#13;&#10;&#13;&#10;&#9;&#13;&#10;&#9;public ArrayList&lt;Integer&gt; dealCards() {&#13;&#10;&#9;&#9;ArrayList&lt;Integer&gt; deal = new ArrayList&lt;Integer&gt;();&#13;&#10;&#9;&#9;doors = shuffle(doors);&#13;&#10;&#9;&#9;treasures = shuffle(treasures);&#13;&#10;&#9;&#9;for (int i = 0; i &lt;= 3; i++) {&#13;&#10;&#9;&#9;&#9;deal.add(doors.get(doors.size() - 1));&#13;&#10;&#9;&#9;&#9;deal.add(treasures.get(treasures.size()-1));&#13;&#10;&#9;&#9;&#9;doors.remove(doors.get(doors.size() - 1));&#13;&#10;&#9;&#9;&#9;treasures.remove(treasures.get(treasures.size()-1));&#13;&#10;&#9;&#9;&#9;&#13;&#10;&#9;&#9;}&#13;&#10;&#9;&#9;return deal;&#13;&#10;&#9;}&#13;&#10;&#9;//This function will not deal another card if the player hand size equals 8&#13;&#10;&#9;public boolean dealNewCard(ArrayList&lt;Integer&gt; cards, Player p) {&#13;&#10;&#9;&#9;int size = cards.size()-1;&#13;&#10;&#9;&#9;if(p.pHand.size() &lt; 8) {&#13;&#10;&#9;&#9;&#9;p.pHand.add(cards.get(size));&#13;&#10;&#9;&#9;&#9;cards.remove(size);&#13;&#10;&#9;&#9;&#9;return true;&#13;&#10;&#9;&#9;} return false;&#13;&#10;&#9;}&#13;&#10;&#9;&#13;&#10;&#9;public boolean mustDiscard(Player p) {&#13;&#10;&#9;&#9;return p.pHand.size()&gt;=8;&#13;&#10;&#9;}&#13;&#10;&#9;&#13;&#10;&#9;public boolean discardCard(Player p, int card) {&#13;&#10;&#9;&#9;if(p.pHand.contains(card)) {&#13;&#10;&#9;&#9;&#9;p.pHand.remove(card);&#13;&#10;&#9;&#9;&#9;discards.add(card);&#13;&#10;&#9;&#9;&#9;return true;&#13;&#10;&#9;&#9;}return false;&#13;&#10;&#9;}&#13;&#10;&#9;&#13;&#10;&#9;public ArrayList&lt;Integer&gt; returnDiscardPile() {&#13;&#10;&#9;&#9;return discards;&#13;&#10;&#9;}&#13;&#10;&#9;&#13;&#10;&#9;public int rollDice() {&#13;&#10;&#9;&#9;Random rand = new Random();&#13;&#10;&#9;&#9;return rand.nextInt(6) + 1;&#13;&#10;&#9;}&#13;&#10;&#13;&#10;}&#13;&#10;" Filename="Game.java" Intrnl_Id="3"/>
<SrcFile Content="&#13;&#10;public class CardFunc {&#13;&#10;&#9;public Game myGame;&#13;&#10;&#9;public Player p;&#13;&#10;&#9;public CardFunc(Game game){&#13;&#10;&#9;&#9;this.myGame=game;&#13;&#10;&#9;&#9;if (myGame.turnPlayer==1){&#13;&#10;&#9;&#9;&#9;p=myGame.p1;&#13;&#10;&#9;&#9;}&#13;&#10;&#9;&#9;else{&#13;&#10;&#9;&#9;&#9;p=myGame.p2;&#13;&#10;&#9;&#9;}&#13;&#10;&#9;&#9;&#13;&#10;&#9;}&#13;&#10;&#9;public void func57(){&#13;&#10;&#9;&#9;p.className=&quot;Professor&quot;;&#13;&#10;&#9;&#9;end();&#13;&#10;&#9;}&#13;&#10;&#9;&#13;&#10;&#9;public void func1Init() {&#13;&#10;&#9;&#9;p.cLevel -= 5;&#13;&#10;&#9;}&#13;&#10;&#9;&#13;&#10;&#9;public void func1(boolean checkWin) {&#13;&#10;&#9;&#9;//+5 to Monster&#13;&#10;&#9;&#9;//If win, draw extra treasure&#13;&#10;&#9;&#9;if(checkWin) {&#13;&#10;&#9;&#9;&#9;myGame.dealNewCard(myGame.treasures, p);&#13;&#10;&#9;&#9;}&#13;&#10;&#9;}&#13;&#10;&#9;&#13;&#10;&#9;public void func2(boolean checkWin) {&#13;&#10;&#9;&#9;//+3 against Monster Whackers&#13;&#10;&#9;&#9;//Bad: Lose your class, unless you are a cultist&#13;&#10;&#9;&#9;if(checkWin) {&#13;&#10;&#9;&#9;&#9;myGame.dealNewCard(myGame.treasures, p);&#13;&#10;&#9;&#9;} else {&#13;&#10;&#9;&#9;&#9;if(!p.className.equals(&quot;Cultist&quot;)) {&#13;&#10;&#9;&#9;&#9;&#9;p.className = &quot;&quot;;&#9;&#9;&#9;&#9;&#13;&#10;&#9;&#9;&#9;&#9;//Need to discard any class card in play&#13;&#10;&#9;&#9;&#9;}&#13;&#10;&#9;&#9;}&#13;&#10;&#9;}&#13;&#10;&#9;&#13;&#10;&#9;public void func3() {&#13;&#10;&#9;&#9;//+3 to monster&#13;&#10;&#9;&#9;//Play on a cultist for bonus...&#13;&#10;&#9;}&#13;&#10;&#9;&#13;&#10;&#9;public void func4Init() {&#13;&#10;&#9;&#9;//No class abilties are used&#13;&#10;&#9;&#9;p.classAbility = false; //maybe...&#13;&#10;&#9;}&#13;&#10;&#9;&#13;&#10;&#9;public void func4Result(boolean checkWin) {&#13;&#10;&#9;&#9;//no class abilties&#13;&#10;&#9;&#9;//Bad: Discard your armour&#13;&#10;&#9;&#9;if(checkWin) {&#13;&#10;&#9;&#9;&#9;myGame.dealNewCard(myGame.treasures, p);&#13;&#10;&#9;&#9;} else {&#13;&#10;&#9;&#9;&#9;//Discard armour&#13;&#10;&#9;&#9;}&#13;&#10;&#9;}&#13;&#10;&#9;&#13;&#10;&#9;public void func5Init() {&#13;&#10;&#9;&#9;if(p.className.equals(&quot;Professor&quot;)) {&#13;&#10;&#9;&#9;&#9;p.cLevel += 2;&#13;&#10;&#9;&#9;} else if(p.className.equals(&quot;Cultist&quot;)) {&#13;&#10;&#9;&#9;&#9;p.cLevel -= 2;&#13;&#10;&#9;&#9;}&#13;&#10;&#9;}&#13;&#10;&#9;&#13;&#10;&#9;public void func5(boolean checkWin) {&#13;&#10;&#9;&#9;//-2 against professors&#13;&#10;&#9;&#9;//+2 against cultists&#13;&#10;&#9;&#9;//Bad: Become a cultist, if already a cultist, donate 1000 gold&#13;&#10;&#9;&#9;if(checkWin) {&#13;&#10;&#9;&#9;&#9;myGame.dealNewCard(myGame.treasures, p);&#13;&#10;&#9;&#9;} else {&#13;&#10;&#9;&#9;&#9;if (p.className.equals(&quot;Cultist&quot;)) {&#13;&#10;&#9;&#9;&#9;&#9;//Discard treasures that add up to 1000 gold&#13;&#10;&#9;&#9;&#9;} else {&#13;&#10;&#9;&#9;&#9;&#9;p.className = &quot;Cultist&quot;;&#13;&#10;&#9;&#9;&#9;}&#13;&#10;&#9;&#9;}&#13;&#10;&#9;}&#13;&#10;&#9;&#13;&#10;&#9;public void func7Init() {&#13;&#10;&#9;&#9;if(p.gender == 'F') {&#13;&#10;&#9;&#9;&#9;p.cLevel += 4;&#13;&#10;&#9;&#9;}&#13;&#10;&#9;}&#13;&#10;&#9;&#13;&#10;&#9;public void func7(boolean checkWin) {&#13;&#10;&#9;&#9;//-4 against females&#13;&#10;&#9;&#9;//Bad: Cultists must donate highest valued item in hand&#13;&#10;&#9;&#9;//Bad: Others must discard a card&#13;&#10;&#9;&#9;if(p.className.equals(&quot;Cultist&quot;)) {&#13;&#10;&#9;&#9;&#9;//Discard highest value in hand&#13;&#10;&#9;&#9;&#9;System.out.println(&quot;Discard highest valued item in hand&quot;);&#13;&#10;&#9;&#9;} else {&#13;&#10;&#9;&#9;&#9;//Discard a card in your hand&#13;&#10;&#9;&#9;&#9;System.out.println(&quot;Discard a card in your hand&quot;);&#13;&#10;&#9;&#9;}&#13;&#10;&#9;}&#13;&#10;&#9;&#13;&#10;&#9;public void func8Init() {&#13;&#10;&#9;&#9;if(p.pHand.size()%2 == 0) {&#13;&#10;&#9;&#9;&#9;p.cLevel -= 3;&#13;&#10;&#9;&#9;}&#13;&#10;&#9;}&#13;&#10;&#9;&#13;&#10;&#9;public void func8(boolean checkWin) {&#13;&#10;&#9;&#9;//if number of cards in hand is even, +3 for monster&#13;&#10;&#9;&#9;//Bad: lose two levels and discard a card from your hand&#13;&#10;&#9;&#9;if(checkWin) {&#13;&#10;&#9;&#9;&#9;myGame.dealNewCard(myGame.treasures, p);&#13;&#10;&#9;&#9;&#9;myGame.dealNewCard(myGame.treasures, p);&#13;&#10;&#9;&#9;} else {&#13;&#10;&#9;&#9;&#9;p.pLevel -= 2;&#13;&#10;&#9;&#9;&#9;if(p.pLevel&lt;1) {&#13;&#10;&#9;&#9;&#9;&#9;p.pLevel = 1;&#13;&#10;&#9;&#9;&#9;}&#13;&#10;&#9;&#9;&#9;//Discard a card from your hand&#13;&#10;&#9;&#9;}&#13;&#10;&#9;}&#13;&#10;&#9;&#13;&#10;&#9;public void func26Init() {&#13;&#10;&#9;&#9;//if ichor cards are in play to give them combat bonus, double effect&#13;&#10;&#9;}&#13;&#10;&#9;&#13;&#10;&#9;public void func26(boolean checkWin) {&#13;&#10;&#9;&#9;//Immune to Ichor cards, except Ichor cards player for them are double bonus&#13;&#10;&#9;&#9;//Bad: Give a card to every Cultist in the game&#13;&#10;&#9;&#9;if(checkWin) {&#13;&#10;&#9;&#9;&#9;for(int i = 0; i &lt; 3; i++) {&#13;&#10;&#9;&#9;&#9;&#9;myGame.dealNewCard(myGame.treasures, p);&#13;&#10;&#9;&#9;&#9;}&#13;&#10;&#9;&#9;} else {&#13;&#10;&#9;&#9;&#9;//Give a card to other player if they are a Cultist&#13;&#10;&#9;&#9;}&#13;&#10;&#9;}&#13;&#10;&#9;&#13;&#10;&#9;public void func27Init() {&#13;&#10;&#9;&#9;if(p.className.equals(&quot;Professor&quot;)) {&#13;&#10;&#9;&#9;&#9;p.cLevel -= 2;&#13;&#10;&#9;&#9;}&#13;&#10;&#9;}&#13;&#10;&#9;&#13;&#10;&#9;public void func27(boolean checkWin) {&#13;&#10;&#9;&#9;//+2 against Investigators&#13;&#10;&#9;&#9;//Bad: Discard items worth at least 500 gold&#13;&#10;&#9;&#9;if(checkWin) {&#13;&#10;&#9;&#9;&#9;myGame.dealNewCard(myGame.treasures, p);&#13;&#10;&#9;&#9;} else {&#13;&#10;&#9;&#9;&#9;//Discard items worth at least 500 gold&#13;&#10;&#9;&#9;}&#13;&#10;&#9;}&#13;&#10;&#9;&#13;&#10;&#9;public void func28Init() {&#13;&#10;&#9;&#9;p.cLevel = p.pLevel; //Reset to initial level&#13;&#10;&#9;&#9;//Check for Ichor cards in play, all other items are useless&#13;&#10;&#9;}&#13;&#10;&#9;&#13;&#10;&#9;public void func28(boolean checkWin) {&#13;&#10;&#9;&#9;//Only Inchor cards work (fire/flame has double effect)&#13;&#10;&#9;&#9;//Bad: Give a card to the other player&#13;&#10;&#9;&#9;if(checkWin) {&#13;&#10;&#9;&#9;&#9;myGame.dealNewCard(myGame.treasures, p);&#13;&#10;&#9;&#9;&#9;myGame.dealNewCard(myGame.treasures, p);&#13;&#10;&#9;&#9;} else {&#13;&#10;&#9;&#9;&#9;//Give a card to the other player&#13;&#10;&#9;&#9;}&#13;&#10;&#9;}&#13;&#10;&#9;&#13;&#10;&#9;public void func29Init() {&#13;&#10;&#9;&#9;p.cLevel -= 10;&#13;&#10;&#9;}&#13;&#10;&#9;&#13;&#10;&#9;public void func29(boolean checkWin) {&#13;&#10;&#9;&#9;//+10 to Monster&#13;&#10;&#9;&#9;//If win, draw two extra treasures&#13;&#10;&#9;&#9;if(checkWin) {&#13;&#10;&#9;&#9;&#9;myGame.dealNewCard(myGame.treasures, p);&#13;&#10;&#9;&#9;&#9;myGame.dealNewCard(myGame.treasures, p);&#13;&#10;&#9;&#9;}&#13;&#10;&#9;}&#13;&#10;&#9;&#13;&#10;&#9;public void func30Init() {&#13;&#10;&#9;&#9;if(p.className.equals(&quot;Monster Whacker&quot;)) {&#13;&#10;&#9;&#9;&#9;p.cLevel += 2;&#13;&#10;&#9;&#9;}&#13;&#10;&#9;}&#13;&#10;&#9;&#13;&#10;&#9;public void func30(boolean checkWin) {&#13;&#10;&#9;&#9;//-2 against Monster Whackers&#13;&#10;&#9;&#9;//Bad: You are dead&#13;&#10;&#9;&#9;if(checkWin) {&#13;&#10;&#9;&#9;&#9;for(int i = 0; i &lt; 3; i++) {&#13;&#10;&#9;&#9;&#9;&#9;myGame.dealNewCard(myGame.treasures, p);&#13;&#10;&#9;&#9;&#9;}&#13;&#10;&#9;&#9;} else {&#13;&#10;&#9;&#9;&#9;//You are dead...&#13;&#10;&#9;&#9;}&#13;&#10;&#9;}&#13;&#10;&#9;&#13;&#10;&#9;public void func31() {&#13;&#10;&#9;&#9;//+3 to monster&#13;&#10;&#9;&#9;//or play on cultist until they die or they lose the class&#13;&#10;&#9;&#9;//+3 permanant bonus&#13;&#10;&#9;&#9;//same as func3()&#13;&#10;&#9;}&#13;&#10;&#9;&#13;&#10;&#9;public void func32Init() {&#13;&#10;&#9;&#9;//Discard one card from your hand&#13;&#10;&#9;}&#13;&#10;&#9;&#13;&#10;&#9;public void func32(boolean checkWin) {&#13;&#10;&#9;&#9;//Other player discards card from your hand&#13;&#10;&#9;&#9;//Bad: Discard all Ichor cards&#13;&#10;&#9;&#9;if(checkWin) {&#13;&#10;&#9;&#9;&#9;for(int i = 0; i &lt; 3; i++) {&#13;&#10;&#9;&#9;&#9;&#9;myGame.dealNewCard(myGame.treasures, p);&#13;&#10;&#9;&#9;&#9;}&#13;&#10;&#9;&#9;} else {&#13;&#10;&#9;&#9;&#9;//Discard all ichor cards from hand&#13;&#10;&#9;&#9;}&#13;&#10;&#9;}&#13;&#10;&#9;&#13;&#10;&#9;public void func33Init() {&#13;&#10;&#9;&#9;if(p.gender == 'F') {&#13;&#10;&#9;&#9;&#9;p.cLevel += 2;&#13;&#10;&#9;&#9;}&#13;&#10;&#9;}&#13;&#10;&#9;&#13;&#10;&#9;public void func33(boolean checkWin) {&#13;&#10;&#9;&#9;//-2 against females&#13;&#10;&#9;&#9;//Can't help anyone out until you go up a level (useless)&#13;&#10;&#9;&#9;if(checkWin) {&#13;&#10;&#9;&#9;&#9;myGame.dealNewCard(myGame.treasures, p);&#13;&#10;&#9;&#9;&#9;myGame.dealNewCard(myGame.treasures, p);&#13;&#10;&#9;&#9;} else {&#13;&#10;&#9;&#9;&#9;//somewhat useless...&#13;&#10;&#9;&#9;}&#13;&#10;&#9;}&#13;&#10;&#9;&#13;&#10;&#9;public void func34() {&#13;&#10;&#9;&#9;//Same as func3()&#13;&#10;&#9;}&#13;&#10;&#9;&#13;&#10;&#9;public void func35Init() {&#13;&#10;&#9;&#9;if(p.className.equals(&quot;Professor&quot;)) {&#13;&#10;&#9;&#9;&#9;p.cLevel += 2;&#13;&#10;&#9;&#9;} else if(p.className.equals(&quot;Investigator&quot;)){&#13;&#10;&#9;&#9;&#9;p.cLevel += 2;&#13;&#10;&#9;&#9;}&#13;&#10;&#9;}&#13;&#10;&#9;&#13;&#10;&#9;public void func35(boolean checkWin) {&#13;&#10;&#9;&#9;//-2 against professors or investigators&#13;&#10;&#9;&#9;//Bad: You must help anyone, no reward&#13;&#10;&#9;&#9;if(checkWin) {&#13;&#10;&#9;&#9;&#9;for(int i = 0; i &lt; 4; i++) {&#13;&#10;&#9;&#9;&#9;&#9;myGame.dealNewCard(myGame.treasures, p);&#13;&#10;&#9;&#9;&#9;}&#13;&#10;&#9;&#9;} else {&#13;&#10;&#9;&#9;&#9;//Must help everyone...&#13;&#10;&#9;&#9;}&#13;&#10;&#9;}&#13;&#10;&#9;&#13;&#10;&#9;public void func36Init() {&#13;&#10;&#9;&#9;if(p.gender == 'M') {&#13;&#10;&#9;&#9;&#9;p.cLevel -= 3;&#13;&#10;&#9;&#9;}&#13;&#10;&#9;}&#13;&#10;&#9;&#13;&#10;&#9;public void func36(boolean checkWin) {&#13;&#10;&#9;&#9;//+3 against males&#13;&#10;&#9;&#9;//Male munchkins cannot help&#13;&#10;&#9;&#9;//Bad: Lose a level&#13;&#10;&#9;&#9;if(checkWin) {&#13;&#10;&#9;&#9;&#9;myGame.dealNewCard(myGame.treasures, p);&#13;&#10;&#9;&#9;} else {&#13;&#10;&#9;&#9;&#9;p.pLevel -= 1;&#13;&#10;&#9;&#9;}&#13;&#10;&#9;}&#13;&#10;&#9;&#13;&#10;&#9;public void func37Init() {&#13;&#10;&#9;&#9;if(p.gender == 'F') {&#13;&#10;&#9;&#9;&#9;p.cLevel += 2;&#13;&#10;&#9;&#9;}&#13;&#10;&#9;}&#13;&#10;&#9;&#13;&#10;&#9;public void func37(boolean checkWin) {&#13;&#10;&#9;&#9;//-2 against females&#13;&#10;&#9;&#9;//Bad: Discard whole hand&#13;&#10;&#9;&#9;if(checkWin) {&#13;&#10;&#9;&#9;&#9;for(int i = 0; i &lt; 3; i++) {&#13;&#10;&#9;&#9;&#9;&#9;myGame.dealNewCard(myGame.treasures, p);&#13;&#10;&#9;&#9;&#9;}&#13;&#10;&#9;&#9;} else {&#13;&#10;&#9;&#9;&#9;//Discard entire hand&#13;&#10;&#9;&#9;}&#13;&#10;&#9;}&#13;&#10;&#9;&#13;&#10;&#9;public void func38Init() {&#13;&#10;&#9;&#9;if(!p.className.equals(&quot;Cultist&quot;)) {&#13;&#10;&#9;&#9;&#9;p.cLevel -= 4;&#13;&#10;&#9;&#9;}&#13;&#10;&#9;}&#13;&#10;&#9;&#13;&#10;&#9;public void func38(boolean checkWin) {&#13;&#10;&#9;&#9;//+4 any non cultists&#13;&#10;&#9;&#9;//Bad: You die, new character is a Cultist&#13;&#10;&#9;&#9;if(checkWin) {&#13;&#10;&#9;&#9;&#9;for(int i = 0; i &lt; 5; i++) {&#13;&#10;&#9;&#9;&#9;&#9;myGame.dealNewCard(myGame.treasures, p);&#13;&#10;&#9;&#9;&#9;}&#13;&#10;&#9;&#9;} else {&#13;&#10;&#9;&#9;&#9;//You die&#13;&#10;&#9;&#9;&#9;p.className = &quot;Cultist&quot;;&#13;&#10;&#9;&#9;}&#13;&#10;&#9;}&#13;&#10;&#9;&#13;&#10;&#9;public void func39Init() {&#13;&#10;&#9;&#9;if(p.className.equals(&quot;Investigators&quot;)) {&#13;&#10;&#9;&#9;&#9;p.cLevel -= 3;&#13;&#10;&#9;&#9;}&#13;&#10;&#9;&#9;p.className = &quot;Cultist&quot;;&#13;&#10;&#9;}&#13;&#10;&#9;&#13;&#10;&#9;public void func39(boolean checkWin) {&#13;&#10;&#9;&#9;//+3 against investigators&#13;&#10;&#9;&#9;//You are now a cultist&#13;&#10;&#9;&#9;//Bad: You are still a cultist&#13;&#10;&#9;&#9;if(checkWin) {&#13;&#10;&#9;&#9;&#9;myGame.dealNewCard(myGame.treasures, p);&#13;&#10;&#9;&#9;&#9;myGame.dealNewCard(myGame.treasures, p);&#13;&#10;&#9;&#9;} else {&#13;&#10;&#9;&#9;&#9;//Nothing happens, you are still a cultist&#13;&#10;&#9;&#9;}&#13;&#10;&#9;}&#13;&#10;&#9;&#13;&#10;&#9;public void func42Init() {&#13;&#10;&#9;&#9;p.cLevel += 5;&#13;&#10;&#9;}&#13;&#10;&#9;&#13;&#10;&#9;public void func42(boolean checkWin) {&#13;&#10;&#9;&#9;//-5 to monster&#13;&#10;&#9;&#9;//If win, draw one fewer treasure (minimum 1)&#13;&#10;&#9;&#9;if(checkWin) {&#13;&#10;&#9;&#9;&#9;//Draw one fewer treasure&#13;&#10;&#9;&#9;}&#13;&#10;&#9;}&#13;&#10;&#9;&#13;&#10;&#9;public void func43Init() {&#13;&#10;&#9;&#9;p.cLevel -= 10;&#13;&#10;&#9;}&#13;&#10;&#9;&#13;&#10;&#9;public void func43(boolean checkWin) {&#13;&#10;&#9;&#9;//+10 to monster&#13;&#10;&#9;&#9;//If defeated, draw two extra treasures&#13;&#10;&#9;&#9;if(checkWin) {&#13;&#10;&#9;&#9;&#9;myGame.dealNewCard(myGame.treasures, p);&#13;&#10;&#9;&#9;&#9;myGame.dealNewCard(myGame.treasures, p);&#13;&#10;&#9;&#9;}&#13;&#10;&#9;}&#13;&#10;&#9;&#13;&#10;&#9;public void playClass(){&#13;&#10;&#9;&#9;&#13;&#10;&#9;}&#13;&#10;&#9;&#13;&#10;&#9;public void end(){&#13;&#10;&#9;&#9;if(myGame.turnPlayer==1){&#13;&#10;&#9;&#9;&#9;myGame.p1=p;&#13;&#10;&#9;&#9;}&#13;&#10;&#9;&#9;else{&#13;&#10;&#9;&#9;&#9;myGame.p2=p;&#13;&#10;&#9;&#9;}&#13;&#10;&#9;}&#13;&#10;&#9;&#13;&#10;&#9;&#13;&#10;}&#13;&#10;" Filename="CardFunc.java" Intrnl_Id="4"/>
<SrcFile Content="import java.util.HashMap;&#13;&#10;&#13;&#10;public class Card {&#13;&#10;&#9;public String NotUsableBy = &quot;&quot;;&#13;&#10;&#9;public int num;&#13;&#10;&#9;public String name;&#13;&#10;&#9;public int addNum;&#13;&#10;&#9;public int monsterLevel=0; //is 0 if not a monster&#13;&#10;&#9;public String badStuff=&quot;&quot;; //gold or treas or level&#13;&#10;&#9;public int badGold;&#13;&#10;&#9;public int badTreas;&#13;&#10;&#9;public int badLevel;&#13;&#10;&#9;public int numTreas;&#13;&#10;&#9;public int monsterLevelBonus = 0; //always execute&#13;&#10;&#9;public int monsterLevelCondBonus; //only execute if certain condition is met&#13;&#10;&#9;public String condForBonus;&#13;&#10;&#9;public boolean inPlay;&#13;&#10;&#9;public int numGold;&#13;&#10;&#9;public int numHands;&#13;&#10;&#9;public boolean footGear;&#13;&#10;&#9;public boolean headGear;&#13;&#10;&#9;public int pLevelBonus=0;&#13;&#10;&#9;public boolean goUpALevel;&#13;&#10;&#9;public boolean forMe;&#13;&#10;&#9;public int numUse;&#13;&#10;&#9;public int bonusTreasure=0;&#13;&#10;&#9;boolean readyToPlay=false; //means card is implemented enough to be in demo.&#13;&#10;&#9;&#13;&#10;&#9;&#13;&#10;&#9;&#13;&#10;&#9;public Card(int num, String name) {&#13;&#10;&#9;&#9;this.num = num;&#13;&#10;&#9;&#9;this.name = name;&#13;&#10;&#9;&#9;&#13;&#10;&#9;&#9;&#13;&#10;&#9;&#9;&#9;&#13;&#10;&#9;}&#13;&#10;&#9;&#13;&#10;&#9;public String getName(){&#13;&#10;&#9;&#9;return this.name;&#13;&#10;&#9;}&#13;&#10;&#9;&#13;&#10;&#9;public int getNumber(){&#13;&#10;&#9;&#9;return this.num;&#13;&#10;&#9;}&#13;&#10;&#13;&#10;}&#13;&#10;" Filename="Card.java" Intrnl_Id="5"/>
</SrcFileList>
<CritList>
<CritListEntry Name="org.codecover.model.utils.criteria.LoopCoverage" PluginName="org.codecover"/>
<CritListEntry Name="org.codecover.model.utils.criteria.QMOCoverage" PluginName="org.codecover"/>
<CritListEntry Name="org.codecover.model.utils.criteria.ConditionCoverage" PluginName="org.codecover"/>
<CritListEntry Name="org.codecover.model.utils.criteria.BranchCoverage" PluginName="org.codecover"/>
<CritListEntry Name="org.codecover.model.utils.criteria.SynchronizedStatementCoverage" PluginName="org.codecover"/>
<CritListEntry Name="org.codecover.model.utils.criteria.StatementCoverage" PluginName="org.codecover"/>
</CritList>
<BoolOpList>
<BoolOp Arity="1" Intrnl_Id="6" Name="not (!)">
<BoolAssgnmntBoolMapList>
<MapEntry BoolAssgnmnt="1" Value="false"/>
<MapEntry BoolAssgnmnt="0" Value="true"/>
</BoolAssgnmntBoolMapList>
</BoolOp>
</BoolOpList>
<HierarchyLvlTypeList>
<HierarchyLvlType EnglishName="method" IntrnlName="method" Intrnl_Id="7"/>
<HierarchyLvlType EnglishName="class" IntrnlName="class" Intrnl_Id="8"/>
<HierarchyLvlType EnglishName="default package" IntrnlName="default package" Intrnl_Id="9"/>
</HierarchyLvlTypeList>
<MASTRoot>
<HierarchyLvl HierarchyLvlId="913" HierarchyLvlTypeId="9" Intrnl_Id="10" Name="default package">
<Header/>
<LocList/>
<HierarchyLvl HierarchyLvlId="843" HierarchyLvlTypeId="8" Intrnl_Id="11" Name="Player">
<Header>
<Loc EndOffset="52" SrcFileId="1" StartOffset="33"/>
</Header>
<LocList>
<Loc EndOffset="1810" SrcFileId="1" StartOffset="33"/>
</LocList>
<StmntSeq Intrnl_Id="12">
<LocList>
<Loc EndOffset="142" SrcFileId="1" StartOffset="83"/>
<Loc EndOffset="235" SrcFileId="1" StartOffset="176"/>
<Loc EndOffset="290" SrcFileId="1" StartOffset="265"/>
<Loc EndOffset="313" SrcFileId="1" StartOffset="293"/>
<Loc EndOffset="366" SrcFileId="1" StartOffset="341"/>
<Loc EndOffset="476" SrcFileId="1" StartOffset="419"/>
</LocList>
<BasicStmnt CovItemId="S1" CovItemPrefix="Player.java" Intrnl_Id="13">
<LocList>
<Loc EndOffset="142" SrcFileId="1" StartOffset="83"/>
</LocList>
</BasicStmnt>
<BasicStmnt CovItemId="S2" CovItemPrefix="Player.java" Intrnl_Id="14">
<LocList>
<Loc EndOffset="235" SrcFileId="1" StartOffset="176"/>
</LocList>
</BasicStmnt>
<BasicStmnt CovItemId="S3" CovItemPrefix="Player.java" Intrnl_Id="15">
<LocList>
<Loc EndOffset="290" SrcFileId="1" StartOffset="265"/>
</LocList>
</BasicStmnt>
<BasicStmnt CovItemId="S4" CovItemPrefix="Player.java" Intrnl_Id="16">
<LocList>
<Loc EndOffset="313" SrcFileId="1" StartOffset="293"/>
</LocList>
</BasicStmnt>
<BasicStmnt CovItemId="S5" CovItemPrefix="Player.java" Intrnl_Id="17">
<LocList>
<Loc EndOffset="366" SrcFileId="1" StartOffset="341"/>
</LocList>
</BasicStmnt>
<BasicStmnt CovItemId="S6" CovItemPrefix="Player.java" Intrnl_Id="18">
<LocList>
<Loc EndOffset="476" SrcFileId="1" StartOffset="419"/>
</LocList>
</BasicStmnt>
</StmntSeq>
<HierarchyLvl HierarchyLvlId="837" HierarchyLvlTypeId="7" Intrnl_Id="19" Name="Player">
<Header>
<Loc EndOffset="508" SrcFileId="1" StartOffset="482"/>
</Header>
<LocList>
<Loc EndOffset="542" SrcFileId="1" StartOffset="482"/>
</LocList>
<StmntSeq Intrnl_Id="20">
<LocList>
<Loc EndOffset="534" SrcFileId="1" StartOffset="513"/>
</LocList>
<BasicStmnt CovItemId="S7" CovItemPrefix="Player.java" Intrnl_Id="21">
<LocList>
<Loc EndOffset="534" SrcFileId="1" StartOffset="513"/>
</LocList>
</BasicStmnt>
</StmntSeq>
</HierarchyLvl>
<HierarchyLvl HierarchyLvlId="838" HierarchyLvlTypeId="7" Intrnl_Id="22" Name="cLevelCalculation">
<Header>
<Loc EndOffset="579" SrcFileId="1" StartOffset="548"/>
</Header>
<LocList>
<Loc EndOffset="763" SrcFileId="1" StartOffset="548"/>
</LocList>
<StmntSeq Intrnl_Id="23">
<LocList>
<Loc EndOffset="622" SrcFileId="1" StartOffset="598"/>
<Loc EndOffset="759" SrcFileId="1" StartOffset="626"/>
</LocList>
<BasicStmnt CovItemId="S8" CovItemPrefix="Player.java" Intrnl_Id="24">
<LocList>
<Loc EndOffset="622" SrcFileId="1" StartOffset="598"/>
</LocList>
</BasicStmnt>
<LoopStmnt CovItemId="S9" CovItemPrefix="Player.java" Intrnl_Id="25" MltplExecId="L1-2" MltplExecPrefix="Player.java" NvrExecId="L1-0" NvrExecPrefix="Player.java" OnceExecutedId="L1-1" OnceExecutedPrefix="Player.java" OptBodyExec="true">
<StmntSeq Intrnl_Id="26">
<LocList>
<Loc EndOffset="718" SrcFileId="1" StartOffset="669"/>
<Loc EndOffset="754" SrcFileId="1" StartOffset="724"/>
</LocList>
<BasicStmnt CovItemId="S10" CovItemPrefix="Player.java" Intrnl_Id="27">
<LocList>
<Loc EndOffset="718" SrcFileId="1" StartOffset="669"/>
</LocList>
</BasicStmnt>
<BasicStmnt CovItemId="S11" CovItemPrefix="Player.java" Intrnl_Id="28">
<LocList>
<Loc EndOffset="754" SrcFileId="1" StartOffset="724"/>
</LocList>
</BasicStmnt>
</StmntSeq>
<Keyword EndOffset="629" SrcFileId="1" StartOffset="626"/>
<LocList>
<Loc EndOffset="759" SrcFileId="1" StartOffset="626"/>
</LocList>
<RootTerm CovItemId="C1" CovItemPrefix="Player.java" Intrnl_Id="29">
<BasicBoolTerm Intrnl_Id="30">
<LocList>
<Loc EndOffset="658" SrcFileId="1" StartOffset="639"/>
</LocList>
</BasicBoolTerm>
</RootTerm>
</LoopStmnt>
</StmntSeq>
</HierarchyLvl>
<HierarchyLvl HierarchyLvlId="839" HierarchyLvlTypeId="7" Intrnl_Id="31" Name="mLevelBonusCalculation">
<Header>
<Loc EndOffset="804" SrcFileId="1" StartOffset="769"/>
</Header>
<LocList>
<Loc EndOffset="1025" SrcFileId="1" StartOffset="769"/>
</LocList>
<StmntSeq Intrnl_Id="32">
<LocList>
<Loc EndOffset="827" SrcFileId="1" StartOffset="809"/>
<Loc EndOffset="876" SrcFileId="1" StartOffset="831"/>
<Loc EndOffset="998" SrcFileId="1" StartOffset="880"/>
<Loc EndOffset="1021" SrcFileId="1" StartOffset="1002"/>
</LocList>
<BasicStmnt CovItemId="S12" CovItemPrefix="Player.java" Intrnl_Id="33">
<LocList>
<Loc EndOffset="827" SrcFileId="1" StartOffset="809"/>
</LocList>
</BasicStmnt>
<BasicStmnt CovItemId="S13" CovItemPrefix="Player.java" Intrnl_Id="34">
<LocList>
<Loc EndOffset="876" SrcFileId="1" StartOffset="831"/>
</LocList>
</BasicStmnt>
<LoopStmnt CovItemId="S14" CovItemPrefix="Player.java" Intrnl_Id="35" MltplExecId="L2-2" MltplExecPrefix="Player.java" NvrExecId="L2-0" NvrExecPrefix="Player.java" OnceExecutedId="L2-1" OnceExecutedPrefix="Player.java" OptBodyExec="true">
<StmntSeq Intrnl_Id="36">
<LocList>
<Loc EndOffset="993" SrcFileId="1" StartOffset="925"/>
</LocList>
<BasicStmnt CovItemId="S15" CovItemPrefix="Player.java" Intrnl_Id="37">
<LocList>
<Loc EndOffset="993" SrcFileId="1" StartOffset="925"/>
</LocList>
</BasicStmnt>
</StmntSeq>
<Keyword EndOffset="883" SrcFileId="1" StartOffset="880"/>
<LocList>
<Loc EndOffset="998" SrcFileId="1" StartOffset="880"/>
</LocList>
<RootTerm CovItemId="C2" CovItemPrefix="Player.java" Intrnl_Id="38">
<BasicBoolTerm Intrnl_Id="39">
<LocList>
<Loc EndOffset="914" SrcFileId="1" StartOffset="895"/>
</LocList>
</BasicBoolTerm>
</RootTerm>
</LoopStmnt>
<BasicStmnt CovItemId="S16" CovItemPrefix="Player.java" Intrnl_Id="40">
<LocList>
<Loc EndOffset="1021" SrcFileId="1" StartOffset="1002"/>
</LocList>
</BasicStmnt>
</StmntSeq>
</HierarchyLvl>
<HierarchyLvl HierarchyLvlId="840" HierarchyLvlTypeId="7" Intrnl_Id="41" Name="didIwin">
<Header>
<Loc EndOffset="1064" SrcFileId="1" StartOffset="1031"/>
</Header>
<LocList>
<Loc EndOffset="1243" SrcFileId="1" StartOffset="1031"/>
</LocList>
<StmntSeq Intrnl_Id="42">
<LocList>
<Loc EndOffset="1101" SrcFileId="1" StartOffset="1069"/>
<Loc EndOffset="1239" SrcFileId="1" StartOffset="1105"/>
</LocList>
<BasicStmnt CovItemId="S17" CovItemPrefix="Player.java" Intrnl_Id="43">
<LocList>
<Loc EndOffset="1101" SrcFileId="1" StartOffset="1069"/>
</LocList>
</BasicStmnt>
<CondStmnt CovItemId="S18" CovItemPrefix="Player.java" Intrnl_Id="44">
<Branch CovItemId="B1" CovItemPrefix="Player.java" Implct="false" Intrnl_Id="45">
<Cond/>
<LocList>
<Loc EndOffset="1176" SrcFileId="1" StartOffset="1121"/>
</LocList>
<StmntSeq Intrnl_Id="46">
<LocList>
<Loc EndOffset="1171" SrcFileId="1" StartOffset="1127"/>
</LocList>
<BasicStmnt CovItemId="S19" CovItemPrefix="Player.java" Intrnl_Id="47">
<LocList>
<Loc EndOffset="1171" SrcFileId="1" StartOffset="1127"/>
</LocList>
</BasicStmnt>
</StmntSeq>
</Branch>
<Branch CovItemId="B2" CovItemPrefix="Player.java" Implct="false" Intrnl_Id="48">
<Cond>
<Loc EndOffset="1184" SrcFileId="1" StartOffset="1180"/>
</Cond>
<LocList>
<Loc EndOffset="1239" SrcFileId="1" StartOffset="1184"/>
</LocList>
<StmntSeq Intrnl_Id="49">
<LocList>
<Loc EndOffset="1234" SrcFileId="1" StartOffset="1190"/>
</LocList>
<BasicStmnt CovItemId="S20" CovItemPrefix="Player.java" Intrnl_Id="50">
<LocList>
<Loc EndOffset="1234" SrcFileId="1" StartOffset="1190"/>
</LocList>
</BasicStmnt>
</StmntSeq>
</Branch>
<Keyword EndOffset="1107" SrcFileId="1" StartOffset="1105"/>
<LocList>
<Loc EndOffset="1239" SrcFileId="1" StartOffset="1105"/>
</LocList>
<RootTerm CovItemId="C3" CovItemPrefix="Player.java" Intrnl_Id="51">
<BasicBoolTerm Intrnl_Id="52">
<LocList>
<Loc EndOffset="1120" SrcFileId="1" StartOffset="1108"/>
</LocList>
</BasicBoolTerm>
</RootTerm>
</CondStmnt>
</StmntSeq>
</HierarchyLvl>
<HierarchyLvl HierarchyLvlId="841" HierarchyLvlTypeId="7" Intrnl_Id="53" Name="didIwinHelper">
<Header>
<Loc EndOffset="1313" SrcFileId="1" StartOffset="1249"/>
</Header>
<LocList>
<Loc EndOffset="1704" SrcFileId="1" StartOffset="1249"/>
</LocList>
<StmntSeq Intrnl_Id="54">
<LocList>
<Loc EndOffset="1405" SrcFileId="1" StartOffset="1318"/>
<Loc EndOffset="1500" SrcFileId="1" StartOffset="1409"/>
<Loc EndOffset="1565" SrcFileId="1" StartOffset="1504"/>
<Loc EndOffset="1592" SrcFileId="1" StartOffset="1569"/>
<Loc EndOffset="1668" SrcFileId="1" StartOffset="1619"/>
<Loc EndOffset="1700" SrcFileId="1" StartOffset="1672"/>
</LocList>
<BasicStmnt CovItemId="S21" CovItemPrefix="Player.java" Intrnl_Id="55">
<LocList>
<Loc EndOffset="1405" SrcFileId="1" StartOffset="1318"/>
</LocList>
</BasicStmnt>
<BasicStmnt CovItemId="S22" CovItemPrefix="Player.java" Intrnl_Id="56">
<LocList>
<Loc EndOffset="1500" SrcFileId="1" StartOffset="1409"/>
</LocList>
</BasicStmnt>
<BasicStmnt CovItemId="S23" CovItemPrefix="Player.java" Intrnl_Id="57">
<LocList>
<Loc EndOffset="1565" SrcFileId="1" StartOffset="1504"/>
</LocList>
</BasicStmnt>
<BasicStmnt CovItemId="S24" CovItemPrefix="Player.java" Intrnl_Id="58">
<LocList>
<Loc EndOffset="1592" SrcFileId="1" StartOffset="1569"/>
</LocList>
</BasicStmnt>
<BasicStmnt CovItemId="S25" CovItemPrefix="Player.java" Intrnl_Id="59">
<LocList>
<Loc EndOffset="1668" SrcFileId="1" StartOffset="1619"/>
</LocList>
</BasicStmnt>
<BasicStmnt CovItemId="S26" CovItemPrefix="Player.java" Intrnl_Id="60">
<LocList>
<Loc EndOffset="1700" SrcFileId="1" StartOffset="1672"/>
</LocList>
</BasicStmnt>
</StmntSeq>
</HierarchyLvl>
<HierarchyLvl HierarchyLvlId="842" HierarchyLvlTypeId="7" Intrnl_Id="61" Name="consequence">
<Header>
<Loc EndOffset="1753" SrcFileId="1" StartOffset="1710"/>
</Header>
<LocList>
<Loc EndOffset="1807" SrcFileId="1" StartOffset="1710"/>
</LocList>
<StmntSeq Intrnl_Id="62">
<LocList>
<Loc EndOffset="1803" SrcFileId="1" StartOffset="1759"/>
</LocList>
<BasicStmnt CovItemId="S27" CovItemPrefix="Player.java" Intrnl_Id="63">
<LocList>
<Loc EndOffset="1803" SrcFileId="1" StartOffset="1759"/>
</LocList>
</BasicStmnt>
</StmntSeq>
</HierarchyLvl>
</HierarchyLvl>
<HierarchyLvl HierarchyLvlId="851" HierarchyLvlTypeId="8" Intrnl_Id="64" Name="InitializeCards">
<Header>
<Loc EndOffset="134" SrcFileId="2" StartOffset="106"/>
</Header>
<LocList>
<Loc EndOffset="7338" SrcFileId="2" StartOffset="106"/>
</LocList>
<StmntSeq Intrnl_Id="65">
<LocList>
<Loc EndOffset="209" SrcFileId="2" StartOffset="139"/>
<Loc EndOffset="346" SrcFileId="2" StartOffset="287"/>
<Loc EndOffset="411" SrcFileId="2" StartOffset="349"/>
</LocList>
<BasicStmnt CovItemId="S1" CovItemPrefix="InitializeCards.java" Intrnl_Id="66">
<LocList>
<Loc EndOffset="209" SrcFileId="2" StartOffset="139"/>
</LocList>
</BasicStmnt>
<BasicStmnt CovItemId="S2" CovItemPrefix="InitializeCards.java" Intrnl_Id="67">
<LocList>
<Loc EndOffset="346" SrcFileId="2" StartOffset="287"/>
</LocList>
</BasicStmnt>
<BasicStmnt CovItemId="S3" CovItemPrefix="InitializeCards.java" Intrnl_Id="68">
<LocList>
<Loc EndOffset="411" SrcFileId="2" StartOffset="349"/>
</LocList>
</BasicStmnt>
</StmntSeq>
<HierarchyLvl HierarchyLvlId="844" HierarchyLvlTypeId="7" Intrnl_Id="69" Name="InitializeCards">
<Header>
<Loc EndOffset="512" SrcFileId="2" StartOffset="462"/>
</Header>
<LocList>
<Loc EndOffset="1052" SrcFileId="2" StartOffset="462"/>
</LocList>
</HierarchyLvl>
<HierarchyLvl HierarchyLvlId="845" HierarchyLvlTypeId="7" Intrnl_Id="70" Name="InitializeCards">
<Header>
<Loc EndOffset="1081" SrcFileId="2" StartOffset="1057"/>
</Header>
<LocList>
<Loc EndOffset="1515" SrcFileId="2" StartOffset="1057"/>
</LocList>
<StmntSeq Intrnl_Id="71">
<LocList>
<Loc EndOffset="1101" SrcFileId="2" StartOffset="1087"/>
<Loc EndOffset="1119" SrcFileId="2" StartOffset="1105"/>
<Loc EndOffset="1262" SrcFileId="2" StartOffset="1125"/>
<Loc EndOffset="1475" SrcFileId="2" StartOffset="1268"/>
<Loc EndOffset="1509" SrcFileId="2" StartOffset="1479"/>
</LocList>
<BasicStmnt CovItemId="S4" CovItemPrefix="InitializeCards.java" Intrnl_Id="72">
<LocList>
<Loc EndOffset="1101" SrcFileId="2" StartOffset="1087"/>
</LocList>
</BasicStmnt>
<BasicStmnt CovItemId="S5" CovItemPrefix="InitializeCards.java" Intrnl_Id="73">
<LocList>
<Loc EndOffset="1119" SrcFileId="2" StartOffset="1105"/>
</LocList>
</BasicStmnt>
<LoopStmnt CovItemId="S6" CovItemPrefix="InitializeCards.java" Intrnl_Id="74" MltplExecId="L1-2" MltplExecPrefix="InitializeCards.java" NvrExecId="L1-0" NvrExecPrefix="InitializeCards.java" OnceExecutedId="L1-1" OnceExecutedPrefix="InitializeCards.java" OptBodyExec="true">
<StmntSeq Intrnl_Id="75">
<LocList>
<Loc EndOffset="1201" SrcFileId="2" StartOffset="1166"/>
<Loc EndOffset="1235" SrcFileId="2" StartOffset="1206"/>
<Loc EndOffset="1257" SrcFileId="2" StartOffset="1240"/>
</LocList>
<BasicStmnt CovItemId="S7" CovItemPrefix="InitializeCards.java" Intrnl_Id="76">
<LocList>
<Loc EndOffset="1201" SrcFileId="2" StartOffset="1166"/>
</LocList>
</BasicStmnt>
<BasicStmnt CovItemId="S8" CovItemPrefix="InitializeCards.java" Intrnl_Id="77">
<LocList>
<Loc EndOffset="1235" SrcFileId="2" StartOffset="1206"/>
</LocList>
</BasicStmnt>
<BasicStmnt CovItemId="S9" CovItemPrefix="InitializeCards.java" Intrnl_Id="78">
<LocList>
<Loc EndOffset="1257" SrcFileId="2" StartOffset="1240"/>
</LocList>
</BasicStmnt>
</StmntSeq>
<Keyword EndOffset="1128" SrcFileId="2" StartOffset="1125"/>
<LocList>
<Loc EndOffset="1262" SrcFileId="2" StartOffset="1125"/>
</LocList>
<RootTerm CovItemId="C1" CovItemPrefix="InitializeCards.java" Intrnl_Id="79">
<BasicBoolTerm Intrnl_Id="80">
<LocList>
<Loc EndOffset="1153" SrcFileId="2" StartOffset="1141"/>
</LocList>
</BasicBoolTerm>
</RootTerm>
</LoopStmnt>
<LoopStmnt CovItemId="S10" CovItemPrefix="InitializeCards.java" Intrnl_Id="81" MltplExecId="L2-2" MltplExecPrefix="InitializeCards.java" NvrExecId="L2-0" NvrExecPrefix="InitializeCards.java" OnceExecutedId="L2-1" OnceExecutedPrefix="InitializeCards.java" OptBodyExec="true">
<StmntSeq Intrnl_Id="82">
<LocList>
<Loc EndOffset="1470" SrcFileId="2" StartOffset="1333"/>
</LocList>
<CondStmnt CovItemId="S11" CovItemPrefix="InitializeCards.java" Intrnl_Id="83">
<Branch CovItemId="B1" CovItemPrefix="InitializeCards.java" Implct="false" Intrnl_Id="84">
<Cond/>
<LocList>
<Loc EndOffset="1455" SrcFileId="2" StartOffset="1346"/>
</LocList>
<StmntSeq Intrnl_Id="85">
<LocList>
<Loc EndOffset="1388" SrcFileId="2" StartOffset="1353"/>
<Loc EndOffset="1423" SrcFileId="2" StartOffset="1394"/>
<Loc EndOffset="1449" SrcFileId="2" StartOffset="1429"/>
</LocList>
<BasicStmnt CovItemId="S12" CovItemPrefix="InitializeCards.java" Intrnl_Id="86">
<LocList>
<Loc EndOffset="1388" SrcFileId="2" StartOffset="1353"/>
</LocList>
</BasicStmnt>
<BasicStmnt CovItemId="S13" CovItemPrefix="InitializeCards.java" Intrnl_Id="87">
<LocList>
<Loc EndOffset="1423" SrcFileId="2" StartOffset="1394"/>
</LocList>
</BasicStmnt>
<BasicStmnt CovItemId="S14" CovItemPrefix="InitializeCards.java" Intrnl_Id="88">
<LocList>
<Loc EndOffset="1449" SrcFileId="2" StartOffset="1429"/>
</LocList>
</BasicStmnt>
</StmntSeq>
</Branch>
<Branch CovItemId="B2" CovItemPrefix="InitializeCards.java" Implct="false" Intrnl_Id="89">
<Cond>
<Loc EndOffset="1460" SrcFileId="2" StartOffset="1456"/>
</Cond>
<LocList>
<Loc EndOffset="1470" SrcFileId="2" StartOffset="1461"/>
</LocList>
<StmntSeq Intrnl_Id="90">
<LocList/>
</StmntSeq>
</Branch>
<Keyword EndOffset="1335" SrcFileId="2" StartOffset="1333"/>
<LocList>
<Loc EndOffset="1470" SrcFileId="2" StartOffset="1333"/>
</LocList>
<RootTerm CovItemId="C3" CovItemPrefix="InitializeCards.java" Intrnl_Id="91">
<BasicBoolTerm Intrnl_Id="92">
<LocList>
<Loc EndOffset="1344" SrcFileId="2" StartOffset="1337"/>
</LocList>
</BasicBoolTerm>
</RootTerm>
</CondStmnt>
</StmntSeq>
<Keyword EndOffset="1271" SrcFileId="2" StartOffset="1268"/>
<LocList>
<Loc EndOffset="1475" SrcFileId="2" StartOffset="1268"/>
</LocList>
<RootTerm CovItemId="C2" CovItemPrefix="InitializeCards.java" Intrnl_Id="93">
<BasicBoolTerm Intrnl_Id="94">
<LocList>
<Loc EndOffset="1320" SrcFileId="2" StartOffset="1291"/>
</LocList>
</BasicBoolTerm>
</RootTerm>
</LoopStmnt>
<BasicStmnt CovItemId="S15" CovItemPrefix="InitializeCards.java" Intrnl_Id="95">
<LocList>
<Loc EndOffset="1509" SrcFileId="2" StartOffset="1479"/>
</LocList>
</BasicStmnt>
</StmntSeq>
</HierarchyLvl>
<HierarchyLvl HierarchyLvlId="846" HierarchyLvlTypeId="7" Intrnl_Id="96" Name="InitializeCards">
<Header>
<Loc EndOffset="1557" SrcFileId="2" StartOffset="1521"/>
</Header>
<LocList>
<Loc EndOffset="1980" SrcFileId="2" StartOffset="1521"/>
</LocList>
<StmntSeq Intrnl_Id="97">
<LocList>
<Loc EndOffset="1577" SrcFileId="2" StartOffset="1563"/>
<Loc EndOffset="1595" SrcFileId="2" StartOffset="1581"/>
<Loc EndOffset="1738" SrcFileId="2" StartOffset="1601"/>
<Loc EndOffset="1951" SrcFileId="2" StartOffset="1744"/>
<Loc EndOffset="1976" SrcFileId="2" StartOffset="1955"/>
</LocList>
<BasicStmnt CovItemId="S16" CovItemPrefix="InitializeCards.java" Intrnl_Id="98">
<LocList>
<Loc EndOffset="1577" SrcFileId="2" StartOffset="1563"/>
</LocList>
</BasicStmnt>
<BasicStmnt CovItemId="S17" CovItemPrefix="InitializeCards.java" Intrnl_Id="99">
<LocList>
<Loc EndOffset="1595" SrcFileId="2" StartOffset="1581"/>
</LocList>
</BasicStmnt>
<LoopStmnt CovItemId="S18" CovItemPrefix="InitializeCards.java" Intrnl_Id="100" MltplExecId="L3-2" MltplExecPrefix="InitializeCards.java" NvrExecId="L3-0" NvrExecPrefix="InitializeCards.java" OnceExecutedId="L3-1" OnceExecutedPrefix="InitializeCards.java" OptBodyExec="true">
<StmntSeq Intrnl_Id="101">
<LocList>
<Loc EndOffset="1677" SrcFileId="2" StartOffset="1642"/>
<Loc EndOffset="1711" SrcFileId="2" StartOffset="1682"/>
<Loc EndOffset="1733" SrcFileId="2" StartOffset="1716"/>
</LocList>
<BasicStmnt CovItemId="S19" CovItemPrefix="InitializeCards.java" Intrnl_Id="102">
<LocList>
<Loc EndOffset="1677" SrcFileId="2" StartOffset="1642"/>
</LocList>
</BasicStmnt>
<BasicStmnt CovItemId="S20" CovItemPrefix="InitializeCards.java" Intrnl_Id="103">
<LocList>
<Loc EndOffset="1711" SrcFileId="2" StartOffset="1682"/>
</LocList>
</BasicStmnt>
<BasicStmnt CovItemId="S21" CovItemPrefix="InitializeCards.java" Intrnl_Id="104">
<LocList>
<Loc EndOffset="1733" SrcFileId="2" StartOffset="1716"/>
</LocList>
</BasicStmnt>
</StmntSeq>
<Keyword EndOffset="1604" SrcFileId="2" StartOffset="1601"/>
<LocList>
<Loc EndOffset="1738" SrcFileId="2" StartOffset="1601"/>
</LocList>
<RootTerm CovItemId="C4" CovItemPrefix="InitializeCards.java" Intrnl_Id="105">
<BasicBoolTerm Intrnl_Id="106">
<LocList>
<Loc EndOffset="1629" SrcFileId="2" StartOffset="1617"/>
</LocList>
</BasicBoolTerm>
</RootTerm>
</LoopStmnt>
<LoopStmnt CovItemId="S22" CovItemPrefix="InitializeCards.java" Intrnl_Id="107" MltplExecId="L4-2" MltplExecPrefix="InitializeCards.java" NvrExecId="L4-0" NvrExecPrefix="InitializeCards.java" OnceExecutedId="L4-1" OnceExecutedPrefix="InitializeCards.java" OptBodyExec="true">
<StmntSeq Intrnl_Id="108">
<LocList>
<Loc EndOffset="1946" SrcFileId="2" StartOffset="1809"/>
</LocList>
<CondStmnt CovItemId="S23" CovItemPrefix="InitializeCards.java" Intrnl_Id="109">
<Branch CovItemId="B3" CovItemPrefix="InitializeCards.java" Implct="false" Intrnl_Id="110">
<Cond/>
<LocList>
<Loc EndOffset="1931" SrcFileId="2" StartOffset="1822"/>
</LocList>
<StmntSeq Intrnl_Id="111">
<LocList>
<Loc EndOffset="1864" SrcFileId="2" StartOffset="1829"/>
<Loc EndOffset="1899" SrcFileId="2" StartOffset="1870"/>
<Loc EndOffset="1925" SrcFileId="2" StartOffset="1905"/>
</LocList>
<BasicStmnt CovItemId="S24" CovItemPrefix="InitializeCards.java" Intrnl_Id="112">
<LocList>
<Loc EndOffset="1864" SrcFileId="2" StartOffset="1829"/>
</LocList>
</BasicStmnt>
<BasicStmnt CovItemId="S25" CovItemPrefix="InitializeCards.java" Intrnl_Id="113">
<LocList>
<Loc EndOffset="1899" SrcFileId="2" StartOffset="1870"/>
</LocList>
</BasicStmnt>
<BasicStmnt CovItemId="S26" CovItemPrefix="InitializeCards.java" Intrnl_Id="114">
<LocList>
<Loc EndOffset="1925" SrcFileId="2" StartOffset="1905"/>
</LocList>
</BasicStmnt>
</StmntSeq>
</Branch>
<Branch CovItemId="B4" CovItemPrefix="InitializeCards.java" Implct="false" Intrnl_Id="115">
<Cond>
<Loc EndOffset="1936" SrcFileId="2" StartOffset="1932"/>
</Cond>
<LocList>
<Loc EndOffset="1946" SrcFileId="2" StartOffset="1937"/>
</LocList>
<StmntSeq Intrnl_Id="116">
<LocList/>
</StmntSeq>
</Branch>
<Keyword EndOffset="1811" SrcFileId="2" StartOffset="1809"/>
<LocList>
<Loc EndOffset="1946" SrcFileId="2" StartOffset="1809"/>
</LocList>
<RootTerm CovItemId="C6" CovItemPrefix="InitializeCards.java" Intrnl_Id="117">
<BasicBoolTerm Intrnl_Id="118">
<LocList>
<Loc EndOffset="1820" SrcFileId="2" StartOffset="1813"/>
</LocList>
</BasicBoolTerm>
</RootTerm>
</CondStmnt>
</StmntSeq>
<Keyword EndOffset="1747" SrcFileId="2" StartOffset="1744"/>
<LocList>
<Loc EndOffset="1951" SrcFileId="2" StartOffset="1744"/>
</LocList>
<RootTerm CovItemId="C5" CovItemPrefix="InitializeCards.java" Intrnl_Id="119">
<BasicBoolTerm Intrnl_Id="120">
<LocList>
<Loc EndOffset="1796" SrcFileId="2" StartOffset="1767"/>
</LocList>
</BasicBoolTerm>
</RootTerm>
</LoopStmnt>
<BasicStmnt CovItemId="S27" CovItemPrefix="InitializeCards.java" Intrnl_Id="121">
<LocList>
<Loc EndOffset="1976" SrcFileId="2" StartOffset="1955"/>
</LocList>
</BasicStmnt>
</StmntSeq>
</HierarchyLvl>
<HierarchyLvl HierarchyLvlId="847" HierarchyLvlTypeId="7" Intrnl_Id="122" Name="InitializeCards">
<Header>
<Loc EndOffset="2077" SrcFileId="2" StartOffset="1986"/>
</Header>
<LocList>
<Loc EndOffset="2520" SrcFileId="2" StartOffset="1986"/>
</LocList>
<StmntSeq Intrnl_Id="123">
<LocList>
<Loc EndOffset="2276" SrcFileId="2" StartOffset="2082"/>
<Loc EndOffset="2482" SrcFileId="2" StartOffset="2282"/>
<Loc EndOffset="2516" SrcFileId="2" StartOffset="2486"/>
</LocList>
<LoopStmnt CovItemId="S28" CovItemPrefix="InitializeCards.java" Intrnl_Id="124" MltplExecId="L5-2" MltplExecPrefix="InitializeCards.java" NvrExecId="L5-0" NvrExecPrefix="InitializeCards.java" OnceExecutedId="L5-1" OnceExecutedPrefix="InitializeCards.java" OptBodyExec="true">
<StmntSeq Intrnl_Id="125">
<LocList>
<Loc EndOffset="2185" SrcFileId="2" StartOffset="2135"/>
<Loc EndOffset="2234" SrcFileId="2" StartOffset="2190"/>
<Loc EndOffset="2271" SrcFileId="2" StartOffset="2239"/>
</LocList>
<BasicStmnt CovItemId="S29" CovItemPrefix="InitializeCards.java" Intrnl_Id="126">
<LocList>
<Loc EndOffset="2185" SrcFileId="2" StartOffset="2135"/>
</LocList>
</BasicStmnt>
<BasicStmnt CovItemId="S30" CovItemPrefix="InitializeCards.java" Intrnl_Id="127">
<LocList>
<Loc EndOffset="2234" SrcFileId="2" StartOffset="2190"/>
</LocList>
</BasicStmnt>
<BasicStmnt CovItemId="S31" CovItemPrefix="InitializeCards.java" Intrnl_Id="128">
<LocList>
<Loc EndOffset="2271" SrcFileId="2" StartOffset="2239"/>
</LocList>
</BasicStmnt>
</StmntSeq>
<Keyword EndOffset="2085" SrcFileId="2" StartOffset="2082"/>
<LocList>
<Loc EndOffset="2276" SrcFileId="2" StartOffset="2082"/>
</LocList>
<RootTerm CovItemId="C7" CovItemPrefix="InitializeCards.java" Intrnl_Id="129">
<BasicBoolTerm Intrnl_Id="130">
<LocList>
<Loc EndOffset="2122" SrcFileId="2" StartOffset="2098"/>
</LocList>
</BasicBoolTerm>
</RootTerm>
</LoopStmnt>
<LoopStmnt CovItemId="S32" CovItemPrefix="InitializeCards.java" Intrnl_Id="131" MltplExecId="L6-2" MltplExecPrefix="InitializeCards.java" NvrExecId="L6-0" NvrExecPrefix="InitializeCards.java" OnceExecutedId="L6-1" OnceExecutedPrefix="InitializeCards.java" OptBodyExec="true">
<StmntSeq Intrnl_Id="132">
<LocList>
<Loc EndOffset="2386" SrcFileId="2" StartOffset="2336"/>
<Loc EndOffset="2436" SrcFileId="2" StartOffset="2391"/>
<Loc EndOffset="2477" SrcFileId="2" StartOffset="2441"/>
</LocList>
<BasicStmnt CovItemId="S33" CovItemPrefix="InitializeCards.java" Intrnl_Id="133">
<LocList>
<Loc EndOffset="2386" SrcFileId="2" StartOffset="2336"/>
</LocList>
</BasicStmnt>
<BasicStmnt CovItemId="S34" CovItemPrefix="InitializeCards.java" Intrnl_Id="134">
<LocList>
<Loc EndOffset="2436" SrcFileId="2" StartOffset="2391"/>
</LocList>
</BasicStmnt>
<BasicStmnt CovItemId="S35" CovItemPrefix="InitializeCards.java" Intrnl_Id="135">
<LocList>
<Loc EndOffset="2477" SrcFileId="2" StartOffset="2441"/>
</LocList>
</BasicStmnt>
</StmntSeq>
<Keyword EndOffset="2285" SrcFileId="2" StartOffset="2282"/>
<LocList>
<Loc EndOffset="2482" SrcFileId="2" StartOffset="2282"/>
</LocList>
<RootTerm CovItemId="C8" CovItemPrefix="InitializeCards.java" Intrnl_Id="136">
<BasicBoolTerm Intrnl_Id="137">
<LocList>
<Loc EndOffset="2323" SrcFileId="2" StartOffset="2298"/>
</LocList>
</BasicBoolTerm>
</RootTerm>
</LoopStmnt>
<BasicStmnt CovItemId="S36" CovItemPrefix="InitializeCards.java" Intrnl_Id="138">
<LocList>
<Loc EndOffset="2516" SrcFileId="2" StartOffset="2486"/>
</LocList>
</BasicStmnt>
</StmntSeq>
</HierarchyLvl>
<HierarchyLvl HierarchyLvlId="848" HierarchyLvlTypeId="7" Intrnl_Id="139" Name="addConditions">
<Header>
<Loc EndOffset="2552" SrcFileId="2" StartOffset="2525"/>
</Header>
<LocList>
<Loc EndOffset="5567" SrcFileId="2" StartOffset="2525"/>
</LocList>
<StmntSeq Intrnl_Id="140">
<LocList>
<Loc EndOffset="2596" SrcFileId="2" StartOffset="2558"/>
<Loc EndOffset="2633" SrcFileId="2" StartOffset="2600"/>
<Loc EndOffset="2675" SrcFileId="2" StartOffset="2637"/>
<Loc EndOffset="2708" SrcFileId="2" StartOffset="2679"/>
<Loc EndOffset="2761" SrcFileId="2" StartOffset="2712"/>
<Loc EndOffset="2803" SrcFileId="2" StartOffset="2765"/>
<Loc EndOffset="2836" SrcFileId="2" StartOffset="2807"/>
<Loc EndOffset="2873" SrcFileId="2" StartOffset="2840"/>
<Loc EndOffset="2910" SrcFileId="2" StartOffset="2877"/>
<Loc EndOffset="2953" SrcFileId="2" StartOffset="2914"/>
<Loc EndOffset="2986" SrcFileId="2" StartOffset="2957"/>
<Loc EndOffset="3034" SrcFileId="2" StartOffset="2990"/>
<Loc EndOffset="3071" SrcFileId="2" StartOffset="3038"/>
<Loc EndOffset="3113" SrcFileId="2" StartOffset="3075"/>
<Loc EndOffset="3146" SrcFileId="2" StartOffset="3117"/>
<Loc EndOffset="3191" SrcFileId="2" StartOffset="3150"/>
<Loc EndOffset="3228" SrcFileId="2" StartOffset="3195"/>
<Loc EndOffset="3270" SrcFileId="2" StartOffset="3232"/>
<Loc EndOffset="3303" SrcFileId="2" StartOffset="3274"/>
<Loc EndOffset="3342" SrcFileId="2" StartOffset="3307"/>
<Loc EndOffset="3376" SrcFileId="2" StartOffset="3346"/>
<Loc EndOffset="3414" SrcFileId="2" StartOffset="3380"/>
<Loc EndOffset="3457" SrcFileId="2" StartOffset="3418"/>
<Loc EndOffset="3491" SrcFileId="2" StartOffset="3461"/>
<Loc EndOffset="3543" SrcFileId="2" StartOffset="3495"/>
<Loc EndOffset="3582" SrcFileId="2" StartOffset="3547"/>
<Loc EndOffset="3618" SrcFileId="2" StartOffset="3586"/>
<Loc EndOffset="3656" SrcFileId="2" StartOffset="3622"/>
<Loc EndOffset="3690" SrcFileId="2" StartOffset="3660"/>
<Loc EndOffset="3734" SrcFileId="2" StartOffset="3694"/>
<Loc EndOffset="3773" SrcFileId="2" StartOffset="3738"/>
<Loc EndOffset="3812" SrcFileId="2" StartOffset="3777"/>
<Loc EndOffset="3856" SrcFileId="2" StartOffset="3816"/>
<Loc EndOffset="3890" SrcFileId="2" StartOffset="3860"/>
<Loc EndOffset="3944" SrcFileId="2" StartOffset="3894"/>
<Loc EndOffset="3987" SrcFileId="2" StartOffset="3948"/>
<Loc EndOffset="4026" SrcFileId="2" StartOffset="3991"/>
<Loc EndOffset="4060" SrcFileId="2" StartOffset="4030"/>
<Loc EndOffset="4098" SrcFileId="2" StartOffset="4064"/>
<Loc EndOffset="4142" SrcFileId="2" StartOffset="4102"/>
<Loc EndOffset="4176" SrcFileId="2" StartOffset="4146"/>
<Loc EndOffset="4222" SrcFileId="2" StartOffset="4180"/>
<Loc EndOffset="4265" SrcFileId="2" StartOffset="4226"/>
<Loc EndOffset="4304" SrcFileId="2" StartOffset="4269"/>
<Loc EndOffset="4348" SrcFileId="2" StartOffset="4308"/>
<Loc EndOffset="4382" SrcFileId="2" StartOffset="4352"/>
<Loc EndOffset="4431" SrcFileId="2" StartOffset="4386"/>
<Loc EndOffset="4475" SrcFileId="2" StartOffset="4435"/>
<Loc EndOffset="4515" SrcFileId="2" StartOffset="4479"/>
<Loc EndOffset="4550" SrcFileId="2" StartOffset="4519"/>
<Loc EndOffset="4585" SrcFileId="2" StartOffset="4554"/>
<Loc EndOffset="4619" SrcFileId="2" StartOffset="4589"/>
<Loc EndOffset="4656" SrcFileId="2" StartOffset="4623"/>
<Loc EndOffset="4691" SrcFileId="2" StartOffset="4660"/>
<Loc EndOffset="4726" SrcFileId="2" StartOffset="4695"/>
<Loc EndOffset="4760" SrcFileId="2" StartOffset="4730"/>
<Loc EndOffset="4797" SrcFileId="2" StartOffset="4764"/>
<Loc EndOffset="4832" SrcFileId="2" StartOffset="4801"/>
<Loc EndOffset="4869" SrcFileId="2" StartOffset="4836"/>
<Loc EndOffset="4904" SrcFileId="2" StartOffset="4873"/>
<Loc EndOffset="4938" SrcFileId="2" StartOffset="4908"/>
<Loc EndOffset="4975" SrcFileId="2" StartOffset="4942"/>
<Loc EndOffset="5014" SrcFileId="2" StartOffset="4979"/>
<Loc EndOffset="5049" SrcFileId="2" StartOffset="5018"/>
<Loc EndOffset="5081" SrcFileId="2" StartOffset="5053"/>
<Loc EndOffset="5116" SrcFileId="2" StartOffset="5085"/>
<Loc EndOffset="5153" SrcFileId="2" StartOffset="5120"/>
<Loc EndOffset="5196" SrcFileId="2" StartOffset="5157"/>
<Loc EndOffset="5235" SrcFileId="2" StartOffset="5200"/>
<Loc EndOffset="5270" SrcFileId="2" StartOffset="5239"/>
<Loc EndOffset="5307" SrcFileId="2" StartOffset="5274"/>
<Loc EndOffset="5360" SrcFileId="2" StartOffset="5311"/>
<Loc EndOffset="5393" SrcFileId="2" StartOffset="5364"/>
<Loc EndOffset="5428" SrcFileId="2" StartOffset="5397"/>
<Loc EndOffset="5460" SrcFileId="2" StartOffset="5432"/>
<Loc EndOffset="5493" SrcFileId="2" StartOffset="5464"/>
<Loc EndOffset="5528" SrcFileId="2" StartOffset="5497"/>
<Loc EndOffset="5563" SrcFileId="2" StartOffset="5532"/>
</LocList>
<BasicStmnt CovItemId="S37" CovItemPrefix="InitializeCards.java" Intrnl_Id="141">
<LocList>
<Loc EndOffset="2596" SrcFileId="2" StartOffset="2558"/>
</LocList>
</BasicStmnt>
<BasicStmnt CovItemId="S38" CovItemPrefix="InitializeCards.java" Intrnl_Id="142">
<LocList>
<Loc EndOffset="2633" SrcFileId="2" StartOffset="2600"/>
</LocList>
</BasicStmnt>
<BasicStmnt CovItemId="S39" CovItemPrefix="InitializeCards.java" Intrnl_Id="143">
<LocList>
<Loc EndOffset="2675" SrcFileId="2" StartOffset="2637"/>
</LocList>
</BasicStmnt>
<BasicStmnt CovItemId="S40" CovItemPrefix="InitializeCards.java" Intrnl_Id="144">
<LocList>
<Loc EndOffset="2708" SrcFileId="2" StartOffset="2679"/>
</LocList>
</BasicStmnt>
<BasicStmnt CovItemId="S41" CovItemPrefix="InitializeCards.java" Intrnl_Id="145">
<LocList>
<Loc EndOffset="2761" SrcFileId="2" StartOffset="2712"/>
</LocList>
</BasicStmnt>
<BasicStmnt CovItemId="S42" CovItemPrefix="InitializeCards.java" Intrnl_Id="146">
<LocList>
<Loc EndOffset="2803" SrcFileId="2" StartOffset="2765"/>
</LocList>
</BasicStmnt>
<BasicStmnt CovItemId="S43" CovItemPrefix="InitializeCards.java" Intrnl_Id="147">
<LocList>
<Loc EndOffset="2836" SrcFileId="2" StartOffset="2807"/>
</LocList>
</BasicStmnt>
<BasicStmnt CovItemId="S44" CovItemPrefix="InitializeCards.java" Intrnl_Id="148">
<LocList>
<Loc EndOffset="2873" SrcFileId="2" StartOffset="2840"/>
</LocList>
</BasicStmnt>
<BasicStmnt CovItemId="S45" CovItemPrefix="InitializeCards.java" Intrnl_Id="149">
<LocList>
<Loc EndOffset="2910" SrcFileId="2" StartOffset="2877"/>
</LocList>
</BasicStmnt>
<BasicStmnt CovItemId="S46" CovItemPrefix="InitializeCards.java" Intrnl_Id="150">
<LocList>
<Loc EndOffset="2953" SrcFileId="2" StartOffset="2914"/>
</LocList>
</BasicStmnt>
<BasicStmnt CovItemId="S47" CovItemPrefix="InitializeCards.java" Intrnl_Id="151">
<LocList>
<Loc EndOffset="2986" SrcFileId="2" StartOffset="2957"/>
</LocList>
</BasicStmnt>
<BasicStmnt CovItemId="S48" CovItemPrefix="InitializeCards.java" Intrnl_Id="152">
<LocList>
<Loc EndOffset="3034" SrcFileId="2" StartOffset="2990"/>
</LocList>
</BasicStmnt>
<BasicStmnt CovItemId="S49" CovItemPrefix="InitializeCards.java" Intrnl_Id="153">
<LocList>
<Loc EndOffset="3071" SrcFileId="2" StartOffset="3038"/>
</LocList>
</BasicStmnt>
<BasicStmnt CovItemId="S50" CovItemPrefix="InitializeCards.java" Intrnl_Id="154">
<LocList>
<Loc EndOffset="3113" SrcFileId="2" StartOffset="3075"/>
</LocList>
</BasicStmnt>
<BasicStmnt CovItemId="S51" CovItemPrefix="InitializeCards.java" Intrnl_Id="155">
<LocList>
<Loc EndOffset="3146" SrcFileId="2" StartOffset="3117"/>
</LocList>
</BasicStmnt>
<BasicStmnt CovItemId="S52" CovItemPrefix="InitializeCards.java" Intrnl_Id="156">
<LocList>
<Loc EndOffset="3191" SrcFileId="2" StartOffset="3150"/>
</LocList>
</BasicStmnt>
<BasicStmnt CovItemId="S53" CovItemPrefix="InitializeCards.java" Intrnl_Id="157">
<LocList>
<Loc EndOffset="3228" SrcFileId="2" StartOffset="3195"/>
</LocList>
</BasicStmnt>
<BasicStmnt CovItemId="S54" CovItemPrefix="InitializeCards.java" Intrnl_Id="158">
<LocList>
<Loc EndOffset="3270" SrcFileId="2" StartOffset="3232"/>
</LocList>
</BasicStmnt>
<BasicStmnt CovItemId="S55" CovItemPrefix="InitializeCards.java" Intrnl_Id="159">
<LocList>
<Loc EndOffset="3303" SrcFileId="2" StartOffset="3274"/>
</LocList>
</BasicStmnt>
<BasicStmnt CovItemId="S56" CovItemPrefix="InitializeCards.java" Intrnl_Id="160">
<LocList>
<Loc EndOffset="3342" SrcFileId="2" StartOffset="3307"/>
</LocList>
</BasicStmnt>
<BasicStmnt CovItemId="S57" CovItemPrefix="InitializeCards.java" Intrnl_Id="161">
<LocList>
<Loc EndOffset="3376" SrcFileId="2" StartOffset="3346"/>
</LocList>
</BasicStmnt>
<BasicStmnt CovItemId="S58" CovItemPrefix="InitializeCards.java" Intrnl_Id="162">
<LocList>
<Loc EndOffset="3414" SrcFileId="2" StartOffset="3380"/>
</LocList>
</BasicStmnt>
<BasicStmnt CovItemId="S59" CovItemPrefix="InitializeCards.java" Intrnl_Id="163">
<LocList>
<Loc EndOffset="3457" SrcFileId="2" StartOffset="3418"/>
</LocList>
</BasicStmnt>
<BasicStmnt CovItemId="S60" CovItemPrefix="InitializeCards.java" Intrnl_Id="164">
<LocList>
<Loc EndOffset="3491" SrcFileId="2" StartOffset="3461"/>
</LocList>
</BasicStmnt>
<BasicStmnt CovItemId="S61" CovItemPrefix="InitializeCards.java" Intrnl_Id="165">
<LocList>
<Loc EndOffset="3543" SrcFileId="2" StartOffset="3495"/>
</LocList>
</BasicStmnt>
<BasicStmnt CovItemId="S62" CovItemPrefix="InitializeCards.java" Intrnl_Id="166">
<LocList>
<Loc EndOffset="3582" SrcFileId="2" StartOffset="3547"/>
</LocList>
</BasicStmnt>
<BasicStmnt CovItemId="S63" CovItemPrefix="InitializeCards.java" Intrnl_Id="167">
<LocList>
<Loc EndOffset="3618" SrcFileId="2" StartOffset="3586"/>
</LocList>
</BasicStmnt>
<BasicStmnt CovItemId="S64" CovItemPrefix="InitializeCards.java" Intrnl_Id="168">
<LocList>
<Loc EndOffset="3656" SrcFileId="2" StartOffset="3622"/>
</LocList>
</BasicStmnt>
<BasicStmnt CovItemId="S65" CovItemPrefix="InitializeCards.java" Intrnl_Id="169">
<LocList>
<Loc EndOffset="3690" SrcFileId="2" StartOffset="3660"/>
</LocList>
</BasicStmnt>
<BasicStmnt CovItemId="S66" CovItemPrefix="InitializeCards.java" Intrnl_Id="170">
<LocList>
<Loc EndOffset="3734" SrcFileId="2" StartOffset="3694"/>
</LocList>
</BasicStmnt>
<BasicStmnt CovItemId="S67" CovItemPrefix="InitializeCards.java" Intrnl_Id="171">
<LocList>
<Loc EndOffset="3773" SrcFileId="2" StartOffset="3738"/>
</LocList>
</BasicStmnt>
<BasicStmnt CovItemId="S68" CovItemPrefix="InitializeCards.java" Intrnl_Id="172">
<LocList>
<Loc EndOffset="3812" SrcFileId="2" StartOffset="3777"/>
</LocList>
</BasicStmnt>
<BasicStmnt CovItemId="S69" CovItemPrefix="InitializeCards.java" Intrnl_Id="173">
<LocList>
<Loc EndOffset="3856" SrcFileId="2" StartOffset="3816"/>
</LocList>
</BasicStmnt>
<BasicStmnt CovItemId="S70" CovItemPrefix="InitializeCards.java" Intrnl_Id="174">
<LocList>
<Loc EndOffset="3890" SrcFileId="2" StartOffset="3860"/>
</LocList>
</BasicStmnt>
<BasicStmnt CovItemId="S71" CovItemPrefix="InitializeCards.java" Intrnl_Id="175">
<LocList>
<Loc EndOffset="3944" SrcFileId="2" StartOffset="3894"/>
</LocList>
</BasicStmnt>
<BasicStmnt CovItemId="S72" CovItemPrefix="InitializeCards.java" Intrnl_Id="176">
<LocList>
<Loc EndOffset="3987" SrcFileId="2" StartOffset="3948"/>
</LocList>
</BasicStmnt>
<BasicStmnt CovItemId="S73" CovItemPrefix="InitializeCards.java" Intrnl_Id="177">
<LocList>
<Loc EndOffset="4026" SrcFileId="2" StartOffset="3991"/>
</LocList>
</BasicStmnt>
<BasicStmnt CovItemId="S74" CovItemPrefix="InitializeCards.java" Intrnl_Id="178">
<LocList>
<Loc EndOffset="4060" SrcFileId="2" StartOffset="4030"/>
</LocList>
</BasicStmnt>
<BasicStmnt CovItemId="S75" CovItemPrefix="InitializeCards.java" Intrnl_Id="179">
<LocList>
<Loc EndOffset="4098" SrcFileId="2" StartOffset="4064"/>
</LocList>
</BasicStmnt>
<BasicStmnt CovItemId="S76" CovItemPrefix="InitializeCards.java" Intrnl_Id="180">
<LocList>
<Loc EndOffset="4142" SrcFileId="2" StartOffset="4102"/>
</LocList>
</BasicStmnt>
<BasicStmnt CovItemId="S77" CovItemPrefix="InitializeCards.java" Intrnl_Id="181">
<LocList>
<Loc EndOffset="4176" SrcFileId="2" StartOffset="4146"/>
</LocList>
</BasicStmnt>
<BasicStmnt CovItemId="S78" CovItemPrefix="InitializeCards.java" Intrnl_Id="182">
<LocList>
<Loc EndOffset="4222" SrcFileId="2" StartOffset="4180"/>
</LocList>
</BasicStmnt>
<BasicStmnt CovItemId="S79" CovItemPrefix="InitializeCards.java" Intrnl_Id="183">
<LocList>
<Loc EndOffset="4265" SrcFileId="2" StartOffset="4226"/>
</LocList>
</BasicStmnt>
<BasicStmnt CovItemId="S80" CovItemPrefix="InitializeCards.java" Intrnl_Id="184">
<LocList>
<Loc EndOffset="4304" SrcFileId="2" StartOffset="4269"/>
</LocList>
</BasicStmnt>
<BasicStmnt CovItemId="S81" CovItemPrefix="InitializeCards.java" Intrnl_Id="185">
<LocList>
<Loc EndOffset="4348" SrcFileId="2" StartOffset="4308"/>
</LocList>
</BasicStmnt>
<BasicStmnt CovItemId="S82" CovItemPrefix="InitializeCards.java" Intrnl_Id="186">
<LocList>
<Loc EndOffset="4382" SrcFileId="2" StartOffset="4352"/>
</LocList>
</BasicStmnt>
<BasicStmnt CovItemId="S83" CovItemPrefix="InitializeCards.java" Intrnl_Id="187">
<LocList>
<Loc EndOffset="4431" SrcFileId="2" StartOffset="4386"/>
</LocList>
</BasicStmnt>
<BasicStmnt CovItemId="S84" CovItemPrefix="InitializeCards.java" Intrnl_Id="188">
<LocList>
<Loc EndOffset="4475" SrcFileId="2" StartOffset="4435"/>
</LocList>
</BasicStmnt>
<BasicStmnt CovItemId="S85" CovItemPrefix="InitializeCards.java" Intrnl_Id="189">
<LocList>
<Loc EndOffset="4515" SrcFileId="2" StartOffset="4479"/>
</LocList>
</BasicStmnt>
<BasicStmnt CovItemId="S86" CovItemPrefix="InitializeCards.java" Intrnl_Id="190">
<LocList>
<Loc EndOffset="4550" SrcFileId="2" StartOffset="4519"/>
</LocList>
</BasicStmnt>
<BasicStmnt CovItemId="S87" CovItemPrefix="InitializeCards.java" Intrnl_Id="191">
<LocList>
<Loc EndOffset="4585" SrcFileId="2" StartOffset="4554"/>
</LocList>
</BasicStmnt>
<BasicStmnt CovItemId="S88" CovItemPrefix="InitializeCards.java" Intrnl_Id="192">
<LocList>
<Loc EndOffset="4619" SrcFileId="2" StartOffset="4589"/>
</LocList>
</BasicStmnt>
<BasicStmnt CovItemId="S89" CovItemPrefix="InitializeCards.java" Intrnl_Id="193">
<LocList>
<Loc EndOffset="4656" SrcFileId="2" StartOffset="4623"/>
</LocList>
</BasicStmnt>
<BasicStmnt CovItemId="S90" CovItemPrefix="InitializeCards.java" Intrnl_Id="194">
<LocList>
<Loc EndOffset="4691" SrcFileId="2" StartOffset="4660"/>
</LocList>
</BasicStmnt>
<BasicStmnt CovItemId="S91" CovItemPrefix="InitializeCards.java" Intrnl_Id="195">
<LocList>
<Loc EndOffset="4726" SrcFileId="2" StartOffset="4695"/>
</LocList>
</BasicStmnt>
<BasicStmnt CovItemId="S92" CovItemPrefix="InitializeCards.java" Intrnl_Id="196">
<LocList>
<Loc EndOffset="4760" SrcFileId="2" StartOffset="4730"/>
</LocList>
</BasicStmnt>
<BasicStmnt CovItemId="S93" CovItemPrefix="InitializeCards.java" Intrnl_Id="197">
<LocList>
<Loc EndOffset="4797" SrcFileId="2" StartOffset="4764"/>
</LocList>
</BasicStmnt>
<BasicStmnt CovItemId="S94" CovItemPrefix="InitializeCards.java" Intrnl_Id="198">
<LocList>
<Loc EndOffset="4832" SrcFileId="2" StartOffset="4801"/>
</LocList>
</BasicStmnt>
<BasicStmnt CovItemId="S95" CovItemPrefix="InitializeCards.java" Intrnl_Id="199">
<LocList>
<Loc EndOffset="4869" SrcFileId="2" StartOffset="4836"/>
</LocList>
</BasicStmnt>
<BasicStmnt CovItemId="S96" CovItemPrefix="InitializeCards.java" Intrnl_Id="200">
<LocList>
<Loc EndOffset="4904" SrcFileId="2" StartOffset="4873"/>
</LocList>
</BasicStmnt>
<BasicStmnt CovItemId="S97" CovItemPrefix="InitializeCards.java" Intrnl_Id="201">
<LocList>
<Loc EndOffset="4938" SrcFileId="2" StartOffset="4908"/>
</LocList>
</BasicStmnt>
<BasicStmnt CovItemId="S98" CovItemPrefix="InitializeCards.java" Intrnl_Id="202">
<LocList>
<Loc EndOffset="4975" SrcFileId="2" StartOffset="4942"/>
</LocList>
</BasicStmnt>
<BasicStmnt CovItemId="S99" CovItemPrefix="InitializeCards.java" Intrnl_Id="203">
<LocList>
<Loc EndOffset="5014" SrcFileId="2" StartOffset="4979"/>
</LocList>
</BasicStmnt>
<BasicStmnt CovItemId="S100" CovItemPrefix="InitializeCards.java" Intrnl_Id="204">
<LocList>
<Loc EndOffset="5049" SrcFileId="2" StartOffset="5018"/>
</LocList>
</BasicStmnt>
<BasicStmnt CovItemId="S101" CovItemPrefix="InitializeCards.java" Intrnl_Id="205">
<LocList>
<Loc EndOffset="5081" SrcFileId="2" StartOffset="5053"/>
</LocList>
</BasicStmnt>
<BasicStmnt CovItemId="S102" CovItemPrefix="InitializeCards.java" Intrnl_Id="206">
<LocList>
<Loc EndOffset="5116" SrcFileId="2" StartOffset="5085"/>
</LocList>
</BasicStmnt>
<BasicStmnt CovItemId="S103" CovItemPrefix="InitializeCards.java" Intrnl_Id="207">
<LocList>
<Loc EndOffset="5153" SrcFileId="2" StartOffset="5120"/>
</LocList>
</BasicStmnt>
<BasicStmnt CovItemId="S104" CovItemPrefix="InitializeCards.java" Intrnl_Id="208">
<LocList>
<Loc EndOffset="5196" SrcFileId="2" StartOffset="5157"/>
</LocList>
</BasicStmnt>
<BasicStmnt CovItemId="S105" CovItemPrefix="InitializeCards.java" Intrnl_Id="209">
<LocList>
<Loc EndOffset="5235" SrcFileId="2" StartOffset="5200"/>
</LocList>
</BasicStmnt>
<BasicStmnt CovItemId="S106" CovItemPrefix="InitializeCards.java" Intrnl_Id="210">
<LocList>
<Loc EndOffset="5270" SrcFileId="2" StartOffset="5239"/>
</LocList>
</BasicStmnt>
<BasicStmnt CovItemId="S107" CovItemPrefix="InitializeCards.java" Intrnl_Id="211">
<LocList>
<Loc EndOffset="5307" SrcFileId="2" StartOffset="5274"/>
</LocList>
</BasicStmnt>
<BasicStmnt CovItemId="S108" CovItemPrefix="InitializeCards.java" Intrnl_Id="212">
<LocList>
<Loc EndOffset="5360" SrcFileId="2" StartOffset="5311"/>
</LocList>
</BasicStmnt>
<BasicStmnt CovItemId="S109" CovItemPrefix="InitializeCards.java" Intrnl_Id="213">
<LocList>
<Loc EndOffset="5393" SrcFileId="2" StartOffset="5364"/>
</LocList>
</BasicStmnt>
<BasicStmnt CovItemId="S110" CovItemPrefix="InitializeCards.java" Intrnl_Id="214">
<LocList>
<Loc EndOffset="5428" SrcFileId="2" StartOffset="5397"/>
</LocList>
</BasicStmnt>
<BasicStmnt CovItemId="S111" CovItemPrefix="InitializeCards.java" Intrnl_Id="215">
<LocList>
<Loc EndOffset="5460" SrcFileId="2" StartOffset="5432"/>
</LocList>
</BasicStmnt>
<BasicStmnt CovItemId="S112" CovItemPrefix="InitializeCards.java" Intrnl_Id="216">
<LocList>
<Loc EndOffset="5493" SrcFileId="2" StartOffset="5464"/>
</LocList>
</BasicStmnt>
<BasicStmnt CovItemId="S113" CovItemPrefix="InitializeCards.java" Intrnl_Id="217">
<LocList>
<Loc EndOffset="5528" SrcFileId="2" StartOffset="5497"/>
</LocList>
</BasicStmnt>
<BasicStmnt CovItemId="S114" CovItemPrefix="InitializeCards.java" Intrnl_Id="218">
<LocList>
<Loc EndOffset="5563" SrcFileId="2" StartOffset="5532"/>
</LocList>
</BasicStmnt>
</StmntSeq>
</HierarchyLvl>
<HierarchyLvl HierarchyLvlId="849" HierarchyLvlTypeId="7" Intrnl_Id="219" Name="addConditionsForSelect">
<Header>
<Loc EndOffset="5609" SrcFileId="2" StartOffset="5573"/>
</Header>
<LocList>
<Loc EndOffset="7257" SrcFileId="2" StartOffset="5573"/>
</LocList>
<StmntSeq Intrnl_Id="220">
<LocList>
<Loc EndOffset="5652" SrcFileId="2" StartOffset="5619"/>
<Loc EndOffset="5698" SrcFileId="2" StartOffset="5656"/>
<Loc EndOffset="5731" SrcFileId="2" StartOffset="5702"/>
<Loc EndOffset="5784" SrcFileId="2" StartOffset="5735"/>
<Loc EndOffset="5821" SrcFileId="2" StartOffset="5792"/>
<Loc EndOffset="5858" SrcFileId="2" StartOffset="5825"/>
<Loc EndOffset="5898" SrcFileId="2" StartOffset="5865"/>
<Loc EndOffset="5944" SrcFileId="2" StartOffset="5902"/>
<Loc EndOffset="5977" SrcFileId="2" StartOffset="5948"/>
<Loc EndOffset="6022" SrcFileId="2" StartOffset="5981"/>
<Loc EndOffset="6074" SrcFileId="2" StartOffset="6034"/>
<Loc EndOffset="6113" SrcFileId="2" StartOffset="6078"/>
<Loc EndOffset="6165" SrcFileId="2" StartOffset="6125"/>
<Loc EndOffset="6205" SrcFileId="2" StartOffset="6169"/>
<Loc EndOffset="6240" SrcFileId="2" StartOffset="6209"/>
<Loc EndOffset="6275" SrcFileId="2" StartOffset="6244"/>
<Loc EndOffset="6309" SrcFileId="2" StartOffset="6279"/>
<Loc EndOffset="6346" SrcFileId="2" StartOffset="6313"/>
<Loc EndOffset="6381" SrcFileId="2" StartOffset="6350"/>
<Loc EndOffset="6416" SrcFileId="2" StartOffset="6385"/>
<Loc EndOffset="6450" SrcFileId="2" StartOffset="6420"/>
<Loc EndOffset="6487" SrcFileId="2" StartOffset="6454"/>
<Loc EndOffset="6522" SrcFileId="2" StartOffset="6491"/>
<Loc EndOffset="6559" SrcFileId="2" StartOffset="6526"/>
<Loc EndOffset="6594" SrcFileId="2" StartOffset="6563"/>
<Loc EndOffset="6628" SrcFileId="2" StartOffset="6598"/>
<Loc EndOffset="6665" SrcFileId="2" StartOffset="6632"/>
<Loc EndOffset="6704" SrcFileId="2" StartOffset="6669"/>
<Loc EndOffset="6739" SrcFileId="2" StartOffset="6708"/>
<Loc EndOffset="6771" SrcFileId="2" StartOffset="6743"/>
<Loc EndOffset="6806" SrcFileId="2" StartOffset="6775"/>
<Loc EndOffset="6843" SrcFileId="2" StartOffset="6810"/>
<Loc EndOffset="6886" SrcFileId="2" StartOffset="6847"/>
<Loc EndOffset="6925" SrcFileId="2" StartOffset="6890"/>
<Loc EndOffset="6960" SrcFileId="2" StartOffset="6929"/>
<Loc EndOffset="6997" SrcFileId="2" StartOffset="6964"/>
<Loc EndOffset="7050" SrcFileId="2" StartOffset="7001"/>
<Loc EndOffset="7083" SrcFileId="2" StartOffset="7054"/>
<Loc EndOffset="7118" SrcFileId="2" StartOffset="7087"/>
<Loc EndOffset="7150" SrcFileId="2" StartOffset="7122"/>
<Loc EndOffset="7183" SrcFileId="2" StartOffset="7154"/>
<Loc EndOffset="7218" SrcFileId="2" StartOffset="7187"/>
<Loc EndOffset="7253" SrcFileId="2" StartOffset="7222"/>
</LocList>
<BasicStmnt CovItemId="S115" CovItemPrefix="InitializeCards.java" Intrnl_Id="221">
<LocList>
<Loc EndOffset="5652" SrcFileId="2" StartOffset="5619"/>
</LocList>
</BasicStmnt>
<BasicStmnt CovItemId="S116" CovItemPrefix="InitializeCards.java" Intrnl_Id="222">
<LocList>
<Loc EndOffset="5698" SrcFileId="2" StartOffset="5656"/>
</LocList>
</BasicStmnt>
<BasicStmnt CovItemId="S117" CovItemPrefix="InitializeCards.java" Intrnl_Id="223">
<LocList>
<Loc EndOffset="5731" SrcFileId="2" StartOffset="5702"/>
</LocList>
</BasicStmnt>
<BasicStmnt CovItemId="S118" CovItemPrefix="InitializeCards.java" Intrnl_Id="224">
<LocList>
<Loc EndOffset="5784" SrcFileId="2" StartOffset="5735"/>
</LocList>
</BasicStmnt>
<BasicStmnt CovItemId="S119" CovItemPrefix="InitializeCards.java" Intrnl_Id="225">
<LocList>
<Loc EndOffset="5821" SrcFileId="2" StartOffset="5792"/>
</LocList>
</BasicStmnt>
<BasicStmnt CovItemId="S120" CovItemPrefix="InitializeCards.java" Intrnl_Id="226">
<LocList>
<Loc EndOffset="5858" SrcFileId="2" StartOffset="5825"/>
</LocList>
</BasicStmnt>
<BasicStmnt CovItemId="S121" CovItemPrefix="InitializeCards.java" Intrnl_Id="227">
<LocList>
<Loc EndOffset="5898" SrcFileId="2" StartOffset="5865"/>
</LocList>
</BasicStmnt>
<BasicStmnt CovItemId="S122" CovItemPrefix="InitializeCards.java" Intrnl_Id="228">
<LocList>
<Loc EndOffset="5944" SrcFileId="2" StartOffset="5902"/>
</LocList>
</BasicStmnt>
<BasicStmnt CovItemId="S123" CovItemPrefix="InitializeCards.java" Intrnl_Id="229">
<LocList>
<Loc EndOffset="5977" SrcFileId="2" StartOffset="5948"/>
</LocList>
</BasicStmnt>
<BasicStmnt CovItemId="S124" CovItemPrefix="InitializeCards.java" Intrnl_Id="230">
<LocList>
<Loc EndOffset="6022" SrcFileId="2" StartOffset="5981"/>
</LocList>
</BasicStmnt>
<BasicStmnt CovItemId="S125" CovItemPrefix="InitializeCards.java" Intrnl_Id="231">
<LocList>
<Loc EndOffset="6074" SrcFileId="2" StartOffset="6034"/>
</LocList>
</BasicStmnt>
<BasicStmnt CovItemId="S126" CovItemPrefix="InitializeCards.java" Intrnl_Id="232">
<LocList>
<Loc EndOffset="6113" SrcFileId="2" StartOffset="6078"/>
</LocList>
</BasicStmnt>
<BasicStmnt CovItemId="S127" CovItemPrefix="InitializeCards.java" Intrnl_Id="233">
<LocList>
<Loc EndOffset="6165" SrcFileId="2" StartOffset="6125"/>
</LocList>
</BasicStmnt>
<BasicStmnt CovItemId="S128" CovItemPrefix="InitializeCards.java" Intrnl_Id="234">
<LocList>
<Loc EndOffset="6205" SrcFileId="2" StartOffset="6169"/>
</LocList>
</BasicStmnt>
<BasicStmnt CovItemId="S129" CovItemPrefix="InitializeCards.java" Intrnl_Id="235">
<LocList>
<Loc EndOffset="6240" SrcFileId="2" StartOffset="6209"/>
</LocList>
</BasicStmnt>
<BasicStmnt CovItemId="S130" CovItemPrefix="InitializeCards.java" Intrnl_Id="236">
<LocList>
<Loc EndOffset="6275" SrcFileId="2" StartOffset="6244"/>
</LocList>
</BasicStmnt>
<BasicStmnt CovItemId="S131" CovItemPrefix="InitializeCards.java" Intrnl_Id="237">
<LocList>
<Loc EndOffset="6309" SrcFileId="2" StartOffset="6279"/>
</LocList>
</BasicStmnt>
<BasicStmnt CovItemId="S132" CovItemPrefix="InitializeCards.java" Intrnl_Id="238">
<LocList>
<Loc EndOffset="6346" SrcFileId="2" StartOffset="6313"/>
</LocList>
</BasicStmnt>
<BasicStmnt CovItemId="S133" CovItemPrefix="InitializeCards.java" Intrnl_Id="239">
<LocList>
<Loc EndOffset="6381" SrcFileId="2" StartOffset="6350"/>
</LocList>
</BasicStmnt>
<BasicStmnt CovItemId="S134" CovItemPrefix="InitializeCards.java" Intrnl_Id="240">
<LocList>
<Loc EndOffset="6416" SrcFileId="2" StartOffset="6385"/>
</LocList>
</BasicStmnt>
<BasicStmnt CovItemId="S135" CovItemPrefix="InitializeCards.java" Intrnl_Id="241">
<LocList>
<Loc EndOffset="6450" SrcFileId="2" StartOffset="6420"/>
</LocList>
</BasicStmnt>
<BasicStmnt CovItemId="S136" CovItemPrefix="InitializeCards.java" Intrnl_Id="242">
<LocList>
<Loc EndOffset="6487" SrcFileId="2" StartOffset="6454"/>
</LocList>
</BasicStmnt>
<BasicStmnt CovItemId="S137" CovItemPrefix="InitializeCards.java" Intrnl_Id="243">
<LocList>
<Loc EndOffset="6522" SrcFileId="2" StartOffset="6491"/>
</LocList>
</BasicStmnt>
<BasicStmnt CovItemId="S138" CovItemPrefix="InitializeCards.java" Intrnl_Id="244">
<LocList>
<Loc EndOffset="6559" SrcFileId="2" StartOffset="6526"/>
</LocList>
</BasicStmnt>
<BasicStmnt CovItemId="S139" CovItemPrefix="InitializeCards.java" Intrnl_Id="245">
<LocList>
<Loc EndOffset="6594" SrcFileId="2" StartOffset="6563"/>
</LocList>
</BasicStmnt>
<BasicStmnt CovItemId="S140" CovItemPrefix="InitializeCards.java" Intrnl_Id="246">
<LocList>
<Loc EndOffset="6628" SrcFileId="2" StartOffset="6598"/>
</LocList>
</BasicStmnt>
<BasicStmnt CovItemId="S141" CovItemPrefix="InitializeCards.java" Intrnl_Id="247">
<LocList>
<Loc EndOffset="6665" SrcFileId="2" StartOffset="6632"/>
</LocList>
</BasicStmnt>
<BasicStmnt CovItemId="S142" CovItemPrefix="InitializeCards.java" Intrnl_Id="248">
<LocList>
<Loc EndOffset="6704" SrcFileId="2" StartOffset="6669"/>
</LocList>
</BasicStmnt>
<BasicStmnt CovItemId="S143" CovItemPrefix="InitializeCards.java" Intrnl_Id="249">
<LocList>
<Loc EndOffset="6739" SrcFileId="2" StartOffset="6708"/>
</LocList>
</BasicStmnt>
<BasicStmnt CovItemId="S144" CovItemPrefix="InitializeCards.java" Intrnl_Id="250">
<LocList>
<Loc EndOffset="6771" SrcFileId="2" StartOffset="6743"/>
</LocList>
</BasicStmnt>
<BasicStmnt CovItemId="S145" CovItemPrefix="InitializeCards.java" Intrnl_Id="251">
<LocList>
<Loc EndOffset="6806" SrcFileId="2" StartOffset="6775"/>
</LocList>
</BasicStmnt>
<BasicStmnt CovItemId="S146" CovItemPrefix="InitializeCards.java" Intrnl_Id="252">
<LocList>
<Loc EndOffset="6843" SrcFileId="2" StartOffset="6810"/>
</LocList>
</BasicStmnt>
<BasicStmnt CovItemId="S147" CovItemPrefix="InitializeCards.java" Intrnl_Id="253">
<LocList>
<Loc EndOffset="6886" SrcFileId="2" StartOffset="6847"/>
</LocList>
</BasicStmnt>
<BasicStmnt CovItemId="S148" CovItemPrefix="InitializeCards.java" Intrnl_Id="254">
<LocList>
<Loc EndOffset="6925" SrcFileId="2" StartOffset="6890"/>
</LocList>
</BasicStmnt>
<BasicStmnt CovItemId="S149" CovItemPrefix="InitializeCards.java" Intrnl_Id="255">
<LocList>
<Loc EndOffset="6960" SrcFileId="2" StartOffset="6929"/>
</LocList>
</BasicStmnt>
<BasicStmnt CovItemId="S150" CovItemPrefix="InitializeCards.java" Intrnl_Id="256">
<LocList>
<Loc EndOffset="6997" SrcFileId="2" StartOffset="6964"/>
</LocList>
</BasicStmnt>
<BasicStmnt CovItemId="S151" CovItemPrefix="InitializeCards.java" Intrnl_Id="257">
<LocList>
<Loc EndOffset="7050" SrcFileId="2" StartOffset="7001"/>
</LocList>
</BasicStmnt>
<BasicStmnt CovItemId="S152" CovItemPrefix="InitializeCards.java" Intrnl_Id="258">
<LocList>
<Loc EndOffset="7083" SrcFileId="2" StartOffset="7054"/>
</LocList>
</BasicStmnt>
<BasicStmnt CovItemId="S153" CovItemPrefix="InitializeCards.java" Intrnl_Id="259">
<LocList>
<Loc EndOffset="7118" SrcFileId="2" StartOffset="7087"/>
</LocList>
</BasicStmnt>
<BasicStmnt CovItemId="S154" CovItemPrefix="InitializeCards.java" Intrnl_Id="260">
<LocList>
<Loc EndOffset="7150" SrcFileId="2" StartOffset="7122"/>
</LocList>
</BasicStmnt>
<BasicStmnt CovItemId="S155" CovItemPrefix="InitializeCards.java" Intrnl_Id="261">
<LocList>
<Loc EndOffset="7183" SrcFileId="2" StartOffset="7154"/>
</LocList>
</BasicStmnt>
<BasicStmnt CovItemId="S156" CovItemPrefix="InitializeCards.java" Intrnl_Id="262">
<LocList>
<Loc EndOffset="7218" SrcFileId="2" StartOffset="7187"/>
</LocList>
</BasicStmnt>
<BasicStmnt CovItemId="S157" CovItemPrefix="InitializeCards.java" Intrnl_Id="263">
<LocList>
<Loc EndOffset="7253" SrcFileId="2" StartOffset="7222"/>
</LocList>
</BasicStmnt>
</StmntSeq>
</HierarchyLvl>
<HierarchyLvl HierarchyLvlId="850" HierarchyLvlTypeId="7" Intrnl_Id="264" Name="getCardHash">
<Header>
<Loc EndOffset="7305" SrcFileId="2" StartOffset="7262"/>
</Header>
<LocList>
<Loc EndOffset="7331" SrcFileId="2" StartOffset="7262"/>
</LocList>
<StmntSeq Intrnl_Id="265">
<LocList>
<Loc EndOffset="7327" SrcFileId="2" StartOffset="7311"/>
</LocList>
<BasicStmnt CovItemId="S158" CovItemPrefix="InitializeCards.java" Intrnl_Id="266">
<LocList>
<Loc EndOffset="7327" SrcFileId="2" StartOffset="7311"/>
</LocList>
</BasicStmnt>
</StmntSeq>
</HierarchyLvl>
</HierarchyLvl>
<HierarchyLvl HierarchyLvlId="861" HierarchyLvlTypeId="8" Intrnl_Id="267" Name="Game">
<Header>
<Loc EndOffset="101" SrcFileId="3" StartOffset="84"/>
</Header>
<LocList>
<Loc EndOffset="2274" SrcFileId="3" StartOffset="84"/>
</LocList>
<StmntSeq Intrnl_Id="268">
<LocList>
<Loc EndOffset="158" SrcFileId="3" StartOffset="106"/>
<Loc EndOffset="217" SrcFileId="3" StartOffset="161"/>
<Loc EndOffset="275" SrcFileId="3" StartOffset="220"/>
<Loc EndOffset="307" SrcFileId="3" StartOffset="278"/>
<Loc EndOffset="339" SrcFileId="3" StartOffset="310"/>
<Loc EndOffset="396" SrcFileId="3" StartOffset="360"/>
<Loc EndOffset="415" SrcFileId="3" StartOffset="399"/>
<Loc EndOffset="492" SrcFileId="3" StartOffset="477"/>
</LocList>
<BasicStmnt CovItemId="S1" CovItemPrefix="Game.java" Intrnl_Id="269">
<LocList>
<Loc EndOffset="158" SrcFileId="3" StartOffset="106"/>
</LocList>
</BasicStmnt>
<BasicStmnt CovItemId="S2" CovItemPrefix="Game.java" Intrnl_Id="270">
<LocList>
<Loc EndOffset="217" SrcFileId="3" StartOffset="161"/>
</LocList>
</BasicStmnt>
<BasicStmnt CovItemId="S3" CovItemPrefix="Game.java" Intrnl_Id="271">
<LocList>
<Loc EndOffset="275" SrcFileId="3" StartOffset="220"/>
</LocList>
</BasicStmnt>
<BasicStmnt CovItemId="S4" CovItemPrefix="Game.java" Intrnl_Id="272">
<LocList>
<Loc EndOffset="307" SrcFileId="3" StartOffset="278"/>
</LocList>
</BasicStmnt>
<BasicStmnt CovItemId="S5" CovItemPrefix="Game.java" Intrnl_Id="273">
<LocList>
<Loc EndOffset="339" SrcFileId="3" StartOffset="310"/>
</LocList>
</BasicStmnt>
<BasicStmnt CovItemId="S6" CovItemPrefix="Game.java" Intrnl_Id="274">
<LocList>
<Loc EndOffset="396" SrcFileId="3" StartOffset="360"/>
</LocList>
</BasicStmnt>
<BasicStmnt CovItemId="S7" CovItemPrefix="Game.java" Intrnl_Id="275">
<LocList>
<Loc EndOffset="415" SrcFileId="3" StartOffset="399"/>
</LocList>
</BasicStmnt>
<BasicStmnt CovItemId="S8" CovItemPrefix="Game.java" Intrnl_Id="276">
<LocList>
<Loc EndOffset="492" SrcFileId="3" StartOffset="477"/>
</LocList>
</BasicStmnt>
</StmntSeq>
<HierarchyLvl HierarchyLvlId="852" HierarchyLvlTypeId="7" Intrnl_Id="277" Name="Game">
<Header>
<Loc EndOffset="631" SrcFileId="3" StartOffset="564"/>
</Header>
<LocList>
<Loc EndOffset="714" SrcFileId="3" StartOffset="564"/>
</LocList>
<StmntSeq Intrnl_Id="278">
<LocList>
<Loc EndOffset="657" SrcFileId="3" StartOffset="638"/>
<Loc EndOffset="688" SrcFileId="3" StartOffset="661"/>
<Loc EndOffset="710" SrcFileId="3" StartOffset="692"/>
</LocList>
<BasicStmnt CovItemId="S9" CovItemPrefix="Game.java" Intrnl_Id="279">
<LocList>
<Loc EndOffset="657" SrcFileId="3" StartOffset="638"/>
</LocList>
</BasicStmnt>
<BasicStmnt CovItemId="S10" CovItemPrefix="Game.java" Intrnl_Id="280">
<LocList>
<Loc EndOffset="688" SrcFileId="3" StartOffset="661"/>
</LocList>
</BasicStmnt>
<BasicStmnt CovItemId="S11" CovItemPrefix="Game.java" Intrnl_Id="281">
<LocList>
<Loc EndOffset="710" SrcFileId="3" StartOffset="692"/>
</LocList>
</BasicStmnt>
</StmntSeq>
</HierarchyLvl>
<HierarchyLvl HierarchyLvlId="853" HierarchyLvlTypeId="7" Intrnl_Id="282" Name="shuffle">
<Header>
<Loc EndOffset="781" SrcFileId="3" StartOffset="722"/>
</Header>
<LocList>
<Loc EndOffset="1020" SrcFileId="3" StartOffset="722"/>
</LocList>
<StmntSeq Intrnl_Id="283">
<LocList>
<Loc EndOffset="814" SrcFileId="3" StartOffset="787"/>
<Loc EndOffset="999" SrcFileId="3" StartOffset="818"/>
<Loc EndOffset="1016" SrcFileId="3" StartOffset="1003"/>
</LocList>
<BasicStmnt CovItemId="S12" CovItemPrefix="Game.java" Intrnl_Id="284">
<LocList>
<Loc EndOffset="814" SrcFileId="3" StartOffset="787"/>
</LocList>
</BasicStmnt>
<LoopStmnt CovItemId="S13" CovItemPrefix="Game.java" Intrnl_Id="285" MltplExecId="L1-2" MltplExecPrefix="Game.java" NvrExecId="L1-0" NvrExecPrefix="Game.java" OnceExecutedId="L1-1" OnceExecutedPrefix="Game.java" OptBodyExec="true">
<StmntSeq Intrnl_Id="286">
<LocList>
<Loc EndOffset="897" SrcFileId="3" StartOffset="867"/>
<Loc EndOffset="932" SrcFileId="3" StartOffset="902"/>
<Loc EndOffset="970" SrcFileId="3" StartOffset="937"/>
<Loc EndOffset="994" SrcFileId="3" StartOffset="975"/>
</LocList>
<BasicStmnt CovItemId="S14" CovItemPrefix="Game.java" Intrnl_Id="287">
<LocList>
<Loc EndOffset="897" SrcFileId="3" StartOffset="867"/>
</LocList>
</BasicStmnt>
<BasicStmnt CovItemId="S15" CovItemPrefix="Game.java" Intrnl_Id="288">
<LocList>
<Loc EndOffset="932" SrcFileId="3" StartOffset="902"/>
</LocList>
</BasicStmnt>
<BasicStmnt CovItemId="S16" CovItemPrefix="Game.java" Intrnl_Id="289">
<LocList>
<Loc EndOffset="970" SrcFileId="3" StartOffset="937"/>
</LocList>
</BasicStmnt>
<BasicStmnt CovItemId="S17" CovItemPrefix="Game.java" Intrnl_Id="290">
<LocList>
<Loc EndOffset="994" SrcFileId="3" StartOffset="975"/>
</LocList>
</BasicStmnt>
</StmntSeq>
<Keyword EndOffset="821" SrcFileId="3" StartOffset="818"/>
<LocList>
<Loc EndOffset="999" SrcFileId="3" StartOffset="818"/>
</LocList>
<RootTerm CovItemId="C1" CovItemPrefix="Game.java" Intrnl_Id="291">
<BasicBoolTerm Intrnl_Id="292">
<LocList>
<Loc EndOffset="854" SrcFileId="3" StartOffset="849"/>
</LocList>
</BasicBoolTerm>
</RootTerm>
</LoopStmnt>
<BasicStmnt CovItemId="S18" CovItemPrefix="Game.java" Intrnl_Id="293">
<LocList>
<Loc EndOffset="1016" SrcFileId="3" StartOffset="1003"/>
</LocList>
</BasicStmnt>
</StmntSeq>
</HierarchyLvl>
<HierarchyLvl HierarchyLvlId="854" HierarchyLvlTypeId="7" Intrnl_Id="294" Name="setInitialCards">
<Header>
<Loc EndOffset="1055" SrcFileId="3" StartOffset="1026"/>
</Header>
<LocList>
<Loc EndOffset="1120" SrcFileId="3" StartOffset="1026"/>
</LocList>
<StmntSeq Intrnl_Id="295">
<LocList>
<Loc EndOffset="1086" SrcFileId="3" StartOffset="1060"/>
<Loc EndOffset="1116" SrcFileId="3" StartOffset="1090"/>
</LocList>
<BasicStmnt CovItemId="S19" CovItemPrefix="Game.java" Intrnl_Id="296">
<LocList>
<Loc EndOffset="1086" SrcFileId="3" StartOffset="1060"/>
</LocList>
</BasicStmnt>
<BasicStmnt CovItemId="S20" CovItemPrefix="Game.java" Intrnl_Id="297">
<LocList>
<Loc EndOffset="1116" SrcFileId="3" StartOffset="1090"/>
</LocList>
</BasicStmnt>
</StmntSeq>
</HierarchyLvl>
<HierarchyLvl HierarchyLvlId="855" HierarchyLvlTypeId="7" Intrnl_Id="298" Name="dealCards">
<Header>
<Loc EndOffset="1165" SrcFileId="3" StartOffset="1128"/>
</Header>
<LocList>
<Loc EndOffset="1544" SrcFileId="3" StartOffset="1128"/>
</LocList>
<StmntSeq Intrnl_Id="299">
<LocList>
<Loc EndOffset="1222" SrcFileId="3" StartOffset="1171"/>
<Loc EndOffset="1249" SrcFileId="3" StartOffset="1226"/>
<Loc EndOffset="1284" SrcFileId="3" StartOffset="1253"/>
<Loc EndOffset="1524" SrcFileId="3" StartOffset="1288"/>
<Loc EndOffset="1540" SrcFileId="3" StartOffset="1528"/>
</LocList>
<BasicStmnt CovItemId="S21" CovItemPrefix="Game.java" Intrnl_Id="300">
<LocList>
<Loc EndOffset="1222" SrcFileId="3" StartOffset="1171"/>
</LocList>
</BasicStmnt>
<BasicStmnt CovItemId="S22" CovItemPrefix="Game.java" Intrnl_Id="301">
<LocList>
<Loc EndOffset="1249" SrcFileId="3" StartOffset="1226"/>
</LocList>
</BasicStmnt>
<BasicStmnt CovItemId="S23" CovItemPrefix="Game.java" Intrnl_Id="302">
<LocList>
<Loc EndOffset="1284" SrcFileId="3" StartOffset="1253"/>
</LocList>
</BasicStmnt>
<LoopStmnt CovItemId="S24" CovItemPrefix="Game.java" Intrnl_Id="303" MltplExecId="L2-2" MltplExecPrefix="Game.java" NvrExecId="L2-0" NvrExecPrefix="Game.java" OnceExecutedId="L2-1" OnceExecutedPrefix="Game.java" OptBodyExec="true">
<StmntSeq Intrnl_Id="304">
<LocList>
<Loc EndOffset="1361" SrcFileId="3" StartOffset="1323"/>
<Loc EndOffset="1410" SrcFileId="3" StartOffset="1366"/>
<Loc EndOffset="1457" SrcFileId="3" StartOffset="1415"/>
<Loc EndOffset="1514" SrcFileId="3" StartOffset="1462"/>
</LocList>
<BasicStmnt CovItemId="S25" CovItemPrefix="Game.java" Intrnl_Id="305">
<LocList>
<Loc EndOffset="1361" SrcFileId="3" StartOffset="1323"/>
</LocList>
</BasicStmnt>
<BasicStmnt CovItemId="S26" CovItemPrefix="Game.java" Intrnl_Id="306">
<LocList>
<Loc EndOffset="1410" SrcFileId="3" StartOffset="1366"/>
</LocList>
</BasicStmnt>
<BasicStmnt CovItemId="S27" CovItemPrefix="Game.java" Intrnl_Id="307">
<LocList>
<Loc EndOffset="1457" SrcFileId="3" StartOffset="1415"/>
</LocList>
</BasicStmnt>
<BasicStmnt CovItemId="S28" CovItemPrefix="Game.java" Intrnl_Id="308">
<LocList>
<Loc EndOffset="1514" SrcFileId="3" StartOffset="1462"/>
</LocList>
</BasicStmnt>
</StmntSeq>
<Keyword EndOffset="1291" SrcFileId="3" StartOffset="1288"/>
<LocList>
<Loc EndOffset="1524" SrcFileId="3" StartOffset="1288"/>
</LocList>
<RootTerm CovItemId="C2" CovItemPrefix="Game.java" Intrnl_Id="309">
<BasicBoolTerm Intrnl_Id="310">
<LocList>
<Loc EndOffset="1310" SrcFileId="3" StartOffset="1304"/>
</LocList>
</BasicBoolTerm>
</RootTerm>
</LoopStmnt>
<BasicStmnt CovItemId="S29" CovItemPrefix="Game.java" Intrnl_Id="311">
<LocList>
<Loc EndOffset="1540" SrcFileId="3" StartOffset="1528"/>
</LocList>
</BasicStmnt>
</StmntSeq>
</HierarchyLvl>
<HierarchyLvl HierarchyLvlId="856" HierarchyLvlTypeId="7" Intrnl_Id="312" Name="dealNewCard">
<Header>
<Loc EndOffset="1687" SrcFileId="3" StartOffset="1625"/>
</Header>
<LocList>
<Loc EndOffset="1845" SrcFileId="3" StartOffset="1625"/>
</LocList>
<StmntSeq Intrnl_Id="313">
<LocList>
<Loc EndOffset="1719" SrcFileId="3" StartOffset="1693"/>
<Loc EndOffset="1827" SrcFileId="3" StartOffset="1723"/>
<Loc EndOffset="1841" SrcFileId="3" StartOffset="1828"/>
</LocList>
<BasicStmnt CovItemId="S30" CovItemPrefix="Game.java" Intrnl_Id="314">
<LocList>
<Loc EndOffset="1719" SrcFileId="3" StartOffset="1693"/>
</LocList>
</BasicStmnt>
<CondStmnt CovItemId="S31" CovItemPrefix="Game.java" Intrnl_Id="315">
<Branch CovItemId="B1" CovItemPrefix="Game.java" Implct="false" Intrnl_Id="316">
<Cond/>
<LocList>
<Loc EndOffset="1827" SrcFileId="3" StartOffset="1746"/>
</LocList>
<StmntSeq Intrnl_Id="317">
<LocList>
<Loc EndOffset="1781" SrcFileId="3" StartOffset="1752"/>
<Loc EndOffset="1805" SrcFileId="3" StartOffset="1786"/>
<Loc EndOffset="1822" SrcFileId="3" StartOffset="1810"/>
</LocList>
<BasicStmnt CovItemId="S32" CovItemPrefix="Game.java" Intrnl_Id="318">
<LocList>
<Loc EndOffset="1781" SrcFileId="3" StartOffset="1752"/>
</LocList>
</BasicStmnt>
<BasicStmnt CovItemId="S33" CovItemPrefix="Game.java" Intrnl_Id="319">
<LocList>
<Loc EndOffset="1805" SrcFileId="3" StartOffset="1786"/>
</LocList>
</BasicStmnt>
<BasicStmnt CovItemId="S34" CovItemPrefix="Game.java" Intrnl_Id="320">
<LocList>
<Loc EndOffset="1822" SrcFileId="3" StartOffset="1810"/>
</LocList>
</BasicStmnt>
</StmntSeq>
</Branch>
<Branch CovItemId="B2" CovItemPrefix="Game.java" Implct="true" Intrnl_Id="321">
<Cond/>
<LocList/>
<StmntSeq Intrnl_Id="322">
<LocList/>
</StmntSeq>
</Branch>
<Keyword EndOffset="1725" SrcFileId="3" StartOffset="1723"/>
<LocList>
<Loc EndOffset="1827" SrcFileId="3" StartOffset="1723"/>
</LocList>
<RootTerm CovItemId="C3" CovItemPrefix="Game.java" Intrnl_Id="323">
<BasicBoolTerm Intrnl_Id="324">
<LocList>
<Loc EndOffset="1744" SrcFileId="3" StartOffset="1726"/>
</LocList>
</BasicBoolTerm>
</RootTerm>
</CondStmnt>
<BasicStmnt CovItemId="S35" CovItemPrefix="Game.java" Intrnl_Id="325">
<LocList>
<Loc EndOffset="1841" SrcFileId="3" StartOffset="1828"/>
</LocList>
</BasicStmnt>
</StmntSeq>
</HierarchyLvl>
<HierarchyLvl HierarchyLvlId="857" HierarchyLvlTypeId="7" Intrnl_Id="326" Name="mustDiscard">
<Header>
<Loc EndOffset="1887" SrcFileId="3" StartOffset="1851"/>
</Header>
<LocList>
<Loc EndOffset="1922" SrcFileId="3" StartOffset="1851"/>
</LocList>
<StmntSeq Intrnl_Id="327">
<LocList>
<Loc EndOffset="1918" SrcFileId="3" StartOffset="1893"/>
</LocList>
<BasicStmnt CovItemId="S36" CovItemPrefix="Game.java" Intrnl_Id="328">
<LocList>
<Loc EndOffset="1918" SrcFileId="3" StartOffset="1893"/>
</LocList>
</BasicStmnt>
</StmntSeq>
</HierarchyLvl>
<HierarchyLvl HierarchyLvlId="858" HierarchyLvlTypeId="7" Intrnl_Id="329" Name="discardCard">
<Header>
<Loc EndOffset="1974" SrcFileId="3" StartOffset="1928"/>
</Header>
<LocList>
<Loc EndOffset="2097" SrcFileId="3" StartOffset="1928"/>
</LocList>
<StmntSeq Intrnl_Id="330">
<LocList>
<Loc EndOffset="2080" SrcFileId="3" StartOffset="1980"/>
<Loc EndOffset="2093" SrcFileId="3" StartOffset="2080"/>
</LocList>
<CondStmnt CovItemId="S37" CovItemPrefix="Game.java" Intrnl_Id="331">
<Branch CovItemId="B3" CovItemPrefix="Game.java" Implct="false" Intrnl_Id="332">
<Cond/>
<LocList>
<Loc EndOffset="2080" SrcFileId="3" StartOffset="2007"/>
</LocList>
<StmntSeq Intrnl_Id="333">
<LocList>
<Loc EndOffset="2034" SrcFileId="3" StartOffset="2013"/>
<Loc EndOffset="2058" SrcFileId="3" StartOffset="2039"/>
<Loc EndOffset="2075" SrcFileId="3" StartOffset="2063"/>
</LocList>
<BasicStmnt CovItemId="S38" CovItemPrefix="Game.java" Intrnl_Id="334">
<LocList>
<Loc EndOffset="2034" SrcFileId="3" StartOffset="2013"/>
</LocList>
</BasicStmnt>
<BasicStmnt CovItemId="S39" CovItemPrefix="Game.java" Intrnl_Id="335">
<LocList>
<Loc EndOffset="2058" SrcFileId="3" StartOffset="2039"/>
</LocList>
</BasicStmnt>
<BasicStmnt CovItemId="S40" CovItemPrefix="Game.java" Intrnl_Id="336">
<LocList>
<Loc EndOffset="2075" SrcFileId="3" StartOffset="2063"/>
</LocList>
</BasicStmnt>
</StmntSeq>
</Branch>
<Branch CovItemId="B4" CovItemPrefix="Game.java" Implct="true" Intrnl_Id="337">
<Cond/>
<LocList/>
<StmntSeq Intrnl_Id="338">
<LocList/>
</StmntSeq>
</Branch>
<Keyword EndOffset="1982" SrcFileId="3" StartOffset="1980"/>
<LocList>
<Loc EndOffset="2080" SrcFileId="3" StartOffset="1980"/>
</LocList>
<RootTerm CovItemId="C4" CovItemPrefix="Game.java" Intrnl_Id="339">
<BasicBoolTerm Intrnl_Id="340">
<LocList>
<Loc EndOffset="2005" SrcFileId="3" StartOffset="1983"/>
</LocList>
</BasicBoolTerm>
</RootTerm>
</CondStmnt>
<BasicStmnt CovItemId="S41" CovItemPrefix="Game.java" Intrnl_Id="341">
<LocList>
<Loc EndOffset="2093" SrcFileId="3" StartOffset="2080"/>
</LocList>
</BasicStmnt>
</StmntSeq>
</HierarchyLvl>
<HierarchyLvl HierarchyLvlId="859" HierarchyLvlTypeId="7" Intrnl_Id="342" Name="returnDiscardPile">
<Header>
<Loc EndOffset="2148" SrcFileId="3" StartOffset="2103"/>
</Header>
<LocList>
<Loc EndOffset="2174" SrcFileId="3" StartOffset="2103"/>
</LocList>
<StmntSeq Intrnl_Id="343">
<LocList>
<Loc EndOffset="2170" SrcFileId="3" StartOffset="2154"/>
</LocList>
<BasicStmnt CovItemId="S42" CovItemPrefix="Game.java" Intrnl_Id="344">
<LocList>
<Loc EndOffset="2170" SrcFileId="3" StartOffset="2154"/>
</LocList>
</BasicStmnt>
</StmntSeq>
</HierarchyLvl>
<HierarchyLvl HierarchyLvlId="860" HierarchyLvlTypeId="7" Intrnl_Id="345" Name="rollDice">
<Header>
<Loc EndOffset="2201" SrcFileId="3" StartOffset="2180"/>
</Header>
<LocList>
<Loc EndOffset="2269" SrcFileId="3" StartOffset="2180"/>
</LocList>
<StmntSeq Intrnl_Id="346">
<LocList>
<Loc EndOffset="2234" SrcFileId="3" StartOffset="2207"/>
<Loc EndOffset="2265" SrcFileId="3" StartOffset="2238"/>
</LocList>
<BasicStmnt CovItemId="S43" CovItemPrefix="Game.java" Intrnl_Id="347">
<LocList>
<Loc EndOffset="2234" SrcFileId="3" StartOffset="2207"/>
</LocList>
</BasicStmnt>
<BasicStmnt CovItemId="S44" CovItemPrefix="Game.java" Intrnl_Id="348">
<LocList>
<Loc EndOffset="2265" SrcFileId="3" StartOffset="2238"/>
</LocList>
</BasicStmnt>
</StmntSeq>
</HierarchyLvl>
</HierarchyLvl>
<HierarchyLvl HierarchyLvlId="908" HierarchyLvlTypeId="8" Intrnl_Id="349" Name="CardFunc">
<Header>
<Loc EndOffset="23" SrcFileId="4" StartOffset="2"/>
</Header>
<LocList>
<Loc EndOffset="8172" SrcFileId="4" StartOffset="2"/>
</LocList>
<HierarchyLvl HierarchyLvlId="862" HierarchyLvlTypeId="7" Intrnl_Id="350" Name="CardFunc">
<Header>
<Loc EndOffset="95" SrcFileId="4" StartOffset="69"/>
</Header>
<LocList>
<Loc EndOffset="208" SrcFileId="4" StartOffset="69"/>
</LocList>
<StmntSeq Intrnl_Id="351">
<LocList>
<Loc EndOffset="117" SrcFileId="4" StartOffset="100"/>
<Loc EndOffset="200" SrcFileId="4" StartOffset="121"/>
</LocList>
<BasicStmnt CovItemId="S1" CovItemPrefix="CardFunc.java" Intrnl_Id="352">
<LocList>
<Loc EndOffset="117" SrcFileId="4" StartOffset="100"/>
</LocList>
</BasicStmnt>
<CondStmnt CovItemId="S2" CovItemPrefix="CardFunc.java" Intrnl_Id="353">
<Branch CovItemId="B1" CovItemPrefix="CardFunc.java" Implct="false" Intrnl_Id="354">
<Cond/>
<LocList>
<Loc EndOffset="169" SrcFileId="4" StartOffset="146"/>
</LocList>
<StmntSeq Intrnl_Id="355">
<LocList>
<Loc EndOffset="164" SrcFileId="4" StartOffset="152"/>
</LocList>
<BasicStmnt CovItemId="S3" CovItemPrefix="CardFunc.java" Intrnl_Id="356">
<LocList>
<Loc EndOffset="164" SrcFileId="4" StartOffset="152"/>
</LocList>
</BasicStmnt>
</StmntSeq>
</Branch>
<Branch CovItemId="B2" CovItemPrefix="CardFunc.java" Implct="false" Intrnl_Id="357">
<Cond>
<Loc EndOffset="177" SrcFileId="4" StartOffset="173"/>
</Cond>
<LocList>
<Loc EndOffset="200" SrcFileId="4" StartOffset="177"/>
</LocList>
<StmntSeq Intrnl_Id="358">
<LocList>
<Loc EndOffset="195" SrcFileId="4" StartOffset="183"/>
</LocList>
<BasicStmnt CovItemId="S4" CovItemPrefix="CardFunc.java" Intrnl_Id="359">
<LocList>
<Loc EndOffset="195" SrcFileId="4" StartOffset="183"/>
</LocList>
</BasicStmnt>
</StmntSeq>
</Branch>
<Keyword EndOffset="123" SrcFileId="4" StartOffset="121"/>
<LocList>
<Loc EndOffset="200" SrcFileId="4" StartOffset="121"/>
</LocList>
<RootTerm CovItemId="C1" CovItemPrefix="CardFunc.java" Intrnl_Id="360">
<BasicBoolTerm Intrnl_Id="361">
<LocList>
<Loc EndOffset="145" SrcFileId="4" StartOffset="125"/>
</LocList>
</BasicBoolTerm>
</RootTerm>
</CondStmnt>
</StmntSeq>
</HierarchyLvl>
<HierarchyLvl HierarchyLvlId="863" HierarchyLvlTypeId="7" Intrnl_Id="362" Name="func57">
<Header>
<Loc EndOffset="231" SrcFileId="4" StartOffset="211"/>
</Header>
<LocList>
<Loc EndOffset="274" SrcFileId="4" StartOffset="211"/>
</LocList>
<StmntSeq Intrnl_Id="363">
<LocList>
<Loc EndOffset="260" SrcFileId="4" StartOffset="236"/>
<Loc EndOffset="270" SrcFileId="4" StartOffset="264"/>
</LocList>
<BasicStmnt CovItemId="S5" CovItemPrefix="CardFunc.java" Intrnl_Id="364">
<LocList>
<Loc EndOffset="260" SrcFileId="4" StartOffset="236"/>
</LocList>
</BasicStmnt>
<BasicStmnt CovItemId="S6" CovItemPrefix="CardFunc.java" Intrnl_Id="365">
<LocList>
<Loc EndOffset="270" SrcFileId="4" StartOffset="264"/>
</LocList>
</BasicStmnt>
</StmntSeq>
</HierarchyLvl>
<HierarchyLvl HierarchyLvlId="864" HierarchyLvlTypeId="7" Intrnl_Id="366" Name="func1Init">
<Header>
<Loc EndOffset="303" SrcFileId="4" StartOffset="280"/>
</Header>
<LocList>
<Loc EndOffset="327" SrcFileId="4" StartOffset="280"/>
</LocList>
<StmntSeq Intrnl_Id="367">
<LocList>
<Loc EndOffset="323" SrcFileId="4" StartOffset="309"/>
</LocList>
<BasicStmnt CovItemId="S7" CovItemPrefix="CardFunc.java" Intrnl_Id="368">
<LocList>
<Loc EndOffset="323" SrcFileId="4" StartOffset="309"/>
</LocList>
</BasicStmnt>
</StmntSeq>
</HierarchyLvl>
<HierarchyLvl HierarchyLvlId="865" HierarchyLvlTypeId="7" Intrnl_Id="369" Name="func1">
<Header>
<Loc EndOffset="368" SrcFileId="4" StartOffset="333"/>
</Header>
<LocList>
<Loc EndOffset="494" SrcFileId="4" StartOffset="333"/>
</LocList>
<StmntSeq Intrnl_Id="370">
<LocList>
<Loc EndOffset="490" SrcFileId="4" StartOffset="426"/>
</LocList>
<CondStmnt CovItemId="S8" CovItemPrefix="CardFunc.java" Intrnl_Id="371">
<Branch CovItemId="B3" CovItemPrefix="CardFunc.java" Implct="false" Intrnl_Id="372">
<Cond/>
<LocList>
<Loc EndOffset="490" SrcFileId="4" StartOffset="439"/>
</LocList>
<StmntSeq Intrnl_Id="373">
<LocList>
<Loc EndOffset="485" SrcFileId="4" StartOffset="445"/>
</LocList>
<BasicStmnt CovItemId="S9" CovItemPrefix="CardFunc.java" Intrnl_Id="374">
<LocList>
<Loc EndOffset="485" SrcFileId="4" StartOffset="445"/>
</LocList>
</BasicStmnt>
</StmntSeq>
</Branch>
<Branch CovItemId="B4" CovItemPrefix="CardFunc.java" Implct="true" Intrnl_Id="375">
<Cond/>
<LocList/>
<StmntSeq Intrnl_Id="376">
<LocList/>
</StmntSeq>
</Branch>
<Keyword EndOffset="428" SrcFileId="4" StartOffset="426"/>
<LocList>
<Loc EndOffset="490" SrcFileId="4" StartOffset="426"/>
</LocList>
<RootTerm CovItemId="C2" CovItemPrefix="CardFunc.java" Intrnl_Id="377">
<BasicBoolTerm Intrnl_Id="378">
<LocList>
<Loc EndOffset="437" SrcFileId="4" StartOffset="429"/>
</LocList>
</BasicBoolTerm>
</RootTerm>
</CondStmnt>
</StmntSeq>
</HierarchyLvl>
<HierarchyLvl HierarchyLvlId="866" HierarchyLvlTypeId="7" Intrnl_Id="379" Name="func2">
<Header>
<Loc EndOffset="535" SrcFileId="4" StartOffset="500"/>
</Header>
<LocList>
<Loc EndOffset="826" SrcFileId="4" StartOffset="500"/>
</LocList>
<StmntSeq Intrnl_Id="380">
<LocList>
<Loc EndOffset="822" SrcFileId="4" StartOffset="626"/>
</LocList>
<CondStmnt CovItemId="S10" CovItemPrefix="CardFunc.java" Intrnl_Id="381">
<Branch CovItemId="B5" CovItemPrefix="CardFunc.java" Implct="false" Intrnl_Id="382">
<Cond/>
<LocList>
<Loc EndOffset="690" SrcFileId="4" StartOffset="639"/>
</LocList>
<StmntSeq Intrnl_Id="383">
<LocList>
<Loc EndOffset="685" SrcFileId="4" StartOffset="645"/>
</LocList>
<BasicStmnt CovItemId="S11" CovItemPrefix="CardFunc.java" Intrnl_Id="384">
<LocList>
<Loc EndOffset="685" SrcFileId="4" StartOffset="645"/>
</LocList>
</BasicStmnt>
</StmntSeq>
</Branch>
<Branch CovItemId="B6" CovItemPrefix="CardFunc.java" Implct="false" Intrnl_Id="385">
<Cond>
<Loc EndOffset="695" SrcFileId="4" StartOffset="691"/>
</Cond>
<LocList>
<Loc EndOffset="822" SrcFileId="4" StartOffset="696"/>
</LocList>
<StmntSeq Intrnl_Id="386">
<LocList>
<Loc EndOffset="817" SrcFileId="4" StartOffset="702"/>
</LocList>
<CondStmnt CovItemId="S12" CovItemPrefix="CardFunc.java" Intrnl_Id="387">
<Branch CovItemId="B7" CovItemPrefix="CardFunc.java" Implct="false" Intrnl_Id="388">
<Cond/>
<LocList>
<Loc EndOffset="817" SrcFileId="4" StartOffset="737"/>
</LocList>
<StmntSeq Intrnl_Id="389">
<LocList>
<Loc EndOffset="761" SrcFileId="4" StartOffset="744"/>
</LocList>
<BasicStmnt CovItemId="S13" CovItemPrefix="CardFunc.java" Intrnl_Id="390">
<LocList>
<Loc EndOffset="761" SrcFileId="4" StartOffset="744"/>
</LocList>
</BasicStmnt>
</StmntSeq>
</Branch>
<Branch CovItemId="B8" CovItemPrefix="CardFunc.java" Implct="true" Intrnl_Id="391">
<Cond/>
<LocList/>
<StmntSeq Intrnl_Id="392">
<LocList/>
</StmntSeq>
</Branch>
<Keyword EndOffset="704" SrcFileId="4" StartOffset="702"/>
<LocList>
<Loc EndOffset="817" SrcFileId="4" StartOffset="702"/>
</LocList>
<RootTerm CovItemId="C4" CovItemPrefix="CardFunc.java" Intrnl_Id="393">
<OpTerm BooleanOpId="6" Intrnl_Id="394">
<BasicBoolTerm Intrnl_Id="395">
<LocList>
<Loc EndOffset="735" SrcFileId="4" StartOffset="706"/>
</LocList>
</BasicBoolTerm>
<LocList>
<Loc EndOffset="706" SrcFileId="4" StartOffset="705"/>
</LocList>
</OpTerm>
</RootTerm>
</CondStmnt>
</StmntSeq>
</Branch>
<Keyword EndOffset="628" SrcFileId="4" StartOffset="626"/>
<LocList>
<Loc EndOffset="822" SrcFileId="4" StartOffset="626"/>
</LocList>
<RootTerm CovItemId="C3" CovItemPrefix="CardFunc.java" Intrnl_Id="396">
<BasicBoolTerm Intrnl_Id="397">
<LocList>
<Loc EndOffset="637" SrcFileId="4" StartOffset="629"/>
</LocList>
</BasicBoolTerm>
</RootTerm>
</CondStmnt>
</StmntSeq>
</HierarchyLvl>
<HierarchyLvl HierarchyLvlId="867" HierarchyLvlTypeId="7" Intrnl_Id="398" Name="func3">
<Header>
<Loc EndOffset="851" SrcFileId="4" StartOffset="832"/>
</Header>
<LocList>
<Loc EndOffset="912" SrcFileId="4" StartOffset="832"/>
</LocList>
</HierarchyLvl>
<HierarchyLvl HierarchyLvlId="868" HierarchyLvlTypeId="7" Intrnl_Id="399" Name="func4Init">
<Header>
<Loc EndOffset="941" SrcFileId="4" StartOffset="918"/>
</Header>
<LocList>
<Loc EndOffset="1017" SrcFileId="4" StartOffset="918"/>
</LocList>
<StmntSeq Intrnl_Id="400">
<LocList>
<Loc EndOffset="1002" SrcFileId="4" StartOffset="979"/>
</LocList>
<BasicStmnt CovItemId="S14" CovItemPrefix="CardFunc.java" Intrnl_Id="401">
<LocList>
<Loc EndOffset="1002" SrcFileId="4" StartOffset="979"/>
</LocList>
</BasicStmnt>
</StmntSeq>
</HierarchyLvl>
<HierarchyLvl HierarchyLvlId="869" HierarchyLvlTypeId="7" Intrnl_Id="402" Name="func4Result">
<Header>
<Loc EndOffset="1064" SrcFileId="4" StartOffset="1023"/>
</Header>
<LocList>
<Loc EndOffset="1224" SrcFileId="4" StartOffset="1023"/>
</LocList>
<StmntSeq Intrnl_Id="403">
<LocList>
<Loc EndOffset="1220" SrcFileId="4" StartOffset="1123"/>
</LocList>
<CondStmnt CovItemId="S15" CovItemPrefix="CardFunc.java" Intrnl_Id="404">
<Branch CovItemId="B9" CovItemPrefix="CardFunc.java" Implct="false" Intrnl_Id="405">
<Cond/>
<LocList>
<Loc EndOffset="1187" SrcFileId="4" StartOffset="1136"/>
</LocList>
<StmntSeq Intrnl_Id="406">
<LocList>
<Loc EndOffset="1182" SrcFileId="4" StartOffset="1142"/>
</LocList>
<BasicStmnt CovItemId="S16" CovItemPrefix="CardFunc.java" Intrnl_Id="407">
<LocList>
<Loc EndOffset="1182" SrcFileId="4" StartOffset="1142"/>
</LocList>
</BasicStmnt>
</StmntSeq>
</Branch>
<Branch CovItemId="B10" CovItemPrefix="CardFunc.java" Implct="false" Intrnl_Id="408">
<Cond>
<Loc EndOffset="1192" SrcFileId="4" StartOffset="1188"/>
</Cond>
<LocList>
<Loc EndOffset="1220" SrcFileId="4" StartOffset="1193"/>
</LocList>
<StmntSeq Intrnl_Id="409">
<LocList/>
</StmntSeq>
</Branch>
<Keyword EndOffset="1125" SrcFileId="4" StartOffset="1123"/>
<LocList>
<Loc EndOffset="1220" SrcFileId="4" StartOffset="1123"/>
</LocList>
<RootTerm CovItemId="C5" CovItemPrefix="CardFunc.java" Intrnl_Id="410">
<BasicBoolTerm Intrnl_Id="411">
<LocList>
<Loc EndOffset="1134" SrcFileId="4" StartOffset="1126"/>
</LocList>
</BasicBoolTerm>
</RootTerm>
</CondStmnt>
</StmntSeq>
</HierarchyLvl>
<HierarchyLvl HierarchyLvlId="870" HierarchyLvlTypeId="7" Intrnl_Id="412" Name="func5Init">
<Header>
<Loc EndOffset="1253" SrcFileId="4" StartOffset="1230"/>
</Header>
<LocList>
<Loc EndOffset="1389" SrcFileId="4" StartOffset="1230"/>
</LocList>
<StmntSeq Intrnl_Id="413">
<LocList>
<Loc EndOffset="1385" SrcFileId="4" StartOffset="1259"/>
</LocList>
<CondStmnt CovItemId="S17" CovItemPrefix="CardFunc.java" Intrnl_Id="414">
<Branch CovItemId="B11" CovItemPrefix="CardFunc.java" Implct="false" Intrnl_Id="415">
<Cond/>
<LocList>
<Loc EndOffset="1320" SrcFileId="4" StartOffset="1295"/>
</LocList>
<StmntSeq Intrnl_Id="416">
<LocList>
<Loc EndOffset="1315" SrcFileId="4" StartOffset="1301"/>
</LocList>
<BasicStmnt CovItemId="S18" CovItemPrefix="CardFunc.java" Intrnl_Id="417">
<LocList>
<Loc EndOffset="1315" SrcFileId="4" StartOffset="1301"/>
</LocList>
</BasicStmnt>
</StmntSeq>
</Branch>
<Branch CovItemId="B12" CovItemPrefix="CardFunc.java" Implct="false" Intrnl_Id="418">
<Cond>
<Loc EndOffset="1325" SrcFileId="4" StartOffset="1321"/>
</Cond>
<LocList>
<Loc EndOffset="1385" SrcFileId="4" StartOffset="1326"/>
</LocList>
<StmntSeq Intrnl_Id="419">
<LocList>
<Loc EndOffset="1385" SrcFileId="4" StartOffset="1326"/>
</LocList>
<CondStmnt CovItemId="S19" CovItemPrefix="CardFunc.java" Intrnl_Id="420">
<Branch CovItemId="B13" CovItemPrefix="CardFunc.java" Implct="false" Intrnl_Id="421">
<Cond/>
<LocList>
<Loc EndOffset="1385" SrcFileId="4" StartOffset="1360"/>
</LocList>
<StmntSeq Intrnl_Id="422">
<LocList>
<Loc EndOffset="1380" SrcFileId="4" StartOffset="1366"/>
</LocList>
<BasicStmnt CovItemId="S20" CovItemPrefix="CardFunc.java" Intrnl_Id="423">
<LocList>
<Loc EndOffset="1380" SrcFileId="4" StartOffset="1366"/>
</LocList>
</BasicStmnt>
</StmntSeq>
</Branch>
<Branch CovItemId="B14" CovItemPrefix="CardFunc.java" Implct="true" Intrnl_Id="424">
<Cond/>
<LocList/>
<StmntSeq Intrnl_Id="425">
<LocList/>
</StmntSeq>
</Branch>
<Keyword EndOffset="1328" SrcFileId="4" StartOffset="1326"/>
<LocList>
<Loc EndOffset="1385" SrcFileId="4" StartOffset="1326"/>
</LocList>
<RootTerm CovItemId="C7" CovItemPrefix="CardFunc.java" Intrnl_Id="426">
<BasicBoolTerm Intrnl_Id="427">
<LocList>
<Loc EndOffset="1358" SrcFileId="4" StartOffset="1329"/>
</LocList>
</BasicBoolTerm>
</RootTerm>
</CondStmnt>
</StmntSeq>
</Branch>
<Keyword EndOffset="1261" SrcFileId="4" StartOffset="1259"/>
<LocList>
<Loc EndOffset="1385" SrcFileId="4" StartOffset="1259"/>
</LocList>
<RootTerm CovItemId="C6" CovItemPrefix="CardFunc.java" Intrnl_Id="428">
<BasicBoolTerm Intrnl_Id="429">
<LocList>
<Loc EndOffset="1293" SrcFileId="4" StartOffset="1262"/>
</LocList>
</BasicBoolTerm>
</RootTerm>
</CondStmnt>
</StmntSeq>
</HierarchyLvl>
<HierarchyLvl HierarchyLvlId="871" HierarchyLvlTypeId="7" Intrnl_Id="430" Name="func5">
<Header>
<Loc EndOffset="1430" SrcFileId="4" StartOffset="1395"/>
</Header>
<LocList>
<Loc EndOffset="1775" SrcFileId="4" StartOffset="1395"/>
</LocList>
<StmntSeq Intrnl_Id="431">
<LocList>
<Loc EndOffset="1771" SrcFileId="4" StartOffset="1555"/>
</LocList>
<CondStmnt CovItemId="S21" CovItemPrefix="CardFunc.java" Intrnl_Id="432">
<Branch CovItemId="B15" CovItemPrefix="CardFunc.java" Implct="false" Intrnl_Id="433">
<Cond/>
<LocList>
<Loc EndOffset="1619" SrcFileId="4" StartOffset="1568"/>
</LocList>
<StmntSeq Intrnl_Id="434">
<LocList>
<Loc EndOffset="1614" SrcFileId="4" StartOffset="1574"/>
</LocList>
<BasicStmnt CovItemId="S22" CovItemPrefix="CardFunc.java" Intrnl_Id="435">
<LocList>
<Loc EndOffset="1614" SrcFileId="4" StartOffset="1574"/>
</LocList>
</BasicStmnt>
</StmntSeq>
</Branch>
<Branch CovItemId="B16" CovItemPrefix="CardFunc.java" Implct="false" Intrnl_Id="436">
<Cond>
<Loc EndOffset="1624" SrcFileId="4" StartOffset="1620"/>
</Cond>
<LocList>
<Loc EndOffset="1771" SrcFileId="4" StartOffset="1625"/>
</LocList>
<StmntSeq Intrnl_Id="437">
<LocList>
<Loc EndOffset="1766" SrcFileId="4" StartOffset="1631"/>
</LocList>
<CondStmnt CovItemId="S23" CovItemPrefix="CardFunc.java" Intrnl_Id="438">
<Branch CovItemId="B17" CovItemPrefix="CardFunc.java" Implct="false" Intrnl_Id="439">
<Cond/>
<LocList>
<Loc EndOffset="1723" SrcFileId="4" StartOffset="1666"/>
</LocList>
<StmntSeq Intrnl_Id="440">
<LocList/>
</StmntSeq>
</Branch>
<Branch CovItemId="B18" CovItemPrefix="CardFunc.java" Implct="false" Intrnl_Id="441">
<Cond>
<Loc EndOffset="1728" SrcFileId="4" StartOffset="1724"/>
</Cond>
<LocList>
<Loc EndOffset="1766" SrcFileId="4" StartOffset="1729"/>
</LocList>
<StmntSeq Intrnl_Id="442">
<LocList>
<Loc EndOffset="1760" SrcFileId="4" StartOffset="1736"/>
</LocList>
<BasicStmnt CovItemId="S24" CovItemPrefix="CardFunc.java" Intrnl_Id="443">
<LocList>
<Loc EndOffset="1760" SrcFileId="4" StartOffset="1736"/>
</LocList>
</BasicStmnt>
</StmntSeq>
</Branch>
<Keyword EndOffset="1633" SrcFileId="4" StartOffset="1631"/>
<LocList>
<Loc EndOffset="1766" SrcFileId="4" StartOffset="1631"/>
</LocList>
<RootTerm CovItemId="C9" CovItemPrefix="CardFunc.java" Intrnl_Id="444">
<BasicBoolTerm Intrnl_Id="445">
<LocList>
<Loc EndOffset="1664" SrcFileId="4" StartOffset="1635"/>
</LocList>
</BasicBoolTerm>
</RootTerm>
</CondStmnt>
</StmntSeq>
</Branch>
<Keyword EndOffset="1557" SrcFileId="4" StartOffset="1555"/>
<LocList>
<Loc EndOffset="1771" SrcFileId="4" StartOffset="1555"/>
</LocList>
<RootTerm CovItemId="C8" CovItemPrefix="CardFunc.java" Intrnl_Id="446">
<BasicBoolTerm Intrnl_Id="447">
<LocList>
<Loc EndOffset="1566" SrcFileId="4" StartOffset="1558"/>
</LocList>
</BasicBoolTerm>
</RootTerm>
</CondStmnt>
</StmntSeq>
</HierarchyLvl>
<HierarchyLvl HierarchyLvlId="872" HierarchyLvlTypeId="7" Intrnl_Id="448" Name="func7Init">
<Header>
<Loc EndOffset="1804" SrcFileId="4" StartOffset="1781"/>
</Header>
<LocList>
<Loc EndOffset="1859" SrcFileId="4" StartOffset="1781"/>
</LocList>
<StmntSeq Intrnl_Id="449">
<LocList>
<Loc EndOffset="1855" SrcFileId="4" StartOffset="1810"/>
</LocList>
<CondStmnt CovItemId="S25" CovItemPrefix="CardFunc.java" Intrnl_Id="450">
<Branch CovItemId="B19" CovItemPrefix="CardFunc.java" Implct="false" Intrnl_Id="451">
<Cond/>
<LocList>
<Loc EndOffset="1855" SrcFileId="4" StartOffset="1830"/>
</LocList>
<StmntSeq Intrnl_Id="452">
<LocList>
<Loc EndOffset="1850" SrcFileId="4" StartOffset="1836"/>
</LocList>
<BasicStmnt CovItemId="S26" CovItemPrefix="CardFunc.java" Intrnl_Id="453">
<LocList>
<Loc EndOffset="1850" SrcFileId="4" StartOffset="1836"/>
</LocList>
</BasicStmnt>
</StmntSeq>
</Branch>
<Branch CovItemId="B20" CovItemPrefix="CardFunc.java" Implct="true" Intrnl_Id="454">
<Cond/>
<LocList/>
<StmntSeq Intrnl_Id="455">
<LocList/>
</StmntSeq>
</Branch>
<Keyword EndOffset="1812" SrcFileId="4" StartOffset="1810"/>
<LocList>
<Loc EndOffset="1855" SrcFileId="4" StartOffset="1810"/>
</LocList>
<RootTerm CovItemId="C10" CovItemPrefix="CardFunc.java" Intrnl_Id="456">
<BasicBoolTerm Intrnl_Id="457">
<LocList>
<Loc EndOffset="1828" SrcFileId="4" StartOffset="1813"/>
</LocList>
</BasicBoolTerm>
</RootTerm>
</CondStmnt>
</StmntSeq>
</HierarchyLvl>
<HierarchyLvl HierarchyLvlId="873" HierarchyLvlTypeId="7" Intrnl_Id="458" Name="func7">
<Header>
<Loc EndOffset="1900" SrcFileId="4" StartOffset="1865"/>
</Header>
<LocList>
<Loc EndOffset="2270" SrcFileId="4" StartOffset="1865"/>
</LocList>
<StmntSeq Intrnl_Id="459">
<LocList>
<Loc EndOffset="2266" SrcFileId="4" StartOffset="2026"/>
</LocList>
<CondStmnt CovItemId="S27" CovItemPrefix="CardFunc.java" Intrnl_Id="460">
<Branch CovItemId="B21" CovItemPrefix="CardFunc.java" Implct="false" Intrnl_Id="461">
<Cond/>
<LocList>
<Loc EndOffset="2165" SrcFileId="4" StartOffset="2060"/>
</LocList>
<StmntSeq Intrnl_Id="462">
<LocList>
<Loc EndOffset="2160" SrcFileId="4" StartOffset="2102"/>
</LocList>
<BasicStmnt CovItemId="S28" CovItemPrefix="CardFunc.java" Intrnl_Id="463">
<LocList>
<Loc EndOffset="2160" SrcFileId="4" StartOffset="2102"/>
</LocList>
</BasicStmnt>
</StmntSeq>
</Branch>
<Branch CovItemId="B22" CovItemPrefix="CardFunc.java" Implct="false" Intrnl_Id="464">
<Cond>
<Loc EndOffset="2170" SrcFileId="4" StartOffset="2166"/>
</Cond>
<LocList>
<Loc EndOffset="2266" SrcFileId="4" StartOffset="2171"/>
</LocList>
<StmntSeq Intrnl_Id="465">
<LocList>
<Loc EndOffset="2261" SrcFileId="4" StartOffset="2211"/>
</LocList>
<BasicStmnt CovItemId="S29" CovItemPrefix="CardFunc.java" Intrnl_Id="466">
<LocList>
<Loc EndOffset="2261" SrcFileId="4" StartOffset="2211"/>
</LocList>
</BasicStmnt>
</StmntSeq>
</Branch>
<Keyword EndOffset="2028" SrcFileId="4" StartOffset="2026"/>
<LocList>
<Loc EndOffset="2266" SrcFileId="4" StartOffset="2026"/>
</LocList>
<RootTerm CovItemId="C11" CovItemPrefix="CardFunc.java" Intrnl_Id="467">
<BasicBoolTerm Intrnl_Id="468">
<LocList>
<Loc EndOffset="2058" SrcFileId="4" StartOffset="2029"/>
</LocList>
</BasicBoolTerm>
</RootTerm>
</CondStmnt>
</StmntSeq>
</HierarchyLvl>
<HierarchyLvl HierarchyLvlId="874" HierarchyLvlTypeId="7" Intrnl_Id="469" Name="func8Init">
<Header>
<Loc EndOffset="2299" SrcFileId="4" StartOffset="2276"/>
</Header>
<LocList>
<Loc EndOffset="2360" SrcFileId="4" StartOffset="2276"/>
</LocList>
<StmntSeq Intrnl_Id="470">
<LocList>
<Loc EndOffset="2356" SrcFileId="4" StartOffset="2305"/>
</LocList>
<CondStmnt CovItemId="S30" CovItemPrefix="CardFunc.java" Intrnl_Id="471">
<Branch CovItemId="B23" CovItemPrefix="CardFunc.java" Implct="false" Intrnl_Id="472">
<Cond/>
<LocList>
<Loc EndOffset="2356" SrcFileId="4" StartOffset="2331"/>
</LocList>
<StmntSeq Intrnl_Id="473">
<LocList>
<Loc EndOffset="2351" SrcFileId="4" StartOffset="2337"/>
</LocList>
<BasicStmnt CovItemId="S31" CovItemPrefix="CardFunc.java" Intrnl_Id="474">
<LocList>
<Loc EndOffset="2351" SrcFileId="4" StartOffset="2337"/>
</LocList>
</BasicStmnt>
</StmntSeq>
</Branch>
<Branch CovItemId="B24" CovItemPrefix="CardFunc.java" Implct="true" Intrnl_Id="475">
<Cond/>
<LocList/>
<StmntSeq Intrnl_Id="476">
<LocList/>
</StmntSeq>
</Branch>
<Keyword EndOffset="2307" SrcFileId="4" StartOffset="2305"/>
<LocList>
<Loc EndOffset="2356" SrcFileId="4" StartOffset="2305"/>
</LocList>
<RootTerm CovItemId="C12" CovItemPrefix="CardFunc.java" Intrnl_Id="477">
<BasicBoolTerm Intrnl_Id="478">
<LocList>
<Loc EndOffset="2329" SrcFileId="4" StartOffset="2308"/>
</LocList>
</BasicBoolTerm>
</RootTerm>
</CondStmnt>
</StmntSeq>
</HierarchyLvl>
<HierarchyLvl HierarchyLvlId="875" HierarchyLvlTypeId="7" Intrnl_Id="479" Name="func8">
<Header>
<Loc EndOffset="2401" SrcFileId="4" StartOffset="2366"/>
</Header>
<LocList>
<Loc EndOffset="2749" SrcFileId="4" StartOffset="2366"/>
</LocList>
<StmntSeq Intrnl_Id="480">
<LocList>
<Loc EndOffset="2745" SrcFileId="4" StartOffset="2523"/>
</LocList>
<CondStmnt CovItemId="S32" CovItemPrefix="CardFunc.java" Intrnl_Id="481">
<Branch CovItemId="B25" CovItemPrefix="CardFunc.java" Implct="false" Intrnl_Id="482">
<Cond/>
<LocList>
<Loc EndOffset="2632" SrcFileId="4" StartOffset="2536"/>
</LocList>
<StmntSeq Intrnl_Id="483">
<LocList>
<Loc EndOffset="2582" SrcFileId="4" StartOffset="2542"/>
<Loc EndOffset="2627" SrcFileId="4" StartOffset="2587"/>
</LocList>
<BasicStmnt CovItemId="S33" CovItemPrefix="CardFunc.java" Intrnl_Id="484">
<LocList>
<Loc EndOffset="2582" SrcFileId="4" StartOffset="2542"/>
</LocList>
</BasicStmnt>
<BasicStmnt CovItemId="S34" CovItemPrefix="CardFunc.java" Intrnl_Id="485">
<LocList>
<Loc EndOffset="2627" SrcFileId="4" StartOffset="2587"/>
</LocList>
</BasicStmnt>
</StmntSeq>
</Branch>
<Branch CovItemId="B26" CovItemPrefix="CardFunc.java" Implct="false" Intrnl_Id="486">
<Cond>
<Loc EndOffset="2637" SrcFileId="4" StartOffset="2633"/>
</Cond>
<LocList>
<Loc EndOffset="2745" SrcFileId="4" StartOffset="2638"/>
</LocList>
<StmntSeq Intrnl_Id="487">
<LocList>
<Loc EndOffset="2658" SrcFileId="4" StartOffset="2644"/>
<Loc EndOffset="2704" SrcFileId="4" StartOffset="2663"/>
</LocList>
<BasicStmnt CovItemId="S35" CovItemPrefix="CardFunc.java" Intrnl_Id="488">
<LocList>
<Loc EndOffset="2658" SrcFileId="4" StartOffset="2644"/>
</LocList>
</BasicStmnt>
<CondStmnt CovItemId="S36" CovItemPrefix="CardFunc.java" Intrnl_Id="489">
<Branch CovItemId="B27" CovItemPrefix="CardFunc.java" Implct="false" Intrnl_Id="490">
<Cond/>
<LocList>
<Loc EndOffset="2704" SrcFileId="4" StartOffset="2678"/>
</LocList>
<StmntSeq Intrnl_Id="491">
<LocList>
<Loc EndOffset="2698" SrcFileId="4" StartOffset="2685"/>
</LocList>
<BasicStmnt CovItemId="S37" CovItemPrefix="CardFunc.java" Intrnl_Id="492">
<LocList>
<Loc EndOffset="2698" SrcFileId="4" StartOffset="2685"/>
</LocList>
</BasicStmnt>
</StmntSeq>
</Branch>
<Branch CovItemId="B28" CovItemPrefix="CardFunc.java" Implct="true" Intrnl_Id="493">
<Cond/>
<LocList/>
<StmntSeq Intrnl_Id="494">
<LocList/>
</StmntSeq>
</Branch>
<Keyword EndOffset="2665" SrcFileId="4" StartOffset="2663"/>
<LocList>
<Loc EndOffset="2704" SrcFileId="4" StartOffset="2663"/>
</LocList>
<RootTerm CovItemId="C14" CovItemPrefix="CardFunc.java" Intrnl_Id="495">
<BasicBoolTerm Intrnl_Id="496">
<LocList>
<Loc EndOffset="2676" SrcFileId="4" StartOffset="2666"/>
</LocList>
</BasicBoolTerm>
</RootTerm>
</CondStmnt>
</StmntSeq>
</Branch>
<Keyword EndOffset="2525" SrcFileId="4" StartOffset="2523"/>
<LocList>
<Loc EndOffset="2745" SrcFileId="4" StartOffset="2523"/>
</LocList>
<RootTerm CovItemId="C13" CovItemPrefix="CardFunc.java" Intrnl_Id="497">
<BasicBoolTerm Intrnl_Id="498">
<LocList>
<Loc EndOffset="2534" SrcFileId="4" StartOffset="2526"/>
</LocList>
</BasicBoolTerm>
</RootTerm>
</CondStmnt>
</StmntSeq>
</HierarchyLvl>
<HierarchyLvl HierarchyLvlId="876" HierarchyLvlTypeId="7" Intrnl_Id="499" Name="func26Init">
<Header>
<Loc EndOffset="2779" SrcFileId="4" StartOffset="2755"/>
</Header>
<LocList>
<Loc EndOffset="2858" SrcFileId="4" StartOffset="2755"/>
</LocList>
</HierarchyLvl>
<HierarchyLvl HierarchyLvlId="877" HierarchyLvlTypeId="7" Intrnl_Id="500" Name="func26">
<Header>
<Loc EndOffset="2900" SrcFileId="4" StartOffset="2864"/>
</Header>
<LocList>
<Loc EndOffset="3213" SrcFileId="4" StartOffset="2864"/>
</LocList>
<StmntSeq Intrnl_Id="501">
<LocList>
<Loc EndOffset="3209" SrcFileId="4" StartOffset="3037"/>
</LocList>
<CondStmnt CovItemId="S38" CovItemPrefix="CardFunc.java" Intrnl_Id="502">
<Branch CovItemId="B29" CovItemPrefix="CardFunc.java" Implct="false" Intrnl_Id="503">
<Cond/>
<LocList>
<Loc EndOffset="3141" SrcFileId="4" StartOffset="3050"/>
</LocList>
<StmntSeq Intrnl_Id="504">
<LocList>
<Loc EndOffset="3136" SrcFileId="4" StartOffset="3056"/>
</LocList>
<LoopStmnt CovItemId="S39" CovItemPrefix="CardFunc.java" Intrnl_Id="505" MltplExecId="L1-2" MltplExecPrefix="CardFunc.java" NvrExecId="L1-0" NvrExecPrefix="CardFunc.java" OnceExecutedId="L1-1" OnceExecutedPrefix="CardFunc.java" OptBodyExec="true">
<StmntSeq Intrnl_Id="506">
<LocList>
<Loc EndOffset="3130" SrcFileId="4" StartOffset="3090"/>
</LocList>
<BasicStmnt CovItemId="S40" CovItemPrefix="CardFunc.java" Intrnl_Id="507">
<LocList>
<Loc EndOffset="3130" SrcFileId="4" StartOffset="3090"/>
</LocList>
</BasicStmnt>
</StmntSeq>
<Keyword EndOffset="3059" SrcFileId="4" StartOffset="3056"/>
<LocList>
<Loc EndOffset="3136" SrcFileId="4" StartOffset="3056"/>
</LocList>
<RootTerm CovItemId="C16" CovItemPrefix="CardFunc.java" Intrnl_Id="508">
<BasicBoolTerm Intrnl_Id="509">
<LocList>
<Loc EndOffset="3076" SrcFileId="4" StartOffset="3071"/>
</LocList>
</BasicBoolTerm>
</RootTerm>
</LoopStmnt>
</StmntSeq>
</Branch>
<Branch CovItemId="B30" CovItemPrefix="CardFunc.java" Implct="false" Intrnl_Id="510">
<Cond>
<Loc EndOffset="3146" SrcFileId="4" StartOffset="3142"/>
</Cond>
<LocList>
<Loc EndOffset="3209" SrcFileId="4" StartOffset="3147"/>
</LocList>
<StmntSeq Intrnl_Id="511">
<LocList/>
</StmntSeq>
</Branch>
<Keyword EndOffset="3039" SrcFileId="4" StartOffset="3037"/>
<LocList>
<Loc EndOffset="3209" SrcFileId="4" StartOffset="3037"/>
</LocList>
<RootTerm CovItemId="C15" CovItemPrefix="CardFunc.java" Intrnl_Id="512">
<BasicBoolTerm Intrnl_Id="513">
<LocList>
<Loc EndOffset="3048" SrcFileId="4" StartOffset="3040"/>
</LocList>
</BasicBoolTerm>
</RootTerm>
</CondStmnt>
</StmntSeq>
</HierarchyLvl>
<HierarchyLvl HierarchyLvlId="878" HierarchyLvlTypeId="7" Intrnl_Id="514" Name="func27Init">
<Header>
<Loc EndOffset="3243" SrcFileId="4" StartOffset="3219"/>
</Header>
<LocList>
<Loc EndOffset="3314" SrcFileId="4" StartOffset="3219"/>
</LocList>
<StmntSeq Intrnl_Id="515">
<LocList>
<Loc EndOffset="3310" SrcFileId="4" StartOffset="3249"/>
</LocList>
<CondStmnt CovItemId="S41" CovItemPrefix="CardFunc.java" Intrnl_Id="516">
<Branch CovItemId="B31" CovItemPrefix="CardFunc.java" Implct="false" Intrnl_Id="517">
<Cond/>
<LocList>
<Loc EndOffset="3310" SrcFileId="4" StartOffset="3285"/>
</LocList>
<StmntSeq Intrnl_Id="518">
<LocList>
<Loc EndOffset="3305" SrcFileId="4" StartOffset="3291"/>
</LocList>
<BasicStmnt CovItemId="S42" CovItemPrefix="CardFunc.java" Intrnl_Id="519">
<LocList>
<Loc EndOffset="3305" SrcFileId="4" StartOffset="3291"/>
</LocList>
</BasicStmnt>
</StmntSeq>
</Branch>
<Branch CovItemId="B32" CovItemPrefix="CardFunc.java" Implct="true" Intrnl_Id="520">
<Cond/>
<LocList/>
<StmntSeq Intrnl_Id="521">
<LocList/>
</StmntSeq>
</Branch>
<Keyword EndOffset="3251" SrcFileId="4" StartOffset="3249"/>
<LocList>
<Loc EndOffset="3310" SrcFileId="4" StartOffset="3249"/>
</LocList>
<RootTerm CovItemId="C17" CovItemPrefix="CardFunc.java" Intrnl_Id="522">
<BasicBoolTerm Intrnl_Id="523">
<LocList>
<Loc EndOffset="3283" SrcFileId="4" StartOffset="3252"/>
</LocList>
</BasicBoolTerm>
</RootTerm>
</CondStmnt>
</StmntSeq>
</HierarchyLvl>
<HierarchyLvl HierarchyLvlId="879" HierarchyLvlTypeId="7" Intrnl_Id="524" Name="func27">
<Header>
<Loc EndOffset="3356" SrcFileId="4" StartOffset="3320"/>
</Header>
<LocList>
<Loc EndOffset="3564" SrcFileId="4" StartOffset="3320"/>
</LocList>
<StmntSeq Intrnl_Id="525">
<LocList>
<Loc EndOffset="3560" SrcFileId="4" StartOffset="3440"/>
</LocList>
<CondStmnt CovItemId="S43" CovItemPrefix="CardFunc.java" Intrnl_Id="526">
<Branch CovItemId="B33" CovItemPrefix="CardFunc.java" Implct="false" Intrnl_Id="527">
<Cond/>
<LocList>
<Loc EndOffset="3504" SrcFileId="4" StartOffset="3453"/>
</LocList>
<StmntSeq Intrnl_Id="528">
<LocList>
<Loc EndOffset="3499" SrcFileId="4" StartOffset="3459"/>
</LocList>
<BasicStmnt CovItemId="S44" CovItemPrefix="CardFunc.java" Intrnl_Id="529">
<LocList>
<Loc EndOffset="3499" SrcFileId="4" StartOffset="3459"/>
</LocList>
</BasicStmnt>
</StmntSeq>
</Branch>
<Branch CovItemId="B34" CovItemPrefix="CardFunc.java" Implct="false" Intrnl_Id="530">
<Cond>
<Loc EndOffset="3509" SrcFileId="4" StartOffset="3505"/>
</Cond>
<LocList>
<Loc EndOffset="3560" SrcFileId="4" StartOffset="3510"/>
</LocList>
<StmntSeq Intrnl_Id="531">
<LocList/>
</StmntSeq>
</Branch>
<Keyword EndOffset="3442" SrcFileId="4" StartOffset="3440"/>
<LocList>
<Loc EndOffset="3560" SrcFileId="4" StartOffset="3440"/>
</LocList>
<RootTerm CovItemId="C18" CovItemPrefix="CardFunc.java" Intrnl_Id="532">
<BasicBoolTerm Intrnl_Id="533">
<LocList>
<Loc EndOffset="3451" SrcFileId="4" StartOffset="3443"/>
</LocList>
</BasicBoolTerm>
</RootTerm>
</CondStmnt>
</StmntSeq>
</HierarchyLvl>
<HierarchyLvl HierarchyLvlId="880" HierarchyLvlTypeId="7" Intrnl_Id="534" Name="func28Init">
<Header>
<Loc EndOffset="3594" SrcFileId="4" StartOffset="3570"/>
</Header>
<LocList>
<Loc EndOffset="3713" SrcFileId="4" StartOffset="3570"/>
</LocList>
<StmntSeq Intrnl_Id="535">
<LocList>
<Loc EndOffset="3620" SrcFileId="4" StartOffset="3600"/>
</LocList>
<BasicStmnt CovItemId="S45" CovItemPrefix="CardFunc.java" Intrnl_Id="536">
<LocList>
<Loc EndOffset="3620" SrcFileId="4" StartOffset="3600"/>
</LocList>
</BasicStmnt>
</StmntSeq>
</HierarchyLvl>
<HierarchyLvl HierarchyLvlId="881" HierarchyLvlTypeId="7" Intrnl_Id="537" Name="func28">
<Header>
<Loc EndOffset="3755" SrcFileId="4" StartOffset="3719"/>
</Header>
<LocList>
<Loc EndOffset="4025" SrcFileId="4" StartOffset="3719"/>
</LocList>
<StmntSeq Intrnl_Id="538">
<LocList>
<Loc EndOffset="4021" SrcFileId="4" StartOffset="3862"/>
</LocList>
<CondStmnt CovItemId="S46" CovItemPrefix="CardFunc.java" Intrnl_Id="539">
<Branch CovItemId="B35" CovItemPrefix="CardFunc.java" Implct="false" Intrnl_Id="540">
<Cond/>
<LocList>
<Loc EndOffset="3971" SrcFileId="4" StartOffset="3875"/>
</LocList>
<StmntSeq Intrnl_Id="541">
<LocList>
<Loc EndOffset="3921" SrcFileId="4" StartOffset="3881"/>
<Loc EndOffset="3966" SrcFileId="4" StartOffset="3926"/>
</LocList>
<BasicStmnt CovItemId="S47" CovItemPrefix="CardFunc.java" Intrnl_Id="542">
<LocList>
<Loc EndOffset="3921" SrcFileId="4" StartOffset="3881"/>
</LocList>
</BasicStmnt>
<BasicStmnt CovItemId="S48" CovItemPrefix="CardFunc.java" Intrnl_Id="543">
<LocList>
<Loc EndOffset="3966" SrcFileId="4" StartOffset="3926"/>
</LocList>
</BasicStmnt>
</StmntSeq>
</Branch>
<Branch CovItemId="B36" CovItemPrefix="CardFunc.java" Implct="false" Intrnl_Id="544">
<Cond>
<Loc EndOffset="3976" SrcFileId="4" StartOffset="3972"/>
</Cond>
<LocList>
<Loc EndOffset="4021" SrcFileId="4" StartOffset="3977"/>
</LocList>
<StmntSeq Intrnl_Id="545">
<LocList/>
</StmntSeq>
</Branch>
<Keyword EndOffset="3864" SrcFileId="4" StartOffset="3862"/>
<LocList>
<Loc EndOffset="4021" SrcFileId="4" StartOffset="3862"/>
</LocList>
<RootTerm CovItemId="C19" CovItemPrefix="CardFunc.java" Intrnl_Id="546">
<BasicBoolTerm Intrnl_Id="547">
<LocList>
<Loc EndOffset="3873" SrcFileId="4" StartOffset="3865"/>
</LocList>
</BasicBoolTerm>
</RootTerm>
</CondStmnt>
</StmntSeq>
</HierarchyLvl>
<HierarchyLvl HierarchyLvlId="882" HierarchyLvlTypeId="7" Intrnl_Id="548" Name="func29Init">
<Header>
<Loc EndOffset="4055" SrcFileId="4" StartOffset="4031"/>
</Header>
<LocList>
<Loc EndOffset="4080" SrcFileId="4" StartOffset="4031"/>
</LocList>
<StmntSeq Intrnl_Id="549">
<LocList>
<Loc EndOffset="4076" SrcFileId="4" StartOffset="4061"/>
</LocList>
<BasicStmnt CovItemId="S49" CovItemPrefix="CardFunc.java" Intrnl_Id="550">
<LocList>
<Loc EndOffset="4076" SrcFileId="4" StartOffset="4061"/>
</LocList>
</BasicStmnt>
</StmntSeq>
</HierarchyLvl>
<HierarchyLvl HierarchyLvlId="883" HierarchyLvlTypeId="7" Intrnl_Id="551" Name="func29">
<Header>
<Loc EndOffset="4122" SrcFileId="4" StartOffset="4086"/>
</Header>
<LocList>
<Loc EndOffset="4299" SrcFileId="4" StartOffset="4086"/>
</LocList>
<StmntSeq Intrnl_Id="552">
<LocList>
<Loc EndOffset="4295" SrcFileId="4" StartOffset="4186"/>
</LocList>
<CondStmnt CovItemId="S50" CovItemPrefix="CardFunc.java" Intrnl_Id="553">
<Branch CovItemId="B37" CovItemPrefix="CardFunc.java" Implct="false" Intrnl_Id="554">
<Cond/>
<LocList>
<Loc EndOffset="4295" SrcFileId="4" StartOffset="4199"/>
</LocList>
<StmntSeq Intrnl_Id="555">
<LocList>
<Loc EndOffset="4245" SrcFileId="4" StartOffset="4205"/>
<Loc EndOffset="4290" SrcFileId="4" StartOffset="4250"/>
</LocList>
<BasicStmnt CovItemId="S51" CovItemPrefix="CardFunc.java" Intrnl_Id="556">
<LocList>
<Loc EndOffset="4245" SrcFileId="4" StartOffset="4205"/>
</LocList>
</BasicStmnt>
<BasicStmnt CovItemId="S52" CovItemPrefix="CardFunc.java" Intrnl_Id="557">
<LocList>
<Loc EndOffset="4290" SrcFileId="4" StartOffset="4250"/>
</LocList>
</BasicStmnt>
</StmntSeq>
</Branch>
<Branch CovItemId="B38" CovItemPrefix="CardFunc.java" Implct="true" Intrnl_Id="558">
<Cond/>
<LocList/>
<StmntSeq Intrnl_Id="559">
<LocList/>
</StmntSeq>
</Branch>
<Keyword EndOffset="4188" SrcFileId="4" StartOffset="4186"/>
<LocList>
<Loc EndOffset="4295" SrcFileId="4" StartOffset="4186"/>
</LocList>
<RootTerm CovItemId="C20" CovItemPrefix="CardFunc.java" Intrnl_Id="560">
<BasicBoolTerm Intrnl_Id="561">
<LocList>
<Loc EndOffset="4197" SrcFileId="4" StartOffset="4189"/>
</LocList>
</BasicBoolTerm>
</RootTerm>
</CondStmnt>
</StmntSeq>
</HierarchyLvl>
<HierarchyLvl HierarchyLvlId="884" HierarchyLvlTypeId="7" Intrnl_Id="562" Name="func30Init">
<Header>
<Loc EndOffset="4329" SrcFileId="4" StartOffset="4305"/>
</Header>
<LocList>
<Loc EndOffset="4406" SrcFileId="4" StartOffset="4305"/>
</LocList>
<StmntSeq Intrnl_Id="563">
<LocList>
<Loc EndOffset="4402" SrcFileId="4" StartOffset="4335"/>
</LocList>
<CondStmnt CovItemId="S53" CovItemPrefix="CardFunc.java" Intrnl_Id="564">
<Branch CovItemId="B39" CovItemPrefix="CardFunc.java" Implct="false" Intrnl_Id="565">
<Cond/>
<LocList>
<Loc EndOffset="4402" SrcFileId="4" StartOffset="4377"/>
</LocList>
<StmntSeq Intrnl_Id="566">
<LocList>
<Loc EndOffset="4397" SrcFileId="4" StartOffset="4383"/>
</LocList>
<BasicStmnt CovItemId="S54" CovItemPrefix="CardFunc.java" Intrnl_Id="567">
<LocList>
<Loc EndOffset="4397" SrcFileId="4" StartOffset="4383"/>
</LocList>
</BasicStmnt>
</StmntSeq>
</Branch>
<Branch CovItemId="B40" CovItemPrefix="CardFunc.java" Implct="true" Intrnl_Id="568">
<Cond/>
<LocList/>
<StmntSeq Intrnl_Id="569">
<LocList/>
</StmntSeq>
</Branch>
<Keyword EndOffset="4337" SrcFileId="4" StartOffset="4335"/>
<LocList>
<Loc EndOffset="4402" SrcFileId="4" StartOffset="4335"/>
</LocList>
<RootTerm CovItemId="C21" CovItemPrefix="CardFunc.java" Intrnl_Id="570">
<BasicBoolTerm Intrnl_Id="571">
<LocList>
<Loc EndOffset="4375" SrcFileId="4" StartOffset="4338"/>
</LocList>
</BasicBoolTerm>
</RootTerm>
</CondStmnt>
</StmntSeq>
</HierarchyLvl>
<HierarchyLvl HierarchyLvlId="885" HierarchyLvlTypeId="7" Intrnl_Id="572" Name="func30">
<Header>
<Loc EndOffset="4448" SrcFileId="4" StartOffset="4412"/>
</Header>
<LocList>
<Loc EndOffset="4652" SrcFileId="4" StartOffset="4412"/>
</LocList>
<StmntSeq Intrnl_Id="573">
<LocList>
<Loc EndOffset="4648" SrcFileId="4" StartOffset="4510"/>
</LocList>
<CondStmnt CovItemId="S55" CovItemPrefix="CardFunc.java" Intrnl_Id="574">
<Branch CovItemId="B41" CovItemPrefix="CardFunc.java" Implct="false" Intrnl_Id="575">
<Cond/>
<LocList>
<Loc EndOffset="4614" SrcFileId="4" StartOffset="4523"/>
</LocList>
<StmntSeq Intrnl_Id="576">
<LocList>
<Loc EndOffset="4609" SrcFileId="4" StartOffset="4529"/>
</LocList>
<LoopStmnt CovItemId="S56" CovItemPrefix="CardFunc.java" Intrnl_Id="577" MltplExecId="L2-2" MltplExecPrefix="CardFunc.java" NvrExecId="L2-0" NvrExecPrefix="CardFunc.java" OnceExecutedId="L2-1" OnceExecutedPrefix="CardFunc.java" OptBodyExec="true">
<StmntSeq Intrnl_Id="578">
<LocList>
<Loc EndOffset="4603" SrcFileId="4" StartOffset="4563"/>
</LocList>
<BasicStmnt CovItemId="S57" CovItemPrefix="CardFunc.java" Intrnl_Id="579">
<LocList>
<Loc EndOffset="4603" SrcFileId="4" StartOffset="4563"/>
</LocList>
</BasicStmnt>
</StmntSeq>
<Keyword EndOffset="4532" SrcFileId="4" StartOffset="4529"/>
<LocList>
<Loc EndOffset="4609" SrcFileId="4" StartOffset="4529"/>
</LocList>
<RootTerm CovItemId="C23" CovItemPrefix="CardFunc.java" Intrnl_Id="580">
<BasicBoolTerm Intrnl_Id="581">
<LocList>
<Loc EndOffset="4549" SrcFileId="4" StartOffset="4544"/>
</LocList>
</BasicBoolTerm>
</RootTerm>
</LoopStmnt>
</StmntSeq>
</Branch>
<Branch CovItemId="B42" CovItemPrefix="CardFunc.java" Implct="false" Intrnl_Id="582">
<Cond>
<Loc EndOffset="4619" SrcFileId="4" StartOffset="4615"/>
</Cond>
<LocList>
<Loc EndOffset="4648" SrcFileId="4" StartOffset="4620"/>
</LocList>
<StmntSeq Intrnl_Id="583">
<LocList/>
</StmntSeq>
</Branch>
<Keyword EndOffset="4512" SrcFileId="4" StartOffset="4510"/>
<LocList>
<Loc EndOffset="4648" SrcFileId="4" StartOffset="4510"/>
</LocList>
<RootTerm CovItemId="C22" CovItemPrefix="CardFunc.java" Intrnl_Id="584">
<BasicBoolTerm Intrnl_Id="585">
<LocList>
<Loc EndOffset="4521" SrcFileId="4" StartOffset="4513"/>
</LocList>
</BasicBoolTerm>
</RootTerm>
</CondStmnt>
</StmntSeq>
</HierarchyLvl>
<HierarchyLvl HierarchyLvlId="886" HierarchyLvlTypeId="7" Intrnl_Id="586" Name="func31">
<Header>
<Loc EndOffset="4678" SrcFileId="4" StartOffset="4658"/>
</Header>
<LocList>
<Loc EndOffset="4810" SrcFileId="4" StartOffset="4658"/>
</LocList>
</HierarchyLvl>
<HierarchyLvl HierarchyLvlId="887" HierarchyLvlTypeId="7" Intrnl_Id="587" Name="func32Init">
<Header>
<Loc EndOffset="4840" SrcFileId="4" StartOffset="4816"/>
</Header>
<LocList>
<Loc EndOffset="4883" SrcFileId="4" StartOffset="4816"/>
</LocList>
</HierarchyLvl>
<HierarchyLvl HierarchyLvlId="888" HierarchyLvlTypeId="7" Intrnl_Id="588" Name="func32">
<Header>
<Loc EndOffset="4925" SrcFileId="4" StartOffset="4889"/>
</Header>
<LocList>
<Loc EndOffset="5172" SrcFileId="4" StartOffset="4889"/>
</LocList>
<StmntSeq Intrnl_Id="589">
<LocList>
<Loc EndOffset="5168" SrcFileId="4" StartOffset="5012"/>
</LocList>
<CondStmnt CovItemId="S58" CovItemPrefix="CardFunc.java" Intrnl_Id="590">
<Branch CovItemId="B43" CovItemPrefix="CardFunc.java" Implct="false" Intrnl_Id="591">
<Cond/>
<LocList>
<Loc EndOffset="5116" SrcFileId="4" StartOffset="5025"/>
</LocList>
<StmntSeq Intrnl_Id="592">
<LocList>
<Loc EndOffset="5111" SrcFileId="4" StartOffset="5031"/>
</LocList>
<LoopStmnt CovItemId="S59" CovItemPrefix="CardFunc.java" Intrnl_Id="593" MltplExecId="L3-2" MltplExecPrefix="CardFunc.java" NvrExecId="L3-0" NvrExecPrefix="CardFunc.java" OnceExecutedId="L3-1" OnceExecutedPrefix="CardFunc.java" OptBodyExec="true">
<StmntSeq Intrnl_Id="594">
<LocList>
<Loc EndOffset="5105" SrcFileId="4" StartOffset="5065"/>
</LocList>
<BasicStmnt CovItemId="S60" CovItemPrefix="CardFunc.java" Intrnl_Id="595">
<LocList>
<Loc EndOffset="5105" SrcFileId="4" StartOffset="5065"/>
</LocList>
</BasicStmnt>
</StmntSeq>
<Keyword EndOffset="5034" SrcFileId="4" StartOffset="5031"/>
<LocList>
<Loc EndOffset="5111" SrcFileId="4" StartOffset="5031"/>
</LocList>
<RootTerm CovItemId="C25" CovItemPrefix="CardFunc.java" Intrnl_Id="596">
<BasicBoolTerm Intrnl_Id="597">
<LocList>
<Loc EndOffset="5051" SrcFileId="4" StartOffset="5046"/>
</LocList>
</BasicBoolTerm>
</RootTerm>
</LoopStmnt>
</StmntSeq>
</Branch>
<Branch CovItemId="B44" CovItemPrefix="CardFunc.java" Implct="false" Intrnl_Id="598">
<Cond>
<Loc EndOffset="5121" SrcFileId="4" StartOffset="5117"/>
</Cond>
<LocList>
<Loc EndOffset="5168" SrcFileId="4" StartOffset="5122"/>
</LocList>
<StmntSeq Intrnl_Id="599">
<LocList/>
</StmntSeq>
</Branch>
<Keyword EndOffset="5014" SrcFileId="4" StartOffset="5012"/>
<LocList>
<Loc EndOffset="5168" SrcFileId="4" StartOffset="5012"/>
</LocList>
<RootTerm CovItemId="C24" CovItemPrefix="CardFunc.java" Intrnl_Id="600">
<BasicBoolTerm Intrnl_Id="601">
<LocList>
<Loc EndOffset="5023" SrcFileId="4" StartOffset="5015"/>
</LocList>
</BasicBoolTerm>
</RootTerm>
</CondStmnt>
</StmntSeq>
</HierarchyLvl>
<HierarchyLvl HierarchyLvlId="889" HierarchyLvlTypeId="7" Intrnl_Id="602" Name="func33Init">
<Header>
<Loc EndOffset="5202" SrcFileId="4" StartOffset="5178"/>
</Header>
<LocList>
<Loc EndOffset="5257" SrcFileId="4" StartOffset="5178"/>
</LocList>
<StmntSeq Intrnl_Id="603">
<LocList>
<Loc EndOffset="5253" SrcFileId="4" StartOffset="5208"/>
</LocList>
<CondStmnt CovItemId="S61" CovItemPrefix="CardFunc.java" Intrnl_Id="604">
<Branch CovItemId="B45" CovItemPrefix="CardFunc.java" Implct="false" Intrnl_Id="605">
<Cond/>
<LocList>
<Loc EndOffset="5253" SrcFileId="4" StartOffset="5228"/>
</LocList>
<StmntSeq Intrnl_Id="606">
<LocList>
<Loc EndOffset="5248" SrcFileId="4" StartOffset="5234"/>
</LocList>
<BasicStmnt CovItemId="S62" CovItemPrefix="CardFunc.java" Intrnl_Id="607">
<LocList>
<Loc EndOffset="5248" SrcFileId="4" StartOffset="5234"/>
</LocList>
</BasicStmnt>
</StmntSeq>
</Branch>
<Branch CovItemId="B46" CovItemPrefix="CardFunc.java" Implct="true" Intrnl_Id="608">
<Cond/>
<LocList/>
<StmntSeq Intrnl_Id="609">
<LocList/>
</StmntSeq>
</Branch>
<Keyword EndOffset="5210" SrcFileId="4" StartOffset="5208"/>
<LocList>
<Loc EndOffset="5253" SrcFileId="4" StartOffset="5208"/>
</LocList>
<RootTerm CovItemId="C26" CovItemPrefix="CardFunc.java" Intrnl_Id="610">
<BasicBoolTerm Intrnl_Id="611">
<LocList>
<Loc EndOffset="5226" SrcFileId="4" StartOffset="5211"/>
</LocList>
</BasicBoolTerm>
</RootTerm>
</CondStmnt>
</StmntSeq>
</HierarchyLvl>
<HierarchyLvl HierarchyLvlId="890" HierarchyLvlTypeId="7" Intrnl_Id="612" Name="func33">
<Header>
<Loc EndOffset="5299" SrcFileId="4" StartOffset="5263"/>
</Header>
<LocList>
<Loc EndOffset="5541" SrcFileId="4" StartOffset="5263"/>
</LocList>
<StmntSeq Intrnl_Id="613">
<LocList>
<Loc EndOffset="5537" SrcFileId="4" StartOffset="5390"/>
</LocList>
<CondStmnt CovItemId="S63" CovItemPrefix="CardFunc.java" Intrnl_Id="614">
<Branch CovItemId="B47" CovItemPrefix="CardFunc.java" Implct="false" Intrnl_Id="615">
<Cond/>
<LocList>
<Loc EndOffset="5499" SrcFileId="4" StartOffset="5403"/>
</LocList>
<StmntSeq Intrnl_Id="616">
<LocList>
<Loc EndOffset="5449" SrcFileId="4" StartOffset="5409"/>
<Loc EndOffset="5494" SrcFileId="4" StartOffset="5454"/>
</LocList>
<BasicStmnt CovItemId="S64" CovItemPrefix="CardFunc.java" Intrnl_Id="617">
<LocList>
<Loc EndOffset="5449" SrcFileId="4" StartOffset="5409"/>
</LocList>
</BasicStmnt>
<BasicStmnt CovItemId="S65" CovItemPrefix="CardFunc.java" Intrnl_Id="618">
<LocList>
<Loc EndOffset="5494" SrcFileId="4" StartOffset="5454"/>
</LocList>
</BasicStmnt>
</StmntSeq>
</Branch>
<Branch CovItemId="B48" CovItemPrefix="CardFunc.java" Implct="false" Intrnl_Id="619">
<Cond>
<Loc EndOffset="5504" SrcFileId="4" StartOffset="5500"/>
</Cond>
<LocList>
<Loc EndOffset="5537" SrcFileId="4" StartOffset="5505"/>
</LocList>
<StmntSeq Intrnl_Id="620">
<LocList/>
</StmntSeq>
</Branch>
<Keyword EndOffset="5392" SrcFileId="4" StartOffset="5390"/>
<LocList>
<Loc EndOffset="5537" SrcFileId="4" StartOffset="5390"/>
</LocList>
<RootTerm CovItemId="C27" CovItemPrefix="CardFunc.java" Intrnl_Id="621">
<BasicBoolTerm Intrnl_Id="622">
<LocList>
<Loc EndOffset="5401" SrcFileId="4" StartOffset="5393"/>
</LocList>
</BasicBoolTerm>
</RootTerm>
</CondStmnt>
</StmntSeq>
</HierarchyLvl>
<HierarchyLvl HierarchyLvlId="891" HierarchyLvlTypeId="7" Intrnl_Id="623" Name="func34">
<Header>
<Loc EndOffset="5567" SrcFileId="4" StartOffset="5547"/>
</Header>
<LocList>
<Loc EndOffset="5594" SrcFileId="4" StartOffset="5547"/>
</LocList>
</HierarchyLvl>
<HierarchyLvl HierarchyLvlId="892" HierarchyLvlTypeId="7" Intrnl_Id="624" Name="func35Init">
<Header>
<Loc EndOffset="5624" SrcFileId="4" StartOffset="5600"/>
</Header>
<LocList>
<Loc EndOffset="5764" SrcFileId="4" StartOffset="5600"/>
</LocList>
<StmntSeq Intrnl_Id="625">
<LocList>
<Loc EndOffset="5760" SrcFileId="4" StartOffset="5630"/>
</LocList>
<CondStmnt CovItemId="S66" CovItemPrefix="CardFunc.java" Intrnl_Id="626">
<Branch CovItemId="B49" CovItemPrefix="CardFunc.java" Implct="false" Intrnl_Id="627">
<Cond/>
<LocList>
<Loc EndOffset="5691" SrcFileId="4" StartOffset="5666"/>
</LocList>
<StmntSeq Intrnl_Id="628">
<LocList>
<Loc EndOffset="5686" SrcFileId="4" StartOffset="5672"/>
</LocList>
<BasicStmnt CovItemId="S67" CovItemPrefix="CardFunc.java" Intrnl_Id="629">
<LocList>
<Loc EndOffset="5686" SrcFileId="4" StartOffset="5672"/>
</LocList>
</BasicStmnt>
</StmntSeq>
</Branch>
<Branch CovItemId="B50" CovItemPrefix="CardFunc.java" Implct="false" Intrnl_Id="630">
<Cond>
<Loc EndOffset="5696" SrcFileId="4" StartOffset="5692"/>
</Cond>
<LocList>
<Loc EndOffset="5760" SrcFileId="4" StartOffset="5697"/>
</LocList>
<StmntSeq Intrnl_Id="631">
<LocList>
<Loc EndOffset="5760" SrcFileId="4" StartOffset="5697"/>
</LocList>
<CondStmnt CovItemId="S68" CovItemPrefix="CardFunc.java" Intrnl_Id="632">
<Branch CovItemId="B51" CovItemPrefix="CardFunc.java" Implct="false" Intrnl_Id="633">
<Cond/>
<LocList>
<Loc EndOffset="5760" SrcFileId="4" StartOffset="5735"/>
</LocList>
<StmntSeq Intrnl_Id="634">
<LocList>
<Loc EndOffset="5755" SrcFileId="4" StartOffset="5741"/>
</LocList>
<BasicStmnt CovItemId="S69" CovItemPrefix="CardFunc.java" Intrnl_Id="635">
<LocList>
<Loc EndOffset="5755" SrcFileId="4" StartOffset="5741"/>
</LocList>
</BasicStmnt>
</StmntSeq>
</Branch>
<Branch CovItemId="B52" CovItemPrefix="CardFunc.java" Implct="true" Intrnl_Id="636">
<Cond/>
<LocList/>
<StmntSeq Intrnl_Id="637">
<LocList/>
</StmntSeq>
</Branch>
<Keyword EndOffset="5699" SrcFileId="4" StartOffset="5697"/>
<LocList>
<Loc EndOffset="5760" SrcFileId="4" StartOffset="5697"/>
</LocList>
<RootTerm CovItemId="C29" CovItemPrefix="CardFunc.java" Intrnl_Id="638">
<BasicBoolTerm Intrnl_Id="639">
<LocList>
<Loc EndOffset="5734" SrcFileId="4" StartOffset="5700"/>
</LocList>
</BasicBoolTerm>
</RootTerm>
</CondStmnt>
</StmntSeq>
</Branch>
<Keyword EndOffset="5632" SrcFileId="4" StartOffset="5630"/>
<LocList>
<Loc EndOffset="5760" SrcFileId="4" StartOffset="5630"/>
</LocList>
<RootTerm CovItemId="C28" CovItemPrefix="CardFunc.java" Intrnl_Id="640">
<BasicBoolTerm Intrnl_Id="641">
<LocList>
<Loc EndOffset="5664" SrcFileId="4" StartOffset="5633"/>
</LocList>
</BasicBoolTerm>
</RootTerm>
</CondStmnt>
</StmntSeq>
</HierarchyLvl>
<HierarchyLvl HierarchyLvlId="893" HierarchyLvlTypeId="7" Intrnl_Id="642" Name="func35">
<Header>
<Loc EndOffset="5806" SrcFileId="4" StartOffset="5770"/>
</Header>
<LocList>
<Loc EndOffset="6046" SrcFileId="4" StartOffset="5770"/>
</LocList>
<StmntSeq Intrnl_Id="643">
<LocList>
<Loc EndOffset="6042" SrcFileId="4" StartOffset="5898"/>
</LocList>
<CondStmnt CovItemId="S70" CovItemPrefix="CardFunc.java" Intrnl_Id="644">
<Branch CovItemId="B53" CovItemPrefix="CardFunc.java" Implct="false" Intrnl_Id="645">
<Cond/>
<LocList>
<Loc EndOffset="6002" SrcFileId="4" StartOffset="5911"/>
</LocList>
<StmntSeq Intrnl_Id="646">
<LocList>
<Loc EndOffset="5997" SrcFileId="4" StartOffset="5917"/>
</LocList>
<LoopStmnt CovItemId="S71" CovItemPrefix="CardFunc.java" Intrnl_Id="647" MltplExecId="L4-2" MltplExecPrefix="CardFunc.java" NvrExecId="L4-0" NvrExecPrefix="CardFunc.java" OnceExecutedId="L4-1" OnceExecutedPrefix="CardFunc.java" OptBodyExec="true">
<StmntSeq Intrnl_Id="648">
<LocList>
<Loc EndOffset="5991" SrcFileId="4" StartOffset="5951"/>
</LocList>
<BasicStmnt CovItemId="S72" CovItemPrefix="CardFunc.java" Intrnl_Id="649">
<LocList>
<Loc EndOffset="5991" SrcFileId="4" StartOffset="5951"/>
</LocList>
</BasicStmnt>
</StmntSeq>
<Keyword EndOffset="5920" SrcFileId="4" StartOffset="5917"/>
<LocList>
<Loc EndOffset="5997" SrcFileId="4" StartOffset="5917"/>
</LocList>
<RootTerm CovItemId="C31" CovItemPrefix="CardFunc.java" Intrnl_Id="650">
<BasicBoolTerm Intrnl_Id="651">
<LocList>
<Loc EndOffset="5937" SrcFileId="4" StartOffset="5932"/>
</LocList>
</BasicBoolTerm>
</RootTerm>
</LoopStmnt>
</StmntSeq>
</Branch>
<Branch CovItemId="B54" CovItemPrefix="CardFunc.java" Implct="false" Intrnl_Id="652">
<Cond>
<Loc EndOffset="6007" SrcFileId="4" StartOffset="6003"/>
</Cond>
<LocList>
<Loc EndOffset="6042" SrcFileId="4" StartOffset="6008"/>
</LocList>
<StmntSeq Intrnl_Id="653">
<LocList/>
</StmntSeq>
</Branch>
<Keyword EndOffset="5900" SrcFileId="4" StartOffset="5898"/>
<LocList>
<Loc EndOffset="6042" SrcFileId="4" StartOffset="5898"/>
</LocList>
<RootTerm CovItemId="C30" CovItemPrefix="CardFunc.java" Intrnl_Id="654">
<BasicBoolTerm Intrnl_Id="655">
<LocList>
<Loc EndOffset="5909" SrcFileId="4" StartOffset="5901"/>
</LocList>
</BasicBoolTerm>
</RootTerm>
</CondStmnt>
</StmntSeq>
</HierarchyLvl>
<HierarchyLvl HierarchyLvlId="894" HierarchyLvlTypeId="7" Intrnl_Id="656" Name="func36Init">
<Header>
<Loc EndOffset="6076" SrcFileId="4" StartOffset="6052"/>
</Header>
<LocList>
<Loc EndOffset="6131" SrcFileId="4" StartOffset="6052"/>
</LocList>
<StmntSeq Intrnl_Id="657">
<LocList>
<Loc EndOffset="6127" SrcFileId="4" StartOffset="6082"/>
</LocList>
<CondStmnt CovItemId="S73" CovItemPrefix="CardFunc.java" Intrnl_Id="658">
<Branch CovItemId="B55" CovItemPrefix="CardFunc.java" Implct="false" Intrnl_Id="659">
<Cond/>
<LocList>
<Loc EndOffset="6127" SrcFileId="4" StartOffset="6102"/>
</LocList>
<StmntSeq Intrnl_Id="660">
<LocList>
<Loc EndOffset="6122" SrcFileId="4" StartOffset="6108"/>
</LocList>
<BasicStmnt CovItemId="S74" CovItemPrefix="CardFunc.java" Intrnl_Id="661">
<LocList>
<Loc EndOffset="6122" SrcFileId="4" StartOffset="6108"/>
</LocList>
</BasicStmnt>
</StmntSeq>
</Branch>
<Branch CovItemId="B56" CovItemPrefix="CardFunc.java" Implct="true" Intrnl_Id="662">
<Cond/>
<LocList/>
<StmntSeq Intrnl_Id="663">
<LocList/>
</StmntSeq>
</Branch>
<Keyword EndOffset="6084" SrcFileId="4" StartOffset="6082"/>
<LocList>
<Loc EndOffset="6127" SrcFileId="4" StartOffset="6082"/>
</LocList>
<RootTerm CovItemId="C32" CovItemPrefix="CardFunc.java" Intrnl_Id="664">
<BasicBoolTerm Intrnl_Id="665">
<LocList>
<Loc EndOffset="6100" SrcFileId="4" StartOffset="6085"/>
</LocList>
</BasicBoolTerm>
</RootTerm>
</CondStmnt>
</StmntSeq>
</HierarchyLvl>
<HierarchyLvl HierarchyLvlId="895" HierarchyLvlTypeId="7" Intrnl_Id="666" Name="func36">
<Header>
<Loc EndOffset="6173" SrcFileId="4" StartOffset="6137"/>
</Header>
<LocList>
<Loc EndOffset="6355" SrcFileId="4" StartOffset="6137"/>
</LocList>
<StmntSeq Intrnl_Id="667">
<LocList>
<Loc EndOffset="6351" SrcFileId="4" StartOffset="6256"/>
</LocList>
<CondStmnt CovItemId="S75" CovItemPrefix="CardFunc.java" Intrnl_Id="668">
<Branch CovItemId="B57" CovItemPrefix="CardFunc.java" Implct="false" Intrnl_Id="669">
<Cond/>
<LocList>
<Loc EndOffset="6320" SrcFileId="4" StartOffset="6269"/>
</LocList>
<StmntSeq Intrnl_Id="670">
<LocList>
<Loc EndOffset="6315" SrcFileId="4" StartOffset="6275"/>
</LocList>
<BasicStmnt CovItemId="S76" CovItemPrefix="CardFunc.java" Intrnl_Id="671">
<LocList>
<Loc EndOffset="6315" SrcFileId="4" StartOffset="6275"/>
</LocList>
</BasicStmnt>
</StmntSeq>
</Branch>
<Branch CovItemId="B58" CovItemPrefix="CardFunc.java" Implct="false" Intrnl_Id="672">
<Cond>
<Loc EndOffset="6325" SrcFileId="4" StartOffset="6321"/>
</Cond>
<LocList>
<Loc EndOffset="6351" SrcFileId="4" StartOffset="6326"/>
</LocList>
<StmntSeq Intrnl_Id="673">
<LocList>
<Loc EndOffset="6346" SrcFileId="4" StartOffset="6332"/>
</LocList>
<BasicStmnt CovItemId="S77" CovItemPrefix="CardFunc.java" Intrnl_Id="674">
<LocList>
<Loc EndOffset="6346" SrcFileId="4" StartOffset="6332"/>
</LocList>
</BasicStmnt>
</StmntSeq>
</Branch>
<Keyword EndOffset="6258" SrcFileId="4" StartOffset="6256"/>
<LocList>
<Loc EndOffset="6351" SrcFileId="4" StartOffset="6256"/>
</LocList>
<RootTerm CovItemId="C33" CovItemPrefix="CardFunc.java" Intrnl_Id="675">
<BasicBoolTerm Intrnl_Id="676">
<LocList>
<Loc EndOffset="6267" SrcFileId="4" StartOffset="6259"/>
</LocList>
</BasicBoolTerm>
</RootTerm>
</CondStmnt>
</StmntSeq>
</HierarchyLvl>
<HierarchyLvl HierarchyLvlId="896" HierarchyLvlTypeId="7" Intrnl_Id="677" Name="func37Init">
<Header>
<Loc EndOffset="6385" SrcFileId="4" StartOffset="6361"/>
</Header>
<LocList>
<Loc EndOffset="6440" SrcFileId="4" StartOffset="6361"/>
</LocList>
<StmntSeq Intrnl_Id="678">
<LocList>
<Loc EndOffset="6436" SrcFileId="4" StartOffset="6391"/>
</LocList>
<CondStmnt CovItemId="S78" CovItemPrefix="CardFunc.java" Intrnl_Id="679">
<Branch CovItemId="B59" CovItemPrefix="CardFunc.java" Implct="false" Intrnl_Id="680">
<Cond/>
<LocList>
<Loc EndOffset="6436" SrcFileId="4" StartOffset="6411"/>
</LocList>
<StmntSeq Intrnl_Id="681">
<LocList>
<Loc EndOffset="6431" SrcFileId="4" StartOffset="6417"/>
</LocList>
<BasicStmnt CovItemId="S79" CovItemPrefix="CardFunc.java" Intrnl_Id="682">
<LocList>
<Loc EndOffset="6431" SrcFileId="4" StartOffset="6417"/>
</LocList>
</BasicStmnt>
</StmntSeq>
</Branch>
<Branch CovItemId="B60" CovItemPrefix="CardFunc.java" Implct="true" Intrnl_Id="683">
<Cond/>
<LocList/>
<StmntSeq Intrnl_Id="684">
<LocList/>
</StmntSeq>
</Branch>
<Keyword EndOffset="6393" SrcFileId="4" StartOffset="6391"/>
<LocList>
<Loc EndOffset="6436" SrcFileId="4" StartOffset="6391"/>
</LocList>
<RootTerm CovItemId="C34" CovItemPrefix="CardFunc.java" Intrnl_Id="685">
<BasicBoolTerm Intrnl_Id="686">
<LocList>
<Loc EndOffset="6409" SrcFileId="4" StartOffset="6394"/>
</LocList>
</BasicBoolTerm>
</RootTerm>
</CondStmnt>
</StmntSeq>
</HierarchyLvl>
<HierarchyLvl HierarchyLvlId="897" HierarchyLvlTypeId="7" Intrnl_Id="687" Name="func37">
<Header>
<Loc EndOffset="6482" SrcFileId="4" StartOffset="6446"/>
</Header>
<LocList>
<Loc EndOffset="6687" SrcFileId="4" StartOffset="6446"/>
</LocList>
<StmntSeq Intrnl_Id="688">
<LocList>
<Loc EndOffset="6683" SrcFileId="4" StartOffset="6541"/>
</LocList>
<CondStmnt CovItemId="S80" CovItemPrefix="CardFunc.java" Intrnl_Id="689">
<Branch CovItemId="B61" CovItemPrefix="CardFunc.java" Implct="false" Intrnl_Id="690">
<Cond/>
<LocList>
<Loc EndOffset="6645" SrcFileId="4" StartOffset="6554"/>
</LocList>
<StmntSeq Intrnl_Id="691">
<LocList>
<Loc EndOffset="6640" SrcFileId="4" StartOffset="6560"/>
</LocList>
<LoopStmnt CovItemId="S81" CovItemPrefix="CardFunc.java" Intrnl_Id="692" MltplExecId="L5-2" MltplExecPrefix="CardFunc.java" NvrExecId="L5-0" NvrExecPrefix="CardFunc.java" OnceExecutedId="L5-1" OnceExecutedPrefix="CardFunc.java" OptBodyExec="true">
<StmntSeq Intrnl_Id="693">
<LocList>
<Loc EndOffset="6634" SrcFileId="4" StartOffset="6594"/>
</LocList>
<BasicStmnt CovItemId="S82" CovItemPrefix="CardFunc.java" Intrnl_Id="694">
<LocList>
<Loc EndOffset="6634" SrcFileId="4" StartOffset="6594"/>
</LocList>
</BasicStmnt>
</StmntSeq>
<Keyword EndOffset="6563" SrcFileId="4" StartOffset="6560"/>
<LocList>
<Loc EndOffset="6640" SrcFileId="4" StartOffset="6560"/>
</LocList>
<RootTerm CovItemId="C36" CovItemPrefix="CardFunc.java" Intrnl_Id="695">
<BasicBoolTerm Intrnl_Id="696">
<LocList>
<Loc EndOffset="6580" SrcFileId="4" StartOffset="6575"/>
</LocList>
</BasicBoolTerm>
</RootTerm>
</LoopStmnt>
</StmntSeq>
</Branch>
<Branch CovItemId="B62" CovItemPrefix="CardFunc.java" Implct="false" Intrnl_Id="697">
<Cond>
<Loc EndOffset="6650" SrcFileId="4" StartOffset="6646"/>
</Cond>
<LocList>
<Loc EndOffset="6683" SrcFileId="4" StartOffset="6651"/>
</LocList>
<StmntSeq Intrnl_Id="698">
<LocList/>
</StmntSeq>
</Branch>
<Keyword EndOffset="6543" SrcFileId="4" StartOffset="6541"/>
<LocList>
<Loc EndOffset="6683" SrcFileId="4" StartOffset="6541"/>
</LocList>
<RootTerm CovItemId="C35" CovItemPrefix="CardFunc.java" Intrnl_Id="699">
<BasicBoolTerm Intrnl_Id="700">
<LocList>
<Loc EndOffset="6552" SrcFileId="4" StartOffset="6544"/>
</LocList>
</BasicBoolTerm>
</RootTerm>
</CondStmnt>
</StmntSeq>
</HierarchyLvl>
<HierarchyLvl HierarchyLvlId="898" HierarchyLvlTypeId="7" Intrnl_Id="701" Name="func38Init">
<Header>
<Loc EndOffset="6717" SrcFileId="4" StartOffset="6693"/>
</Header>
<LocList>
<Loc EndOffset="6787" SrcFileId="4" StartOffset="6693"/>
</LocList>
<StmntSeq Intrnl_Id="702">
<LocList>
<Loc EndOffset="6783" SrcFileId="4" StartOffset="6723"/>
</LocList>
<CondStmnt CovItemId="S83" CovItemPrefix="CardFunc.java" Intrnl_Id="703">
<Branch CovItemId="B63" CovItemPrefix="CardFunc.java" Implct="false" Intrnl_Id="704">
<Cond/>
<LocList>
<Loc EndOffset="6783" SrcFileId="4" StartOffset="6758"/>
</LocList>
<StmntSeq Intrnl_Id="705">
<LocList>
<Loc EndOffset="6778" SrcFileId="4" StartOffset="6764"/>
</LocList>
<BasicStmnt CovItemId="S84" CovItemPrefix="CardFunc.java" Intrnl_Id="706">
<LocList>
<Loc EndOffset="6778" SrcFileId="4" StartOffset="6764"/>
</LocList>
</BasicStmnt>
</StmntSeq>
</Branch>
<Branch CovItemId="B64" CovItemPrefix="CardFunc.java" Implct="true" Intrnl_Id="707">
<Cond/>
<LocList/>
<StmntSeq Intrnl_Id="708">
<LocList/>
</StmntSeq>
</Branch>
<Keyword EndOffset="6725" SrcFileId="4" StartOffset="6723"/>
<LocList>
<Loc EndOffset="6783" SrcFileId="4" StartOffset="6723"/>
</LocList>
<RootTerm CovItemId="C37" CovItemPrefix="CardFunc.java" Intrnl_Id="709">
<OpTerm BooleanOpId="6" Intrnl_Id="710">
<BasicBoolTerm Intrnl_Id="711">
<LocList>
<Loc EndOffset="6756" SrcFileId="4" StartOffset="6727"/>
</LocList>
</BasicBoolTerm>
<LocList>
<Loc EndOffset="6727" SrcFileId="4" StartOffset="6726"/>
</LocList>
</OpTerm>
</RootTerm>
</CondStmnt>
</StmntSeq>
</HierarchyLvl>
<HierarchyLvl HierarchyLvlId="899" HierarchyLvlTypeId="7" Intrnl_Id="712" Name="func38">
<Header>
<Loc EndOffset="6829" SrcFileId="4" StartOffset="6793"/>
</Header>
<LocList>
<Loc EndOffset="7069" SrcFileId="4" StartOffset="6793"/>
</LocList>
<StmntSeq Intrnl_Id="713">
<LocList>
<Loc EndOffset="7065" SrcFileId="4" StartOffset="6906"/>
</LocList>
<CondStmnt CovItemId="S85" CovItemPrefix="CardFunc.java" Intrnl_Id="714">
<Branch CovItemId="B65" CovItemPrefix="CardFunc.java" Implct="false" Intrnl_Id="715">
<Cond/>
<LocList>
<Loc EndOffset="7010" SrcFileId="4" StartOffset="6919"/>
</LocList>
<StmntSeq Intrnl_Id="716">
<LocList>
<Loc EndOffset="7005" SrcFileId="4" StartOffset="6925"/>
</LocList>
<LoopStmnt CovItemId="S86" CovItemPrefix="CardFunc.java" Intrnl_Id="717" MltplExecId="L6-2" MltplExecPrefix="CardFunc.java" NvrExecId="L6-0" NvrExecPrefix="CardFunc.java" OnceExecutedId="L6-1" OnceExecutedPrefix="CardFunc.java" OptBodyExec="true">
<StmntSeq Intrnl_Id="718">
<LocList>
<Loc EndOffset="6999" SrcFileId="4" StartOffset="6959"/>
</LocList>
<BasicStmnt CovItemId="S87" CovItemPrefix="CardFunc.java" Intrnl_Id="719">
<LocList>
<Loc EndOffset="6999" SrcFileId="4" StartOffset="6959"/>
</LocList>
</BasicStmnt>
</StmntSeq>
<Keyword EndOffset="6928" SrcFileId="4" StartOffset="6925"/>
<LocList>
<Loc EndOffset="7005" SrcFileId="4" StartOffset="6925"/>
</LocList>
<RootTerm CovItemId="C39" CovItemPrefix="CardFunc.java" Intrnl_Id="720">
<BasicBoolTerm Intrnl_Id="721">
<LocList>
<Loc EndOffset="6945" SrcFileId="4" StartOffset="6940"/>
</LocList>
</BasicBoolTerm>
</RootTerm>
</LoopStmnt>
</StmntSeq>
</Branch>
<Branch CovItemId="B66" CovItemPrefix="CardFunc.java" Implct="false" Intrnl_Id="722">
<Cond>
<Loc EndOffset="7015" SrcFileId="4" StartOffset="7011"/>
</Cond>
<LocList>
<Loc EndOffset="7065" SrcFileId="4" StartOffset="7016"/>
</LocList>
<StmntSeq Intrnl_Id="723">
<LocList>
<Loc EndOffset="7060" SrcFileId="4" StartOffset="7036"/>
</LocList>
<BasicStmnt CovItemId="S88" CovItemPrefix="CardFunc.java" Intrnl_Id="724">
<LocList>
<Loc EndOffset="7060" SrcFileId="4" StartOffset="7036"/>
</LocList>
</BasicStmnt>
</StmntSeq>
</Branch>
<Keyword EndOffset="6908" SrcFileId="4" StartOffset="6906"/>
<LocList>
<Loc EndOffset="7065" SrcFileId="4" StartOffset="6906"/>
</LocList>
<RootTerm CovItemId="C38" CovItemPrefix="CardFunc.java" Intrnl_Id="725">
<BasicBoolTerm Intrnl_Id="726">
<LocList>
<Loc EndOffset="6917" SrcFileId="4" StartOffset="6909"/>
</LocList>
</BasicBoolTerm>
</RootTerm>
</CondStmnt>
</StmntSeq>
</HierarchyLvl>
<HierarchyLvl HierarchyLvlId="900" HierarchyLvlTypeId="7" Intrnl_Id="727" Name="func39Init">
<Header>
<Loc EndOffset="7099" SrcFileId="4" StartOffset="7075"/>
</Header>
<LocList>
<Loc EndOffset="7202" SrcFileId="4" StartOffset="7075"/>
</LocList>
<StmntSeq Intrnl_Id="728">
<LocList>
<Loc EndOffset="7170" SrcFileId="4" StartOffset="7105"/>
<Loc EndOffset="7198" SrcFileId="4" StartOffset="7174"/>
</LocList>
<CondStmnt CovItemId="S89" CovItemPrefix="CardFunc.java" Intrnl_Id="729">
<Branch CovItemId="B67" CovItemPrefix="CardFunc.java" Implct="false" Intrnl_Id="730">
<Cond/>
<LocList>
<Loc EndOffset="7170" SrcFileId="4" StartOffset="7145"/>
</LocList>
<StmntSeq Intrnl_Id="731">
<LocList>
<Loc EndOffset="7165" SrcFileId="4" StartOffset="7151"/>
</LocList>
<BasicStmnt CovItemId="S90" CovItemPrefix="CardFunc.java" Intrnl_Id="732">
<LocList>
<Loc EndOffset="7165" SrcFileId="4" StartOffset="7151"/>
</LocList>
</BasicStmnt>
</StmntSeq>
</Branch>
<Branch CovItemId="B68" CovItemPrefix="CardFunc.java" Implct="true" Intrnl_Id="733">
<Cond/>
<LocList/>
<StmntSeq Intrnl_Id="734">
<LocList/>
</StmntSeq>
</Branch>
<Keyword EndOffset="7107" SrcFileId="4" StartOffset="7105"/>
<LocList>
<Loc EndOffset="7170" SrcFileId="4" StartOffset="7105"/>
</LocList>
<RootTerm CovItemId="C40" CovItemPrefix="CardFunc.java" Intrnl_Id="735">
<BasicBoolTerm Intrnl_Id="736">
<LocList>
<Loc EndOffset="7143" SrcFileId="4" StartOffset="7108"/>
</LocList>
</BasicBoolTerm>
</RootTerm>
</CondStmnt>
<BasicStmnt CovItemId="S91" CovItemPrefix="CardFunc.java" Intrnl_Id="737">
<LocList>
<Loc EndOffset="7198" SrcFileId="4" StartOffset="7174"/>
</LocList>
</BasicStmnt>
</StmntSeq>
</HierarchyLvl>
<HierarchyLvl HierarchyLvlId="901" HierarchyLvlTypeId="7" Intrnl_Id="738" Name="func39">
<Header>
<Loc EndOffset="7244" SrcFileId="4" StartOffset="7208"/>
</Header>
<LocList>
<Loc EndOffset="7513" SrcFileId="4" StartOffset="7208"/>
</LocList>
<StmntSeq Intrnl_Id="739">
<LocList>
<Loc EndOffset="7509" SrcFileId="4" StartOffset="7341"/>
</LocList>
<CondStmnt CovItemId="S92" CovItemPrefix="CardFunc.java" Intrnl_Id="740">
<Branch CovItemId="B69" CovItemPrefix="CardFunc.java" Implct="false" Intrnl_Id="741">
<Cond/>
<LocList>
<Loc EndOffset="7450" SrcFileId="4" StartOffset="7354"/>
</LocList>
<StmntSeq Intrnl_Id="742">
<LocList>
<Loc EndOffset="7400" SrcFileId="4" StartOffset="7360"/>
<Loc EndOffset="7445" SrcFileId="4" StartOffset="7405"/>
</LocList>
<BasicStmnt CovItemId="S93" CovItemPrefix="CardFunc.java" Intrnl_Id="743">
<LocList>
<Loc EndOffset="7400" SrcFileId="4" StartOffset="7360"/>
</LocList>
</BasicStmnt>
<BasicStmnt CovItemId="S94" CovItemPrefix="CardFunc.java" Intrnl_Id="744">
<LocList>
<Loc EndOffset="7445" SrcFileId="4" StartOffset="7405"/>
</LocList>
</BasicStmnt>
</StmntSeq>
</Branch>
<Branch CovItemId="B70" CovItemPrefix="CardFunc.java" Implct="false" Intrnl_Id="745">
<Cond>
<Loc EndOffset="7455" SrcFileId="4" StartOffset="7451"/>
</Cond>
<LocList>
<Loc EndOffset="7509" SrcFileId="4" StartOffset="7456"/>
</LocList>
<StmntSeq Intrnl_Id="746">
<LocList/>
</StmntSeq>
</Branch>
<Keyword EndOffset="7343" SrcFileId="4" StartOffset="7341"/>
<LocList>
<Loc EndOffset="7509" SrcFileId="4" StartOffset="7341"/>
</LocList>
<RootTerm CovItemId="C41" CovItemPrefix="CardFunc.java" Intrnl_Id="747">
<BasicBoolTerm Intrnl_Id="748">
<LocList>
<Loc EndOffset="7352" SrcFileId="4" StartOffset="7344"/>
</LocList>
</BasicBoolTerm>
</RootTerm>
</CondStmnt>
</StmntSeq>
</HierarchyLvl>
<HierarchyLvl HierarchyLvlId="902" HierarchyLvlTypeId="7" Intrnl_Id="749" Name="func42Init">
<Header>
<Loc EndOffset="7543" SrcFileId="4" StartOffset="7519"/>
</Header>
<LocList>
<Loc EndOffset="7567" SrcFileId="4" StartOffset="7519"/>
</LocList>
<StmntSeq Intrnl_Id="750">
<LocList>
<Loc EndOffset="7563" SrcFileId="4" StartOffset="7549"/>
</LocList>
<BasicStmnt CovItemId="S95" CovItemPrefix="CardFunc.java" Intrnl_Id="751">
<LocList>
<Loc EndOffset="7563" SrcFileId="4" StartOffset="7549"/>
</LocList>
</BasicStmnt>
</StmntSeq>
</HierarchyLvl>
<HierarchyLvl HierarchyLvlId="903" HierarchyLvlTypeId="7" Intrnl_Id="752" Name="func42">
<Header>
<Loc EndOffset="7609" SrcFileId="4" StartOffset="7573"/>
</Header>
<LocList>
<Loc EndOffset="7736" SrcFileId="4" StartOffset="7573"/>
</LocList>
<StmntSeq Intrnl_Id="753">
<LocList>
<Loc EndOffset="7732" SrcFileId="4" StartOffset="7683"/>
</LocList>
<CondStmnt CovItemId="S96" CovItemPrefix="CardFunc.java" Intrnl_Id="754">
<Branch CovItemId="B71" CovItemPrefix="CardFunc.java" Implct="false" Intrnl_Id="755">
<Cond/>
<LocList>
<Loc EndOffset="7732" SrcFileId="4" StartOffset="7696"/>
</LocList>
<StmntSeq Intrnl_Id="756">
<LocList/>
</StmntSeq>
</Branch>
<Branch CovItemId="B72" CovItemPrefix="CardFunc.java" Implct="true" Intrnl_Id="757">
<Cond/>
<LocList/>
<StmntSeq Intrnl_Id="758">
<LocList/>
</StmntSeq>
</Branch>
<Keyword EndOffset="7685" SrcFileId="4" StartOffset="7683"/>
<LocList>
<Loc EndOffset="7732" SrcFileId="4" StartOffset="7683"/>
</LocList>
<RootTerm CovItemId="C42" CovItemPrefix="CardFunc.java" Intrnl_Id="759">
<BasicBoolTerm Intrnl_Id="760">
<LocList>
<Loc EndOffset="7694" SrcFileId="4" StartOffset="7686"/>
</LocList>
</BasicBoolTerm>
</RootTerm>
</CondStmnt>
</StmntSeq>
</HierarchyLvl>
<HierarchyLvl HierarchyLvlId="904" HierarchyLvlTypeId="7" Intrnl_Id="761" Name="func43Init">
<Header>
<Loc EndOffset="7766" SrcFileId="4" StartOffset="7742"/>
</Header>
<LocList>
<Loc EndOffset="7791" SrcFileId="4" StartOffset="7742"/>
</LocList>
<StmntSeq Intrnl_Id="762">
<LocList>
<Loc EndOffset="7787" SrcFileId="4" StartOffset="7772"/>
</LocList>
<BasicStmnt CovItemId="S97" CovItemPrefix="CardFunc.java" Intrnl_Id="763">
<LocList>
<Loc EndOffset="7787" SrcFileId="4" StartOffset="7772"/>
</LocList>
</BasicStmnt>
</StmntSeq>
</HierarchyLvl>
<HierarchyLvl HierarchyLvlId="905" HierarchyLvlTypeId="7" Intrnl_Id="764" Name="func43">
<Header>
<Loc EndOffset="7833" SrcFileId="4" StartOffset="7797"/>
</Header>
<LocList>
<Loc EndOffset="8015" SrcFileId="4" StartOffset="7797"/>
</LocList>
<StmntSeq Intrnl_Id="765">
<LocList>
<Loc EndOffset="8011" SrcFileId="4" StartOffset="7902"/>
</LocList>
<CondStmnt CovItemId="S98" CovItemPrefix="CardFunc.java" Intrnl_Id="766">
<Branch CovItemId="B73" CovItemPrefix="CardFunc.java" Implct="false" Intrnl_Id="767">
<Cond/>
<LocList>
<Loc EndOffset="8011" SrcFileId="4" StartOffset="7915"/>
</LocList>
<StmntSeq Intrnl_Id="768">
<LocList>
<Loc EndOffset="7961" SrcFileId="4" StartOffset="7921"/>
<Loc EndOffset="8006" SrcFileId="4" StartOffset="7966"/>
</LocList>
<BasicStmnt CovItemId="S99" CovItemPrefix="CardFunc.java" Intrnl_Id="769">
<LocList>
<Loc EndOffset="7961" SrcFileId="4" StartOffset="7921"/>
</LocList>
</BasicStmnt>
<BasicStmnt CovItemId="S100" CovItemPrefix="CardFunc.java" Intrnl_Id="770">
<LocList>
<Loc EndOffset="8006" SrcFileId="4" StartOffset="7966"/>
</LocList>
</BasicStmnt>
</StmntSeq>
</Branch>
<Branch CovItemId="B74" CovItemPrefix="CardFunc.java" Implct="true" Intrnl_Id="771">
<Cond/>
<LocList/>
<StmntSeq Intrnl_Id="772">
<LocList/>
</StmntSeq>
</Branch>
<Keyword EndOffset="7904" SrcFileId="4" StartOffset="7902"/>
<LocList>
<Loc EndOffset="8011" SrcFileId="4" StartOffset="7902"/>
</LocList>
<RootTerm CovItemId="C43" CovItemPrefix="CardFunc.java" Intrnl_Id="773">
<BasicBoolTerm Intrnl_Id="774">
<LocList>
<Loc EndOffset="7913" SrcFileId="4" StartOffset="7905"/>
</LocList>
</BasicBoolTerm>
</RootTerm>
</CondStmnt>
</StmntSeq>
</HierarchyLvl>
<HierarchyLvl HierarchyLvlId="906" HierarchyLvlTypeId="7" Intrnl_Id="775" Name="playClass">
<Header>
<Loc EndOffset="8044" SrcFileId="4" StartOffset="8021"/>
</Header>
<LocList>
<Loc EndOffset="8053" SrcFileId="4" StartOffset="8021"/>
</LocList>
</HierarchyLvl>
<HierarchyLvl HierarchyLvlId="907" HierarchyLvlTypeId="7" Intrnl_Id="776" Name="end">
<Header>
<Loc EndOffset="8076" SrcFileId="4" StartOffset="8059"/>
</Header>
<LocList>
<Loc EndOffset="8163" SrcFileId="4" StartOffset="8059"/>
</LocList>
<StmntSeq Intrnl_Id="777">
<LocList>
<Loc EndOffset="8159" SrcFileId="4" StartOffset="8081"/>
</LocList>
<CondStmnt CovItemId="S101" CovItemPrefix="CardFunc.java" Intrnl_Id="778">
<Branch CovItemId="B75" CovItemPrefix="CardFunc.java" Implct="false" Intrnl_Id="779">
<Cond/>
<LocList>
<Loc EndOffset="8128" SrcFileId="4" StartOffset="8105"/>
</LocList>
<StmntSeq Intrnl_Id="780">
<LocList>
<Loc EndOffset="8123" SrcFileId="4" StartOffset="8111"/>
</LocList>
<BasicStmnt CovItemId="S102" CovItemPrefix="CardFunc.java" Intrnl_Id="781">
<LocList>
<Loc EndOffset="8123" SrcFileId="4" StartOffset="8111"/>
</LocList>
</BasicStmnt>
</StmntSeq>
</Branch>
<Branch CovItemId="B76" CovItemPrefix="CardFunc.java" Implct="false" Intrnl_Id="782">
<Cond>
<Loc EndOffset="8136" SrcFileId="4" StartOffset="8132"/>
</Cond>
<LocList>
<Loc EndOffset="8159" SrcFileId="4" StartOffset="8136"/>
</LocList>
<StmntSeq Intrnl_Id="783">
<LocList>
<Loc EndOffset="8154" SrcFileId="4" StartOffset="8142"/>
</LocList>
<BasicStmnt CovItemId="S103" CovItemPrefix="CardFunc.java" Intrnl_Id="784">
<LocList>
<Loc EndOffset="8154" SrcFileId="4" StartOffset="8142"/>
</LocList>
</BasicStmnt>
</StmntSeq>
</Branch>
<Keyword EndOffset="8083" SrcFileId="4" StartOffset="8081"/>
<LocList>
<Loc EndOffset="8159" SrcFileId="4" StartOffset="8081"/>
</LocList>
<RootTerm CovItemId="C44" CovItemPrefix="CardFunc.java" Intrnl_Id="785">
<BasicBoolTerm Intrnl_Id="786">
<LocList>
<Loc EndOffset="8104" SrcFileId="4" StartOffset="8084"/>
</LocList>
</BasicBoolTerm>
</RootTerm>
</CondStmnt>
</StmntSeq>
</HierarchyLvl>
</HierarchyLvl>
<HierarchyLvl HierarchyLvlId="912" HierarchyLvlTypeId="8" Intrnl_Id="787" Name="Card">
<Header>
<Loc EndOffset="46" SrcFileId="5" StartOffset="29"/>
</Header>
<LocList>
<Loc EndOffset="1055" SrcFileId="5" StartOffset="29"/>
</LocList>
<StmntSeq Intrnl_Id="788">
<LocList>
<Loc EndOffset="82" SrcFileId="5" StartOffset="51"/>
<Loc EndOffset="172" SrcFileId="5" StartOffset="146"/>
<Loc EndOffset="225" SrcFileId="5" StartOffset="199"/>
<Loc EndOffset="377" SrcFileId="5" StartOffset="344"/>
<Loc EndOffset="655" SrcFileId="5" StartOffset="630"/>
<Loc EndOffset="759" SrcFileId="5" StartOffset="732"/>
<Loc EndOffset="788" SrcFileId="5" StartOffset="762"/>
</LocList>
<BasicStmnt CovItemId="S1" CovItemPrefix="Card.java" Intrnl_Id="789">
<LocList>
<Loc EndOffset="82" SrcFileId="5" StartOffset="51"/>
</LocList>
</BasicStmnt>
<BasicStmnt CovItemId="S2" CovItemPrefix="Card.java" Intrnl_Id="790">
<LocList>
<Loc EndOffset="172" SrcFileId="5" StartOffset="146"/>
</LocList>
</BasicStmnt>
<BasicStmnt CovItemId="S3" CovItemPrefix="Card.java" Intrnl_Id="791">
<LocList>
<Loc EndOffset="225" SrcFileId="5" StartOffset="199"/>
</LocList>
</BasicStmnt>
<BasicStmnt CovItemId="S4" CovItemPrefix="Card.java" Intrnl_Id="792">
<LocList>
<Loc EndOffset="377" SrcFileId="5" StartOffset="344"/>
</LocList>
</BasicStmnt>
<BasicStmnt CovItemId="S5" CovItemPrefix="Card.java" Intrnl_Id="793">
<LocList>
<Loc EndOffset="655" SrcFileId="5" StartOffset="630"/>
</LocList>
</BasicStmnt>
<BasicStmnt CovItemId="S6" CovItemPrefix="Card.java" Intrnl_Id="794">
<LocList>
<Loc EndOffset="759" SrcFileId="5" StartOffset="732"/>
</LocList>
</BasicStmnt>
<BasicStmnt CovItemId="S7" CovItemPrefix="Card.java" Intrnl_Id="795">
<LocList>
<Loc EndOffset="788" SrcFileId="5" StartOffset="762"/>
</LocList>
</BasicStmnt>
</StmntSeq>
<HierarchyLvl HierarchyLvlId="909" HierarchyLvlTypeId="7" Intrnl_Id="796" Name="Card">
<Header>
<Loc EndOffset="883" SrcFileId="5" StartOffset="850"/>
</Header>
<LocList>
<Loc EndOffset="942" SrcFileId="5" StartOffset="850"/>
</LocList>
<StmntSeq Intrnl_Id="797">
<LocList>
<Loc EndOffset="904" SrcFileId="5" StartOffset="889"/>
<Loc EndOffset="925" SrcFileId="5" StartOffset="908"/>
</LocList>
<BasicStmnt CovItemId="S8" CovItemPrefix="Card.java" Intrnl_Id="798">
<LocList>
<Loc EndOffset="904" SrcFileId="5" StartOffset="889"/>
</LocList>
</BasicStmnt>
<BasicStmnt CovItemId="S9" CovItemPrefix="Card.java" Intrnl_Id="799">
<LocList>
<Loc EndOffset="925" SrcFileId="5" StartOffset="908"/>
</LocList>
</BasicStmnt>
</StmntSeq>
</HierarchyLvl>
<HierarchyLvl HierarchyLvlId="910" HierarchyLvlTypeId="7" Intrnl_Id="800" Name="getName">
<Header>
<Loc EndOffset="971" SrcFileId="5" StartOffset="948"/>
</Header>
<LocList>
<Loc EndOffset="997" SrcFileId="5" StartOffset="948"/>
</LocList>
<StmntSeq Intrnl_Id="801">
<LocList>
<Loc EndOffset="993" SrcFileId="5" StartOffset="976"/>
</LocList>
<BasicStmnt CovItemId="S10" CovItemPrefix="Card.java" Intrnl_Id="802">
<LocList>
<Loc EndOffset="993" SrcFileId="5" StartOffset="976"/>
</LocList>
</BasicStmnt>
</StmntSeq>
</HierarchyLvl>
<HierarchyLvl HierarchyLvlId="911" HierarchyLvlTypeId="7" Intrnl_Id="803" Name="getNumber">
<Header>
<Loc EndOffset="1025" SrcFileId="5" StartOffset="1003"/>
</Header>
<LocList>
<Loc EndOffset="1050" SrcFileId="5" StartOffset="1003"/>
</LocList>
<StmntSeq Intrnl_Id="804">
<LocList>
<Loc EndOffset="1046" SrcFileId="5" StartOffset="1030"/>
</LocList>
<BasicStmnt CovItemId="S11" CovItemPrefix="Card.java" Intrnl_Id="805">
<LocList>
<Loc EndOffset="1046" SrcFileId="5" StartOffset="1030"/>
</LocList>
</BasicStmnt>
</StmntSeq>
</HierarchyLvl>
</HierarchyLvl>
</HierarchyLvl>
</MASTRoot>
</TestSessionContainer>
