<?xml version="1.0" encoding="UTF-8"?><TestSessionContainer xmlns="http://www.codecover.org/xml/testsession-container" Date="1430431389484" TestSessionContainerId="17cdf9bb-a19b-44c9-ab69-5cb7f9ed701f" version="1.0">
<SrcFileList>
<SrcFile Content="import java.util.ArrayList;&#13;&#10;&#13;&#10;&#13;&#10;public class Player {&#13;&#10;&#9;public String username;&#13;&#10;&#9;public ArrayList&lt;Integer&gt; pHand = new ArrayList&lt;Integer&gt;();&#13;&#10;&#9;public boolean classAbility;&#13;&#10;&#9;public ArrayList&lt;Integer&gt; pPlay = new ArrayList&lt;Integer&gt;();&#13;&#10;&#9;public String className;&#13;&#10;&#9;public char gender = 'F';&#13;&#10;&#9;public int pLevel=1; //actual level of player&#13;&#10;&#9;public int cLevel=pLevel; //the level a player is with door cards in combat&#13;&#10;&#9;public InitializeCards initCards = new InitializeCards();&#13;&#10;&#9;&#13;&#10;&#9;public Player(String name){&#13;&#10;&#9;&#9;this.username = name;&#13;&#10;&#9;&#9;&#13;&#10;&#9;}&#13;&#10;&#9;&#13;&#10;&#9;public void cLevelCalculation(){&#13;&#10;&#9;&#9;Card card;&#13;&#10;&#9;&#9;this.cLevel=this.pLevel;&#13;&#10;&#9;&#9;for(int i=0; i&lt;this.pPlay.size();i++){&#13;&#10;&#9;&#9;&#9;card = initCards.getCardHash().get(pPlay.get(i));&#9;&#13;&#10;&#9;&#9;&#9;this.cLevel+=card.pLevelBonus;&#13;&#10;&#9;&#9;}&#13;&#10;&#9;}&#13;&#10;&#9;&#13;&#10;&#9;public int mLevelBonusCalculation(){&#13;&#10;&#9;&#9;int mLevelBonus=0;&#13;&#10;&#9;&#9;InitializeCards init = new InitializeCards();&#13;&#10;&#9;&#9;for(int i = 0; i&lt;this.pPlay.size();i++){&#13;&#10;&#9;&#9;&#9;mLevelBonus+=init.cardHash.get(this.pPlay.get(i)).monsterLevelBonus;&#13;&#10;&#9;&#9;}&#13;&#10;&#9;&#9;return mLevelBonus;&#13;&#10;&#9;}&#13;&#10;&#9;&#13;&#10;&#9;public boolean didIwin(Game game){&#13;&#10;&#9;&#9;int playerInt = game.turnPlayer;&#13;&#10;&#9;&#9;if(playerInt==1){&#13;&#10;&#9;&#9;&#9;return didIwinHelper(game.p1, game.p2,game);&#13;&#10;&#9;&#9;}&#13;&#10;&#9;&#9;else{&#13;&#10;&#9;&#9;&#9;return didIwinHelper(game.p2,game.p1, game);&#13;&#10;&#9;&#9;}&#13;&#10;&#9;}&#13;&#10;&#9;&#13;&#10;&#9;public boolean didIwinHelper(Player me, Player other, Game game){&#13;&#10;&#9;&#9;int monster = game.mLevel + me.mLevelBonusCalculation()+other.mLevelBonusCalculation();&#13;&#10;&#9;&#9;System.out.println(&quot;Other person's monster bonus level &quot; + other.mLevelBonusCalculation());&#13;&#10;&#9;&#9;System.out.println(&quot;monster level in combat is: &quot; + monster);&#13;&#10;&#9;&#9;me.cLevelCalculation(); //me.cLevel is now set&#13;&#10;&#9;&#9;System.out.println(&quot;my clevel is: &quot; + me.cLevel);&#13;&#10;&#9;&#9;return (me.cLevel&gt;=monster);&#13;&#10;&#9;}&#13;&#10;&#9;&#13;&#10;&#9;public void consequence(Game game, int win) {&#13;&#10;&#9;&#9;System.out.println(&quot;Consequence is &quot; + win);&#13;&#10;&#9;}&#13;&#10;}&#13;&#10;" Filename="Player.java" Intrnl_Id="1"/>
<SrcFile Content="import static org.junit.Assert.assertEquals;&#13;&#10;&#13;&#10;import java.util.ArrayList;&#13;&#10;import java.util.HashMap;&#13;&#10;&#13;&#10;public class InitializeCards {&#13;&#10;&#9;public HashMap&lt;Integer, Card&gt; cardHash = new HashMap&lt;Integer, Card&gt;();&#13;&#10;&#9;//public HashMap&lt;Integer, Card&gt; cardHash = new HashMap&lt;Integer, Card&gt;();&#13;&#10;&#9;public ArrayList&lt;Integer&gt; doors = new ArrayList&lt;Integer&gt;();&#13;&#10;&#9;public ArrayList&lt;Integer&gt; treasure = new ArrayList&lt;Integer&gt;();&#13;&#10;&#9;public int numDoors;&#13;&#10;&#9;public int numTreas;&#13;&#10;&#13;&#10;&#9;public InitializeCards(ArrayList&lt;String&gt; cardInfo) {&#13;&#10;&#13;&#10;&#9;&#9;// numDoors = 68;&#13;&#10;&#9;&#9;// numTreas = 0;&#13;&#10;&#13;&#10;&#9;&#9;//numDoors = 67;&#13;&#10;&#9;&#9;//numTreas = 83;&#13;&#10;&#13;&#10;//&#9;&#9;for (int i = 0; i &lt; numDoors; i++) {&#13;&#10;//&#9;&#9;&#9;Card newCard = new Card(i + 1, cardInfo.get(i));&#13;&#10;//&#9;&#9;&#9;cardHash.put(i + 1, newCard);&#13;&#10;//&#9;&#9;&#9;doors.add(i + 1);&#13;&#10;//&#9;&#9;}&#13;&#10;//&#13;&#10;//&#9;&#9;for (int i = numDoors; i &lt; (numDoors + numTreas) - 1; i++) {&#13;&#10;//&#13;&#10;//&#9;&#9;&#9;if (i != 91) {&#13;&#10;//&#9;&#9;&#9;&#9;Card newCard = new Card(i + 1, cardInfo.get(i));&#13;&#10;//&#9;&#9;&#9;&#9;cardHash.put(i + 1, newCard);&#13;&#10;//&#9;&#9;&#9;&#9;treasure.add(i + 1);&#13;&#10;//&#9;&#9;&#9;} else {&#13;&#10;//&#13;&#10;//&#9;&#9;&#9;}&#13;&#10;//&#13;&#10;//&#9;&#9;}&#13;&#10;//&#9;&#9;this.addConditions();&#13;&#10;&#13;&#10;&#9;}&#13;&#10;&#13;&#10;&#9;public InitializeCards() {&#13;&#10;&#9;&#9;numDoors = 67;&#13;&#10;&#9;&#9;numTreas = 83;&#13;&#10;&#13;&#10;&#9;&#9;for (int i = 0; i &lt; numDoors; i++) {&#13;&#10;&#9;&#9;&#9;Card newCard = new Card(i + 1, &quot;&quot;);&#13;&#10;&#9;&#9;&#9;cardHash.put(i + 1, newCard);&#13;&#10;&#9;&#9;&#9;doors.add(i + 1);&#13;&#10;&#9;&#9;}&#13;&#10;&#13;&#10;&#9;&#9;for (int i = numDoors; i &lt; (numDoors + numTreas) - 1; i++) {&#13;&#10;&#9;&#9;&#9;if (i != 91) {&#13;&#10;&#9;&#9;&#9;&#9;Card newCard = new Card(i + 1, &quot;&quot;);&#13;&#10;&#9;&#9;&#9;&#9;cardHash.put(i + 1, newCard);&#13;&#10;&#9;&#9;&#9;&#9;treasure.add(i + 1);&#13;&#10;&#9;&#9;&#9;} else {&#13;&#10;&#13;&#10;&#9;&#9;&#9;}&#13;&#10;&#9;&#9;}&#13;&#10;&#9;&#9;this.addConditionsForSelect();&#13;&#10;&#13;&#10;&#9;}&#13;&#10;&#9;&#13;&#10;&#9;public InitializeCards(boolean test) {&#13;&#10;&#9;&#9;numDoors = 67;&#13;&#10;&#9;&#9;numTreas = 83;&#13;&#10;&#13;&#10;&#9;&#9;for (int i = 0; i &lt; numDoors; i++) {&#13;&#10;&#9;&#9;&#9;Card newCard = new Card(i + 1, &quot;&quot;);&#13;&#10;&#9;&#9;&#9;cardHash.put(i + 1, newCard);&#13;&#10;&#9;&#9;&#9;doors.add(i + 1);&#13;&#10;&#9;&#9;}&#13;&#10;&#13;&#10;&#9;&#9;for (int i = numDoors; i &lt; (numDoors + numTreas) - 1; i++) {&#13;&#10;&#9;&#9;&#9;if (i != 91) {&#13;&#10;&#9;&#9;&#9;&#9;Card newCard = new Card(i + 1, &quot;&quot;);&#13;&#10;&#9;&#9;&#9;&#9;cardHash.put(i + 1, newCard);&#13;&#10;&#9;&#9;&#9;&#9;treasure.add(i + 1);&#13;&#10;&#9;&#9;&#9;} else {&#13;&#10;&#13;&#10;&#9;&#9;&#9;}&#13;&#10;&#9;&#9;}&#13;&#10;&#9;&#9;this.addConditions();&#13;&#10;&#9;}&#13;&#10;&#9;&#13;&#10;&#9;public InitializeCards(ArrayList&lt;Integer&gt; doorAvailable, ArrayList&lt;Integer&gt; treasAvailable){&#13;&#10;&#9;&#9;for (int i = 0; i &lt; doorAvailable.size(); i++) {&#13;&#10;&#9;&#9;&#9;Card newCard = new Card(doorAvailable.get(i), &quot;&quot;);&#13;&#10;&#9;&#9;&#9;cardHash.put(doorAvailable.get(i), newCard);&#13;&#10;&#9;&#9;&#9;doors.add(doorAvailable.get(i));&#13;&#10;&#9;&#9;}&#13;&#10;&#13;&#10;&#9;&#9;for (int i = 0; i &lt; treasAvailable.size(); i++) {&#13;&#10;&#9;&#9;&#9;Card newCard = new Card(treasAvailable.get(i),&quot;&quot;);&#13;&#10;&#9;&#9;&#9;cardHash.put(treasAvailable.get(i), newCard);&#13;&#10;&#9;&#9;&#9;treasure.add(treasAvailable.get(i));&#13;&#10;&#9;&#9;}&#13;&#10;&#9;&#9;this.addConditionsForSelect();&#13;&#10;&#9;}&#13;&#10;&#13;&#10;&#9;public void addConditions() {&#13;&#10;&#9;&#9;cardHash.get(1).monsterLevelBonus = 5;&#13;&#10;&#9;&#9;cardHash.get(2).monsterLevel = 2;&#13;&#10;&#9;&#9;cardHash.get(2).monsterLevelBonus = 3;&#13;&#10;&#9;&#9;cardHash.get(2).numTreas = 1;&#13;&#10;&#9;&#9;cardHash.get(2).condForBonus = &quot;Monster Whacker&quot;;&#13;&#10;&#9;&#9;cardHash.get(3).monsterLevelBonus = 3;&#13;&#10;&#9;&#9;cardHash.get(4).numTreas = 1;&#13;&#10;&#9;&#9;cardHash.get(4).monsterLevel = 1;&#13;&#10;&#9;&#9;cardHash.get(5).monsterLevel = 6;&#13;&#10;&#9;&#9;cardHash.get(5).monsterLevelBonus = -2;&#13;&#10;&#9;&#9;cardHash.get(5).numTreas = 2;&#13;&#10;&#9;&#9;cardHash.get(5).condForBonus = &quot;Professors&quot;;&#13;&#10;&#9;&#9;cardHash.get(7).monsterLevel = 2;&#13;&#10;&#9;&#9;cardHash.get(7).monsterLevelBonus = 4;&#13;&#10;&#9;&#9;cardHash.get(7).numTreas = 1;&#13;&#10;&#9;&#9;cardHash.get(7).condForBonus = &quot;Females&quot;;&#13;&#10;&#9;&#9;cardHash.get(8).monsterLevel = 8;&#13;&#10;&#9;&#9;cardHash.get(8).monsterLevelBonus = 3;&#13;&#10;&#9;&#9;cardHash.get(8).numTreas = 2;&#13;&#10;&#9;&#9;cardHash.get(26).monsterLevel = 10;&#13;&#10;&#9;&#9;cardHash.get(26).numTreas = 3;&#13;&#10;&#9;&#9;cardHash.get(27).monsterLevel = 1;&#13;&#10;&#9;&#9;cardHash.get(27).monsterLevelBonus = 2;&#13;&#10;&#9;&#9;cardHash.get(27).numTreas = 1;&#13;&#10;&#9;&#9;cardHash.get(27).condForBonus = &quot;Investigators&quot;;&#13;&#10;&#9;&#9;cardHash.get(27).badStuff = &quot;gold&quot;;&#13;&#10;&#9;&#9;cardHash.get(27).badGold = -500;&#13;&#10;&#9;&#9;cardHash.get(28).monsterLevel = 6;&#13;&#10;&#9;&#9;cardHash.get(28).numTreas = 2;&#13;&#10;&#9;&#9;cardHash.get(29).monsterLevelBonus = 10;&#13;&#10;&#9;&#9;cardHash.get(29).bonusTreasure = 2;&#13;&#10;&#9;&#9;cardHash.get(30).monsterLevel = 12;&#13;&#10;&#9;&#9;cardHash.get(30).monsterLevelBonus = -2;&#13;&#10;&#9;&#9;cardHash.get(30).numTreas = 3;&#13;&#10;&#9;&#9;cardHash.get(30).condForBonus = &quot;Monster Whacker&quot;;&#13;&#10;&#9;&#9;cardHash.get(31).monsterLevelBonus = 3;&#13;&#10;&#9;&#9;cardHash.get(32).monsterLevel = 12;&#13;&#10;&#9;&#9;cardHash.get(32).numTreas = 3;&#13;&#10;&#9;&#9;cardHash.get(33).monsterLevel = 4;&#13;&#10;&#9;&#9;cardHash.get(33).monsterLevelBonus = -2;&#13;&#10;&#9;&#9;cardHash.get(33).numTreas = 2;&#13;&#10;&#9;&#9;cardHash.get(33).condForBonus = &quot;Females&quot;;&#13;&#10;&#9;&#9;cardHash.get(34).monsterLevelBonus = 3;&#13;&#10;&#9;&#9;cardHash.get(35).monsterLevel = 14;&#13;&#10;&#9;&#9;cardHash.get(35).monsterLevelBonus = -2;&#13;&#10;&#9;&#9;cardHash.get(35).numTreas = 4;&#13;&#10;&#9;&#9;cardHash.get(35).condForBonus = &quot;Professors&quot;;&#13;&#10;&#9;&#9;cardHash.get(42).monsterLevelBonus = -5;&#13;&#10;&#9;&#9;cardHash.get(42).badStuff = &quot;treas&quot;;&#13;&#10;&#9;&#9;cardHash.get(42).badTreas = -1;&#13;&#10;&#9;&#9;cardHash.get(84).numGold = 500;&#13;&#10;&#9;&#9;cardHash.get(84).numHands = 2;&#13;&#10;&#9;&#9;cardHash.get(84).pLevelBonus = 4;&#13;&#10;&#9;&#9;cardHash.get(85).numGold = 600;&#13;&#10;&#9;&#9;cardHash.get(86).numGold = 200;&#13;&#10;&#9;&#9;cardHash.get(86).numHands = 1;&#13;&#10;&#9;&#9;cardHash.get(86).pLevelBonus = 2;&#13;&#10;&#9;&#9;cardHash.get(87).numGold = 200;&#13;&#10;&#9;&#9;cardHash.get(87).pLevelBonus = 1;&#13;&#10;&#9;&#9;cardHash.get(88).numGold = 300;&#13;&#10;&#9;&#9;cardHash.get(88).numHands = 1;&#13;&#10;&#9;&#9;cardHash.get(88).pLevelBonus = 2;&#13;&#10;&#9;&#9;cardHash.get(89).goUpALevel = true;&#13;&#10;&#9;&#9;cardHash.get(90).numGold = 100;&#13;&#10;&#9;&#9;cardHash.get(90).numUse = 1;&#13;&#10;&#9;&#9;cardHash.get(90).forMe = false;&#13;&#10;&#9;&#9;cardHash.get(90).pLevelBonus = 3;&#13;&#10;&#9;&#9;cardHash.get(90).monsterLevelBonus = 3;&#13;&#10;&#9;&#9;cardHash.get(94).goUpALevel = true;&#13;&#10;&#9;&#9;cardHash.get(97).numGold = 700;&#13;&#10;&#9;&#9;cardHash.get(97).pLevelBonus = 3;&#13;&#10;&#9;&#9;cardHash.get(97).NotUsableBy = &quot;Monster Whacker&quot;;&#13;&#10;&#9;&#9;cardHash.get(98).numGold=800;&#13;&#10;&#9;&#9;cardHash.get(98).pLevelBonus=4;&#13;&#10;&#9;&#9;cardHash.get(98).numHands=2;&#13;&#10;&#9;&#9;cardHash.get(99).numGold=300;&#13;&#10;&#9;&#9;cardHash.get(99).pLevelBonus=1;&#13;&#10;&#9;&#9;cardHash.get(99).footGear=true;&#13;&#10;&#9;}&#13;&#10;&#9;&#13;&#10;&#9;public void addConditionsForSelect() {&#13;&#10;&#9;&#9;&#13;&#10;&#9;&#9;cardHash.get(2).monsterLevel = 2;&#13;&#10;&#9;&#9;cardHash.get(2).monsterLevelCondBonus = 3;&#13;&#10;&#9;&#9;cardHash.get(2).numTreas = 1;&#13;&#10;&#9;&#9;cardHash.get(2).condForBonus = &quot;Monster Whacker&quot;;&#13;&#10;&#9;&#9;&#13;&#10;&#9;&#9;cardHash.get(4).numTreas = 1;&#13;&#10;&#9;&#9;cardHash.get(4).monsterLevel = 1;&#13;&#10;&#9;&#13;&#10;&#9;&#9;cardHash.get(7).monsterLevel = 2;&#13;&#10;&#9;&#9;cardHash.get(7).monsterLevelCondBonus = 4;&#13;&#10;&#9;&#9;cardHash.get(7).numTreas = 1;&#13;&#10;&#9;&#9;cardHash.get(7).condForBonus = &quot;Females&quot;;&#13;&#10;&#9;&#9;&#13;&#10;&#9;&#9;&#13;&#10;&#9;&#9;cardHash.get(29).monsterLevelBonus = 10;&#13;&#10;&#9;&#9;cardHash.get(29).bonusTreasure = 2;&#13;&#10;&#9;&#9;&#13;&#10;&#9;&#9;&#13;&#10;&#9;&#9;cardHash.get(42).monsterLevelBonus = -5;&#13;&#10;&#9;&#9;cardHash.get(42).badStuff = &quot;treas&quot;;&#13;&#10;&#9;&#9;cardHash.get(42).badTreas = -1;&#13;&#10;&#9;&#9;cardHash.get(84).numGold = 500;&#13;&#10;&#9;&#9;cardHash.get(84).numHands = 2;&#13;&#10;&#9;&#9;cardHash.get(84).pLevelBonus = 4;&#13;&#10;&#9;&#9;cardHash.get(85).numGold = 600;&#13;&#10;&#9;&#9;cardHash.get(86).numGold = 200;&#13;&#10;&#9;&#9;cardHash.get(86).numHands = 1;&#13;&#10;&#9;&#9;cardHash.get(86).pLevelBonus = 2;&#13;&#10;&#9;&#9;cardHash.get(87).numGold = 200;&#13;&#10;&#9;&#9;cardHash.get(87).pLevelBonus = 1;&#13;&#10;&#9;&#9;cardHash.get(88).numGold = 300;&#13;&#10;&#9;&#9;cardHash.get(88).numHands = 1;&#13;&#10;&#9;&#9;cardHash.get(88).pLevelBonus = 2;&#13;&#10;&#9;&#9;cardHash.get(89).goUpALevel = true;&#13;&#10;&#9;&#9;cardHash.get(90).numGold = 100;&#13;&#10;&#9;&#9;cardHash.get(90).numUse = 1;&#13;&#10;&#9;&#9;cardHash.get(90).forMe = false;&#13;&#10;&#9;&#9;cardHash.get(90).pLevelBonus = 3;&#13;&#10;&#9;&#9;cardHash.get(90).monsterLevelBonus = 3;&#13;&#10;&#9;&#9;cardHash.get(94).goUpALevel = true;&#13;&#10;&#9;&#9;cardHash.get(97).numGold = 700;&#13;&#10;&#9;&#9;cardHash.get(97).pLevelBonus = 3;&#13;&#10;&#9;&#9;cardHash.get(97).NotUsableBy = &quot;Monster Whacker&quot;;&#13;&#10;&#9;&#9;cardHash.get(98).numGold=800;&#13;&#10;&#9;&#9;cardHash.get(98).pLevelBonus=4;&#13;&#10;&#9;&#9;cardHash.get(98).numHands=2;&#13;&#10;&#9;&#9;cardHash.get(99).numGold=300;&#13;&#10;&#9;&#9;cardHash.get(99).pLevelBonus=1;&#13;&#10;&#9;&#9;cardHash.get(99).footGear=true;&#13;&#10;&#9;}&#13;&#10;&#13;&#10;&#9;public HashMap&lt;Integer, Card&gt; getCardHash() {&#13;&#10;&#9;&#9;return cardHash;&#13;&#10;&#9;}&#13;&#10;&#13;&#10;&#13;&#10;}&#13;&#10;" Filename="InitializeCards.java" Intrnl_Id="2"/>
<SrcFile Content="import java.util.ArrayList;&#13;&#10;import java.util.HashMap;&#13;&#10;import java.util.Random;&#13;&#10;&#13;&#10;public class Game {&#13;&#10;&#9;ArrayList&lt;Integer&gt; doors = new ArrayList&lt;Integer&gt;();&#13;&#10;&#9;ArrayList&lt;Integer&gt; treasures = new ArrayList&lt;Integer&gt;();&#13;&#10;&#9;ArrayList&lt;Integer&gt; discards = new ArrayList&lt;Integer&gt;();&#13;&#10;&#9;Player p1 = new Player(&quot;p1&quot;);&#13;&#10;&#9;Player p2 = new Player(&quot;p2&quot;);&#13;&#10;&#9;int turnPlayer;&#13;&#10;&#9;CardFunc funcs = new CardFunc(this);&#13;&#10;&#9;int mInPlay = 0; //0 indicates no monster, otherwise card number goes here.&#13;&#10;&#9;int mLevel = 0; //0 indicates no monster, otherwise monster level goes here.&#13;&#10;&#9;&#13;&#10;&#9;&#13;&#10;&#13;&#10;&#9;public Game(ArrayList&lt;Integer&gt; doors, ArrayList&lt;Integer&gt; treasures) {&#13;&#10; &#9;&#9;this.doors = doors;&#13;&#10;&#9;&#9;this.treasures = treasures;&#13;&#10;&#9;&#9;this.turnPlayer=1;&#13;&#10;&#9;}&#13;&#10;&#9;&#13;&#10;&#13;&#10;&#9;public ArrayList&lt;Integer&gt; shuffle(ArrayList&lt;Integer&gt; cards) {&#13;&#10;&#9;&#9;Random rand = new Random();&#13;&#10;&#9;&#9;for (int i = cards.size() - 1; i &gt; 0; i--) {&#13;&#10;&#9;&#9;&#9;int randNum = rand.nextInt(i);&#13;&#10;&#9;&#9;&#9;int temp = cards.get(randNum);&#13;&#10;&#9;&#9;&#9;cards.set(randNum, cards.get(i));&#13;&#10;&#9;&#9;&#9;cards.set(i, temp);&#13;&#10;&#9;&#9;}&#13;&#10;&#9;&#9;return cards;&#13;&#10;&#9;}&#13;&#10;&#9;&#13;&#10;&#9;public void setInitialCards(){&#13;&#10;&#9;&#9;p1.pHand=this.dealCards();&#13;&#10;&#9;&#9;p2.pHand=this.dealCards();&#13;&#10;&#9;}&#13;&#10;&#13;&#10;&#9;&#13;&#10;&#9;public ArrayList&lt;Integer&gt; dealCards() {&#13;&#10;&#9;&#9;ArrayList&lt;Integer&gt; deal = new ArrayList&lt;Integer&gt;();&#13;&#10;&#9;&#9;doors = shuffle(doors);&#13;&#10;&#9;&#9;treasures = shuffle(treasures);&#13;&#10;&#9;&#9;for (int i = 0; i &lt;= 3; i++) {&#13;&#10;&#9;&#9;&#9;deal.add(doors.get(doors.size() - 1));&#13;&#10;&#9;&#9;&#9;deal.add(treasures.get(treasures.size()-1));&#13;&#10;&#9;&#9;&#9;doors.remove(doors.get(doors.size() - 1));&#13;&#10;&#9;&#9;&#9;treasures.remove(treasures.get(treasures.size()-1));&#13;&#10;&#9;&#9;&#9;&#13;&#10;&#9;&#9;}&#13;&#10;&#9;&#9;return deal;&#13;&#10;&#9;}&#13;&#10;&#9;//This function will not deal another card if the player hand size equals 8&#13;&#10;&#9;public boolean dealNewCard(ArrayList&lt;Integer&gt; cards, Player p) {&#13;&#10;&#9;&#9;int size = cards.size()-1;&#13;&#10;&#9;&#9;if(p.pHand.size() &lt; 8) {&#13;&#10;&#9;&#9;&#9;p.pHand.add(cards.get(size));&#13;&#10;&#9;&#9;&#9;cards.remove(size);&#13;&#10;&#9;&#9;&#9;return true;&#13;&#10;&#9;&#9;} return false;&#13;&#10;&#9;}&#13;&#10;&#9;&#13;&#10;&#9;public boolean mustDiscard(Player p) {&#13;&#10;&#9;&#9;return p.pHand.size()&gt;=8;&#13;&#10;&#9;}&#13;&#10;&#9;&#13;&#10;&#9;public boolean discardCard(Player p, int card) {&#13;&#10;&#9;&#9;if(p.pHand.contains(card)) {&#13;&#10;&#9;&#9;&#9;p.pHand.remove(card);&#13;&#10;&#9;&#9;&#9;discards.add(card);&#13;&#10;&#9;&#9;&#9;return true;&#13;&#10;&#9;&#9;}return false;&#13;&#10;&#9;}&#13;&#10;&#9;&#13;&#10;&#9;public ArrayList&lt;Integer&gt; returnDiscardPile() {&#13;&#10;&#9;&#9;return discards;&#13;&#10;&#9;}&#13;&#10;&#9;&#13;&#10;&#9;public int rollDice() {&#13;&#10;&#9;&#9;Random rand = new Random();&#13;&#10;&#9;&#9;return rand.nextInt(6) + 1;&#13;&#10;&#9;}&#13;&#10;&#13;&#10;}&#13;&#10;" Filename="Game.java" Intrnl_Id="3"/>
<SrcFile Content="&#13;&#10;public class CardFunc {&#13;&#10;&#9;public Game myGame;&#13;&#10;&#9;public Player p;&#13;&#10;&#9;public CardFunc(Game game){&#13;&#10;&#9;&#9;this.myGame=game;&#13;&#10;&#9;&#9;if (myGame.turnPlayer==1){&#13;&#10;&#9;&#9;&#9;p=myGame.p1;&#13;&#10;&#9;&#9;}&#13;&#10;&#9;&#9;else{&#13;&#10;&#9;&#9;&#9;p=myGame.p2;&#13;&#10;&#9;&#9;}&#13;&#10;&#9;&#9;&#13;&#10;&#9;}&#13;&#10;&#9;&#13;&#10;&#9;public void func1Init() {&#13;&#10;&#9;&#9;p.cLevel -= 5;&#13;&#10;&#9;}&#13;&#10;&#9;&#13;&#10;&#9;public void func1(boolean checkWin) {&#13;&#10;&#9;&#9;//+5 to Monster&#13;&#10;&#9;&#9;//If win, draw extra treasure&#13;&#10;&#9;&#9;if(checkWin) {&#13;&#10;&#9;&#9;&#9;myGame.dealNewCard(myGame.treasures, p);&#13;&#10;&#9;&#9;}&#13;&#10;&#9;}&#13;&#10;&#9;&#13;&#10;&#9;public void func2Init() {&#13;&#10;&#9;&#9;if(p.className.equals(&quot;Monster Whacker&quot;)) {&#13;&#10;&#9;&#9;&#9;p.cLevel -= 3;&#13;&#10;&#9;&#9;}&#13;&#10;&#9;}&#13;&#10;&#9;&#13;&#10;&#9;public void func2(boolean checkWin) {&#13;&#10;&#9;&#9;//+3 against Monster Whackers&#13;&#10;&#9;&#9;//Bad: Lose your class, unless you are a cultist&#13;&#10;&#9;&#9;if(checkWin) {&#13;&#10;&#9;&#9;&#9;myGame.dealNewCard(myGame.treasures, p);&#13;&#10;&#9;&#9;} else {&#13;&#10;&#9;&#9;&#9;if(!p.className.equals(&quot;Cultist&quot;)) {&#13;&#10;&#9;&#9;&#9;&#9;p.className = &quot;&quot;;&#9;&#9;&#9;&#9;&#13;&#10;&#9;&#9;&#9;&#9;//Need to discard any class card in play&#13;&#10;&#9;&#9;&#9;}&#13;&#10;&#9;&#9;}&#13;&#10;&#9;}&#13;&#10;&#9;&#13;&#10;&#9;public void func3() {&#13;&#10;&#9;&#9;//+3 to monster&#13;&#10;&#9;&#9;//Play on a cultist for bonus...&#13;&#10;&#9;}&#13;&#10;&#9;&#13;&#10;&#9;public void func4Init() {&#13;&#10;&#9;&#9;//No class abilties are used&#13;&#10;&#9;&#9;p.classAbility = false; //maybe...&#13;&#10;&#9;}&#13;&#10;&#9;&#13;&#10;&#9;public void func4Result(boolean checkWin) {&#13;&#10;&#9;&#9;//no class abilties&#13;&#10;&#9;&#9;//Bad: Discard your armour&#13;&#10;&#9;&#9;if(checkWin) {&#13;&#10;&#9;&#9;&#9;myGame.dealNewCard(myGame.treasures, p);&#13;&#10;&#9;&#9;} else {&#13;&#10;&#9;&#9;&#9;//Discard armour&#13;&#10;&#9;&#9;}&#13;&#10;&#9;}&#13;&#10;&#9;&#13;&#10;&#9;public void func5Init() {&#13;&#10;&#9;&#9;if(p.className.equals(&quot;Professor&quot;)) {&#13;&#10;&#9;&#9;&#9;p.cLevel += 2;&#13;&#10;&#9;&#9;} else if(p.className.equals(&quot;Cultist&quot;)) {&#13;&#10;&#9;&#9;&#9;p.cLevel -= 2;&#13;&#10;&#9;&#9;}&#13;&#10;&#9;}&#13;&#10;&#9;&#13;&#10;&#9;public void func5(boolean checkWin) {&#13;&#10;&#9;&#9;//-2 against professors&#13;&#10;&#9;&#9;//+2 against cultists&#13;&#10;&#9;&#9;//Bad: Become a cultist, if already a cultist, donate 1000 gold&#13;&#10;&#9;&#9;if(checkWin) {&#13;&#10;&#9;&#9;&#9;myGame.dealNewCard(myGame.treasures, p);&#13;&#10;&#9;&#9;} else {&#13;&#10;&#9;&#9;&#9;if (p.className.equals(&quot;Cultist&quot;)) {&#13;&#10;&#9;&#9;&#9;&#9;//Discard treasures that add up to 1000 gold&#13;&#10;&#9;&#9;&#9;} else {&#13;&#10;&#9;&#9;&#9;&#9;p.className = &quot;Cultist&quot;;&#13;&#10;&#9;&#9;&#9;}&#13;&#10;&#9;&#9;}&#13;&#10;&#9;}&#13;&#10;&#9;&#13;&#10;&#9;public void func7Init() {&#13;&#10;&#9;&#9;if(p.gender == 'F') {&#13;&#10;&#9;&#9;&#9;p.cLevel += 4;&#13;&#10;&#9;&#9;}&#13;&#10;&#9;}&#13;&#10;&#9;&#13;&#10;&#9;public void func7(boolean checkWin) {&#13;&#10;&#9;&#9;//-4 against females&#13;&#10;&#9;&#9;//Bad: Cultists must donate highest valued item in hand&#13;&#10;&#9;&#9;//Bad: Others must discard a card&#13;&#10;&#9;&#9;if(p.className.equals(&quot;Cultist&quot;)) {&#13;&#10;&#9;&#9;&#9;//Discard highest value in hand&#13;&#10;&#9;&#9;&#9;System.out.println(&quot;Discard highest valued item in hand&quot;);&#13;&#10;&#9;&#9;} else {&#13;&#10;&#9;&#9;&#9;//Discard a card in your hand&#13;&#10;&#9;&#9;&#9;System.out.println(&quot;Discard a card in your hand&quot;);&#13;&#10;&#9;&#9;}&#13;&#10;&#9;}&#13;&#10;&#9;&#13;&#10;&#9;public void func8Init() {&#13;&#10;&#9;&#9;if(p.pHand.size()%2 == 0) {&#13;&#10;&#9;&#9;&#9;p.cLevel -= 3;&#13;&#10;&#9;&#9;}&#13;&#10;&#9;}&#13;&#10;&#9;&#13;&#10;&#9;public void func8(boolean checkWin) {&#13;&#10;&#9;&#9;//if number of cards in hand is even, +3 for monster&#13;&#10;&#9;&#9;//Bad: lose two levels and discard a card from your hand&#13;&#10;&#9;&#9;if(checkWin) {&#13;&#10;&#9;&#9;&#9;myGame.dealNewCard(myGame.treasures, p);&#13;&#10;&#9;&#9;&#9;myGame.dealNewCard(myGame.treasures, p);&#13;&#10;&#9;&#9;} else {&#13;&#10;&#9;&#9;&#9;p.pLevel -= 2;&#13;&#10;&#9;&#9;&#9;if(p.pLevel&lt;1) {&#13;&#10;&#9;&#9;&#9;&#9;p.pLevel = 1;&#13;&#10;&#9;&#9;&#9;}&#13;&#10;&#9;&#9;&#9;//Discard a card from your hand&#13;&#10;&#9;&#9;}&#13;&#10;&#9;}&#13;&#10;&#9;&#13;&#10;&#9;public void func26Init() {&#13;&#10;&#9;&#9;//if ichor cards are in play to give them combat bonus, double effect&#13;&#10;&#9;}&#13;&#10;&#9;&#13;&#10;&#9;public void func26(boolean checkWin) {&#13;&#10;&#9;&#9;//Immune to Ichor cards, except Ichor cards player for them are double bonus&#13;&#10;&#9;&#9;//Bad: Give a card to every Cultist in the game&#13;&#10;&#9;&#9;if(checkWin) {&#13;&#10;&#9;&#9;&#9;for(int i = 0; i &lt; 3; i++) {&#13;&#10;&#9;&#9;&#9;&#9;myGame.dealNewCard(myGame.treasures, p);&#13;&#10;&#9;&#9;&#9;}&#13;&#10;&#9;&#9;} else {&#13;&#10;&#9;&#9;&#9;//Give a card to other player if they are a Cultist&#13;&#10;&#9;&#9;}&#13;&#10;&#9;}&#13;&#10;&#9;&#13;&#10;&#9;public void func27Init() {&#13;&#10;&#9;&#9;if(p.className.equals(&quot;Professor&quot;)) {&#13;&#10;&#9;&#9;&#9;p.cLevel -= 2;&#13;&#10;&#9;&#9;}&#13;&#10;&#9;}&#13;&#10;&#9;&#13;&#10;&#9;public void func27(boolean checkWin) {&#13;&#10;&#9;&#9;//+2 against Investigators&#13;&#10;&#9;&#9;//Bad: Discard items worth at least 500 gold&#13;&#10;&#9;&#9;if(checkWin) {&#13;&#10;&#9;&#9;&#9;myGame.dealNewCard(myGame.treasures, p);&#13;&#10;&#9;&#9;} else {&#13;&#10;&#9;&#9;&#9;//Discard items worth at least 500 gold&#13;&#10;&#9;&#9;}&#13;&#10;&#9;}&#13;&#10;&#9;&#13;&#10;&#9;public void func28Init() {&#13;&#10;&#9;&#9;p.cLevel = p.pLevel; //Reset to initial level&#13;&#10;&#9;&#9;//Check for Ichor cards in play, all other items are useless&#13;&#10;&#9;}&#13;&#10;&#9;&#13;&#10;&#9;public void func28(boolean checkWin) {&#13;&#10;&#9;&#9;//Only Inchor cards work (fire/flame has double effect)&#13;&#10;&#9;&#9;//Bad: Give a card to the other player&#13;&#10;&#9;&#9;if(checkWin) {&#13;&#10;&#9;&#9;&#9;myGame.dealNewCard(myGame.treasures, p);&#13;&#10;&#9;&#9;&#9;myGame.dealNewCard(myGame.treasures, p);&#13;&#10;&#9;&#9;} else {&#13;&#10;&#9;&#9;&#9;//Give a card to the other player&#13;&#10;&#9;&#9;}&#13;&#10;&#9;}&#13;&#10;&#9;&#13;&#10;&#9;public void func29Init() {&#13;&#10;&#9;&#9;p.cLevel -= 10;&#13;&#10;&#9;}&#13;&#10;&#9;&#13;&#10;&#9;public void func29(boolean checkWin) {&#13;&#10;&#9;&#9;//+10 to Monster&#13;&#10;&#9;&#9;//If win, draw two extra treasures&#13;&#10;&#9;&#9;if(checkWin) {&#13;&#10;&#9;&#9;&#9;myGame.dealNewCard(myGame.treasures, p);&#13;&#10;&#9;&#9;&#9;myGame.dealNewCard(myGame.treasures, p);&#13;&#10;&#9;&#9;}&#13;&#10;&#9;}&#13;&#10;&#9;&#13;&#10;&#9;public void func30Init() {&#13;&#10;&#9;&#9;if(p.className.equals(&quot;Monster Whacker&quot;)) {&#13;&#10;&#9;&#9;&#9;p.cLevel += 2;&#13;&#10;&#9;&#9;}&#13;&#10;&#9;}&#13;&#10;&#9;&#13;&#10;&#9;public void func30(boolean checkWin) {&#13;&#10;&#9;&#9;//-2 against Monster Whackers&#13;&#10;&#9;&#9;//Bad: You are dead&#13;&#10;&#9;&#9;if(checkWin) {&#13;&#10;&#9;&#9;&#9;for(int i = 0; i &lt; 3; i++) {&#13;&#10;&#9;&#9;&#9;&#9;myGame.dealNewCard(myGame.treasures, p);&#13;&#10;&#9;&#9;&#9;}&#13;&#10;&#9;&#9;} else {&#13;&#10;&#9;&#9;&#9;//You are dead...&#13;&#10;&#9;&#9;}&#13;&#10;&#9;}&#13;&#10;&#9;&#13;&#10;&#9;public void func31() {&#13;&#10;&#9;&#9;//+3 to monster&#13;&#10;&#9;&#9;//or play on cultist until they die or they lose the class&#13;&#10;&#9;&#9;//+3 permanant bonus&#13;&#10;&#9;&#9;//same as func3()&#13;&#10;&#9;}&#13;&#10;&#9;&#13;&#10;&#9;public void func32Init() {&#13;&#10;&#9;&#9;//Discard one card from your hand&#13;&#10;&#9;}&#13;&#10;&#9;&#13;&#10;&#9;public void func32(boolean checkWin) {&#13;&#10;&#9;&#9;//Other player discards card from your hand&#13;&#10;&#9;&#9;//Bad: Discard all Ichor cards&#13;&#10;&#9;&#9;if(checkWin) {&#13;&#10;&#9;&#9;&#9;for(int i = 0; i &lt; 3; i++) {&#13;&#10;&#9;&#9;&#9;&#9;myGame.dealNewCard(myGame.treasures, p);&#13;&#10;&#9;&#9;&#9;}&#13;&#10;&#9;&#9;} else {&#13;&#10;&#9;&#9;&#9;//Discard all ichor cards from hand&#13;&#10;&#9;&#9;}&#13;&#10;&#9;}&#13;&#10;&#9;&#13;&#10;&#9;public void func33Init() {&#13;&#10;&#9;&#9;if(p.gender == 'F') {&#13;&#10;&#9;&#9;&#9;p.cLevel += 2;&#13;&#10;&#9;&#9;}&#13;&#10;&#9;}&#13;&#10;&#9;&#13;&#10;&#9;public void func33(boolean checkWin) {&#13;&#10;&#9;&#9;//-2 against females&#13;&#10;&#9;&#9;//Can't help anyone out until you go up a level (useless)&#13;&#10;&#9;&#9;if(checkWin) {&#13;&#10;&#9;&#9;&#9;myGame.dealNewCard(myGame.treasures, p);&#13;&#10;&#9;&#9;&#9;myGame.dealNewCard(myGame.treasures, p);&#13;&#10;&#9;&#9;} else {&#13;&#10;&#9;&#9;&#9;//somewhat useless...&#13;&#10;&#9;&#9;}&#13;&#10;&#9;}&#13;&#10;&#9;&#13;&#10;&#9;public void func34() {&#13;&#10;&#9;&#9;//Same as func3()&#13;&#10;&#9;}&#13;&#10;&#9;&#13;&#10;&#9;public void func35Init() {&#13;&#10;&#9;&#9;if(p.className.equals(&quot;Professor&quot;)) {&#13;&#10;&#9;&#9;&#9;p.cLevel += 2;&#13;&#10;&#9;&#9;} else if(p.className.equals(&quot;Investigator&quot;)){&#13;&#10;&#9;&#9;&#9;p.cLevel += 2;&#13;&#10;&#9;&#9;}&#13;&#10;&#9;}&#13;&#10;&#9;&#13;&#10;&#9;public void func35(boolean checkWin) {&#13;&#10;&#9;&#9;//-2 against professors or investigators&#13;&#10;&#9;&#9;//Bad: You must help anyone, no reward&#13;&#10;&#9;&#9;if(checkWin) {&#13;&#10;&#9;&#9;&#9;for(int i = 0; i &lt; 4; i++) {&#13;&#10;&#9;&#9;&#9;&#9;myGame.dealNewCard(myGame.treasures, p);&#13;&#10;&#9;&#9;&#9;}&#13;&#10;&#9;&#9;} else {&#13;&#10;&#9;&#9;&#9;//Must help everyone...&#13;&#10;&#9;&#9;}&#13;&#10;&#9;}&#13;&#10;&#9;&#13;&#10;&#9;public void func36Init() {&#13;&#10;&#9;&#9;if(p.gender == 'M') {&#13;&#10;&#9;&#9;&#9;p.cLevel -= 3;&#13;&#10;&#9;&#9;}&#13;&#10;&#9;}&#13;&#10;&#9;&#13;&#10;&#9;public void func36(boolean checkWin) {&#13;&#10;&#9;&#9;//+3 against males&#13;&#10;&#9;&#9;//Male munchkins cannot help&#13;&#10;&#9;&#9;//Bad: Lose a level&#13;&#10;&#9;&#9;if(checkWin) {&#13;&#10;&#9;&#9;&#9;myGame.dealNewCard(myGame.treasures, p);&#13;&#10;&#9;&#9;} else {&#13;&#10;&#9;&#9;&#9;p.pLevel -= 1;&#13;&#10;&#9;&#9;}&#13;&#10;&#9;}&#13;&#10;&#9;&#13;&#10;&#9;public void func37Init() {&#13;&#10;&#9;&#9;if(p.gender == 'F') {&#13;&#10;&#9;&#9;&#9;p.cLevel += 2;&#13;&#10;&#9;&#9;}&#13;&#10;&#9;}&#13;&#10;&#9;&#13;&#10;&#9;public void func37(boolean checkWin) {&#13;&#10;&#9;&#9;//-2 against females&#13;&#10;&#9;&#9;//Bad: Discard whole hand&#13;&#10;&#9;&#9;if(checkWin) {&#13;&#10;&#9;&#9;&#9;for(int i = 0; i &lt; 3; i++) {&#13;&#10;&#9;&#9;&#9;&#9;myGame.dealNewCard(myGame.treasures, p);&#13;&#10;&#9;&#9;&#9;}&#13;&#10;&#9;&#9;} else {&#13;&#10;&#9;&#9;&#9;//Discard entire hand&#13;&#10;&#9;&#9;}&#13;&#10;&#9;}&#13;&#10;&#9;&#13;&#10;&#9;public void func38Init() {&#13;&#10;&#9;&#9;if(!p.className.equals(&quot;Cultist&quot;)) {&#13;&#10;&#9;&#9;&#9;p.cLevel -= 4;&#13;&#10;&#9;&#9;}&#13;&#10;&#9;}&#13;&#10;&#9;&#13;&#10;&#9;public void func38(boolean checkWin) {&#13;&#10;&#9;&#9;//+4 any non cultists&#13;&#10;&#9;&#9;//Bad: You die, new character is a Cultist&#13;&#10;&#9;&#9;if(checkWin) {&#13;&#10;&#9;&#9;&#9;for(int i = 0; i &lt; 5; i++) {&#13;&#10;&#9;&#9;&#9;&#9;myGame.dealNewCard(myGame.treasures, p);&#13;&#10;&#9;&#9;&#9;}&#13;&#10;&#9;&#9;} else {&#13;&#10;&#9;&#9;&#9;//You die&#13;&#10;&#9;&#9;&#9;p.className = &quot;Cultist&quot;;&#13;&#10;&#9;&#9;}&#13;&#10;&#9;}&#13;&#10;&#9;&#13;&#10;&#9;public void func39Init() {&#13;&#10;&#9;&#9;if(p.className.equals(&quot;Investigators&quot;)) {&#13;&#10;&#9;&#9;&#9;p.cLevel -= 3;&#13;&#10;&#9;&#9;}&#13;&#10;&#9;&#9;p.className = &quot;Cultist&quot;;&#13;&#10;&#9;}&#13;&#10;&#9;&#13;&#10;&#9;public void func39(boolean checkWin) {&#13;&#10;&#9;&#9;//+3 against investigators&#13;&#10;&#9;&#9;//You are now a cultist&#13;&#10;&#9;&#9;//Bad: You are still a cultist&#13;&#10;&#9;&#9;if(checkWin) {&#13;&#10;&#9;&#9;&#9;myGame.dealNewCard(myGame.treasures, p);&#13;&#10;&#9;&#9;&#9;myGame.dealNewCard(myGame.treasures, p);&#13;&#10;&#9;&#9;} else {&#13;&#10;&#9;&#9;&#9;//Nothing happens, you are still a cultist&#13;&#10;&#9;&#9;}&#13;&#10;&#9;}&#13;&#10;&#9;&#13;&#10;&#9;public void func42Init() {&#13;&#10;&#9;&#9;p.cLevel += 5;&#13;&#10;&#9;}&#13;&#10;&#9;&#13;&#10;&#9;public void func42(boolean checkWin) {&#13;&#10;&#9;&#9;//-5 to monster&#13;&#10;&#9;&#9;//If win, draw one fewer treasure (minimum 1)&#13;&#10;&#9;&#9;if(checkWin) {&#13;&#10;&#9;&#9;&#9;//Draw one fewer treasure method&#13;&#10;&#9;&#9;&#9;//Perhaps discards last treasure card drawn&#13;&#10;&#9;&#9;}&#13;&#10;&#9;}&#13;&#10;&#9;&#13;&#10;&#9;public void func43Init() {&#13;&#10;&#9;&#9;p.cLevel -= 10;&#13;&#10;&#9;}&#13;&#10;&#9;&#13;&#10;&#9;public void func43(boolean checkWin) {&#13;&#10;&#9;&#9;//+10 to monster&#13;&#10;&#9;&#9;//If defeated, draw two extra treasures&#13;&#10;&#9;&#9;if(checkWin) {&#13;&#10;&#9;&#9;&#9;myGame.dealNewCard(myGame.treasures, p);&#13;&#10;&#9;&#9;&#9;myGame.dealNewCard(myGame.treasures, p);&#13;&#10;&#9;&#9;}&#13;&#10;&#9;}&#13;&#10;&#9;&#13;&#10;&#9;public void func44Init() {&#13;&#10;&#9;&#9;p.className = &quot;Investigator&quot;;&#13;&#10;&#9;}&#13;&#10;&#9;&#13;&#10;&#9;public void func44() {&#13;&#10;&#9;&#9;//Peek: Look at door, can discard three cards and keep door card and turn over next door&#13;&#10;&#9;&#9;//Look for trouble: If win, draw extra treasure&#13;&#10;&#9;}&#13;&#10;&#9;&#13;&#10;&#9;public void func45(boolean checkWin) {&#13;&#10;&#9;&#9;//Footgear does not count until end of fight&#13;&#10;&#9;&#9;//-2 run away&#13;&#10;&#9;&#9;//Bad: Discard card that other player chooses&#13;&#10;&#9;&#9;if(checkWin) {&#13;&#10;&#9;&#9;&#9;myGame.dealNewCard(myGame.treasures, p);&#13;&#10;&#9;&#9;} else {&#13;&#10;&#9;&#9;&#9;//Discard one card chosen by other player&#13;&#10;&#9;&#9;}&#13;&#10;&#9;}&#13;&#10;&#9;&#13;&#10;&#9;public void func46Init() {&#13;&#10;&#9;&#9;if(p.className.equals(&quot;Cultist&quot;)) {&#13;&#10;&#9;&#9;&#9;p.cLevel += 2;&#13;&#10;&#9;&#9;}&#13;&#10;&#9;}&#13;&#10;&#9;public void func46(boolean checkWin) {&#13;&#10;&#9;&#9;//-2 against Cultists&#13;&#10;&#9;&#9;//Bad: Lose two levels&#13;&#10;&#9;&#9;if(checkWin) {&#13;&#10;&#9;&#9;&#9;myGame.dealNewCard(myGame.treasures, p);&#13;&#10;&#9;&#9;&#9;myGame.dealNewCard(myGame.treasures, p);&#13;&#10;&#9;&#9;} else {&#13;&#10;&#9;&#9;&#9;p.pLevel -= 2; //Can levels go negative?&#13;&#10;&#9;&#9;}&#13;&#10;&#9;}&#13;&#10;&#9;&#13;&#10;&#9;public void func47(boolean checkWin) {&#13;&#10;&#9;&#9;//Bad: Anyone who helps loses a level&#13;&#10;&#9;&#9;if(checkWin) {&#13;&#10;&#9;&#9;&#9;myGame.dealNewCard(myGame.treasures, p);&#13;&#10;&#9;&#9;} else {&#13;&#10;&#9;&#9;&#9;//Check to see if other player helped...&#13;&#10;&#9;&#9;}&#13;&#10;&#9;}&#13;&#10;&#9;&#13;&#10;&#9;public void func48Init() {&#13;&#10;&#9;&#9;p.cLevel -= 5;&#13;&#10;&#9;}&#13;&#10;&#9;&#13;&#10;&#9;public void func48(boolean checkWin) {&#13;&#10;&#9;&#9;//+5 to monster&#13;&#10;&#9;&#9;//If win, draw extra treasure&#13;&#10;&#9;&#9;if(checkWin) {&#13;&#10;&#9;&#9;&#9;myGame.dealNewCard(myGame.treasures, p);&#13;&#10;&#9;&#9;}&#13;&#10;&#9;}&#13;&#10;&#9;&#13;&#10;&#9;public void func49() {&#13;&#10;&#9;&#9;//Monster Whacker&#13;&#10;&#9;&#9;p.className = &quot;Monster Whacker&quot;;&#13;&#10;&#9;}&#13;&#10;&#9;&#13;&#10;&#9;public void func51Init() {&#13;&#10;&#9;&#9;if(p.gender == 'M') {&#13;&#10;&#9;&#9;&#9;p.cLevel -= 3;&#13;&#10;&#9;&#9;}&#13;&#10;&#9;}&#13;&#10;&#9;&#13;&#10;&#9;public void func51(boolean checkWin) {&#13;&#10;&#9;&#9;//+3 against males&#13;&#10;&#9;&#9;//Bad: Discard 3 cards&#13;&#10;&#9;&#9;if(checkWin) {&#13;&#10;&#9;&#9;&#9;for(int i = 0; i &lt; 4; i++) {&#13;&#10;&#9;&#9;&#9;&#9;myGame.dealNewCard(myGame.treasures, p);&#13;&#10;&#9;&#9;&#9;}&#13;&#10;&#9;&#9;} else {&#13;&#10;&#9;&#9;&#9;//Discard 3 cards&#13;&#10;&#9;&#9;}&#13;&#10;&#9;}&#13;&#10;&#9;&#13;&#10;&#9;public void func52Init() {&#13;&#10;&#9;&#9;int pNum = myGame.turnPlayer;&#13;&#10;&#9;&#9;if(pNum == 1) {&#13;&#10;&#9;&#9;&#9;if(myGame.p1.pLevel &lt; myGame.p2.pLevel) {&#13;&#10;&#9;&#9;&#9;&#9;p.cLevel -= 4;&#13;&#10;&#9;&#9;&#9;}&#13;&#10;&#9;&#9;} else {&#13;&#10;&#9;&#9;&#9;if(myGame.p2.pLevel &lt; myGame.p1.pLevel) {&#13;&#10;&#9;&#9;&#9;&#9;p.cLevel -= 4;&#13;&#10;&#9;&#9;&#9;}&#13;&#10;&#9;&#9;}&#13;&#10;&#9;}&#13;&#10;&#9;&#13;&#10;&#9;public void func52(boolean checkWin) {&#13;&#10;&#9;&#9;//If you are the lowest level, +4 against you&#13;&#10;&#9;&#9;//Bad: Other player takes one of your cards in play&#13;&#10;&#9;&#9;if(checkWin) {&#13;&#10;&#9;&#9;&#9;myGame.dealNewCard(myGame.treasures, p);&#13;&#10;&#9;&#9;&#9;myGame.dealNewCard(myGame.treasures, p);&#13;&#10;&#9;&#9;} else {&#13;&#10;&#9;&#9;&#9;//Other player takes one of your cards in play&#13;&#10;&#9;&#9;}&#13;&#10;&#9;}&#13;&#10;&#9;&#13;&#10;&#9;public void func54(boolean checkWin) {&#13;&#10;&#9;&#9;//Does not pursue of Level 4 or below (No roll dice)&#13;&#10;&#9;&#9;//Defeated by Song of Madness, but you become a Cultist&#13;&#10;&#9;&#9;//Bad: You die&#13;&#10;&#9;&#9;if(checkWin) {&#13;&#10;&#9;&#9;&#9;for(int i = 0; i &lt; 5; i++) {&#13;&#10;&#9;&#9;&#9;&#9;myGame.dealNewCard(myGame.treasures, p);&#13;&#10;&#9;&#9;&#9;}&#13;&#10;&#9;&#9;&#9;p.pLevel += 2;&#13;&#10;&#9;&#9;} else {&#13;&#10;&#9;&#9;&#9;//You die&#13;&#10;&#9;&#9;}&#13;&#10;&#9;}&#13;&#10;&#9;&#13;&#10;&#9;public void func55Init() {&#13;&#10;&#9;&#9;if(p.className.equals(&quot;Professor&quot;)) {&#13;&#10;&#9;&#9;&#9;p.cLevel -= 3;&#13;&#10;&#9;&#9;}&#13;&#10;&#9;}&#13;&#10; &#9;&#13;&#10;&#9;public void func55(boolean checkWin) {&#13;&#10;&#9;&#9;//+3 against Professors&#13;&#10;&#9;&#9;//Bad: Lose a level&#13;&#10;&#9;&#9;if(checkWin) {&#13;&#10;&#9;&#9;&#9;myGame.dealNewCard(myGame.treasures, p);&#13;&#10;&#9;&#9;} else {&#13;&#10;&#9;&#9;&#9;p.pLevel -= 1;&#13;&#10;&#9;&#9;}&#13;&#10;&#9;}&#13;&#10;&#9;&#13;&#10;&#9;public void func57() {&#13;&#10;&#9;&#9;//Professor&#13;&#10;&#9;&#9;p.className = &quot;Professor&quot;;&#13;&#10;&#9;}&#13;&#10;&#9;&#13;&#10;&#9;public void func58(boolean checkWin) {&#13;&#10;&#9;&#9;//same as func3()&#13;&#10;&#9;}&#13;&#10;&#9;&#13;&#10;&#9;public void func59(boolean checkWin) {&#13;&#10;&#9;&#9;//Bad: Become a cultist&#13;&#10;&#9;&#9;if(checkWin) {&#13;&#10;&#9;&#9;&#9;myGame.dealNewCard(myGame.treasures, p);&#13;&#10;&#9;&#9;} else {&#13;&#10;&#9;&#9;&#9;p.className = &quot;Cultist&quot;;&#13;&#10;&#9;&#9;}&#13;&#10;&#9;}&#13;&#10;&#9;&#13;&#10;&#9;public void func60Init() {&#13;&#10;&#9;&#9;p.cLevel -= 5;&#13;&#10;&#9;}&#13;&#10;&#9;&#13;&#10;&#9;public void func60(boolean checkWin) {&#13;&#10;&#9;&#9;//+5 to monster&#13;&#10;&#9;&#9;//if win, draw extra treasure&#13;&#10;&#9;&#9;if(checkWin) {&#13;&#10;&#9;&#9;&#9;myGame.dealNewCard(myGame.treasures, p);&#13;&#10;&#9;&#9;}&#13;&#10;&#9;}&#13;&#10;&#9;&#13;&#10;&#9;public void func61Init() {&#13;&#10;&#9;&#9;if(p.className.equals(&quot;Professor&quot;)) {&#13;&#10;&#9;&#9;&#9;p.cLevel -= 2;&#13;&#10;&#9;&#9;}&#13;&#10;&#9;}&#13;&#10;&#9;&#13;&#10;&#9;public void func61(boolean checkWin) {&#13;&#10;&#9;&#9;//+2 against professors&#13;&#10;&#9;&#9;//Bad: You are dead&#13;&#10;&#9;&#9;if(checkWin) {&#13;&#10;&#9;&#9;&#9;myGame.dealNewCard(myGame.treasures, p);&#13;&#10;&#9;&#9;&#9;myGame.dealNewCard(myGame.treasures, p);&#13;&#10;&#9;&#9;} else {&#13;&#10;&#9;&#9;&#9;//You die&#13;&#10;&#9;&#9;}&#13;&#10;&#9;}&#13;&#10;&#9;&#13;&#10;&#9;public void func62Init() {&#13;&#10;&#9;&#9;if(p.className.equals(&quot;Cultist&quot;)) {&#13;&#10;&#9;&#9;&#9;p.cLevel -= 3;&#13;&#10;&#9;&#9;}&#13;&#10;&#9;}&#13;&#10;&#9;&#13;&#10;&#9;public void func62(boolean checkWin) {&#13;&#10;&#9;&#9;//+3 against Cultists&#13;&#10;&#9;&#9;//Bad: Lose a level&#13;&#10;&#9;&#9;if(checkWin) {&#13;&#10;&#9;&#9;&#9;myGame.dealNewCard(myGame.treasures, p);&#13;&#10;&#9;&#9;} else {&#13;&#10;&#9;&#9;&#9;p.pLevel -= 1;&#13;&#10;&#9;&#9;}&#13;&#10;&#9;}&#13;&#10;&#9;&#13;&#10;&#9;public void func63Init() {&#13;&#10;&#9;&#9;if(p.className.equals(&quot;Investigator&quot;)) {&#13;&#10;&#9;&#9;&#9;p.cLevel += 2;&#13;&#10;&#9;&#9;}&#13;&#10;&#9;}&#13;&#10;&#9;&#13;&#10;&#9;public void func63(boolean checkWin) {&#13;&#10;&#9;&#9;//-2 against investigators&#13;&#10;&#9;&#9;//Will not pursue anyone of Level 2 or below&#13;&#10;&#9;&#9;//Bad: Become a cultist&#13;&#10;&#9;&#9;if(checkWin) {&#13;&#10;&#9;&#9;&#9;for(int i = 0; i &lt; 4; i++) {&#13;&#10;&#9;&#9;&#9;&#9;myGame.dealNewCard(myGame.treasures, p);&#13;&#10;&#9;&#9;&#9;}&#13;&#10;&#9;&#9;&#9;p.pLevel += 2;&#13;&#10;&#9;&#9;} else {&#13;&#10;&#9;&#9;&#9;p.className = &quot;Cultist&quot;;&#13;&#10;&#9;&#9;}&#13;&#10;&#9;}&#13;&#10;&#9;&#13;&#10;&#9;public void func64(boolean checkWin) {&#13;&#10;&#9;&#9;//Will not pursue anyone of Level 3 or below&#13;&#10;&#9;&#9;//Bad: Lose three levels and your footgear&#13;&#10;&#9;&#9;if(checkWin) {&#13;&#10;&#9;&#9;&#9;for(int i = 0; i &lt; 4; i++) {&#13;&#10;&#9;&#9;&#9;&#9;myGame.dealNewCard(myGame.treasures, p);&#13;&#10;&#9;&#9;&#9;}&#13;&#10;&#9;&#9;&#9;p.pLevel += 2;&#13;&#10;&#9;&#9;} else {&#13;&#10;&#9;&#9;&#9;//Lose footgear&#13;&#10;&#9;&#9;&#9;p.pLevel -= 3;&#13;&#10;&#9;&#9;}&#13;&#10;&#9;}&#13;&#10;&#9;&#13;&#10;&#9;public void func65Init() {&#13;&#10;&#9;&#9;if(p.className.equals(&quot;Monster Whacker&quot;)) {&#13;&#10;&#9;&#9;&#9;p.cLevel += 3;&#13;&#10;&#9;&#9;}&#13;&#10;&#9;}&#13;&#10;&#9;&#13;&#10;&#9;public void func65(boolean checkWin) {&#13;&#10;&#9;&#9;//-3 against Monster Whackers&#13;&#10;&#9;&#9;//Bad: If you are the lowest level, lose a level, otherwise, p2 goes up a level&#13;&#10;&#9;&#9;if(checkWin) {&#13;&#10;&#9;&#9;&#9;for(int i = 0; i &lt; 4; i++) {&#13;&#10;&#9;&#9;&#9;&#9;myGame.dealNewCard(myGame.treasures, p);&#13;&#10;&#9;&#9;&#9;}&#13;&#10;&#9;&#9;} else {&#13;&#10;&#9;&#9;&#9;//If you are the lowest level, lose a level, otherwise, p2 goes up a level&#13;&#10;&#9;&#9;}&#13;&#10;&#9;}&#13;&#10;&#9;&#13;&#10;&#9;public void func66Init() {&#13;&#10;&#9;&#9;p.cLevel -= 5;&#13;&#10;&#9;}&#13;&#10;&#9;&#13;&#10;&#9;public void func66(boolean checkWin) {&#13;&#10;&#9;&#9;//+5 to monster&#13;&#10;&#9;&#9;//If win, draw extra treasure&#13;&#10;&#9;&#9;if(checkWin) {&#13;&#10;&#9;&#9;&#9;myGame.dealNewCard(myGame.treasures, p);&#13;&#10;&#9;&#9;}&#13;&#10;&#9;}&#13;&#10;&#9;&#13;&#10;&#9;public void func70(boolean checkWin) {&#13;&#10;&#9;&#9;//Bad: Discard all door cards in your hand&#13;&#10;&#9;&#9;//If win, draw extra door card face down&#13;&#10;&#9;&#9;if(checkWin) {&#13;&#10;&#9;&#9;&#9;myGame.dealNewCard(myGame.treasures, p);&#13;&#10;&#9;&#9;&#9;myGame.dealNewCard(myGame.treasures, p);&#13;&#10;&#9;&#9;&#9;//Deal out a new door card&#13;&#10;&#9;&#9;} else {&#13;&#10;&#9;&#9;&#9;//Discard all door cards in your hand&#13;&#10;&#9;&#9;}&#13;&#10;&#9;}&#13;&#10;&#9;&#13;&#10;&#9;public void func71Init() {&#13;&#10;&#9;&#9;if(p.gender == 'F') {&#13;&#10;&#9;&#9;&#9;p.cLevel -= 2;&#13;&#10;&#9;&#9;}&#13;&#10;&#9;}&#13;&#10;&#9;&#13;&#10;&#9;public void func71(boolean checkWin) {&#13;&#10;&#9;&#9;//+2 against females&#13;&#10;&#9;&#9;//Bad: Discard all helpful class card&#13;&#10;&#9;&#9;if(checkWin) {&#13;&#10;&#9;&#9;&#9;for(int i = 0; i &lt; 3; i++) {&#13;&#10;&#9;&#9;&#9;&#9;myGame.dealNewCard(myGame.treasures, p);&#13;&#10;&#9;&#9;&#9;}&#13;&#10;&#9;&#9;} else {&#13;&#10;&#9;&#9;&#9;//Discard all helpful class cards&#13;&#10;&#9;&#9;}&#13;&#10;&#9;}&#13;&#10;&#9;&#13;&#10;&#9;public void func72Init() {&#13;&#10;&#9;&#9;if(p.className.equals(&quot;Monster Whacker&quot;)) {&#13;&#10;&#9;&#9;&#9;p.cLevel -= 6;&#13;&#10;&#9;&#9;}&#13;&#10;&#9;}&#13;&#10;&#9;&#13;&#10;&#9;public void func72(boolean checkWin) {&#13;&#10;&#9;&#9;//+6 against Monster Whackers&#13;&#10;&#9;&#9;//Bad: Lose your headgear and footgear&#13;&#10;&#9;&#9;if(checkWin) {&#13;&#10;&#9;&#9;&#9;myGame.dealNewCard(myGame.treasures, p);&#13;&#10;&#9;&#9;&#9;myGame.dealNewCard(myGame.treasures, p);&#13;&#10;&#9;&#9;} else {&#13;&#10;&#9;&#9;&#9;//Discard your headgear and footgear&#13;&#10;&#9;&#9;}&#13;&#10;&#9;}&#13;&#10;&#9;&#13;&#10;&#9;&#9;&#13;&#10;&#9;public void playClass(){&#13;&#10;&#9;&#9;&#13;&#10;&#9;}&#13;&#10;&#9;&#13;&#10;&#9;public void end(){&#13;&#10;&#9;&#9;if(myGame.turnPlayer==1){&#13;&#10;&#9;&#9;&#9;myGame.p1=p;&#13;&#10;&#9;&#9;}&#13;&#10;&#9;&#9;else{&#13;&#10;&#9;&#9;&#9;myGame.p2=p;&#13;&#10;&#9;&#9;}&#13;&#10;&#9;}&#13;&#10;&#9;&#13;&#10;&#9;&#13;&#10;}&#13;&#10;" Filename="CardFunc.java" Intrnl_Id="4"/>
<SrcFile Content="import java.util.HashMap;&#13;&#10;&#13;&#10;public class Card {&#13;&#10;&#9;public String NotUsableBy = &quot;&quot;;&#13;&#10;&#9;public int num;&#13;&#10;&#9;public String name;&#13;&#10;&#9;public int addNum;&#13;&#10;&#9;public int monsterLevel=0; //is 0 if not a monster&#13;&#10;&#9;public String badStuff=&quot;&quot;; //gold or treas or level&#13;&#10;&#9;public int badGold;&#13;&#10;&#9;public int badTreas;&#13;&#10;&#9;public int badLevel;&#13;&#10;&#9;public int numTreas;&#13;&#10;&#9;public int monsterLevelBonus = 0; //always execute&#13;&#10;&#9;public int monsterLevelCondBonus; //only execute if certain condition is met&#13;&#10;&#9;public String condForBonus;&#13;&#10;&#9;public boolean inPlay;&#13;&#10;&#9;public int numGold;&#13;&#10;&#9;public int numHands;&#13;&#10;&#9;public boolean footGear;&#13;&#10;&#9;public boolean headGear;&#13;&#10;&#9;public int pLevelBonus=0;&#13;&#10;&#9;public boolean goUpALevel;&#13;&#10;&#9;public boolean forMe;&#13;&#10;&#9;public int numUse;&#13;&#10;&#9;public int bonusTreasure=0;&#13;&#10;&#9;boolean readyToPlay=false; //means card is implemented enough to be in demo.&#13;&#10;&#9;&#13;&#10;&#9;&#13;&#10;&#9;&#13;&#10;&#9;public Card(int num, String name) {&#13;&#10;&#9;&#9;this.num = num;&#13;&#10;&#9;&#9;this.name = name;&#13;&#10;&#9;&#9;&#13;&#10;&#9;&#9;&#13;&#10;&#9;&#9;&#9;&#13;&#10;&#9;}&#13;&#10;&#9;&#13;&#10;&#9;public String getName(){&#13;&#10;&#9;&#9;return this.name;&#13;&#10;&#9;}&#13;&#10;&#9;&#13;&#10;&#9;public int getNumber(){&#13;&#10;&#9;&#9;return this.num;&#13;&#10;&#9;}&#13;&#10;&#13;&#10;}&#13;&#10;" Filename="Card.java" Intrnl_Id="5"/>
</SrcFileList>
<CritList>
<CritListEntry Name="org.codecover.model.utils.criteria.LoopCoverage" PluginName="org.codecover"/>
<CritListEntry Name="org.codecover.model.utils.criteria.QMOCoverage" PluginName="org.codecover"/>
<CritListEntry Name="org.codecover.model.utils.criteria.ConditionCoverage" PluginName="org.codecover"/>
<CritListEntry Name="org.codecover.model.utils.criteria.BranchCoverage" PluginName="org.codecover"/>
<CritListEntry Name="org.codecover.model.utils.criteria.SynchronizedStatementCoverage" PluginName="org.codecover"/>
<CritListEntry Name="org.codecover.model.utils.criteria.StatementCoverage" PluginName="org.codecover"/>
</CritList>
<BoolOpList>
<BoolOp Arity="1" Intrnl_Id="6" Name="not (!)">
<BoolAssgnmntBoolMapList>
<MapEntry BoolAssgnmnt="1" Value="false"/>
<MapEntry BoolAssgnmnt="0" Value="true"/>
</BoolAssgnmntBoolMapList>
</BoolOp>
</BoolOpList>
<HierarchyLvlTypeList>
<HierarchyLvlType EnglishName="method" IntrnlName="method" Intrnl_Id="7"/>
<HierarchyLvlType EnglishName="class" IntrnlName="class" Intrnl_Id="8"/>
<HierarchyLvlType EnglishName="default package" IntrnlName="default package" Intrnl_Id="9"/>
</HierarchyLvlTypeList>
<MASTRoot>
<HierarchyLvl HierarchyLvlId="2023" HierarchyLvlTypeId="9" Intrnl_Id="10" Name="default package">
<Header/>
<LocList/>
<HierarchyLvl HierarchyLvlId="1916" HierarchyLvlTypeId="8" Intrnl_Id="11" Name="Player">
<Header>
<Loc EndOffset="52" SrcFileId="1" StartOffset="33"/>
</Header>
<LocList>
<Loc EndOffset="1810" SrcFileId="1" StartOffset="33"/>
</LocList>
<StmntSeq Intrnl_Id="12">
<LocList>
<Loc EndOffset="142" SrcFileId="1" StartOffset="83"/>
<Loc EndOffset="235" SrcFileId="1" StartOffset="176"/>
<Loc EndOffset="290" SrcFileId="1" StartOffset="265"/>
<Loc EndOffset="313" SrcFileId="1" StartOffset="293"/>
<Loc EndOffset="366" SrcFileId="1" StartOffset="341"/>
<Loc EndOffset="476" SrcFileId="1" StartOffset="419"/>
</LocList>
<BasicStmnt CovItemId="S1" CovItemPrefix="Player.java" Intrnl_Id="13">
<LocList>
<Loc EndOffset="142" SrcFileId="1" StartOffset="83"/>
</LocList>
</BasicStmnt>
<BasicStmnt CovItemId="S2" CovItemPrefix="Player.java" Intrnl_Id="14">
<LocList>
<Loc EndOffset="235" SrcFileId="1" StartOffset="176"/>
</LocList>
</BasicStmnt>
<BasicStmnt CovItemId="S3" CovItemPrefix="Player.java" Intrnl_Id="15">
<LocList>
<Loc EndOffset="290" SrcFileId="1" StartOffset="265"/>
</LocList>
</BasicStmnt>
<BasicStmnt CovItemId="S4" CovItemPrefix="Player.java" Intrnl_Id="16">
<LocList>
<Loc EndOffset="313" SrcFileId="1" StartOffset="293"/>
</LocList>
</BasicStmnt>
<BasicStmnt CovItemId="S5" CovItemPrefix="Player.java" Intrnl_Id="17">
<LocList>
<Loc EndOffset="366" SrcFileId="1" StartOffset="341"/>
</LocList>
</BasicStmnt>
<BasicStmnt CovItemId="S6" CovItemPrefix="Player.java" Intrnl_Id="18">
<LocList>
<Loc EndOffset="476" SrcFileId="1" StartOffset="419"/>
</LocList>
</BasicStmnt>
</StmntSeq>
<HierarchyLvl HierarchyLvlId="1910" HierarchyLvlTypeId="7" Intrnl_Id="19" Name="Player">
<Header>
<Loc EndOffset="508" SrcFileId="1" StartOffset="482"/>
</Header>
<LocList>
<Loc EndOffset="542" SrcFileId="1" StartOffset="482"/>
</LocList>
<StmntSeq Intrnl_Id="20">
<LocList>
<Loc EndOffset="534" SrcFileId="1" StartOffset="513"/>
</LocList>
<BasicStmnt CovItemId="S7" CovItemPrefix="Player.java" Intrnl_Id="21">
<LocList>
<Loc EndOffset="534" SrcFileId="1" StartOffset="513"/>
</LocList>
</BasicStmnt>
</StmntSeq>
</HierarchyLvl>
<HierarchyLvl HierarchyLvlId="1911" HierarchyLvlTypeId="7" Intrnl_Id="22" Name="cLevelCalculation">
<Header>
<Loc EndOffset="579" SrcFileId="1" StartOffset="548"/>
</Header>
<LocList>
<Loc EndOffset="763" SrcFileId="1" StartOffset="548"/>
</LocList>
<StmntSeq Intrnl_Id="23">
<LocList>
<Loc EndOffset="622" SrcFileId="1" StartOffset="598"/>
<Loc EndOffset="759" SrcFileId="1" StartOffset="626"/>
</LocList>
<BasicStmnt CovItemId="S8" CovItemPrefix="Player.java" Intrnl_Id="24">
<LocList>
<Loc EndOffset="622" SrcFileId="1" StartOffset="598"/>
</LocList>
</BasicStmnt>
<LoopStmnt CovItemId="S9" CovItemPrefix="Player.java" Intrnl_Id="25" MltplExecId="L1-2" MltplExecPrefix="Player.java" NvrExecId="L1-0" NvrExecPrefix="Player.java" OnceExecutedId="L1-1" OnceExecutedPrefix="Player.java" OptBodyExec="true">
<StmntSeq Intrnl_Id="26">
<LocList>
<Loc EndOffset="718" SrcFileId="1" StartOffset="669"/>
<Loc EndOffset="754" SrcFileId="1" StartOffset="724"/>
</LocList>
<BasicStmnt CovItemId="S10" CovItemPrefix="Player.java" Intrnl_Id="27">
<LocList>
<Loc EndOffset="718" SrcFileId="1" StartOffset="669"/>
</LocList>
</BasicStmnt>
<BasicStmnt CovItemId="S11" CovItemPrefix="Player.java" Intrnl_Id="28">
<LocList>
<Loc EndOffset="754" SrcFileId="1" StartOffset="724"/>
</LocList>
</BasicStmnt>
</StmntSeq>
<Keyword EndOffset="629" SrcFileId="1" StartOffset="626"/>
<LocList>
<Loc EndOffset="759" SrcFileId="1" StartOffset="626"/>
</LocList>
<RootTerm CovItemId="C1" CovItemPrefix="Player.java" Intrnl_Id="29">
<BasicBoolTerm Intrnl_Id="30">
<LocList>
<Loc EndOffset="658" SrcFileId="1" StartOffset="639"/>
</LocList>
</BasicBoolTerm>
</RootTerm>
</LoopStmnt>
</StmntSeq>
</HierarchyLvl>
<HierarchyLvl HierarchyLvlId="1912" HierarchyLvlTypeId="7" Intrnl_Id="31" Name="mLevelBonusCalculation">
<Header>
<Loc EndOffset="804" SrcFileId="1" StartOffset="769"/>
</Header>
<LocList>
<Loc EndOffset="1025" SrcFileId="1" StartOffset="769"/>
</LocList>
<StmntSeq Intrnl_Id="32">
<LocList>
<Loc EndOffset="827" SrcFileId="1" StartOffset="809"/>
<Loc EndOffset="876" SrcFileId="1" StartOffset="831"/>
<Loc EndOffset="998" SrcFileId="1" StartOffset="880"/>
<Loc EndOffset="1021" SrcFileId="1" StartOffset="1002"/>
</LocList>
<BasicStmnt CovItemId="S12" CovItemPrefix="Player.java" Intrnl_Id="33">
<LocList>
<Loc EndOffset="827" SrcFileId="1" StartOffset="809"/>
</LocList>
</BasicStmnt>
<BasicStmnt CovItemId="S13" CovItemPrefix="Player.java" Intrnl_Id="34">
<LocList>
<Loc EndOffset="876" SrcFileId="1" StartOffset="831"/>
</LocList>
</BasicStmnt>
<LoopStmnt CovItemId="S14" CovItemPrefix="Player.java" Intrnl_Id="35" MltplExecId="L2-2" MltplExecPrefix="Player.java" NvrExecId="L2-0" NvrExecPrefix="Player.java" OnceExecutedId="L2-1" OnceExecutedPrefix="Player.java" OptBodyExec="true">
<StmntSeq Intrnl_Id="36">
<LocList>
<Loc EndOffset="993" SrcFileId="1" StartOffset="925"/>
</LocList>
<BasicStmnt CovItemId="S15" CovItemPrefix="Player.java" Intrnl_Id="37">
<LocList>
<Loc EndOffset="993" SrcFileId="1" StartOffset="925"/>
</LocList>
</BasicStmnt>
</StmntSeq>
<Keyword EndOffset="883" SrcFileId="1" StartOffset="880"/>
<LocList>
<Loc EndOffset="998" SrcFileId="1" StartOffset="880"/>
</LocList>
<RootTerm CovItemId="C2" CovItemPrefix="Player.java" Intrnl_Id="38">
<BasicBoolTerm Intrnl_Id="39">
<LocList>
<Loc EndOffset="914" SrcFileId="1" StartOffset="895"/>
</LocList>
</BasicBoolTerm>
</RootTerm>
</LoopStmnt>
<BasicStmnt CovItemId="S16" CovItemPrefix="Player.java" Intrnl_Id="40">
<LocList>
<Loc EndOffset="1021" SrcFileId="1" StartOffset="1002"/>
</LocList>
</BasicStmnt>
</StmntSeq>
</HierarchyLvl>
<HierarchyLvl HierarchyLvlId="1913" HierarchyLvlTypeId="7" Intrnl_Id="41" Name="didIwin">
<Header>
<Loc EndOffset="1064" SrcFileId="1" StartOffset="1031"/>
</Header>
<LocList>
<Loc EndOffset="1243" SrcFileId="1" StartOffset="1031"/>
</LocList>
<StmntSeq Intrnl_Id="42">
<LocList>
<Loc EndOffset="1101" SrcFileId="1" StartOffset="1069"/>
<Loc EndOffset="1239" SrcFileId="1" StartOffset="1105"/>
</LocList>
<BasicStmnt CovItemId="S17" CovItemPrefix="Player.java" Intrnl_Id="43">
<LocList>
<Loc EndOffset="1101" SrcFileId="1" StartOffset="1069"/>
</LocList>
</BasicStmnt>
<CondStmnt CovItemId="S18" CovItemPrefix="Player.java" Intrnl_Id="44">
<Branch CovItemId="B1" CovItemPrefix="Player.java" Implct="false" Intrnl_Id="45">
<Cond/>
<LocList>
<Loc EndOffset="1176" SrcFileId="1" StartOffset="1121"/>
</LocList>
<StmntSeq Intrnl_Id="46">
<LocList>
<Loc EndOffset="1171" SrcFileId="1" StartOffset="1127"/>
</LocList>
<BasicStmnt CovItemId="S19" CovItemPrefix="Player.java" Intrnl_Id="47">
<LocList>
<Loc EndOffset="1171" SrcFileId="1" StartOffset="1127"/>
</LocList>
</BasicStmnt>
</StmntSeq>
</Branch>
<Branch CovItemId="B2" CovItemPrefix="Player.java" Implct="false" Intrnl_Id="48">
<Cond>
<Loc EndOffset="1184" SrcFileId="1" StartOffset="1180"/>
</Cond>
<LocList>
<Loc EndOffset="1239" SrcFileId="1" StartOffset="1184"/>
</LocList>
<StmntSeq Intrnl_Id="49">
<LocList>
<Loc EndOffset="1234" SrcFileId="1" StartOffset="1190"/>
</LocList>
<BasicStmnt CovItemId="S20" CovItemPrefix="Player.java" Intrnl_Id="50">
<LocList>
<Loc EndOffset="1234" SrcFileId="1" StartOffset="1190"/>
</LocList>
</BasicStmnt>
</StmntSeq>
</Branch>
<Keyword EndOffset="1107" SrcFileId="1" StartOffset="1105"/>
<LocList>
<Loc EndOffset="1239" SrcFileId="1" StartOffset="1105"/>
</LocList>
<RootTerm CovItemId="C3" CovItemPrefix="Player.java" Intrnl_Id="51">
<BasicBoolTerm Intrnl_Id="52">
<LocList>
<Loc EndOffset="1120" SrcFileId="1" StartOffset="1108"/>
</LocList>
</BasicBoolTerm>
</RootTerm>
</CondStmnt>
</StmntSeq>
</HierarchyLvl>
<HierarchyLvl HierarchyLvlId="1914" HierarchyLvlTypeId="7" Intrnl_Id="53" Name="didIwinHelper">
<Header>
<Loc EndOffset="1313" SrcFileId="1" StartOffset="1249"/>
</Header>
<LocList>
<Loc EndOffset="1704" SrcFileId="1" StartOffset="1249"/>
</LocList>
<StmntSeq Intrnl_Id="54">
<LocList>
<Loc EndOffset="1405" SrcFileId="1" StartOffset="1318"/>
<Loc EndOffset="1500" SrcFileId="1" StartOffset="1409"/>
<Loc EndOffset="1565" SrcFileId="1" StartOffset="1504"/>
<Loc EndOffset="1592" SrcFileId="1" StartOffset="1569"/>
<Loc EndOffset="1668" SrcFileId="1" StartOffset="1619"/>
<Loc EndOffset="1700" SrcFileId="1" StartOffset="1672"/>
</LocList>
<BasicStmnt CovItemId="S21" CovItemPrefix="Player.java" Intrnl_Id="55">
<LocList>
<Loc EndOffset="1405" SrcFileId="1" StartOffset="1318"/>
</LocList>
</BasicStmnt>
<BasicStmnt CovItemId="S22" CovItemPrefix="Player.java" Intrnl_Id="56">
<LocList>
<Loc EndOffset="1500" SrcFileId="1" StartOffset="1409"/>
</LocList>
</BasicStmnt>
<BasicStmnt CovItemId="S23" CovItemPrefix="Player.java" Intrnl_Id="57">
<LocList>
<Loc EndOffset="1565" SrcFileId="1" StartOffset="1504"/>
</LocList>
</BasicStmnt>
<BasicStmnt CovItemId="S24" CovItemPrefix="Player.java" Intrnl_Id="58">
<LocList>
<Loc EndOffset="1592" SrcFileId="1" StartOffset="1569"/>
</LocList>
</BasicStmnt>
<BasicStmnt CovItemId="S25" CovItemPrefix="Player.java" Intrnl_Id="59">
<LocList>
<Loc EndOffset="1668" SrcFileId="1" StartOffset="1619"/>
</LocList>
</BasicStmnt>
<BasicStmnt CovItemId="S26" CovItemPrefix="Player.java" Intrnl_Id="60">
<LocList>
<Loc EndOffset="1700" SrcFileId="1" StartOffset="1672"/>
</LocList>
</BasicStmnt>
</StmntSeq>
</HierarchyLvl>
<HierarchyLvl HierarchyLvlId="1915" HierarchyLvlTypeId="7" Intrnl_Id="61" Name="consequence">
<Header>
<Loc EndOffset="1753" SrcFileId="1" StartOffset="1710"/>
</Header>
<LocList>
<Loc EndOffset="1807" SrcFileId="1" StartOffset="1710"/>
</LocList>
<StmntSeq Intrnl_Id="62">
<LocList>
<Loc EndOffset="1803" SrcFileId="1" StartOffset="1759"/>
</LocList>
<BasicStmnt CovItemId="S27" CovItemPrefix="Player.java" Intrnl_Id="63">
<LocList>
<Loc EndOffset="1803" SrcFileId="1" StartOffset="1759"/>
</LocList>
</BasicStmnt>
</StmntSeq>
</HierarchyLvl>
</HierarchyLvl>
<HierarchyLvl HierarchyLvlId="1924" HierarchyLvlTypeId="8" Intrnl_Id="64" Name="InitializeCards">
<Header>
<Loc EndOffset="134" SrcFileId="2" StartOffset="106"/>
</Header>
<LocList>
<Loc EndOffset="7338" SrcFileId="2" StartOffset="106"/>
</LocList>
<StmntSeq Intrnl_Id="65">
<LocList>
<Loc EndOffset="209" SrcFileId="2" StartOffset="139"/>
<Loc EndOffset="346" SrcFileId="2" StartOffset="287"/>
<Loc EndOffset="411" SrcFileId="2" StartOffset="349"/>
</LocList>
<BasicStmnt CovItemId="S1" CovItemPrefix="InitializeCards.java" Intrnl_Id="66">
<LocList>
<Loc EndOffset="209" SrcFileId="2" StartOffset="139"/>
</LocList>
</BasicStmnt>
<BasicStmnt CovItemId="S2" CovItemPrefix="InitializeCards.java" Intrnl_Id="67">
<LocList>
<Loc EndOffset="346" SrcFileId="2" StartOffset="287"/>
</LocList>
</BasicStmnt>
<BasicStmnt CovItemId="S3" CovItemPrefix="InitializeCards.java" Intrnl_Id="68">
<LocList>
<Loc EndOffset="411" SrcFileId="2" StartOffset="349"/>
</LocList>
</BasicStmnt>
</StmntSeq>
<HierarchyLvl HierarchyLvlId="1917" HierarchyLvlTypeId="7" Intrnl_Id="69" Name="InitializeCards">
<Header>
<Loc EndOffset="512" SrcFileId="2" StartOffset="462"/>
</Header>
<LocList>
<Loc EndOffset="1052" SrcFileId="2" StartOffset="462"/>
</LocList>
</HierarchyLvl>
<HierarchyLvl HierarchyLvlId="1918" HierarchyLvlTypeId="7" Intrnl_Id="70" Name="InitializeCards">
<Header>
<Loc EndOffset="1081" SrcFileId="2" StartOffset="1057"/>
</Header>
<LocList>
<Loc EndOffset="1515" SrcFileId="2" StartOffset="1057"/>
</LocList>
<StmntSeq Intrnl_Id="71">
<LocList>
<Loc EndOffset="1101" SrcFileId="2" StartOffset="1087"/>
<Loc EndOffset="1119" SrcFileId="2" StartOffset="1105"/>
<Loc EndOffset="1262" SrcFileId="2" StartOffset="1125"/>
<Loc EndOffset="1475" SrcFileId="2" StartOffset="1268"/>
<Loc EndOffset="1509" SrcFileId="2" StartOffset="1479"/>
</LocList>
<BasicStmnt CovItemId="S4" CovItemPrefix="InitializeCards.java" Intrnl_Id="72">
<LocList>
<Loc EndOffset="1101" SrcFileId="2" StartOffset="1087"/>
</LocList>
</BasicStmnt>
<BasicStmnt CovItemId="S5" CovItemPrefix="InitializeCards.java" Intrnl_Id="73">
<LocList>
<Loc EndOffset="1119" SrcFileId="2" StartOffset="1105"/>
</LocList>
</BasicStmnt>
<LoopStmnt CovItemId="S6" CovItemPrefix="InitializeCards.java" Intrnl_Id="74" MltplExecId="L1-2" MltplExecPrefix="InitializeCards.java" NvrExecId="L1-0" NvrExecPrefix="InitializeCards.java" OnceExecutedId="L1-1" OnceExecutedPrefix="InitializeCards.java" OptBodyExec="true">
<StmntSeq Intrnl_Id="75">
<LocList>
<Loc EndOffset="1201" SrcFileId="2" StartOffset="1166"/>
<Loc EndOffset="1235" SrcFileId="2" StartOffset="1206"/>
<Loc EndOffset="1257" SrcFileId="2" StartOffset="1240"/>
</LocList>
<BasicStmnt CovItemId="S7" CovItemPrefix="InitializeCards.java" Intrnl_Id="76">
<LocList>
<Loc EndOffset="1201" SrcFileId="2" StartOffset="1166"/>
</LocList>
</BasicStmnt>
<BasicStmnt CovItemId="S8" CovItemPrefix="InitializeCards.java" Intrnl_Id="77">
<LocList>
<Loc EndOffset="1235" SrcFileId="2" StartOffset="1206"/>
</LocList>
</BasicStmnt>
<BasicStmnt CovItemId="S9" CovItemPrefix="InitializeCards.java" Intrnl_Id="78">
<LocList>
<Loc EndOffset="1257" SrcFileId="2" StartOffset="1240"/>
</LocList>
</BasicStmnt>
</StmntSeq>
<Keyword EndOffset="1128" SrcFileId="2" StartOffset="1125"/>
<LocList>
<Loc EndOffset="1262" SrcFileId="2" StartOffset="1125"/>
</LocList>
<RootTerm CovItemId="C1" CovItemPrefix="InitializeCards.java" Intrnl_Id="79">
<BasicBoolTerm Intrnl_Id="80">
<LocList>
<Loc EndOffset="1153" SrcFileId="2" StartOffset="1141"/>
</LocList>
</BasicBoolTerm>
</RootTerm>
</LoopStmnt>
<LoopStmnt CovItemId="S10" CovItemPrefix="InitializeCards.java" Intrnl_Id="81" MltplExecId="L2-2" MltplExecPrefix="InitializeCards.java" NvrExecId="L2-0" NvrExecPrefix="InitializeCards.java" OnceExecutedId="L2-1" OnceExecutedPrefix="InitializeCards.java" OptBodyExec="true">
<StmntSeq Intrnl_Id="82">
<LocList>
<Loc EndOffset="1470" SrcFileId="2" StartOffset="1333"/>
</LocList>
<CondStmnt CovItemId="S11" CovItemPrefix="InitializeCards.java" Intrnl_Id="83">
<Branch CovItemId="B1" CovItemPrefix="InitializeCards.java" Implct="false" Intrnl_Id="84">
<Cond/>
<LocList>
<Loc EndOffset="1455" SrcFileId="2" StartOffset="1346"/>
</LocList>
<StmntSeq Intrnl_Id="85">
<LocList>
<Loc EndOffset="1388" SrcFileId="2" StartOffset="1353"/>
<Loc EndOffset="1423" SrcFileId="2" StartOffset="1394"/>
<Loc EndOffset="1449" SrcFileId="2" StartOffset="1429"/>
</LocList>
<BasicStmnt CovItemId="S12" CovItemPrefix="InitializeCards.java" Intrnl_Id="86">
<LocList>
<Loc EndOffset="1388" SrcFileId="2" StartOffset="1353"/>
</LocList>
</BasicStmnt>
<BasicStmnt CovItemId="S13" CovItemPrefix="InitializeCards.java" Intrnl_Id="87">
<LocList>
<Loc EndOffset="1423" SrcFileId="2" StartOffset="1394"/>
</LocList>
</BasicStmnt>
<BasicStmnt CovItemId="S14" CovItemPrefix="InitializeCards.java" Intrnl_Id="88">
<LocList>
<Loc EndOffset="1449" SrcFileId="2" StartOffset="1429"/>
</LocList>
</BasicStmnt>
</StmntSeq>
</Branch>
<Branch CovItemId="B2" CovItemPrefix="InitializeCards.java" Implct="false" Intrnl_Id="89">
<Cond>
<Loc EndOffset="1460" SrcFileId="2" StartOffset="1456"/>
</Cond>
<LocList>
<Loc EndOffset="1470" SrcFileId="2" StartOffset="1461"/>
</LocList>
<StmntSeq Intrnl_Id="90">
<LocList/>
</StmntSeq>
</Branch>
<Keyword EndOffset="1335" SrcFileId="2" StartOffset="1333"/>
<LocList>
<Loc EndOffset="1470" SrcFileId="2" StartOffset="1333"/>
</LocList>
<RootTerm CovItemId="C3" CovItemPrefix="InitializeCards.java" Intrnl_Id="91">
<BasicBoolTerm Intrnl_Id="92">
<LocList>
<Loc EndOffset="1344" SrcFileId="2" StartOffset="1337"/>
</LocList>
</BasicBoolTerm>
</RootTerm>
</CondStmnt>
</StmntSeq>
<Keyword EndOffset="1271" SrcFileId="2" StartOffset="1268"/>
<LocList>
<Loc EndOffset="1475" SrcFileId="2" StartOffset="1268"/>
</LocList>
<RootTerm CovItemId="C2" CovItemPrefix="InitializeCards.java" Intrnl_Id="93">
<BasicBoolTerm Intrnl_Id="94">
<LocList>
<Loc EndOffset="1320" SrcFileId="2" StartOffset="1291"/>
</LocList>
</BasicBoolTerm>
</RootTerm>
</LoopStmnt>
<BasicStmnt CovItemId="S15" CovItemPrefix="InitializeCards.java" Intrnl_Id="95">
<LocList>
<Loc EndOffset="1509" SrcFileId="2" StartOffset="1479"/>
</LocList>
</BasicStmnt>
</StmntSeq>
</HierarchyLvl>
<HierarchyLvl HierarchyLvlId="1919" HierarchyLvlTypeId="7" Intrnl_Id="96" Name="InitializeCards">
<Header>
<Loc EndOffset="1557" SrcFileId="2" StartOffset="1521"/>
</Header>
<LocList>
<Loc EndOffset="1980" SrcFileId="2" StartOffset="1521"/>
</LocList>
<StmntSeq Intrnl_Id="97">
<LocList>
<Loc EndOffset="1577" SrcFileId="2" StartOffset="1563"/>
<Loc EndOffset="1595" SrcFileId="2" StartOffset="1581"/>
<Loc EndOffset="1738" SrcFileId="2" StartOffset="1601"/>
<Loc EndOffset="1951" SrcFileId="2" StartOffset="1744"/>
<Loc EndOffset="1976" SrcFileId="2" StartOffset="1955"/>
</LocList>
<BasicStmnt CovItemId="S16" CovItemPrefix="InitializeCards.java" Intrnl_Id="98">
<LocList>
<Loc EndOffset="1577" SrcFileId="2" StartOffset="1563"/>
</LocList>
</BasicStmnt>
<BasicStmnt CovItemId="S17" CovItemPrefix="InitializeCards.java" Intrnl_Id="99">
<LocList>
<Loc EndOffset="1595" SrcFileId="2" StartOffset="1581"/>
</LocList>
</BasicStmnt>
<LoopStmnt CovItemId="S18" CovItemPrefix="InitializeCards.java" Intrnl_Id="100" MltplExecId="L3-2" MltplExecPrefix="InitializeCards.java" NvrExecId="L3-0" NvrExecPrefix="InitializeCards.java" OnceExecutedId="L3-1" OnceExecutedPrefix="InitializeCards.java" OptBodyExec="true">
<StmntSeq Intrnl_Id="101">
<LocList>
<Loc EndOffset="1677" SrcFileId="2" StartOffset="1642"/>
<Loc EndOffset="1711" SrcFileId="2" StartOffset="1682"/>
<Loc EndOffset="1733" SrcFileId="2" StartOffset="1716"/>
</LocList>
<BasicStmnt CovItemId="S19" CovItemPrefix="InitializeCards.java" Intrnl_Id="102">
<LocList>
<Loc EndOffset="1677" SrcFileId="2" StartOffset="1642"/>
</LocList>
</BasicStmnt>
<BasicStmnt CovItemId="S20" CovItemPrefix="InitializeCards.java" Intrnl_Id="103">
<LocList>
<Loc EndOffset="1711" SrcFileId="2" StartOffset="1682"/>
</LocList>
</BasicStmnt>
<BasicStmnt CovItemId="S21" CovItemPrefix="InitializeCards.java" Intrnl_Id="104">
<LocList>
<Loc EndOffset="1733" SrcFileId="2" StartOffset="1716"/>
</LocList>
</BasicStmnt>
</StmntSeq>
<Keyword EndOffset="1604" SrcFileId="2" StartOffset="1601"/>
<LocList>
<Loc EndOffset="1738" SrcFileId="2" StartOffset="1601"/>
</LocList>
<RootTerm CovItemId="C4" CovItemPrefix="InitializeCards.java" Intrnl_Id="105">
<BasicBoolTerm Intrnl_Id="106">
<LocList>
<Loc EndOffset="1629" SrcFileId="2" StartOffset="1617"/>
</LocList>
</BasicBoolTerm>
</RootTerm>
</LoopStmnt>
<LoopStmnt CovItemId="S22" CovItemPrefix="InitializeCards.java" Intrnl_Id="107" MltplExecId="L4-2" MltplExecPrefix="InitializeCards.java" NvrExecId="L4-0" NvrExecPrefix="InitializeCards.java" OnceExecutedId="L4-1" OnceExecutedPrefix="InitializeCards.java" OptBodyExec="true">
<StmntSeq Intrnl_Id="108">
<LocList>
<Loc EndOffset="1946" SrcFileId="2" StartOffset="1809"/>
</LocList>
<CondStmnt CovItemId="S23" CovItemPrefix="InitializeCards.java" Intrnl_Id="109">
<Branch CovItemId="B3" CovItemPrefix="InitializeCards.java" Implct="false" Intrnl_Id="110">
<Cond/>
<LocList>
<Loc EndOffset="1931" SrcFileId="2" StartOffset="1822"/>
</LocList>
<StmntSeq Intrnl_Id="111">
<LocList>
<Loc EndOffset="1864" SrcFileId="2" StartOffset="1829"/>
<Loc EndOffset="1899" SrcFileId="2" StartOffset="1870"/>
<Loc EndOffset="1925" SrcFileId="2" StartOffset="1905"/>
</LocList>
<BasicStmnt CovItemId="S24" CovItemPrefix="InitializeCards.java" Intrnl_Id="112">
<LocList>
<Loc EndOffset="1864" SrcFileId="2" StartOffset="1829"/>
</LocList>
</BasicStmnt>
<BasicStmnt CovItemId="S25" CovItemPrefix="InitializeCards.java" Intrnl_Id="113">
<LocList>
<Loc EndOffset="1899" SrcFileId="2" StartOffset="1870"/>
</LocList>
</BasicStmnt>
<BasicStmnt CovItemId="S26" CovItemPrefix="InitializeCards.java" Intrnl_Id="114">
<LocList>
<Loc EndOffset="1925" SrcFileId="2" StartOffset="1905"/>
</LocList>
</BasicStmnt>
</StmntSeq>
</Branch>
<Branch CovItemId="B4" CovItemPrefix="InitializeCards.java" Implct="false" Intrnl_Id="115">
<Cond>
<Loc EndOffset="1936" SrcFileId="2" StartOffset="1932"/>
</Cond>
<LocList>
<Loc EndOffset="1946" SrcFileId="2" StartOffset="1937"/>
</LocList>
<StmntSeq Intrnl_Id="116">
<LocList/>
</StmntSeq>
</Branch>
<Keyword EndOffset="1811" SrcFileId="2" StartOffset="1809"/>
<LocList>
<Loc EndOffset="1946" SrcFileId="2" StartOffset="1809"/>
</LocList>
<RootTerm CovItemId="C6" CovItemPrefix="InitializeCards.java" Intrnl_Id="117">
<BasicBoolTerm Intrnl_Id="118">
<LocList>
<Loc EndOffset="1820" SrcFileId="2" StartOffset="1813"/>
</LocList>
</BasicBoolTerm>
</RootTerm>
</CondStmnt>
</StmntSeq>
<Keyword EndOffset="1747" SrcFileId="2" StartOffset="1744"/>
<LocList>
<Loc EndOffset="1951" SrcFileId="2" StartOffset="1744"/>
</LocList>
<RootTerm CovItemId="C5" CovItemPrefix="InitializeCards.java" Intrnl_Id="119">
<BasicBoolTerm Intrnl_Id="120">
<LocList>
<Loc EndOffset="1796" SrcFileId="2" StartOffset="1767"/>
</LocList>
</BasicBoolTerm>
</RootTerm>
</LoopStmnt>
<BasicStmnt CovItemId="S27" CovItemPrefix="InitializeCards.java" Intrnl_Id="121">
<LocList>
<Loc EndOffset="1976" SrcFileId="2" StartOffset="1955"/>
</LocList>
</BasicStmnt>
</StmntSeq>
</HierarchyLvl>
<HierarchyLvl HierarchyLvlId="1920" HierarchyLvlTypeId="7" Intrnl_Id="122" Name="InitializeCards">
<Header>
<Loc EndOffset="2077" SrcFileId="2" StartOffset="1986"/>
</Header>
<LocList>
<Loc EndOffset="2520" SrcFileId="2" StartOffset="1986"/>
</LocList>
<StmntSeq Intrnl_Id="123">
<LocList>
<Loc EndOffset="2276" SrcFileId="2" StartOffset="2082"/>
<Loc EndOffset="2482" SrcFileId="2" StartOffset="2282"/>
<Loc EndOffset="2516" SrcFileId="2" StartOffset="2486"/>
</LocList>
<LoopStmnt CovItemId="S28" CovItemPrefix="InitializeCards.java" Intrnl_Id="124" MltplExecId="L5-2" MltplExecPrefix="InitializeCards.java" NvrExecId="L5-0" NvrExecPrefix="InitializeCards.java" OnceExecutedId="L5-1" OnceExecutedPrefix="InitializeCards.java" OptBodyExec="true">
<StmntSeq Intrnl_Id="125">
<LocList>
<Loc EndOffset="2185" SrcFileId="2" StartOffset="2135"/>
<Loc EndOffset="2234" SrcFileId="2" StartOffset="2190"/>
<Loc EndOffset="2271" SrcFileId="2" StartOffset="2239"/>
</LocList>
<BasicStmnt CovItemId="S29" CovItemPrefix="InitializeCards.java" Intrnl_Id="126">
<LocList>
<Loc EndOffset="2185" SrcFileId="2" StartOffset="2135"/>
</LocList>
</BasicStmnt>
<BasicStmnt CovItemId="S30" CovItemPrefix="InitializeCards.java" Intrnl_Id="127">
<LocList>
<Loc EndOffset="2234" SrcFileId="2" StartOffset="2190"/>
</LocList>
</BasicStmnt>
<BasicStmnt CovItemId="S31" CovItemPrefix="InitializeCards.java" Intrnl_Id="128">
<LocList>
<Loc EndOffset="2271" SrcFileId="2" StartOffset="2239"/>
</LocList>
</BasicStmnt>
</StmntSeq>
<Keyword EndOffset="2085" SrcFileId="2" StartOffset="2082"/>
<LocList>
<Loc EndOffset="2276" SrcFileId="2" StartOffset="2082"/>
</LocList>
<RootTerm CovItemId="C7" CovItemPrefix="InitializeCards.java" Intrnl_Id="129">
<BasicBoolTerm Intrnl_Id="130">
<LocList>
<Loc EndOffset="2122" SrcFileId="2" StartOffset="2098"/>
</LocList>
</BasicBoolTerm>
</RootTerm>
</LoopStmnt>
<LoopStmnt CovItemId="S32" CovItemPrefix="InitializeCards.java" Intrnl_Id="131" MltplExecId="L6-2" MltplExecPrefix="InitializeCards.java" NvrExecId="L6-0" NvrExecPrefix="InitializeCards.java" OnceExecutedId="L6-1" OnceExecutedPrefix="InitializeCards.java" OptBodyExec="true">
<StmntSeq Intrnl_Id="132">
<LocList>
<Loc EndOffset="2386" SrcFileId="2" StartOffset="2336"/>
<Loc EndOffset="2436" SrcFileId="2" StartOffset="2391"/>
<Loc EndOffset="2477" SrcFileId="2" StartOffset="2441"/>
</LocList>
<BasicStmnt CovItemId="S33" CovItemPrefix="InitializeCards.java" Intrnl_Id="133">
<LocList>
<Loc EndOffset="2386" SrcFileId="2" StartOffset="2336"/>
</LocList>
</BasicStmnt>
<BasicStmnt CovItemId="S34" CovItemPrefix="InitializeCards.java" Intrnl_Id="134">
<LocList>
<Loc EndOffset="2436" SrcFileId="2" StartOffset="2391"/>
</LocList>
</BasicStmnt>
<BasicStmnt CovItemId="S35" CovItemPrefix="InitializeCards.java" Intrnl_Id="135">
<LocList>
<Loc EndOffset="2477" SrcFileId="2" StartOffset="2441"/>
</LocList>
</BasicStmnt>
</StmntSeq>
<Keyword EndOffset="2285" SrcFileId="2" StartOffset="2282"/>
<LocList>
<Loc EndOffset="2482" SrcFileId="2" StartOffset="2282"/>
</LocList>
<RootTerm CovItemId="C8" CovItemPrefix="InitializeCards.java" Intrnl_Id="136">
<BasicBoolTerm Intrnl_Id="137">
<LocList>
<Loc EndOffset="2323" SrcFileId="2" StartOffset="2298"/>
</LocList>
</BasicBoolTerm>
</RootTerm>
</LoopStmnt>
<BasicStmnt CovItemId="S36" CovItemPrefix="InitializeCards.java" Intrnl_Id="138">
<LocList>
<Loc EndOffset="2516" SrcFileId="2" StartOffset="2486"/>
</LocList>
</BasicStmnt>
</StmntSeq>
</HierarchyLvl>
<HierarchyLvl HierarchyLvlId="1921" HierarchyLvlTypeId="7" Intrnl_Id="139" Name="addConditions">
<Header>
<Loc EndOffset="2552" SrcFileId="2" StartOffset="2525"/>
</Header>
<LocList>
<Loc EndOffset="5567" SrcFileId="2" StartOffset="2525"/>
</LocList>
<StmntSeq Intrnl_Id="140">
<LocList>
<Loc EndOffset="2596" SrcFileId="2" StartOffset="2558"/>
<Loc EndOffset="2633" SrcFileId="2" StartOffset="2600"/>
<Loc EndOffset="2675" SrcFileId="2" StartOffset="2637"/>
<Loc EndOffset="2708" SrcFileId="2" StartOffset="2679"/>
<Loc EndOffset="2761" SrcFileId="2" StartOffset="2712"/>
<Loc EndOffset="2803" SrcFileId="2" StartOffset="2765"/>
<Loc EndOffset="2836" SrcFileId="2" StartOffset="2807"/>
<Loc EndOffset="2873" SrcFileId="2" StartOffset="2840"/>
<Loc EndOffset="2910" SrcFileId="2" StartOffset="2877"/>
<Loc EndOffset="2953" SrcFileId="2" StartOffset="2914"/>
<Loc EndOffset="2986" SrcFileId="2" StartOffset="2957"/>
<Loc EndOffset="3034" SrcFileId="2" StartOffset="2990"/>
<Loc EndOffset="3071" SrcFileId="2" StartOffset="3038"/>
<Loc EndOffset="3113" SrcFileId="2" StartOffset="3075"/>
<Loc EndOffset="3146" SrcFileId="2" StartOffset="3117"/>
<Loc EndOffset="3191" SrcFileId="2" StartOffset="3150"/>
<Loc EndOffset="3228" SrcFileId="2" StartOffset="3195"/>
<Loc EndOffset="3270" SrcFileId="2" StartOffset="3232"/>
<Loc EndOffset="3303" SrcFileId="2" StartOffset="3274"/>
<Loc EndOffset="3342" SrcFileId="2" StartOffset="3307"/>
<Loc EndOffset="3376" SrcFileId="2" StartOffset="3346"/>
<Loc EndOffset="3414" SrcFileId="2" StartOffset="3380"/>
<Loc EndOffset="3457" SrcFileId="2" StartOffset="3418"/>
<Loc EndOffset="3491" SrcFileId="2" StartOffset="3461"/>
<Loc EndOffset="3543" SrcFileId="2" StartOffset="3495"/>
<Loc EndOffset="3582" SrcFileId="2" StartOffset="3547"/>
<Loc EndOffset="3618" SrcFileId="2" StartOffset="3586"/>
<Loc EndOffset="3656" SrcFileId="2" StartOffset="3622"/>
<Loc EndOffset="3690" SrcFileId="2" StartOffset="3660"/>
<Loc EndOffset="3734" SrcFileId="2" StartOffset="3694"/>
<Loc EndOffset="3773" SrcFileId="2" StartOffset="3738"/>
<Loc EndOffset="3812" SrcFileId="2" StartOffset="3777"/>
<Loc EndOffset="3856" SrcFileId="2" StartOffset="3816"/>
<Loc EndOffset="3890" SrcFileId="2" StartOffset="3860"/>
<Loc EndOffset="3944" SrcFileId="2" StartOffset="3894"/>
<Loc EndOffset="3987" SrcFileId="2" StartOffset="3948"/>
<Loc EndOffset="4026" SrcFileId="2" StartOffset="3991"/>
<Loc EndOffset="4060" SrcFileId="2" StartOffset="4030"/>
<Loc EndOffset="4098" SrcFileId="2" StartOffset="4064"/>
<Loc EndOffset="4142" SrcFileId="2" StartOffset="4102"/>
<Loc EndOffset="4176" SrcFileId="2" StartOffset="4146"/>
<Loc EndOffset="4222" SrcFileId="2" StartOffset="4180"/>
<Loc EndOffset="4265" SrcFileId="2" StartOffset="4226"/>
<Loc EndOffset="4304" SrcFileId="2" StartOffset="4269"/>
<Loc EndOffset="4348" SrcFileId="2" StartOffset="4308"/>
<Loc EndOffset="4382" SrcFileId="2" StartOffset="4352"/>
<Loc EndOffset="4431" SrcFileId="2" StartOffset="4386"/>
<Loc EndOffset="4475" SrcFileId="2" StartOffset="4435"/>
<Loc EndOffset="4515" SrcFileId="2" StartOffset="4479"/>
<Loc EndOffset="4550" SrcFileId="2" StartOffset="4519"/>
<Loc EndOffset="4585" SrcFileId="2" StartOffset="4554"/>
<Loc EndOffset="4619" SrcFileId="2" StartOffset="4589"/>
<Loc EndOffset="4656" SrcFileId="2" StartOffset="4623"/>
<Loc EndOffset="4691" SrcFileId="2" StartOffset="4660"/>
<Loc EndOffset="4726" SrcFileId="2" StartOffset="4695"/>
<Loc EndOffset="4760" SrcFileId="2" StartOffset="4730"/>
<Loc EndOffset="4797" SrcFileId="2" StartOffset="4764"/>
<Loc EndOffset="4832" SrcFileId="2" StartOffset="4801"/>
<Loc EndOffset="4869" SrcFileId="2" StartOffset="4836"/>
<Loc EndOffset="4904" SrcFileId="2" StartOffset="4873"/>
<Loc EndOffset="4938" SrcFileId="2" StartOffset="4908"/>
<Loc EndOffset="4975" SrcFileId="2" StartOffset="4942"/>
<Loc EndOffset="5014" SrcFileId="2" StartOffset="4979"/>
<Loc EndOffset="5049" SrcFileId="2" StartOffset="5018"/>
<Loc EndOffset="5081" SrcFileId="2" StartOffset="5053"/>
<Loc EndOffset="5116" SrcFileId="2" StartOffset="5085"/>
<Loc EndOffset="5153" SrcFileId="2" StartOffset="5120"/>
<Loc EndOffset="5196" SrcFileId="2" StartOffset="5157"/>
<Loc EndOffset="5235" SrcFileId="2" StartOffset="5200"/>
<Loc EndOffset="5270" SrcFileId="2" StartOffset="5239"/>
<Loc EndOffset="5307" SrcFileId="2" StartOffset="5274"/>
<Loc EndOffset="5360" SrcFileId="2" StartOffset="5311"/>
<Loc EndOffset="5393" SrcFileId="2" StartOffset="5364"/>
<Loc EndOffset="5428" SrcFileId="2" StartOffset="5397"/>
<Loc EndOffset="5460" SrcFileId="2" StartOffset="5432"/>
<Loc EndOffset="5493" SrcFileId="2" StartOffset="5464"/>
<Loc EndOffset="5528" SrcFileId="2" StartOffset="5497"/>
<Loc EndOffset="5563" SrcFileId="2" StartOffset="5532"/>
</LocList>
<BasicStmnt CovItemId="S37" CovItemPrefix="InitializeCards.java" Intrnl_Id="141">
<LocList>
<Loc EndOffset="2596" SrcFileId="2" StartOffset="2558"/>
</LocList>
</BasicStmnt>
<BasicStmnt CovItemId="S38" CovItemPrefix="InitializeCards.java" Intrnl_Id="142">
<LocList>
<Loc EndOffset="2633" SrcFileId="2" StartOffset="2600"/>
</LocList>
</BasicStmnt>
<BasicStmnt CovItemId="S39" CovItemPrefix="InitializeCards.java" Intrnl_Id="143">
<LocList>
<Loc EndOffset="2675" SrcFileId="2" StartOffset="2637"/>
</LocList>
</BasicStmnt>
<BasicStmnt CovItemId="S40" CovItemPrefix="InitializeCards.java" Intrnl_Id="144">
<LocList>
<Loc EndOffset="2708" SrcFileId="2" StartOffset="2679"/>
</LocList>
</BasicStmnt>
<BasicStmnt CovItemId="S41" CovItemPrefix="InitializeCards.java" Intrnl_Id="145">
<LocList>
<Loc EndOffset="2761" SrcFileId="2" StartOffset="2712"/>
</LocList>
</BasicStmnt>
<BasicStmnt CovItemId="S42" CovItemPrefix="InitializeCards.java" Intrnl_Id="146">
<LocList>
<Loc EndOffset="2803" SrcFileId="2" StartOffset="2765"/>
</LocList>
</BasicStmnt>
<BasicStmnt CovItemId="S43" CovItemPrefix="InitializeCards.java" Intrnl_Id="147">
<LocList>
<Loc EndOffset="2836" SrcFileId="2" StartOffset="2807"/>
</LocList>
</BasicStmnt>
<BasicStmnt CovItemId="S44" CovItemPrefix="InitializeCards.java" Intrnl_Id="148">
<LocList>
<Loc EndOffset="2873" SrcFileId="2" StartOffset="2840"/>
</LocList>
</BasicStmnt>
<BasicStmnt CovItemId="S45" CovItemPrefix="InitializeCards.java" Intrnl_Id="149">
<LocList>
<Loc EndOffset="2910" SrcFileId="2" StartOffset="2877"/>
</LocList>
</BasicStmnt>
<BasicStmnt CovItemId="S46" CovItemPrefix="InitializeCards.java" Intrnl_Id="150">
<LocList>
<Loc EndOffset="2953" SrcFileId="2" StartOffset="2914"/>
</LocList>
</BasicStmnt>
<BasicStmnt CovItemId="S47" CovItemPrefix="InitializeCards.java" Intrnl_Id="151">
<LocList>
<Loc EndOffset="2986" SrcFileId="2" StartOffset="2957"/>
</LocList>
</BasicStmnt>
<BasicStmnt CovItemId="S48" CovItemPrefix="InitializeCards.java" Intrnl_Id="152">
<LocList>
<Loc EndOffset="3034" SrcFileId="2" StartOffset="2990"/>
</LocList>
</BasicStmnt>
<BasicStmnt CovItemId="S49" CovItemPrefix="InitializeCards.java" Intrnl_Id="153">
<LocList>
<Loc EndOffset="3071" SrcFileId="2" StartOffset="3038"/>
</LocList>
</BasicStmnt>
<BasicStmnt CovItemId="S50" CovItemPrefix="InitializeCards.java" Intrnl_Id="154">
<LocList>
<Loc EndOffset="3113" SrcFileId="2" StartOffset="3075"/>
</LocList>
</BasicStmnt>
<BasicStmnt CovItemId="S51" CovItemPrefix="InitializeCards.java" Intrnl_Id="155">
<LocList>
<Loc EndOffset="3146" SrcFileId="2" StartOffset="3117"/>
</LocList>
</BasicStmnt>
<BasicStmnt CovItemId="S52" CovItemPrefix="InitializeCards.java" Intrnl_Id="156">
<LocList>
<Loc EndOffset="3191" SrcFileId="2" StartOffset="3150"/>
</LocList>
</BasicStmnt>
<BasicStmnt CovItemId="S53" CovItemPrefix="InitializeCards.java" Intrnl_Id="157">
<LocList>
<Loc EndOffset="3228" SrcFileId="2" StartOffset="3195"/>
</LocList>
</BasicStmnt>
<BasicStmnt CovItemId="S54" CovItemPrefix="InitializeCards.java" Intrnl_Id="158">
<LocList>
<Loc EndOffset="3270" SrcFileId="2" StartOffset="3232"/>
</LocList>
</BasicStmnt>
<BasicStmnt CovItemId="S55" CovItemPrefix="InitializeCards.java" Intrnl_Id="159">
<LocList>
<Loc EndOffset="3303" SrcFileId="2" StartOffset="3274"/>
</LocList>
</BasicStmnt>
<BasicStmnt CovItemId="S56" CovItemPrefix="InitializeCards.java" Intrnl_Id="160">
<LocList>
<Loc EndOffset="3342" SrcFileId="2" StartOffset="3307"/>
</LocList>
</BasicStmnt>
<BasicStmnt CovItemId="S57" CovItemPrefix="InitializeCards.java" Intrnl_Id="161">
<LocList>
<Loc EndOffset="3376" SrcFileId="2" StartOffset="3346"/>
</LocList>
</BasicStmnt>
<BasicStmnt CovItemId="S58" CovItemPrefix="InitializeCards.java" Intrnl_Id="162">
<LocList>
<Loc EndOffset="3414" SrcFileId="2" StartOffset="3380"/>
</LocList>
</BasicStmnt>
<BasicStmnt CovItemId="S59" CovItemPrefix="InitializeCards.java" Intrnl_Id="163">
<LocList>
<Loc EndOffset="3457" SrcFileId="2" StartOffset="3418"/>
</LocList>
</BasicStmnt>
<BasicStmnt CovItemId="S60" CovItemPrefix="InitializeCards.java" Intrnl_Id="164">
<LocList>
<Loc EndOffset="3491" SrcFileId="2" StartOffset="3461"/>
</LocList>
</BasicStmnt>
<BasicStmnt CovItemId="S61" CovItemPrefix="InitializeCards.java" Intrnl_Id="165">
<LocList>
<Loc EndOffset="3543" SrcFileId="2" StartOffset="3495"/>
</LocList>
</BasicStmnt>
<BasicStmnt CovItemId="S62" CovItemPrefix="InitializeCards.java" Intrnl_Id="166">
<LocList>
<Loc EndOffset="3582" SrcFileId="2" StartOffset="3547"/>
</LocList>
</BasicStmnt>
<BasicStmnt CovItemId="S63" CovItemPrefix="InitializeCards.java" Intrnl_Id="167">
<LocList>
<Loc EndOffset="3618" SrcFileId="2" StartOffset="3586"/>
</LocList>
</BasicStmnt>
<BasicStmnt CovItemId="S64" CovItemPrefix="InitializeCards.java" Intrnl_Id="168">
<LocList>
<Loc EndOffset="3656" SrcFileId="2" StartOffset="3622"/>
</LocList>
</BasicStmnt>
<BasicStmnt CovItemId="S65" CovItemPrefix="InitializeCards.java" Intrnl_Id="169">
<LocList>
<Loc EndOffset="3690" SrcFileId="2" StartOffset="3660"/>
</LocList>
</BasicStmnt>
<BasicStmnt CovItemId="S66" CovItemPrefix="InitializeCards.java" Intrnl_Id="170">
<LocList>
<Loc EndOffset="3734" SrcFileId="2" StartOffset="3694"/>
</LocList>
</BasicStmnt>
<BasicStmnt CovItemId="S67" CovItemPrefix="InitializeCards.java" Intrnl_Id="171">
<LocList>
<Loc EndOffset="3773" SrcFileId="2" StartOffset="3738"/>
</LocList>
</BasicStmnt>
<BasicStmnt CovItemId="S68" CovItemPrefix="InitializeCards.java" Intrnl_Id="172">
<LocList>
<Loc EndOffset="3812" SrcFileId="2" StartOffset="3777"/>
</LocList>
</BasicStmnt>
<BasicStmnt CovItemId="S69" CovItemPrefix="InitializeCards.java" Intrnl_Id="173">
<LocList>
<Loc EndOffset="3856" SrcFileId="2" StartOffset="3816"/>
</LocList>
</BasicStmnt>
<BasicStmnt CovItemId="S70" CovItemPrefix="InitializeCards.java" Intrnl_Id="174">
<LocList>
<Loc EndOffset="3890" SrcFileId="2" StartOffset="3860"/>
</LocList>
</BasicStmnt>
<BasicStmnt CovItemId="S71" CovItemPrefix="InitializeCards.java" Intrnl_Id="175">
<LocList>
<Loc EndOffset="3944" SrcFileId="2" StartOffset="3894"/>
</LocList>
</BasicStmnt>
<BasicStmnt CovItemId="S72" CovItemPrefix="InitializeCards.java" Intrnl_Id="176">
<LocList>
<Loc EndOffset="3987" SrcFileId="2" StartOffset="3948"/>
</LocList>
</BasicStmnt>
<BasicStmnt CovItemId="S73" CovItemPrefix="InitializeCards.java" Intrnl_Id="177">
<LocList>
<Loc EndOffset="4026" SrcFileId="2" StartOffset="3991"/>
</LocList>
</BasicStmnt>
<BasicStmnt CovItemId="S74" CovItemPrefix="InitializeCards.java" Intrnl_Id="178">
<LocList>
<Loc EndOffset="4060" SrcFileId="2" StartOffset="4030"/>
</LocList>
</BasicStmnt>
<BasicStmnt CovItemId="S75" CovItemPrefix="InitializeCards.java" Intrnl_Id="179">
<LocList>
<Loc EndOffset="4098" SrcFileId="2" StartOffset="4064"/>
</LocList>
</BasicStmnt>
<BasicStmnt CovItemId="S76" CovItemPrefix="InitializeCards.java" Intrnl_Id="180">
<LocList>
<Loc EndOffset="4142" SrcFileId="2" StartOffset="4102"/>
</LocList>
</BasicStmnt>
<BasicStmnt CovItemId="S77" CovItemPrefix="InitializeCards.java" Intrnl_Id="181">
<LocList>
<Loc EndOffset="4176" SrcFileId="2" StartOffset="4146"/>
</LocList>
</BasicStmnt>
<BasicStmnt CovItemId="S78" CovItemPrefix="InitializeCards.java" Intrnl_Id="182">
<LocList>
<Loc EndOffset="4222" SrcFileId="2" StartOffset="4180"/>
</LocList>
</BasicStmnt>
<BasicStmnt CovItemId="S79" CovItemPrefix="InitializeCards.java" Intrnl_Id="183">
<LocList>
<Loc EndOffset="4265" SrcFileId="2" StartOffset="4226"/>
</LocList>
</BasicStmnt>
<BasicStmnt CovItemId="S80" CovItemPrefix="InitializeCards.java" Intrnl_Id="184">
<LocList>
<Loc EndOffset="4304" SrcFileId="2" StartOffset="4269"/>
</LocList>
</BasicStmnt>
<BasicStmnt CovItemId="S81" CovItemPrefix="InitializeCards.java" Intrnl_Id="185">
<LocList>
<Loc EndOffset="4348" SrcFileId="2" StartOffset="4308"/>
</LocList>
</BasicStmnt>
<BasicStmnt CovItemId="S82" CovItemPrefix="InitializeCards.java" Intrnl_Id="186">
<LocList>
<Loc EndOffset="4382" SrcFileId="2" StartOffset="4352"/>
</LocList>
</BasicStmnt>
<BasicStmnt CovItemId="S83" CovItemPrefix="InitializeCards.java" Intrnl_Id="187">
<LocList>
<Loc EndOffset="4431" SrcFileId="2" StartOffset="4386"/>
</LocList>
</BasicStmnt>
<BasicStmnt CovItemId="S84" CovItemPrefix="InitializeCards.java" Intrnl_Id="188">
<LocList>
<Loc EndOffset="4475" SrcFileId="2" StartOffset="4435"/>
</LocList>
</BasicStmnt>
<BasicStmnt CovItemId="S85" CovItemPrefix="InitializeCards.java" Intrnl_Id="189">
<LocList>
<Loc EndOffset="4515" SrcFileId="2" StartOffset="4479"/>
</LocList>
</BasicStmnt>
<BasicStmnt CovItemId="S86" CovItemPrefix="InitializeCards.java" Intrnl_Id="190">
<LocList>
<Loc EndOffset="4550" SrcFileId="2" StartOffset="4519"/>
</LocList>
</BasicStmnt>
<BasicStmnt CovItemId="S87" CovItemPrefix="InitializeCards.java" Intrnl_Id="191">
<LocList>
<Loc EndOffset="4585" SrcFileId="2" StartOffset="4554"/>
</LocList>
</BasicStmnt>
<BasicStmnt CovItemId="S88" CovItemPrefix="InitializeCards.java" Intrnl_Id="192">
<LocList>
<Loc EndOffset="4619" SrcFileId="2" StartOffset="4589"/>
</LocList>
</BasicStmnt>
<BasicStmnt CovItemId="S89" CovItemPrefix="InitializeCards.java" Intrnl_Id="193">
<LocList>
<Loc EndOffset="4656" SrcFileId="2" StartOffset="4623"/>
</LocList>
</BasicStmnt>
<BasicStmnt CovItemId="S90" CovItemPrefix="InitializeCards.java" Intrnl_Id="194">
<LocList>
<Loc EndOffset="4691" SrcFileId="2" StartOffset="4660"/>
</LocList>
</BasicStmnt>
<BasicStmnt CovItemId="S91" CovItemPrefix="InitializeCards.java" Intrnl_Id="195">
<LocList>
<Loc EndOffset="4726" SrcFileId="2" StartOffset="4695"/>
</LocList>
</BasicStmnt>
<BasicStmnt CovItemId="S92" CovItemPrefix="InitializeCards.java" Intrnl_Id="196">
<LocList>
<Loc EndOffset="4760" SrcFileId="2" StartOffset="4730"/>
</LocList>
</BasicStmnt>
<BasicStmnt CovItemId="S93" CovItemPrefix="InitializeCards.java" Intrnl_Id="197">
<LocList>
<Loc EndOffset="4797" SrcFileId="2" StartOffset="4764"/>
</LocList>
</BasicStmnt>
<BasicStmnt CovItemId="S94" CovItemPrefix="InitializeCards.java" Intrnl_Id="198">
<LocList>
<Loc EndOffset="4832" SrcFileId="2" StartOffset="4801"/>
</LocList>
</BasicStmnt>
<BasicStmnt CovItemId="S95" CovItemPrefix="InitializeCards.java" Intrnl_Id="199">
<LocList>
<Loc EndOffset="4869" SrcFileId="2" StartOffset="4836"/>
</LocList>
</BasicStmnt>
<BasicStmnt CovItemId="S96" CovItemPrefix="InitializeCards.java" Intrnl_Id="200">
<LocList>
<Loc EndOffset="4904" SrcFileId="2" StartOffset="4873"/>
</LocList>
</BasicStmnt>
<BasicStmnt CovItemId="S97" CovItemPrefix="InitializeCards.java" Intrnl_Id="201">
<LocList>
<Loc EndOffset="4938" SrcFileId="2" StartOffset="4908"/>
</LocList>
</BasicStmnt>
<BasicStmnt CovItemId="S98" CovItemPrefix="InitializeCards.java" Intrnl_Id="202">
<LocList>
<Loc EndOffset="4975" SrcFileId="2" StartOffset="4942"/>
</LocList>
</BasicStmnt>
<BasicStmnt CovItemId="S99" CovItemPrefix="InitializeCards.java" Intrnl_Id="203">
<LocList>
<Loc EndOffset="5014" SrcFileId="2" StartOffset="4979"/>
</LocList>
</BasicStmnt>
<BasicStmnt CovItemId="S100" CovItemPrefix="InitializeCards.java" Intrnl_Id="204">
<LocList>
<Loc EndOffset="5049" SrcFileId="2" StartOffset="5018"/>
</LocList>
</BasicStmnt>
<BasicStmnt CovItemId="S101" CovItemPrefix="InitializeCards.java" Intrnl_Id="205">
<LocList>
<Loc EndOffset="5081" SrcFileId="2" StartOffset="5053"/>
</LocList>
</BasicStmnt>
<BasicStmnt CovItemId="S102" CovItemPrefix="InitializeCards.java" Intrnl_Id="206">
<LocList>
<Loc EndOffset="5116" SrcFileId="2" StartOffset="5085"/>
</LocList>
</BasicStmnt>
<BasicStmnt CovItemId="S103" CovItemPrefix="InitializeCards.java" Intrnl_Id="207">
<LocList>
<Loc EndOffset="5153" SrcFileId="2" StartOffset="5120"/>
</LocList>
</BasicStmnt>
<BasicStmnt CovItemId="S104" CovItemPrefix="InitializeCards.java" Intrnl_Id="208">
<LocList>
<Loc EndOffset="5196" SrcFileId="2" StartOffset="5157"/>
</LocList>
</BasicStmnt>
<BasicStmnt CovItemId="S105" CovItemPrefix="InitializeCards.java" Intrnl_Id="209">
<LocList>
<Loc EndOffset="5235" SrcFileId="2" StartOffset="5200"/>
</LocList>
</BasicStmnt>
<BasicStmnt CovItemId="S106" CovItemPrefix="InitializeCards.java" Intrnl_Id="210">
<LocList>
<Loc EndOffset="5270" SrcFileId="2" StartOffset="5239"/>
</LocList>
</BasicStmnt>
<BasicStmnt CovItemId="S107" CovItemPrefix="InitializeCards.java" Intrnl_Id="211">
<LocList>
<Loc EndOffset="5307" SrcFileId="2" StartOffset="5274"/>
</LocList>
</BasicStmnt>
<BasicStmnt CovItemId="S108" CovItemPrefix="InitializeCards.java" Intrnl_Id="212">
<LocList>
<Loc EndOffset="5360" SrcFileId="2" StartOffset="5311"/>
</LocList>
</BasicStmnt>
<BasicStmnt CovItemId="S109" CovItemPrefix="InitializeCards.java" Intrnl_Id="213">
<LocList>
<Loc EndOffset="5393" SrcFileId="2" StartOffset="5364"/>
</LocList>
</BasicStmnt>
<BasicStmnt CovItemId="S110" CovItemPrefix="InitializeCards.java" Intrnl_Id="214">
<LocList>
<Loc EndOffset="5428" SrcFileId="2" StartOffset="5397"/>
</LocList>
</BasicStmnt>
<BasicStmnt CovItemId="S111" CovItemPrefix="InitializeCards.java" Intrnl_Id="215">
<LocList>
<Loc EndOffset="5460" SrcFileId="2" StartOffset="5432"/>
</LocList>
</BasicStmnt>
<BasicStmnt CovItemId="S112" CovItemPrefix="InitializeCards.java" Intrnl_Id="216">
<LocList>
<Loc EndOffset="5493" SrcFileId="2" StartOffset="5464"/>
</LocList>
</BasicStmnt>
<BasicStmnt CovItemId="S113" CovItemPrefix="InitializeCards.java" Intrnl_Id="217">
<LocList>
<Loc EndOffset="5528" SrcFileId="2" StartOffset="5497"/>
</LocList>
</BasicStmnt>
<BasicStmnt CovItemId="S114" CovItemPrefix="InitializeCards.java" Intrnl_Id="218">
<LocList>
<Loc EndOffset="5563" SrcFileId="2" StartOffset="5532"/>
</LocList>
</BasicStmnt>
</StmntSeq>
</HierarchyLvl>
<HierarchyLvl HierarchyLvlId="1922" HierarchyLvlTypeId="7" Intrnl_Id="219" Name="addConditionsForSelect">
<Header>
<Loc EndOffset="5609" SrcFileId="2" StartOffset="5573"/>
</Header>
<LocList>
<Loc EndOffset="7257" SrcFileId="2" StartOffset="5573"/>
</LocList>
<StmntSeq Intrnl_Id="220">
<LocList>
<Loc EndOffset="5652" SrcFileId="2" StartOffset="5619"/>
<Loc EndOffset="5698" SrcFileId="2" StartOffset="5656"/>
<Loc EndOffset="5731" SrcFileId="2" StartOffset="5702"/>
<Loc EndOffset="5784" SrcFileId="2" StartOffset="5735"/>
<Loc EndOffset="5821" SrcFileId="2" StartOffset="5792"/>
<Loc EndOffset="5858" SrcFileId="2" StartOffset="5825"/>
<Loc EndOffset="5898" SrcFileId="2" StartOffset="5865"/>
<Loc EndOffset="5944" SrcFileId="2" StartOffset="5902"/>
<Loc EndOffset="5977" SrcFileId="2" StartOffset="5948"/>
<Loc EndOffset="6022" SrcFileId="2" StartOffset="5981"/>
<Loc EndOffset="6074" SrcFileId="2" StartOffset="6034"/>
<Loc EndOffset="6113" SrcFileId="2" StartOffset="6078"/>
<Loc EndOffset="6165" SrcFileId="2" StartOffset="6125"/>
<Loc EndOffset="6205" SrcFileId="2" StartOffset="6169"/>
<Loc EndOffset="6240" SrcFileId="2" StartOffset="6209"/>
<Loc EndOffset="6275" SrcFileId="2" StartOffset="6244"/>
<Loc EndOffset="6309" SrcFileId="2" StartOffset="6279"/>
<Loc EndOffset="6346" SrcFileId="2" StartOffset="6313"/>
<Loc EndOffset="6381" SrcFileId="2" StartOffset="6350"/>
<Loc EndOffset="6416" SrcFileId="2" StartOffset="6385"/>
<Loc EndOffset="6450" SrcFileId="2" StartOffset="6420"/>
<Loc EndOffset="6487" SrcFileId="2" StartOffset="6454"/>
<Loc EndOffset="6522" SrcFileId="2" StartOffset="6491"/>
<Loc EndOffset="6559" SrcFileId="2" StartOffset="6526"/>
<Loc EndOffset="6594" SrcFileId="2" StartOffset="6563"/>
<Loc EndOffset="6628" SrcFileId="2" StartOffset="6598"/>
<Loc EndOffset="6665" SrcFileId="2" StartOffset="6632"/>
<Loc EndOffset="6704" SrcFileId="2" StartOffset="6669"/>
<Loc EndOffset="6739" SrcFileId="2" StartOffset="6708"/>
<Loc EndOffset="6771" SrcFileId="2" StartOffset="6743"/>
<Loc EndOffset="6806" SrcFileId="2" StartOffset="6775"/>
<Loc EndOffset="6843" SrcFileId="2" StartOffset="6810"/>
<Loc EndOffset="6886" SrcFileId="2" StartOffset="6847"/>
<Loc EndOffset="6925" SrcFileId="2" StartOffset="6890"/>
<Loc EndOffset="6960" SrcFileId="2" StartOffset="6929"/>
<Loc EndOffset="6997" SrcFileId="2" StartOffset="6964"/>
<Loc EndOffset="7050" SrcFileId="2" StartOffset="7001"/>
<Loc EndOffset="7083" SrcFileId="2" StartOffset="7054"/>
<Loc EndOffset="7118" SrcFileId="2" StartOffset="7087"/>
<Loc EndOffset="7150" SrcFileId="2" StartOffset="7122"/>
<Loc EndOffset="7183" SrcFileId="2" StartOffset="7154"/>
<Loc EndOffset="7218" SrcFileId="2" StartOffset="7187"/>
<Loc EndOffset="7253" SrcFileId="2" StartOffset="7222"/>
</LocList>
<BasicStmnt CovItemId="S115" CovItemPrefix="InitializeCards.java" Intrnl_Id="221">
<LocList>
<Loc EndOffset="5652" SrcFileId="2" StartOffset="5619"/>
</LocList>
</BasicStmnt>
<BasicStmnt CovItemId="S116" CovItemPrefix="InitializeCards.java" Intrnl_Id="222">
<LocList>
<Loc EndOffset="5698" SrcFileId="2" StartOffset="5656"/>
</LocList>
</BasicStmnt>
<BasicStmnt CovItemId="S117" CovItemPrefix="InitializeCards.java" Intrnl_Id="223">
<LocList>
<Loc EndOffset="5731" SrcFileId="2" StartOffset="5702"/>
</LocList>
</BasicStmnt>
<BasicStmnt CovItemId="S118" CovItemPrefix="InitializeCards.java" Intrnl_Id="224">
<LocList>
<Loc EndOffset="5784" SrcFileId="2" StartOffset="5735"/>
</LocList>
</BasicStmnt>
<BasicStmnt CovItemId="S119" CovItemPrefix="InitializeCards.java" Intrnl_Id="225">
<LocList>
<Loc EndOffset="5821" SrcFileId="2" StartOffset="5792"/>
</LocList>
</BasicStmnt>
<BasicStmnt CovItemId="S120" CovItemPrefix="InitializeCards.java" Intrnl_Id="226">
<LocList>
<Loc EndOffset="5858" SrcFileId="2" StartOffset="5825"/>
</LocList>
</BasicStmnt>
<BasicStmnt CovItemId="S121" CovItemPrefix="InitializeCards.java" Intrnl_Id="227">
<LocList>
<Loc EndOffset="5898" SrcFileId="2" StartOffset="5865"/>
</LocList>
</BasicStmnt>
<BasicStmnt CovItemId="S122" CovItemPrefix="InitializeCards.java" Intrnl_Id="228">
<LocList>
<Loc EndOffset="5944" SrcFileId="2" StartOffset="5902"/>
</LocList>
</BasicStmnt>
<BasicStmnt CovItemId="S123" CovItemPrefix="InitializeCards.java" Intrnl_Id="229">
<LocList>
<Loc EndOffset="5977" SrcFileId="2" StartOffset="5948"/>
</LocList>
</BasicStmnt>
<BasicStmnt CovItemId="S124" CovItemPrefix="InitializeCards.java" Intrnl_Id="230">
<LocList>
<Loc EndOffset="6022" SrcFileId="2" StartOffset="5981"/>
</LocList>
</BasicStmnt>
<BasicStmnt CovItemId="S125" CovItemPrefix="InitializeCards.java" Intrnl_Id="231">
<LocList>
<Loc EndOffset="6074" SrcFileId="2" StartOffset="6034"/>
</LocList>
</BasicStmnt>
<BasicStmnt CovItemId="S126" CovItemPrefix="InitializeCards.java" Intrnl_Id="232">
<LocList>
<Loc EndOffset="6113" SrcFileId="2" StartOffset="6078"/>
</LocList>
</BasicStmnt>
<BasicStmnt CovItemId="S127" CovItemPrefix="InitializeCards.java" Intrnl_Id="233">
<LocList>
<Loc EndOffset="6165" SrcFileId="2" StartOffset="6125"/>
</LocList>
</BasicStmnt>
<BasicStmnt CovItemId="S128" CovItemPrefix="InitializeCards.java" Intrnl_Id="234">
<LocList>
<Loc EndOffset="6205" SrcFileId="2" StartOffset="6169"/>
</LocList>
</BasicStmnt>
<BasicStmnt CovItemId="S129" CovItemPrefix="InitializeCards.java" Intrnl_Id="235">
<LocList>
<Loc EndOffset="6240" SrcFileId="2" StartOffset="6209"/>
</LocList>
</BasicStmnt>
<BasicStmnt CovItemId="S130" CovItemPrefix="InitializeCards.java" Intrnl_Id="236">
<LocList>
<Loc EndOffset="6275" SrcFileId="2" StartOffset="6244"/>
</LocList>
</BasicStmnt>
<BasicStmnt CovItemId="S131" CovItemPrefix="InitializeCards.java" Intrnl_Id="237">
<LocList>
<Loc EndOffset="6309" SrcFileId="2" StartOffset="6279"/>
</LocList>
</BasicStmnt>
<BasicStmnt CovItemId="S132" CovItemPrefix="InitializeCards.java" Intrnl_Id="238">
<LocList>
<Loc EndOffset="6346" SrcFileId="2" StartOffset="6313"/>
</LocList>
</BasicStmnt>
<BasicStmnt CovItemId="S133" CovItemPrefix="InitializeCards.java" Intrnl_Id="239">
<LocList>
<Loc EndOffset="6381" SrcFileId="2" StartOffset="6350"/>
</LocList>
</BasicStmnt>
<BasicStmnt CovItemId="S134" CovItemPrefix="InitializeCards.java" Intrnl_Id="240">
<LocList>
<Loc EndOffset="6416" SrcFileId="2" StartOffset="6385"/>
</LocList>
</BasicStmnt>
<BasicStmnt CovItemId="S135" CovItemPrefix="InitializeCards.java" Intrnl_Id="241">
<LocList>
<Loc EndOffset="6450" SrcFileId="2" StartOffset="6420"/>
</LocList>
</BasicStmnt>
<BasicStmnt CovItemId="S136" CovItemPrefix="InitializeCards.java" Intrnl_Id="242">
<LocList>
<Loc EndOffset="6487" SrcFileId="2" StartOffset="6454"/>
</LocList>
</BasicStmnt>
<BasicStmnt CovItemId="S137" CovItemPrefix="InitializeCards.java" Intrnl_Id="243">
<LocList>
<Loc EndOffset="6522" SrcFileId="2" StartOffset="6491"/>
</LocList>
</BasicStmnt>
<BasicStmnt CovItemId="S138" CovItemPrefix="InitializeCards.java" Intrnl_Id="244">
<LocList>
<Loc EndOffset="6559" SrcFileId="2" StartOffset="6526"/>
</LocList>
</BasicStmnt>
<BasicStmnt CovItemId="S139" CovItemPrefix="InitializeCards.java" Intrnl_Id="245">
<LocList>
<Loc EndOffset="6594" SrcFileId="2" StartOffset="6563"/>
</LocList>
</BasicStmnt>
<BasicStmnt CovItemId="S140" CovItemPrefix="InitializeCards.java" Intrnl_Id="246">
<LocList>
<Loc EndOffset="6628" SrcFileId="2" StartOffset="6598"/>
</LocList>
</BasicStmnt>
<BasicStmnt CovItemId="S141" CovItemPrefix="InitializeCards.java" Intrnl_Id="247">
<LocList>
<Loc EndOffset="6665" SrcFileId="2" StartOffset="6632"/>
</LocList>
</BasicStmnt>
<BasicStmnt CovItemId="S142" CovItemPrefix="InitializeCards.java" Intrnl_Id="248">
<LocList>
<Loc EndOffset="6704" SrcFileId="2" StartOffset="6669"/>
</LocList>
</BasicStmnt>
<BasicStmnt CovItemId="S143" CovItemPrefix="InitializeCards.java" Intrnl_Id="249">
<LocList>
<Loc EndOffset="6739" SrcFileId="2" StartOffset="6708"/>
</LocList>
</BasicStmnt>
<BasicStmnt CovItemId="S144" CovItemPrefix="InitializeCards.java" Intrnl_Id="250">
<LocList>
<Loc EndOffset="6771" SrcFileId="2" StartOffset="6743"/>
</LocList>
</BasicStmnt>
<BasicStmnt CovItemId="S145" CovItemPrefix="InitializeCards.java" Intrnl_Id="251">
<LocList>
<Loc EndOffset="6806" SrcFileId="2" StartOffset="6775"/>
</LocList>
</BasicStmnt>
<BasicStmnt CovItemId="S146" CovItemPrefix="InitializeCards.java" Intrnl_Id="252">
<LocList>
<Loc EndOffset="6843" SrcFileId="2" StartOffset="6810"/>
</LocList>
</BasicStmnt>
<BasicStmnt CovItemId="S147" CovItemPrefix="InitializeCards.java" Intrnl_Id="253">
<LocList>
<Loc EndOffset="6886" SrcFileId="2" StartOffset="6847"/>
</LocList>
</BasicStmnt>
<BasicStmnt CovItemId="S148" CovItemPrefix="InitializeCards.java" Intrnl_Id="254">
<LocList>
<Loc EndOffset="6925" SrcFileId="2" StartOffset="6890"/>
</LocList>
</BasicStmnt>
<BasicStmnt CovItemId="S149" CovItemPrefix="InitializeCards.java" Intrnl_Id="255">
<LocList>
<Loc EndOffset="6960" SrcFileId="2" StartOffset="6929"/>
</LocList>
</BasicStmnt>
<BasicStmnt CovItemId="S150" CovItemPrefix="InitializeCards.java" Intrnl_Id="256">
<LocList>
<Loc EndOffset="6997" SrcFileId="2" StartOffset="6964"/>
</LocList>
</BasicStmnt>
<BasicStmnt CovItemId="S151" CovItemPrefix="InitializeCards.java" Intrnl_Id="257">
<LocList>
<Loc EndOffset="7050" SrcFileId="2" StartOffset="7001"/>
</LocList>
</BasicStmnt>
<BasicStmnt CovItemId="S152" CovItemPrefix="InitializeCards.java" Intrnl_Id="258">
<LocList>
<Loc EndOffset="7083" SrcFileId="2" StartOffset="7054"/>
</LocList>
</BasicStmnt>
<BasicStmnt CovItemId="S153" CovItemPrefix="InitializeCards.java" Intrnl_Id="259">
<LocList>
<Loc EndOffset="7118" SrcFileId="2" StartOffset="7087"/>
</LocList>
</BasicStmnt>
<BasicStmnt CovItemId="S154" CovItemPrefix="InitializeCards.java" Intrnl_Id="260">
<LocList>
<Loc EndOffset="7150" SrcFileId="2" StartOffset="7122"/>
</LocList>
</BasicStmnt>
<BasicStmnt CovItemId="S155" CovItemPrefix="InitializeCards.java" Intrnl_Id="261">
<LocList>
<Loc EndOffset="7183" SrcFileId="2" StartOffset="7154"/>
</LocList>
</BasicStmnt>
<BasicStmnt CovItemId="S156" CovItemPrefix="InitializeCards.java" Intrnl_Id="262">
<LocList>
<Loc EndOffset="7218" SrcFileId="2" StartOffset="7187"/>
</LocList>
</BasicStmnt>
<BasicStmnt CovItemId="S157" CovItemPrefix="InitializeCards.java" Intrnl_Id="263">
<LocList>
<Loc EndOffset="7253" SrcFileId="2" StartOffset="7222"/>
</LocList>
</BasicStmnt>
</StmntSeq>
</HierarchyLvl>
<HierarchyLvl HierarchyLvlId="1923" HierarchyLvlTypeId="7" Intrnl_Id="264" Name="getCardHash">
<Header>
<Loc EndOffset="7305" SrcFileId="2" StartOffset="7262"/>
</Header>
<LocList>
<Loc EndOffset="7331" SrcFileId="2" StartOffset="7262"/>
</LocList>
<StmntSeq Intrnl_Id="265">
<LocList>
<Loc EndOffset="7327" SrcFileId="2" StartOffset="7311"/>
</LocList>
<BasicStmnt CovItemId="S158" CovItemPrefix="InitializeCards.java" Intrnl_Id="266">
<LocList>
<Loc EndOffset="7327" SrcFileId="2" StartOffset="7311"/>
</LocList>
</BasicStmnt>
</StmntSeq>
</HierarchyLvl>
</HierarchyLvl>
<HierarchyLvl HierarchyLvlId="1934" HierarchyLvlTypeId="8" Intrnl_Id="267" Name="Game">
<Header>
<Loc EndOffset="101" SrcFileId="3" StartOffset="84"/>
</Header>
<LocList>
<Loc EndOffset="2274" SrcFileId="3" StartOffset="84"/>
</LocList>
<StmntSeq Intrnl_Id="268">
<LocList>
<Loc EndOffset="158" SrcFileId="3" StartOffset="106"/>
<Loc EndOffset="217" SrcFileId="3" StartOffset="161"/>
<Loc EndOffset="275" SrcFileId="3" StartOffset="220"/>
<Loc EndOffset="307" SrcFileId="3" StartOffset="278"/>
<Loc EndOffset="339" SrcFileId="3" StartOffset="310"/>
<Loc EndOffset="396" SrcFileId="3" StartOffset="360"/>
<Loc EndOffset="415" SrcFileId="3" StartOffset="399"/>
<Loc EndOffset="492" SrcFileId="3" StartOffset="477"/>
</LocList>
<BasicStmnt CovItemId="S1" CovItemPrefix="Game.java" Intrnl_Id="269">
<LocList>
<Loc EndOffset="158" SrcFileId="3" StartOffset="106"/>
</LocList>
</BasicStmnt>
<BasicStmnt CovItemId="S2" CovItemPrefix="Game.java" Intrnl_Id="270">
<LocList>
<Loc EndOffset="217" SrcFileId="3" StartOffset="161"/>
</LocList>
</BasicStmnt>
<BasicStmnt CovItemId="S3" CovItemPrefix="Game.java" Intrnl_Id="271">
<LocList>
<Loc EndOffset="275" SrcFileId="3" StartOffset="220"/>
</LocList>
</BasicStmnt>
<BasicStmnt CovItemId="S4" CovItemPrefix="Game.java" Intrnl_Id="272">
<LocList>
<Loc EndOffset="307" SrcFileId="3" StartOffset="278"/>
</LocList>
</BasicStmnt>
<BasicStmnt CovItemId="S5" CovItemPrefix="Game.java" Intrnl_Id="273">
<LocList>
<Loc EndOffset="339" SrcFileId="3" StartOffset="310"/>
</LocList>
</BasicStmnt>
<BasicStmnt CovItemId="S6" CovItemPrefix="Game.java" Intrnl_Id="274">
<LocList>
<Loc EndOffset="396" SrcFileId="3" StartOffset="360"/>
</LocList>
</BasicStmnt>
<BasicStmnt CovItemId="S7" CovItemPrefix="Game.java" Intrnl_Id="275">
<LocList>
<Loc EndOffset="415" SrcFileId="3" StartOffset="399"/>
</LocList>
</BasicStmnt>
<BasicStmnt CovItemId="S8" CovItemPrefix="Game.java" Intrnl_Id="276">
<LocList>
<Loc EndOffset="492" SrcFileId="3" StartOffset="477"/>
</LocList>
</BasicStmnt>
</StmntSeq>
<HierarchyLvl HierarchyLvlId="1925" HierarchyLvlTypeId="7" Intrnl_Id="277" Name="Game">
<Header>
<Loc EndOffset="631" SrcFileId="3" StartOffset="564"/>
</Header>
<LocList>
<Loc EndOffset="714" SrcFileId="3" StartOffset="564"/>
</LocList>
<StmntSeq Intrnl_Id="278">
<LocList>
<Loc EndOffset="657" SrcFileId="3" StartOffset="638"/>
<Loc EndOffset="688" SrcFileId="3" StartOffset="661"/>
<Loc EndOffset="710" SrcFileId="3" StartOffset="692"/>
</LocList>
<BasicStmnt CovItemId="S9" CovItemPrefix="Game.java" Intrnl_Id="279">
<LocList>
<Loc EndOffset="657" SrcFileId="3" StartOffset="638"/>
</LocList>
</BasicStmnt>
<BasicStmnt CovItemId="S10" CovItemPrefix="Game.java" Intrnl_Id="280">
<LocList>
<Loc EndOffset="688" SrcFileId="3" StartOffset="661"/>
</LocList>
</BasicStmnt>
<BasicStmnt CovItemId="S11" CovItemPrefix="Game.java" Intrnl_Id="281">
<LocList>
<Loc EndOffset="710" SrcFileId="3" StartOffset="692"/>
</LocList>
</BasicStmnt>
</StmntSeq>
</HierarchyLvl>
<HierarchyLvl HierarchyLvlId="1926" HierarchyLvlTypeId="7" Intrnl_Id="282" Name="shuffle">
<Header>
<Loc EndOffset="781" SrcFileId="3" StartOffset="722"/>
</Header>
<LocList>
<Loc EndOffset="1020" SrcFileId="3" StartOffset="722"/>
</LocList>
<StmntSeq Intrnl_Id="283">
<LocList>
<Loc EndOffset="814" SrcFileId="3" StartOffset="787"/>
<Loc EndOffset="999" SrcFileId="3" StartOffset="818"/>
<Loc EndOffset="1016" SrcFileId="3" StartOffset="1003"/>
</LocList>
<BasicStmnt CovItemId="S12" CovItemPrefix="Game.java" Intrnl_Id="284">
<LocList>
<Loc EndOffset="814" SrcFileId="3" StartOffset="787"/>
</LocList>
</BasicStmnt>
<LoopStmnt CovItemId="S13" CovItemPrefix="Game.java" Intrnl_Id="285" MltplExecId="L1-2" MltplExecPrefix="Game.java" NvrExecId="L1-0" NvrExecPrefix="Game.java" OnceExecutedId="L1-1" OnceExecutedPrefix="Game.java" OptBodyExec="true">
<StmntSeq Intrnl_Id="286">
<LocList>
<Loc EndOffset="897" SrcFileId="3" StartOffset="867"/>
<Loc EndOffset="932" SrcFileId="3" StartOffset="902"/>
<Loc EndOffset="970" SrcFileId="3" StartOffset="937"/>
<Loc EndOffset="994" SrcFileId="3" StartOffset="975"/>
</LocList>
<BasicStmnt CovItemId="S14" CovItemPrefix="Game.java" Intrnl_Id="287">
<LocList>
<Loc EndOffset="897" SrcFileId="3" StartOffset="867"/>
</LocList>
</BasicStmnt>
<BasicStmnt CovItemId="S15" CovItemPrefix="Game.java" Intrnl_Id="288">
<LocList>
<Loc EndOffset="932" SrcFileId="3" StartOffset="902"/>
</LocList>
</BasicStmnt>
<BasicStmnt CovItemId="S16" CovItemPrefix="Game.java" Intrnl_Id="289">
<LocList>
<Loc EndOffset="970" SrcFileId="3" StartOffset="937"/>
</LocList>
</BasicStmnt>
<BasicStmnt CovItemId="S17" CovItemPrefix="Game.java" Intrnl_Id="290">
<LocList>
<Loc EndOffset="994" SrcFileId="3" StartOffset="975"/>
</LocList>
</BasicStmnt>
</StmntSeq>
<Keyword EndOffset="821" SrcFileId="3" StartOffset="818"/>
<LocList>
<Loc EndOffset="999" SrcFileId="3" StartOffset="818"/>
</LocList>
<RootTerm CovItemId="C1" CovItemPrefix="Game.java" Intrnl_Id="291">
<BasicBoolTerm Intrnl_Id="292">
<LocList>
<Loc EndOffset="854" SrcFileId="3" StartOffset="849"/>
</LocList>
</BasicBoolTerm>
</RootTerm>
</LoopStmnt>
<BasicStmnt CovItemId="S18" CovItemPrefix="Game.java" Intrnl_Id="293">
<LocList>
<Loc EndOffset="1016" SrcFileId="3" StartOffset="1003"/>
</LocList>
</BasicStmnt>
</StmntSeq>
</HierarchyLvl>
<HierarchyLvl HierarchyLvlId="1927" HierarchyLvlTypeId="7" Intrnl_Id="294" Name="setInitialCards">
<Header>
<Loc EndOffset="1055" SrcFileId="3" StartOffset="1026"/>
</Header>
<LocList>
<Loc EndOffset="1120" SrcFileId="3" StartOffset="1026"/>
</LocList>
<StmntSeq Intrnl_Id="295">
<LocList>
<Loc EndOffset="1086" SrcFileId="3" StartOffset="1060"/>
<Loc EndOffset="1116" SrcFileId="3" StartOffset="1090"/>
</LocList>
<BasicStmnt CovItemId="S19" CovItemPrefix="Game.java" Intrnl_Id="296">
<LocList>
<Loc EndOffset="1086" SrcFileId="3" StartOffset="1060"/>
</LocList>
</BasicStmnt>
<BasicStmnt CovItemId="S20" CovItemPrefix="Game.java" Intrnl_Id="297">
<LocList>
<Loc EndOffset="1116" SrcFileId="3" StartOffset="1090"/>
</LocList>
</BasicStmnt>
</StmntSeq>
</HierarchyLvl>
<HierarchyLvl HierarchyLvlId="1928" HierarchyLvlTypeId="7" Intrnl_Id="298" Name="dealCards">
<Header>
<Loc EndOffset="1165" SrcFileId="3" StartOffset="1128"/>
</Header>
<LocList>
<Loc EndOffset="1544" SrcFileId="3" StartOffset="1128"/>
</LocList>
<StmntSeq Intrnl_Id="299">
<LocList>
<Loc EndOffset="1222" SrcFileId="3" StartOffset="1171"/>
<Loc EndOffset="1249" SrcFileId="3" StartOffset="1226"/>
<Loc EndOffset="1284" SrcFileId="3" StartOffset="1253"/>
<Loc EndOffset="1524" SrcFileId="3" StartOffset="1288"/>
<Loc EndOffset="1540" SrcFileId="3" StartOffset="1528"/>
</LocList>
<BasicStmnt CovItemId="S21" CovItemPrefix="Game.java" Intrnl_Id="300">
<LocList>
<Loc EndOffset="1222" SrcFileId="3" StartOffset="1171"/>
</LocList>
</BasicStmnt>
<BasicStmnt CovItemId="S22" CovItemPrefix="Game.java" Intrnl_Id="301">
<LocList>
<Loc EndOffset="1249" SrcFileId="3" StartOffset="1226"/>
</LocList>
</BasicStmnt>
<BasicStmnt CovItemId="S23" CovItemPrefix="Game.java" Intrnl_Id="302">
<LocList>
<Loc EndOffset="1284" SrcFileId="3" StartOffset="1253"/>
</LocList>
</BasicStmnt>
<LoopStmnt CovItemId="S24" CovItemPrefix="Game.java" Intrnl_Id="303" MltplExecId="L2-2" MltplExecPrefix="Game.java" NvrExecId="L2-0" NvrExecPrefix="Game.java" OnceExecutedId="L2-1" OnceExecutedPrefix="Game.java" OptBodyExec="true">
<StmntSeq Intrnl_Id="304">
<LocList>
<Loc EndOffset="1361" SrcFileId="3" StartOffset="1323"/>
<Loc EndOffset="1410" SrcFileId="3" StartOffset="1366"/>
<Loc EndOffset="1457" SrcFileId="3" StartOffset="1415"/>
<Loc EndOffset="1514" SrcFileId="3" StartOffset="1462"/>
</LocList>
<BasicStmnt CovItemId="S25" CovItemPrefix="Game.java" Intrnl_Id="305">
<LocList>
<Loc EndOffset="1361" SrcFileId="3" StartOffset="1323"/>
</LocList>
</BasicStmnt>
<BasicStmnt CovItemId="S26" CovItemPrefix="Game.java" Intrnl_Id="306">
<LocList>
<Loc EndOffset="1410" SrcFileId="3" StartOffset="1366"/>
</LocList>
</BasicStmnt>
<BasicStmnt CovItemId="S27" CovItemPrefix="Game.java" Intrnl_Id="307">
<LocList>
<Loc EndOffset="1457" SrcFileId="3" StartOffset="1415"/>
</LocList>
</BasicStmnt>
<BasicStmnt CovItemId="S28" CovItemPrefix="Game.java" Intrnl_Id="308">
<LocList>
<Loc EndOffset="1514" SrcFileId="3" StartOffset="1462"/>
</LocList>
</BasicStmnt>
</StmntSeq>
<Keyword EndOffset="1291" SrcFileId="3" StartOffset="1288"/>
<LocList>
<Loc EndOffset="1524" SrcFileId="3" StartOffset="1288"/>
</LocList>
<RootTerm CovItemId="C2" CovItemPrefix="Game.java" Intrnl_Id="309">
<BasicBoolTerm Intrnl_Id="310">
<LocList>
<Loc EndOffset="1310" SrcFileId="3" StartOffset="1304"/>
</LocList>
</BasicBoolTerm>
</RootTerm>
</LoopStmnt>
<BasicStmnt CovItemId="S29" CovItemPrefix="Game.java" Intrnl_Id="311">
<LocList>
<Loc EndOffset="1540" SrcFileId="3" StartOffset="1528"/>
</LocList>
</BasicStmnt>
</StmntSeq>
</HierarchyLvl>
<HierarchyLvl HierarchyLvlId="1929" HierarchyLvlTypeId="7" Intrnl_Id="312" Name="dealNewCard">
<Header>
<Loc EndOffset="1687" SrcFileId="3" StartOffset="1625"/>
</Header>
<LocList>
<Loc EndOffset="1845" SrcFileId="3" StartOffset="1625"/>
</LocList>
<StmntSeq Intrnl_Id="313">
<LocList>
<Loc EndOffset="1719" SrcFileId="3" StartOffset="1693"/>
<Loc EndOffset="1827" SrcFileId="3" StartOffset="1723"/>
<Loc EndOffset="1841" SrcFileId="3" StartOffset="1828"/>
</LocList>
<BasicStmnt CovItemId="S30" CovItemPrefix="Game.java" Intrnl_Id="314">
<LocList>
<Loc EndOffset="1719" SrcFileId="3" StartOffset="1693"/>
</LocList>
</BasicStmnt>
<CondStmnt CovItemId="S31" CovItemPrefix="Game.java" Intrnl_Id="315">
<Branch CovItemId="B1" CovItemPrefix="Game.java" Implct="false" Intrnl_Id="316">
<Cond/>
<LocList>
<Loc EndOffset="1827" SrcFileId="3" StartOffset="1746"/>
</LocList>
<StmntSeq Intrnl_Id="317">
<LocList>
<Loc EndOffset="1781" SrcFileId="3" StartOffset="1752"/>
<Loc EndOffset="1805" SrcFileId="3" StartOffset="1786"/>
<Loc EndOffset="1822" SrcFileId="3" StartOffset="1810"/>
</LocList>
<BasicStmnt CovItemId="S32" CovItemPrefix="Game.java" Intrnl_Id="318">
<LocList>
<Loc EndOffset="1781" SrcFileId="3" StartOffset="1752"/>
</LocList>
</BasicStmnt>
<BasicStmnt CovItemId="S33" CovItemPrefix="Game.java" Intrnl_Id="319">
<LocList>
<Loc EndOffset="1805" SrcFileId="3" StartOffset="1786"/>
</LocList>
</BasicStmnt>
<BasicStmnt CovItemId="S34" CovItemPrefix="Game.java" Intrnl_Id="320">
<LocList>
<Loc EndOffset="1822" SrcFileId="3" StartOffset="1810"/>
</LocList>
</BasicStmnt>
</StmntSeq>
</Branch>
<Branch CovItemId="B2" CovItemPrefix="Game.java" Implct="true" Intrnl_Id="321">
<Cond/>
<LocList/>
<StmntSeq Intrnl_Id="322">
<LocList/>
</StmntSeq>
</Branch>
<Keyword EndOffset="1725" SrcFileId="3" StartOffset="1723"/>
<LocList>
<Loc EndOffset="1827" SrcFileId="3" StartOffset="1723"/>
</LocList>
<RootTerm CovItemId="C3" CovItemPrefix="Game.java" Intrnl_Id="323">
<BasicBoolTerm Intrnl_Id="324">
<LocList>
<Loc EndOffset="1744" SrcFileId="3" StartOffset="1726"/>
</LocList>
</BasicBoolTerm>
</RootTerm>
</CondStmnt>
<BasicStmnt CovItemId="S35" CovItemPrefix="Game.java" Intrnl_Id="325">
<LocList>
<Loc EndOffset="1841" SrcFileId="3" StartOffset="1828"/>
</LocList>
</BasicStmnt>
</StmntSeq>
</HierarchyLvl>
<HierarchyLvl HierarchyLvlId="1930" HierarchyLvlTypeId="7" Intrnl_Id="326" Name="mustDiscard">
<Header>
<Loc EndOffset="1887" SrcFileId="3" StartOffset="1851"/>
</Header>
<LocList>
<Loc EndOffset="1922" SrcFileId="3" StartOffset="1851"/>
</LocList>
<StmntSeq Intrnl_Id="327">
<LocList>
<Loc EndOffset="1918" SrcFileId="3" StartOffset="1893"/>
</LocList>
<BasicStmnt CovItemId="S36" CovItemPrefix="Game.java" Intrnl_Id="328">
<LocList>
<Loc EndOffset="1918" SrcFileId="3" StartOffset="1893"/>
</LocList>
</BasicStmnt>
</StmntSeq>
</HierarchyLvl>
<HierarchyLvl HierarchyLvlId="1931" HierarchyLvlTypeId="7" Intrnl_Id="329" Name="discardCard">
<Header>
<Loc EndOffset="1974" SrcFileId="3" StartOffset="1928"/>
</Header>
<LocList>
<Loc EndOffset="2097" SrcFileId="3" StartOffset="1928"/>
</LocList>
<StmntSeq Intrnl_Id="330">
<LocList>
<Loc EndOffset="2080" SrcFileId="3" StartOffset="1980"/>
<Loc EndOffset="2093" SrcFileId="3" StartOffset="2080"/>
</LocList>
<CondStmnt CovItemId="S37" CovItemPrefix="Game.java" Intrnl_Id="331">
<Branch CovItemId="B3" CovItemPrefix="Game.java" Implct="false" Intrnl_Id="332">
<Cond/>
<LocList>
<Loc EndOffset="2080" SrcFileId="3" StartOffset="2007"/>
</LocList>
<StmntSeq Intrnl_Id="333">
<LocList>
<Loc EndOffset="2034" SrcFileId="3" StartOffset="2013"/>
<Loc EndOffset="2058" SrcFileId="3" StartOffset="2039"/>
<Loc EndOffset="2075" SrcFileId="3" StartOffset="2063"/>
</LocList>
<BasicStmnt CovItemId="S38" CovItemPrefix="Game.java" Intrnl_Id="334">
<LocList>
<Loc EndOffset="2034" SrcFileId="3" StartOffset="2013"/>
</LocList>
</BasicStmnt>
<BasicStmnt CovItemId="S39" CovItemPrefix="Game.java" Intrnl_Id="335">
<LocList>
<Loc EndOffset="2058" SrcFileId="3" StartOffset="2039"/>
</LocList>
</BasicStmnt>
<BasicStmnt CovItemId="S40" CovItemPrefix="Game.java" Intrnl_Id="336">
<LocList>
<Loc EndOffset="2075" SrcFileId="3" StartOffset="2063"/>
</LocList>
</BasicStmnt>
</StmntSeq>
</Branch>
<Branch CovItemId="B4" CovItemPrefix="Game.java" Implct="true" Intrnl_Id="337">
<Cond/>
<LocList/>
<StmntSeq Intrnl_Id="338">
<LocList/>
</StmntSeq>
</Branch>
<Keyword EndOffset="1982" SrcFileId="3" StartOffset="1980"/>
<LocList>
<Loc EndOffset="2080" SrcFileId="3" StartOffset="1980"/>
</LocList>
<RootTerm CovItemId="C4" CovItemPrefix="Game.java" Intrnl_Id="339">
<BasicBoolTerm Intrnl_Id="340">
<LocList>
<Loc EndOffset="2005" SrcFileId="3" StartOffset="1983"/>
</LocList>
</BasicBoolTerm>
</RootTerm>
</CondStmnt>
<BasicStmnt CovItemId="S41" CovItemPrefix="Game.java" Intrnl_Id="341">
<LocList>
<Loc EndOffset="2093" SrcFileId="3" StartOffset="2080"/>
</LocList>
</BasicStmnt>
</StmntSeq>
</HierarchyLvl>
<HierarchyLvl HierarchyLvlId="1932" HierarchyLvlTypeId="7" Intrnl_Id="342" Name="returnDiscardPile">
<Header>
<Loc EndOffset="2148" SrcFileId="3" StartOffset="2103"/>
</Header>
<LocList>
<Loc EndOffset="2174" SrcFileId="3" StartOffset="2103"/>
</LocList>
<StmntSeq Intrnl_Id="343">
<LocList>
<Loc EndOffset="2170" SrcFileId="3" StartOffset="2154"/>
</LocList>
<BasicStmnt CovItemId="S42" CovItemPrefix="Game.java" Intrnl_Id="344">
<LocList>
<Loc EndOffset="2170" SrcFileId="3" StartOffset="2154"/>
</LocList>
</BasicStmnt>
</StmntSeq>
</HierarchyLvl>
<HierarchyLvl HierarchyLvlId="1933" HierarchyLvlTypeId="7" Intrnl_Id="345" Name="rollDice">
<Header>
<Loc EndOffset="2201" SrcFileId="3" StartOffset="2180"/>
</Header>
<LocList>
<Loc EndOffset="2269" SrcFileId="3" StartOffset="2180"/>
</LocList>
<StmntSeq Intrnl_Id="346">
<LocList>
<Loc EndOffset="2234" SrcFileId="3" StartOffset="2207"/>
<Loc EndOffset="2265" SrcFileId="3" StartOffset="2238"/>
</LocList>
<BasicStmnt CovItemId="S43" CovItemPrefix="Game.java" Intrnl_Id="347">
<LocList>
<Loc EndOffset="2234" SrcFileId="3" StartOffset="2207"/>
</LocList>
</BasicStmnt>
<BasicStmnt CovItemId="S44" CovItemPrefix="Game.java" Intrnl_Id="348">
<LocList>
<Loc EndOffset="2265" SrcFileId="3" StartOffset="2238"/>
</LocList>
</BasicStmnt>
</StmntSeq>
</HierarchyLvl>
</HierarchyLvl>
<HierarchyLvl HierarchyLvlId="2018" HierarchyLvlTypeId="8" Intrnl_Id="349" Name="CardFunc">
<Header>
<Loc EndOffset="23" SrcFileId="4" StartOffset="2"/>
</Header>
<LocList>
<Loc EndOffset="14935" SrcFileId="4" StartOffset="2"/>
</LocList>
<HierarchyLvl HierarchyLvlId="1935" HierarchyLvlTypeId="7" Intrnl_Id="350" Name="CardFunc">
<Header>
<Loc EndOffset="95" SrcFileId="4" StartOffset="69"/>
</Header>
<LocList>
<Loc EndOffset="208" SrcFileId="4" StartOffset="69"/>
</LocList>
<StmntSeq Intrnl_Id="351">
<LocList>
<Loc EndOffset="117" SrcFileId="4" StartOffset="100"/>
<Loc EndOffset="200" SrcFileId="4" StartOffset="121"/>
</LocList>
<BasicStmnt CovItemId="S1" CovItemPrefix="CardFunc.java" Intrnl_Id="352">
<LocList>
<Loc EndOffset="117" SrcFileId="4" StartOffset="100"/>
</LocList>
</BasicStmnt>
<CondStmnt CovItemId="S2" CovItemPrefix="CardFunc.java" Intrnl_Id="353">
<Branch CovItemId="B1" CovItemPrefix="CardFunc.java" Implct="false" Intrnl_Id="354">
<Cond/>
<LocList>
<Loc EndOffset="169" SrcFileId="4" StartOffset="146"/>
</LocList>
<StmntSeq Intrnl_Id="355">
<LocList>
<Loc EndOffset="164" SrcFileId="4" StartOffset="152"/>
</LocList>
<BasicStmnt CovItemId="S3" CovItemPrefix="CardFunc.java" Intrnl_Id="356">
<LocList>
<Loc EndOffset="164" SrcFileId="4" StartOffset="152"/>
</LocList>
</BasicStmnt>
</StmntSeq>
</Branch>
<Branch CovItemId="B2" CovItemPrefix="CardFunc.java" Implct="false" Intrnl_Id="357">
<Cond>
<Loc EndOffset="177" SrcFileId="4" StartOffset="173"/>
</Cond>
<LocList>
<Loc EndOffset="200" SrcFileId="4" StartOffset="177"/>
</LocList>
<StmntSeq Intrnl_Id="358">
<LocList>
<Loc EndOffset="195" SrcFileId="4" StartOffset="183"/>
</LocList>
<BasicStmnt CovItemId="S4" CovItemPrefix="CardFunc.java" Intrnl_Id="359">
<LocList>
<Loc EndOffset="195" SrcFileId="4" StartOffset="183"/>
</LocList>
</BasicStmnt>
</StmntSeq>
</Branch>
<Keyword EndOffset="123" SrcFileId="4" StartOffset="121"/>
<LocList>
<Loc EndOffset="200" SrcFileId="4" StartOffset="121"/>
</LocList>
<RootTerm CovItemId="C1" CovItemPrefix="CardFunc.java" Intrnl_Id="360">
<BasicBoolTerm Intrnl_Id="361">
<LocList>
<Loc EndOffset="145" SrcFileId="4" StartOffset="125"/>
</LocList>
</BasicBoolTerm>
</RootTerm>
</CondStmnt>
</StmntSeq>
</HierarchyLvl>
<HierarchyLvl HierarchyLvlId="1936" HierarchyLvlTypeId="7" Intrnl_Id="362" Name="func1Init">
<Header>
<Loc EndOffset="237" SrcFileId="4" StartOffset="214"/>
</Header>
<LocList>
<Loc EndOffset="261" SrcFileId="4" StartOffset="214"/>
</LocList>
<StmntSeq Intrnl_Id="363">
<LocList>
<Loc EndOffset="257" SrcFileId="4" StartOffset="243"/>
</LocList>
<BasicStmnt CovItemId="S5" CovItemPrefix="CardFunc.java" Intrnl_Id="364">
<LocList>
<Loc EndOffset="257" SrcFileId="4" StartOffset="243"/>
</LocList>
</BasicStmnt>
</StmntSeq>
</HierarchyLvl>
<HierarchyLvl HierarchyLvlId="1937" HierarchyLvlTypeId="7" Intrnl_Id="365" Name="func1">
<Header>
<Loc EndOffset="302" SrcFileId="4" StartOffset="267"/>
</Header>
<LocList>
<Loc EndOffset="428" SrcFileId="4" StartOffset="267"/>
</LocList>
<StmntSeq Intrnl_Id="366">
<LocList>
<Loc EndOffset="424" SrcFileId="4" StartOffset="360"/>
</LocList>
<CondStmnt CovItemId="S6" CovItemPrefix="CardFunc.java" Intrnl_Id="367">
<Branch CovItemId="B3" CovItemPrefix="CardFunc.java" Implct="false" Intrnl_Id="368">
<Cond/>
<LocList>
<Loc EndOffset="424" SrcFileId="4" StartOffset="373"/>
</LocList>
<StmntSeq Intrnl_Id="369">
<LocList>
<Loc EndOffset="419" SrcFileId="4" StartOffset="379"/>
</LocList>
<BasicStmnt CovItemId="S7" CovItemPrefix="CardFunc.java" Intrnl_Id="370">
<LocList>
<Loc EndOffset="419" SrcFileId="4" StartOffset="379"/>
</LocList>
</BasicStmnt>
</StmntSeq>
</Branch>
<Branch CovItemId="B4" CovItemPrefix="CardFunc.java" Implct="true" Intrnl_Id="371">
<Cond/>
<LocList/>
<StmntSeq Intrnl_Id="372">
<LocList/>
</StmntSeq>
</Branch>
<Keyword EndOffset="362" SrcFileId="4" StartOffset="360"/>
<LocList>
<Loc EndOffset="424" SrcFileId="4" StartOffset="360"/>
</LocList>
<RootTerm CovItemId="C2" CovItemPrefix="CardFunc.java" Intrnl_Id="373">
<BasicBoolTerm Intrnl_Id="374">
<LocList>
<Loc EndOffset="371" SrcFileId="4" StartOffset="363"/>
</LocList>
</BasicBoolTerm>
</RootTerm>
</CondStmnt>
</StmntSeq>
</HierarchyLvl>
<HierarchyLvl HierarchyLvlId="1938" HierarchyLvlTypeId="7" Intrnl_Id="375" Name="func2Init">
<Header>
<Loc EndOffset="457" SrcFileId="4" StartOffset="434"/>
</Header>
<LocList>
<Loc EndOffset="534" SrcFileId="4" StartOffset="434"/>
</LocList>
<StmntSeq Intrnl_Id="376">
<LocList>
<Loc EndOffset="530" SrcFileId="4" StartOffset="463"/>
</LocList>
<CondStmnt CovItemId="S8" CovItemPrefix="CardFunc.java" Intrnl_Id="377">
<Branch CovItemId="B5" CovItemPrefix="CardFunc.java" Implct="false" Intrnl_Id="378">
<Cond/>
<LocList>
<Loc EndOffset="530" SrcFileId="4" StartOffset="505"/>
</LocList>
<StmntSeq Intrnl_Id="379">
<LocList>
<Loc EndOffset="525" SrcFileId="4" StartOffset="511"/>
</LocList>
<BasicStmnt CovItemId="S9" CovItemPrefix="CardFunc.java" Intrnl_Id="380">
<LocList>
<Loc EndOffset="525" SrcFileId="4" StartOffset="511"/>
</LocList>
</BasicStmnt>
</StmntSeq>
</Branch>
<Branch CovItemId="B6" CovItemPrefix="CardFunc.java" Implct="true" Intrnl_Id="381">
<Cond/>
<LocList/>
<StmntSeq Intrnl_Id="382">
<LocList/>
</StmntSeq>
</Branch>
<Keyword EndOffset="465" SrcFileId="4" StartOffset="463"/>
<LocList>
<Loc EndOffset="530" SrcFileId="4" StartOffset="463"/>
</LocList>
<RootTerm CovItemId="C3" CovItemPrefix="CardFunc.java" Intrnl_Id="383">
<BasicBoolTerm Intrnl_Id="384">
<LocList>
<Loc EndOffset="503" SrcFileId="4" StartOffset="466"/>
</LocList>
</BasicBoolTerm>
</RootTerm>
</CondStmnt>
</StmntSeq>
</HierarchyLvl>
<HierarchyLvl HierarchyLvlId="1939" HierarchyLvlTypeId="7" Intrnl_Id="385" Name="func2">
<Header>
<Loc EndOffset="575" SrcFileId="4" StartOffset="540"/>
</Header>
<LocList>
<Loc EndOffset="866" SrcFileId="4" StartOffset="540"/>
</LocList>
<StmntSeq Intrnl_Id="386">
<LocList>
<Loc EndOffset="862" SrcFileId="4" StartOffset="666"/>
</LocList>
<CondStmnt CovItemId="S10" CovItemPrefix="CardFunc.java" Intrnl_Id="387">
<Branch CovItemId="B7" CovItemPrefix="CardFunc.java" Implct="false" Intrnl_Id="388">
<Cond/>
<LocList>
<Loc EndOffset="730" SrcFileId="4" StartOffset="679"/>
</LocList>
<StmntSeq Intrnl_Id="389">
<LocList>
<Loc EndOffset="725" SrcFileId="4" StartOffset="685"/>
</LocList>
<BasicStmnt CovItemId="S11" CovItemPrefix="CardFunc.java" Intrnl_Id="390">
<LocList>
<Loc EndOffset="725" SrcFileId="4" StartOffset="685"/>
</LocList>
</BasicStmnt>
</StmntSeq>
</Branch>
<Branch CovItemId="B8" CovItemPrefix="CardFunc.java" Implct="false" Intrnl_Id="391">
<Cond>
<Loc EndOffset="735" SrcFileId="4" StartOffset="731"/>
</Cond>
<LocList>
<Loc EndOffset="862" SrcFileId="4" StartOffset="736"/>
</LocList>
<StmntSeq Intrnl_Id="392">
<LocList>
<Loc EndOffset="857" SrcFileId="4" StartOffset="742"/>
</LocList>
<CondStmnt CovItemId="S12" CovItemPrefix="CardFunc.java" Intrnl_Id="393">
<Branch CovItemId="B9" CovItemPrefix="CardFunc.java" Implct="false" Intrnl_Id="394">
<Cond/>
<LocList>
<Loc EndOffset="857" SrcFileId="4" StartOffset="777"/>
</LocList>
<StmntSeq Intrnl_Id="395">
<LocList>
<Loc EndOffset="801" SrcFileId="4" StartOffset="784"/>
</LocList>
<BasicStmnt CovItemId="S13" CovItemPrefix="CardFunc.java" Intrnl_Id="396">
<LocList>
<Loc EndOffset="801" SrcFileId="4" StartOffset="784"/>
</LocList>
</BasicStmnt>
</StmntSeq>
</Branch>
<Branch CovItemId="B10" CovItemPrefix="CardFunc.java" Implct="true" Intrnl_Id="397">
<Cond/>
<LocList/>
<StmntSeq Intrnl_Id="398">
<LocList/>
</StmntSeq>
</Branch>
<Keyword EndOffset="744" SrcFileId="4" StartOffset="742"/>
<LocList>
<Loc EndOffset="857" SrcFileId="4" StartOffset="742"/>
</LocList>
<RootTerm CovItemId="C5" CovItemPrefix="CardFunc.java" Intrnl_Id="399">
<OpTerm BooleanOpId="6" Intrnl_Id="400">
<BasicBoolTerm Intrnl_Id="401">
<LocList>
<Loc EndOffset="775" SrcFileId="4" StartOffset="746"/>
</LocList>
</BasicBoolTerm>
<LocList>
<Loc EndOffset="746" SrcFileId="4" StartOffset="745"/>
</LocList>
</OpTerm>
</RootTerm>
</CondStmnt>
</StmntSeq>
</Branch>
<Keyword EndOffset="668" SrcFileId="4" StartOffset="666"/>
<LocList>
<Loc EndOffset="862" SrcFileId="4" StartOffset="666"/>
</LocList>
<RootTerm CovItemId="C4" CovItemPrefix="CardFunc.java" Intrnl_Id="402">
<BasicBoolTerm Intrnl_Id="403">
<LocList>
<Loc EndOffset="677" SrcFileId="4" StartOffset="669"/>
</LocList>
</BasicBoolTerm>
</RootTerm>
</CondStmnt>
</StmntSeq>
</HierarchyLvl>
<HierarchyLvl HierarchyLvlId="1940" HierarchyLvlTypeId="7" Intrnl_Id="404" Name="func3">
<Header>
<Loc EndOffset="891" SrcFileId="4" StartOffset="872"/>
</Header>
<LocList>
<Loc EndOffset="952" SrcFileId="4" StartOffset="872"/>
</LocList>
</HierarchyLvl>
<HierarchyLvl HierarchyLvlId="1941" HierarchyLvlTypeId="7" Intrnl_Id="405" Name="func4Init">
<Header>
<Loc EndOffset="981" SrcFileId="4" StartOffset="958"/>
</Header>
<LocList>
<Loc EndOffset="1057" SrcFileId="4" StartOffset="958"/>
</LocList>
<StmntSeq Intrnl_Id="406">
<LocList>
<Loc EndOffset="1042" SrcFileId="4" StartOffset="1019"/>
</LocList>
<BasicStmnt CovItemId="S14" CovItemPrefix="CardFunc.java" Intrnl_Id="407">
<LocList>
<Loc EndOffset="1042" SrcFileId="4" StartOffset="1019"/>
</LocList>
</BasicStmnt>
</StmntSeq>
</HierarchyLvl>
<HierarchyLvl HierarchyLvlId="1942" HierarchyLvlTypeId="7" Intrnl_Id="408" Name="func4Result">
<Header>
<Loc EndOffset="1104" SrcFileId="4" StartOffset="1063"/>
</Header>
<LocList>
<Loc EndOffset="1264" SrcFileId="4" StartOffset="1063"/>
</LocList>
<StmntSeq Intrnl_Id="409">
<LocList>
<Loc EndOffset="1260" SrcFileId="4" StartOffset="1163"/>
</LocList>
<CondStmnt CovItemId="S15" CovItemPrefix="CardFunc.java" Intrnl_Id="410">
<Branch CovItemId="B11" CovItemPrefix="CardFunc.java" Implct="false" Intrnl_Id="411">
<Cond/>
<LocList>
<Loc EndOffset="1227" SrcFileId="4" StartOffset="1176"/>
</LocList>
<StmntSeq Intrnl_Id="412">
<LocList>
<Loc EndOffset="1222" SrcFileId="4" StartOffset="1182"/>
</LocList>
<BasicStmnt CovItemId="S16" CovItemPrefix="CardFunc.java" Intrnl_Id="413">
<LocList>
<Loc EndOffset="1222" SrcFileId="4" StartOffset="1182"/>
</LocList>
</BasicStmnt>
</StmntSeq>
</Branch>
<Branch CovItemId="B12" CovItemPrefix="CardFunc.java" Implct="false" Intrnl_Id="414">
<Cond>
<Loc EndOffset="1232" SrcFileId="4" StartOffset="1228"/>
</Cond>
<LocList>
<Loc EndOffset="1260" SrcFileId="4" StartOffset="1233"/>
</LocList>
<StmntSeq Intrnl_Id="415">
<LocList/>
</StmntSeq>
</Branch>
<Keyword EndOffset="1165" SrcFileId="4" StartOffset="1163"/>
<LocList>
<Loc EndOffset="1260" SrcFileId="4" StartOffset="1163"/>
</LocList>
<RootTerm CovItemId="C6" CovItemPrefix="CardFunc.java" Intrnl_Id="416">
<BasicBoolTerm Intrnl_Id="417">
<LocList>
<Loc EndOffset="1174" SrcFileId="4" StartOffset="1166"/>
</LocList>
</BasicBoolTerm>
</RootTerm>
</CondStmnt>
</StmntSeq>
</HierarchyLvl>
<HierarchyLvl HierarchyLvlId="1943" HierarchyLvlTypeId="7" Intrnl_Id="418" Name="func5Init">
<Header>
<Loc EndOffset="1293" SrcFileId="4" StartOffset="1270"/>
</Header>
<LocList>
<Loc EndOffset="1429" SrcFileId="4" StartOffset="1270"/>
</LocList>
<StmntSeq Intrnl_Id="419">
<LocList>
<Loc EndOffset="1425" SrcFileId="4" StartOffset="1299"/>
</LocList>
<CondStmnt CovItemId="S17" CovItemPrefix="CardFunc.java" Intrnl_Id="420">
<Branch CovItemId="B13" CovItemPrefix="CardFunc.java" Implct="false" Intrnl_Id="421">
<Cond/>
<LocList>
<Loc EndOffset="1360" SrcFileId="4" StartOffset="1335"/>
</LocList>
<StmntSeq Intrnl_Id="422">
<LocList>
<Loc EndOffset="1355" SrcFileId="4" StartOffset="1341"/>
</LocList>
<BasicStmnt CovItemId="S18" CovItemPrefix="CardFunc.java" Intrnl_Id="423">
<LocList>
<Loc EndOffset="1355" SrcFileId="4" StartOffset="1341"/>
</LocList>
</BasicStmnt>
</StmntSeq>
</Branch>
<Branch CovItemId="B14" CovItemPrefix="CardFunc.java" Implct="false" Intrnl_Id="424">
<Cond>
<Loc EndOffset="1365" SrcFileId="4" StartOffset="1361"/>
</Cond>
<LocList>
<Loc EndOffset="1425" SrcFileId="4" StartOffset="1366"/>
</LocList>
<StmntSeq Intrnl_Id="425">
<LocList>
<Loc EndOffset="1425" SrcFileId="4" StartOffset="1366"/>
</LocList>
<CondStmnt CovItemId="S19" CovItemPrefix="CardFunc.java" Intrnl_Id="426">
<Branch CovItemId="B15" CovItemPrefix="CardFunc.java" Implct="false" Intrnl_Id="427">
<Cond/>
<LocList>
<Loc EndOffset="1425" SrcFileId="4" StartOffset="1400"/>
</LocList>
<StmntSeq Intrnl_Id="428">
<LocList>
<Loc EndOffset="1420" SrcFileId="4" StartOffset="1406"/>
</LocList>
<BasicStmnt CovItemId="S20" CovItemPrefix="CardFunc.java" Intrnl_Id="429">
<LocList>
<Loc EndOffset="1420" SrcFileId="4" StartOffset="1406"/>
</LocList>
</BasicStmnt>
</StmntSeq>
</Branch>
<Branch CovItemId="B16" CovItemPrefix="CardFunc.java" Implct="true" Intrnl_Id="430">
<Cond/>
<LocList/>
<StmntSeq Intrnl_Id="431">
<LocList/>
</StmntSeq>
</Branch>
<Keyword EndOffset="1368" SrcFileId="4" StartOffset="1366"/>
<LocList>
<Loc EndOffset="1425" SrcFileId="4" StartOffset="1366"/>
</LocList>
<RootTerm CovItemId="C8" CovItemPrefix="CardFunc.java" Intrnl_Id="432">
<BasicBoolTerm Intrnl_Id="433">
<LocList>
<Loc EndOffset="1398" SrcFileId="4" StartOffset="1369"/>
</LocList>
</BasicBoolTerm>
</RootTerm>
</CondStmnt>
</StmntSeq>
</Branch>
<Keyword EndOffset="1301" SrcFileId="4" StartOffset="1299"/>
<LocList>
<Loc EndOffset="1425" SrcFileId="4" StartOffset="1299"/>
</LocList>
<RootTerm CovItemId="C7" CovItemPrefix="CardFunc.java" Intrnl_Id="434">
<BasicBoolTerm Intrnl_Id="435">
<LocList>
<Loc EndOffset="1333" SrcFileId="4" StartOffset="1302"/>
</LocList>
</BasicBoolTerm>
</RootTerm>
</CondStmnt>
</StmntSeq>
</HierarchyLvl>
<HierarchyLvl HierarchyLvlId="1944" HierarchyLvlTypeId="7" Intrnl_Id="436" Name="func5">
<Header>
<Loc EndOffset="1470" SrcFileId="4" StartOffset="1435"/>
</Header>
<LocList>
<Loc EndOffset="1815" SrcFileId="4" StartOffset="1435"/>
</LocList>
<StmntSeq Intrnl_Id="437">
<LocList>
<Loc EndOffset="1811" SrcFileId="4" StartOffset="1595"/>
</LocList>
<CondStmnt CovItemId="S21" CovItemPrefix="CardFunc.java" Intrnl_Id="438">
<Branch CovItemId="B17" CovItemPrefix="CardFunc.java" Implct="false" Intrnl_Id="439">
<Cond/>
<LocList>
<Loc EndOffset="1659" SrcFileId="4" StartOffset="1608"/>
</LocList>
<StmntSeq Intrnl_Id="440">
<LocList>
<Loc EndOffset="1654" SrcFileId="4" StartOffset="1614"/>
</LocList>
<BasicStmnt CovItemId="S22" CovItemPrefix="CardFunc.java" Intrnl_Id="441">
<LocList>
<Loc EndOffset="1654" SrcFileId="4" StartOffset="1614"/>
</LocList>
</BasicStmnt>
</StmntSeq>
</Branch>
<Branch CovItemId="B18" CovItemPrefix="CardFunc.java" Implct="false" Intrnl_Id="442">
<Cond>
<Loc EndOffset="1664" SrcFileId="4" StartOffset="1660"/>
</Cond>
<LocList>
<Loc EndOffset="1811" SrcFileId="4" StartOffset="1665"/>
</LocList>
<StmntSeq Intrnl_Id="443">
<LocList>
<Loc EndOffset="1806" SrcFileId="4" StartOffset="1671"/>
</LocList>
<CondStmnt CovItemId="S23" CovItemPrefix="CardFunc.java" Intrnl_Id="444">
<Branch CovItemId="B19" CovItemPrefix="CardFunc.java" Implct="false" Intrnl_Id="445">
<Cond/>
<LocList>
<Loc EndOffset="1763" SrcFileId="4" StartOffset="1706"/>
</LocList>
<StmntSeq Intrnl_Id="446">
<LocList/>
</StmntSeq>
</Branch>
<Branch CovItemId="B20" CovItemPrefix="CardFunc.java" Implct="false" Intrnl_Id="447">
<Cond>
<Loc EndOffset="1768" SrcFileId="4" StartOffset="1764"/>
</Cond>
<LocList>
<Loc EndOffset="1806" SrcFileId="4" StartOffset="1769"/>
</LocList>
<StmntSeq Intrnl_Id="448">
<LocList>
<Loc EndOffset="1800" SrcFileId="4" StartOffset="1776"/>
</LocList>
<BasicStmnt CovItemId="S24" CovItemPrefix="CardFunc.java" Intrnl_Id="449">
<LocList>
<Loc EndOffset="1800" SrcFileId="4" StartOffset="1776"/>
</LocList>
</BasicStmnt>
</StmntSeq>
</Branch>
<Keyword EndOffset="1673" SrcFileId="4" StartOffset="1671"/>
<LocList>
<Loc EndOffset="1806" SrcFileId="4" StartOffset="1671"/>
</LocList>
<RootTerm CovItemId="C10" CovItemPrefix="CardFunc.java" Intrnl_Id="450">
<BasicBoolTerm Intrnl_Id="451">
<LocList>
<Loc EndOffset="1704" SrcFileId="4" StartOffset="1675"/>
</LocList>
</BasicBoolTerm>
</RootTerm>
</CondStmnt>
</StmntSeq>
</Branch>
<Keyword EndOffset="1597" SrcFileId="4" StartOffset="1595"/>
<LocList>
<Loc EndOffset="1811" SrcFileId="4" StartOffset="1595"/>
</LocList>
<RootTerm CovItemId="C9" CovItemPrefix="CardFunc.java" Intrnl_Id="452">
<BasicBoolTerm Intrnl_Id="453">
<LocList>
<Loc EndOffset="1606" SrcFileId="4" StartOffset="1598"/>
</LocList>
</BasicBoolTerm>
</RootTerm>
</CondStmnt>
</StmntSeq>
</HierarchyLvl>
<HierarchyLvl HierarchyLvlId="1945" HierarchyLvlTypeId="7" Intrnl_Id="454" Name="func7Init">
<Header>
<Loc EndOffset="1844" SrcFileId="4" StartOffset="1821"/>
</Header>
<LocList>
<Loc EndOffset="1899" SrcFileId="4" StartOffset="1821"/>
</LocList>
<StmntSeq Intrnl_Id="455">
<LocList>
<Loc EndOffset="1895" SrcFileId="4" StartOffset="1850"/>
</LocList>
<CondStmnt CovItemId="S25" CovItemPrefix="CardFunc.java" Intrnl_Id="456">
<Branch CovItemId="B21" CovItemPrefix="CardFunc.java" Implct="false" Intrnl_Id="457">
<Cond/>
<LocList>
<Loc EndOffset="1895" SrcFileId="4" StartOffset="1870"/>
</LocList>
<StmntSeq Intrnl_Id="458">
<LocList>
<Loc EndOffset="1890" SrcFileId="4" StartOffset="1876"/>
</LocList>
<BasicStmnt CovItemId="S26" CovItemPrefix="CardFunc.java" Intrnl_Id="459">
<LocList>
<Loc EndOffset="1890" SrcFileId="4" StartOffset="1876"/>
</LocList>
</BasicStmnt>
</StmntSeq>
</Branch>
<Branch CovItemId="B22" CovItemPrefix="CardFunc.java" Implct="true" Intrnl_Id="460">
<Cond/>
<LocList/>
<StmntSeq Intrnl_Id="461">
<LocList/>
</StmntSeq>
</Branch>
<Keyword EndOffset="1852" SrcFileId="4" StartOffset="1850"/>
<LocList>
<Loc EndOffset="1895" SrcFileId="4" StartOffset="1850"/>
</LocList>
<RootTerm CovItemId="C11" CovItemPrefix="CardFunc.java" Intrnl_Id="462">
<BasicBoolTerm Intrnl_Id="463">
<LocList>
<Loc EndOffset="1868" SrcFileId="4" StartOffset="1853"/>
</LocList>
</BasicBoolTerm>
</RootTerm>
</CondStmnt>
</StmntSeq>
</HierarchyLvl>
<HierarchyLvl HierarchyLvlId="1946" HierarchyLvlTypeId="7" Intrnl_Id="464" Name="func7">
<Header>
<Loc EndOffset="1940" SrcFileId="4" StartOffset="1905"/>
</Header>
<LocList>
<Loc EndOffset="2310" SrcFileId="4" StartOffset="1905"/>
</LocList>
<StmntSeq Intrnl_Id="465">
<LocList>
<Loc EndOffset="2306" SrcFileId="4" StartOffset="2066"/>
</LocList>
<CondStmnt CovItemId="S27" CovItemPrefix="CardFunc.java" Intrnl_Id="466">
<Branch CovItemId="B23" CovItemPrefix="CardFunc.java" Implct="false" Intrnl_Id="467">
<Cond/>
<LocList>
<Loc EndOffset="2205" SrcFileId="4" StartOffset="2100"/>
</LocList>
<StmntSeq Intrnl_Id="468">
<LocList>
<Loc EndOffset="2200" SrcFileId="4" StartOffset="2142"/>
</LocList>
<BasicStmnt CovItemId="S28" CovItemPrefix="CardFunc.java" Intrnl_Id="469">
<LocList>
<Loc EndOffset="2200" SrcFileId="4" StartOffset="2142"/>
</LocList>
</BasicStmnt>
</StmntSeq>
</Branch>
<Branch CovItemId="B24" CovItemPrefix="CardFunc.java" Implct="false" Intrnl_Id="470">
<Cond>
<Loc EndOffset="2210" SrcFileId="4" StartOffset="2206"/>
</Cond>
<LocList>
<Loc EndOffset="2306" SrcFileId="4" StartOffset="2211"/>
</LocList>
<StmntSeq Intrnl_Id="471">
<LocList>
<Loc EndOffset="2301" SrcFileId="4" StartOffset="2251"/>
</LocList>
<BasicStmnt CovItemId="S29" CovItemPrefix="CardFunc.java" Intrnl_Id="472">
<LocList>
<Loc EndOffset="2301" SrcFileId="4" StartOffset="2251"/>
</LocList>
</BasicStmnt>
</StmntSeq>
</Branch>
<Keyword EndOffset="2068" SrcFileId="4" StartOffset="2066"/>
<LocList>
<Loc EndOffset="2306" SrcFileId="4" StartOffset="2066"/>
</LocList>
<RootTerm CovItemId="C12" CovItemPrefix="CardFunc.java" Intrnl_Id="473">
<BasicBoolTerm Intrnl_Id="474">
<LocList>
<Loc EndOffset="2098" SrcFileId="4" StartOffset="2069"/>
</LocList>
</BasicBoolTerm>
</RootTerm>
</CondStmnt>
</StmntSeq>
</HierarchyLvl>
<HierarchyLvl HierarchyLvlId="1947" HierarchyLvlTypeId="7" Intrnl_Id="475" Name="func8Init">
<Header>
<Loc EndOffset="2339" SrcFileId="4" StartOffset="2316"/>
</Header>
<LocList>
<Loc EndOffset="2400" SrcFileId="4" StartOffset="2316"/>
</LocList>
<StmntSeq Intrnl_Id="476">
<LocList>
<Loc EndOffset="2396" SrcFileId="4" StartOffset="2345"/>
</LocList>
<CondStmnt CovItemId="S30" CovItemPrefix="CardFunc.java" Intrnl_Id="477">
<Branch CovItemId="B25" CovItemPrefix="CardFunc.java" Implct="false" Intrnl_Id="478">
<Cond/>
<LocList>
<Loc EndOffset="2396" SrcFileId="4" StartOffset="2371"/>
</LocList>
<StmntSeq Intrnl_Id="479">
<LocList>
<Loc EndOffset="2391" SrcFileId="4" StartOffset="2377"/>
</LocList>
<BasicStmnt CovItemId="S31" CovItemPrefix="CardFunc.java" Intrnl_Id="480">
<LocList>
<Loc EndOffset="2391" SrcFileId="4" StartOffset="2377"/>
</LocList>
</BasicStmnt>
</StmntSeq>
</Branch>
<Branch CovItemId="B26" CovItemPrefix="CardFunc.java" Implct="true" Intrnl_Id="481">
<Cond/>
<LocList/>
<StmntSeq Intrnl_Id="482">
<LocList/>
</StmntSeq>
</Branch>
<Keyword EndOffset="2347" SrcFileId="4" StartOffset="2345"/>
<LocList>
<Loc EndOffset="2396" SrcFileId="4" StartOffset="2345"/>
</LocList>
<RootTerm CovItemId="C13" CovItemPrefix="CardFunc.java" Intrnl_Id="483">
<BasicBoolTerm Intrnl_Id="484">
<LocList>
<Loc EndOffset="2369" SrcFileId="4" StartOffset="2348"/>
</LocList>
</BasicBoolTerm>
</RootTerm>
</CondStmnt>
</StmntSeq>
</HierarchyLvl>
<HierarchyLvl HierarchyLvlId="1948" HierarchyLvlTypeId="7" Intrnl_Id="485" Name="func8">
<Header>
<Loc EndOffset="2441" SrcFileId="4" StartOffset="2406"/>
</Header>
<LocList>
<Loc EndOffset="2789" SrcFileId="4" StartOffset="2406"/>
</LocList>
<StmntSeq Intrnl_Id="486">
<LocList>
<Loc EndOffset="2785" SrcFileId="4" StartOffset="2563"/>
</LocList>
<CondStmnt CovItemId="S32" CovItemPrefix="CardFunc.java" Intrnl_Id="487">
<Branch CovItemId="B27" CovItemPrefix="CardFunc.java" Implct="false" Intrnl_Id="488">
<Cond/>
<LocList>
<Loc EndOffset="2672" SrcFileId="4" StartOffset="2576"/>
</LocList>
<StmntSeq Intrnl_Id="489">
<LocList>
<Loc EndOffset="2622" SrcFileId="4" StartOffset="2582"/>
<Loc EndOffset="2667" SrcFileId="4" StartOffset="2627"/>
</LocList>
<BasicStmnt CovItemId="S33" CovItemPrefix="CardFunc.java" Intrnl_Id="490">
<LocList>
<Loc EndOffset="2622" SrcFileId="4" StartOffset="2582"/>
</LocList>
</BasicStmnt>
<BasicStmnt CovItemId="S34" CovItemPrefix="CardFunc.java" Intrnl_Id="491">
<LocList>
<Loc EndOffset="2667" SrcFileId="4" StartOffset="2627"/>
</LocList>
</BasicStmnt>
</StmntSeq>
</Branch>
<Branch CovItemId="B28" CovItemPrefix="CardFunc.java" Implct="false" Intrnl_Id="492">
<Cond>
<Loc EndOffset="2677" SrcFileId="4" StartOffset="2673"/>
</Cond>
<LocList>
<Loc EndOffset="2785" SrcFileId="4" StartOffset="2678"/>
</LocList>
<StmntSeq Intrnl_Id="493">
<LocList>
<Loc EndOffset="2698" SrcFileId="4" StartOffset="2684"/>
<Loc EndOffset="2744" SrcFileId="4" StartOffset="2703"/>
</LocList>
<BasicStmnt CovItemId="S35" CovItemPrefix="CardFunc.java" Intrnl_Id="494">
<LocList>
<Loc EndOffset="2698" SrcFileId="4" StartOffset="2684"/>
</LocList>
</BasicStmnt>
<CondStmnt CovItemId="S36" CovItemPrefix="CardFunc.java" Intrnl_Id="495">
<Branch CovItemId="B29" CovItemPrefix="CardFunc.java" Implct="false" Intrnl_Id="496">
<Cond/>
<LocList>
<Loc EndOffset="2744" SrcFileId="4" StartOffset="2718"/>
</LocList>
<StmntSeq Intrnl_Id="497">
<LocList>
<Loc EndOffset="2738" SrcFileId="4" StartOffset="2725"/>
</LocList>
<BasicStmnt CovItemId="S37" CovItemPrefix="CardFunc.java" Intrnl_Id="498">
<LocList>
<Loc EndOffset="2738" SrcFileId="4" StartOffset="2725"/>
</LocList>
</BasicStmnt>
</StmntSeq>
</Branch>
<Branch CovItemId="B30" CovItemPrefix="CardFunc.java" Implct="true" Intrnl_Id="499">
<Cond/>
<LocList/>
<StmntSeq Intrnl_Id="500">
<LocList/>
</StmntSeq>
</Branch>
<Keyword EndOffset="2705" SrcFileId="4" StartOffset="2703"/>
<LocList>
<Loc EndOffset="2744" SrcFileId="4" StartOffset="2703"/>
</LocList>
<RootTerm CovItemId="C15" CovItemPrefix="CardFunc.java" Intrnl_Id="501">
<BasicBoolTerm Intrnl_Id="502">
<LocList>
<Loc EndOffset="2716" SrcFileId="4" StartOffset="2706"/>
</LocList>
</BasicBoolTerm>
</RootTerm>
</CondStmnt>
</StmntSeq>
</Branch>
<Keyword EndOffset="2565" SrcFileId="4" StartOffset="2563"/>
<LocList>
<Loc EndOffset="2785" SrcFileId="4" StartOffset="2563"/>
</LocList>
<RootTerm CovItemId="C14" CovItemPrefix="CardFunc.java" Intrnl_Id="503">
<BasicBoolTerm Intrnl_Id="504">
<LocList>
<Loc EndOffset="2574" SrcFileId="4" StartOffset="2566"/>
</LocList>
</BasicBoolTerm>
</RootTerm>
</CondStmnt>
</StmntSeq>
</HierarchyLvl>
<HierarchyLvl HierarchyLvlId="1949" HierarchyLvlTypeId="7" Intrnl_Id="505" Name="func26Init">
<Header>
<Loc EndOffset="2819" SrcFileId="4" StartOffset="2795"/>
</Header>
<LocList>
<Loc EndOffset="2898" SrcFileId="4" StartOffset="2795"/>
</LocList>
</HierarchyLvl>
<HierarchyLvl HierarchyLvlId="1950" HierarchyLvlTypeId="7" Intrnl_Id="506" Name="func26">
<Header>
<Loc EndOffset="2940" SrcFileId="4" StartOffset="2904"/>
</Header>
<LocList>
<Loc EndOffset="3253" SrcFileId="4" StartOffset="2904"/>
</LocList>
<StmntSeq Intrnl_Id="507">
<LocList>
<Loc EndOffset="3249" SrcFileId="4" StartOffset="3077"/>
</LocList>
<CondStmnt CovItemId="S38" CovItemPrefix="CardFunc.java" Intrnl_Id="508">
<Branch CovItemId="B31" CovItemPrefix="CardFunc.java" Implct="false" Intrnl_Id="509">
<Cond/>
<LocList>
<Loc EndOffset="3181" SrcFileId="4" StartOffset="3090"/>
</LocList>
<StmntSeq Intrnl_Id="510">
<LocList>
<Loc EndOffset="3176" SrcFileId="4" StartOffset="3096"/>
</LocList>
<LoopStmnt CovItemId="S39" CovItemPrefix="CardFunc.java" Intrnl_Id="511" MltplExecId="L1-2" MltplExecPrefix="CardFunc.java" NvrExecId="L1-0" NvrExecPrefix="CardFunc.java" OnceExecutedId="L1-1" OnceExecutedPrefix="CardFunc.java" OptBodyExec="true">
<StmntSeq Intrnl_Id="512">
<LocList>
<Loc EndOffset="3170" SrcFileId="4" StartOffset="3130"/>
</LocList>
<BasicStmnt CovItemId="S40" CovItemPrefix="CardFunc.java" Intrnl_Id="513">
<LocList>
<Loc EndOffset="3170" SrcFileId="4" StartOffset="3130"/>
</LocList>
</BasicStmnt>
</StmntSeq>
<Keyword EndOffset="3099" SrcFileId="4" StartOffset="3096"/>
<LocList>
<Loc EndOffset="3176" SrcFileId="4" StartOffset="3096"/>
</LocList>
<RootTerm CovItemId="C17" CovItemPrefix="CardFunc.java" Intrnl_Id="514">
<BasicBoolTerm Intrnl_Id="515">
<LocList>
<Loc EndOffset="3116" SrcFileId="4" StartOffset="3111"/>
</LocList>
</BasicBoolTerm>
</RootTerm>
</LoopStmnt>
</StmntSeq>
</Branch>
<Branch CovItemId="B32" CovItemPrefix="CardFunc.java" Implct="false" Intrnl_Id="516">
<Cond>
<Loc EndOffset="3186" SrcFileId="4" StartOffset="3182"/>
</Cond>
<LocList>
<Loc EndOffset="3249" SrcFileId="4" StartOffset="3187"/>
</LocList>
<StmntSeq Intrnl_Id="517">
<LocList/>
</StmntSeq>
</Branch>
<Keyword EndOffset="3079" SrcFileId="4" StartOffset="3077"/>
<LocList>
<Loc EndOffset="3249" SrcFileId="4" StartOffset="3077"/>
</LocList>
<RootTerm CovItemId="C16" CovItemPrefix="CardFunc.java" Intrnl_Id="518">
<BasicBoolTerm Intrnl_Id="519">
<LocList>
<Loc EndOffset="3088" SrcFileId="4" StartOffset="3080"/>
</LocList>
</BasicBoolTerm>
</RootTerm>
</CondStmnt>
</StmntSeq>
</HierarchyLvl>
<HierarchyLvl HierarchyLvlId="1951" HierarchyLvlTypeId="7" Intrnl_Id="520" Name="func27Init">
<Header>
<Loc EndOffset="3283" SrcFileId="4" StartOffset="3259"/>
</Header>
<LocList>
<Loc EndOffset="3354" SrcFileId="4" StartOffset="3259"/>
</LocList>
<StmntSeq Intrnl_Id="521">
<LocList>
<Loc EndOffset="3350" SrcFileId="4" StartOffset="3289"/>
</LocList>
<CondStmnt CovItemId="S41" CovItemPrefix="CardFunc.java" Intrnl_Id="522">
<Branch CovItemId="B33" CovItemPrefix="CardFunc.java" Implct="false" Intrnl_Id="523">
<Cond/>
<LocList>
<Loc EndOffset="3350" SrcFileId="4" StartOffset="3325"/>
</LocList>
<StmntSeq Intrnl_Id="524">
<LocList>
<Loc EndOffset="3345" SrcFileId="4" StartOffset="3331"/>
</LocList>
<BasicStmnt CovItemId="S42" CovItemPrefix="CardFunc.java" Intrnl_Id="525">
<LocList>
<Loc EndOffset="3345" SrcFileId="4" StartOffset="3331"/>
</LocList>
</BasicStmnt>
</StmntSeq>
</Branch>
<Branch CovItemId="B34" CovItemPrefix="CardFunc.java" Implct="true" Intrnl_Id="526">
<Cond/>
<LocList/>
<StmntSeq Intrnl_Id="527">
<LocList/>
</StmntSeq>
</Branch>
<Keyword EndOffset="3291" SrcFileId="4" StartOffset="3289"/>
<LocList>
<Loc EndOffset="3350" SrcFileId="4" StartOffset="3289"/>
</LocList>
<RootTerm CovItemId="C18" CovItemPrefix="CardFunc.java" Intrnl_Id="528">
<BasicBoolTerm Intrnl_Id="529">
<LocList>
<Loc EndOffset="3323" SrcFileId="4" StartOffset="3292"/>
</LocList>
</BasicBoolTerm>
</RootTerm>
</CondStmnt>
</StmntSeq>
</HierarchyLvl>
<HierarchyLvl HierarchyLvlId="1952" HierarchyLvlTypeId="7" Intrnl_Id="530" Name="func27">
<Header>
<Loc EndOffset="3396" SrcFileId="4" StartOffset="3360"/>
</Header>
<LocList>
<Loc EndOffset="3604" SrcFileId="4" StartOffset="3360"/>
</LocList>
<StmntSeq Intrnl_Id="531">
<LocList>
<Loc EndOffset="3600" SrcFileId="4" StartOffset="3480"/>
</LocList>
<CondStmnt CovItemId="S43" CovItemPrefix="CardFunc.java" Intrnl_Id="532">
<Branch CovItemId="B35" CovItemPrefix="CardFunc.java" Implct="false" Intrnl_Id="533">
<Cond/>
<LocList>
<Loc EndOffset="3544" SrcFileId="4" StartOffset="3493"/>
</LocList>
<StmntSeq Intrnl_Id="534">
<LocList>
<Loc EndOffset="3539" SrcFileId="4" StartOffset="3499"/>
</LocList>
<BasicStmnt CovItemId="S44" CovItemPrefix="CardFunc.java" Intrnl_Id="535">
<LocList>
<Loc EndOffset="3539" SrcFileId="4" StartOffset="3499"/>
</LocList>
</BasicStmnt>
</StmntSeq>
</Branch>
<Branch CovItemId="B36" CovItemPrefix="CardFunc.java" Implct="false" Intrnl_Id="536">
<Cond>
<Loc EndOffset="3549" SrcFileId="4" StartOffset="3545"/>
</Cond>
<LocList>
<Loc EndOffset="3600" SrcFileId="4" StartOffset="3550"/>
</LocList>
<StmntSeq Intrnl_Id="537">
<LocList/>
</StmntSeq>
</Branch>
<Keyword EndOffset="3482" SrcFileId="4" StartOffset="3480"/>
<LocList>
<Loc EndOffset="3600" SrcFileId="4" StartOffset="3480"/>
</LocList>
<RootTerm CovItemId="C19" CovItemPrefix="CardFunc.java" Intrnl_Id="538">
<BasicBoolTerm Intrnl_Id="539">
<LocList>
<Loc EndOffset="3491" SrcFileId="4" StartOffset="3483"/>
</LocList>
</BasicBoolTerm>
</RootTerm>
</CondStmnt>
</StmntSeq>
</HierarchyLvl>
<HierarchyLvl HierarchyLvlId="1953" HierarchyLvlTypeId="7" Intrnl_Id="540" Name="func28Init">
<Header>
<Loc EndOffset="3634" SrcFileId="4" StartOffset="3610"/>
</Header>
<LocList>
<Loc EndOffset="3753" SrcFileId="4" StartOffset="3610"/>
</LocList>
<StmntSeq Intrnl_Id="541">
<LocList>
<Loc EndOffset="3660" SrcFileId="4" StartOffset="3640"/>
</LocList>
<BasicStmnt CovItemId="S45" CovItemPrefix="CardFunc.java" Intrnl_Id="542">
<LocList>
<Loc EndOffset="3660" SrcFileId="4" StartOffset="3640"/>
</LocList>
</BasicStmnt>
</StmntSeq>
</HierarchyLvl>
<HierarchyLvl HierarchyLvlId="1954" HierarchyLvlTypeId="7" Intrnl_Id="543" Name="func28">
<Header>
<Loc EndOffset="3795" SrcFileId="4" StartOffset="3759"/>
</Header>
<LocList>
<Loc EndOffset="4065" SrcFileId="4" StartOffset="3759"/>
</LocList>
<StmntSeq Intrnl_Id="544">
<LocList>
<Loc EndOffset="4061" SrcFileId="4" StartOffset="3902"/>
</LocList>
<CondStmnt CovItemId="S46" CovItemPrefix="CardFunc.java" Intrnl_Id="545">
<Branch CovItemId="B37" CovItemPrefix="CardFunc.java" Implct="false" Intrnl_Id="546">
<Cond/>
<LocList>
<Loc EndOffset="4011" SrcFileId="4" StartOffset="3915"/>
</LocList>
<StmntSeq Intrnl_Id="547">
<LocList>
<Loc EndOffset="3961" SrcFileId="4" StartOffset="3921"/>
<Loc EndOffset="4006" SrcFileId="4" StartOffset="3966"/>
</LocList>
<BasicStmnt CovItemId="S47" CovItemPrefix="CardFunc.java" Intrnl_Id="548">
<LocList>
<Loc EndOffset="3961" SrcFileId="4" StartOffset="3921"/>
</LocList>
</BasicStmnt>
<BasicStmnt CovItemId="S48" CovItemPrefix="CardFunc.java" Intrnl_Id="549">
<LocList>
<Loc EndOffset="4006" SrcFileId="4" StartOffset="3966"/>
</LocList>
</BasicStmnt>
</StmntSeq>
</Branch>
<Branch CovItemId="B38" CovItemPrefix="CardFunc.java" Implct="false" Intrnl_Id="550">
<Cond>
<Loc EndOffset="4016" SrcFileId="4" StartOffset="4012"/>
</Cond>
<LocList>
<Loc EndOffset="4061" SrcFileId="4" StartOffset="4017"/>
</LocList>
<StmntSeq Intrnl_Id="551">
<LocList/>
</StmntSeq>
</Branch>
<Keyword EndOffset="3904" SrcFileId="4" StartOffset="3902"/>
<LocList>
<Loc EndOffset="4061" SrcFileId="4" StartOffset="3902"/>
</LocList>
<RootTerm CovItemId="C20" CovItemPrefix="CardFunc.java" Intrnl_Id="552">
<BasicBoolTerm Intrnl_Id="553">
<LocList>
<Loc EndOffset="3913" SrcFileId="4" StartOffset="3905"/>
</LocList>
</BasicBoolTerm>
</RootTerm>
</CondStmnt>
</StmntSeq>
</HierarchyLvl>
<HierarchyLvl HierarchyLvlId="1955" HierarchyLvlTypeId="7" Intrnl_Id="554" Name="func29Init">
<Header>
<Loc EndOffset="4095" SrcFileId="4" StartOffset="4071"/>
</Header>
<LocList>
<Loc EndOffset="4120" SrcFileId="4" StartOffset="4071"/>
</LocList>
<StmntSeq Intrnl_Id="555">
<LocList>
<Loc EndOffset="4116" SrcFileId="4" StartOffset="4101"/>
</LocList>
<BasicStmnt CovItemId="S49" CovItemPrefix="CardFunc.java" Intrnl_Id="556">
<LocList>
<Loc EndOffset="4116" SrcFileId="4" StartOffset="4101"/>
</LocList>
</BasicStmnt>
</StmntSeq>
</HierarchyLvl>
<HierarchyLvl HierarchyLvlId="1956" HierarchyLvlTypeId="7" Intrnl_Id="557" Name="func29">
<Header>
<Loc EndOffset="4162" SrcFileId="4" StartOffset="4126"/>
</Header>
<LocList>
<Loc EndOffset="4339" SrcFileId="4" StartOffset="4126"/>
</LocList>
<StmntSeq Intrnl_Id="558">
<LocList>
<Loc EndOffset="4335" SrcFileId="4" StartOffset="4226"/>
</LocList>
<CondStmnt CovItemId="S50" CovItemPrefix="CardFunc.java" Intrnl_Id="559">
<Branch CovItemId="B39" CovItemPrefix="CardFunc.java" Implct="false" Intrnl_Id="560">
<Cond/>
<LocList>
<Loc EndOffset="4335" SrcFileId="4" StartOffset="4239"/>
</LocList>
<StmntSeq Intrnl_Id="561">
<LocList>
<Loc EndOffset="4285" SrcFileId="4" StartOffset="4245"/>
<Loc EndOffset="4330" SrcFileId="4" StartOffset="4290"/>
</LocList>
<BasicStmnt CovItemId="S51" CovItemPrefix="CardFunc.java" Intrnl_Id="562">
<LocList>
<Loc EndOffset="4285" SrcFileId="4" StartOffset="4245"/>
</LocList>
</BasicStmnt>
<BasicStmnt CovItemId="S52" CovItemPrefix="CardFunc.java" Intrnl_Id="563">
<LocList>
<Loc EndOffset="4330" SrcFileId="4" StartOffset="4290"/>
</LocList>
</BasicStmnt>
</StmntSeq>
</Branch>
<Branch CovItemId="B40" CovItemPrefix="CardFunc.java" Implct="true" Intrnl_Id="564">
<Cond/>
<LocList/>
<StmntSeq Intrnl_Id="565">
<LocList/>
</StmntSeq>
</Branch>
<Keyword EndOffset="4228" SrcFileId="4" StartOffset="4226"/>
<LocList>
<Loc EndOffset="4335" SrcFileId="4" StartOffset="4226"/>
</LocList>
<RootTerm CovItemId="C21" CovItemPrefix="CardFunc.java" Intrnl_Id="566">
<BasicBoolTerm Intrnl_Id="567">
<LocList>
<Loc EndOffset="4237" SrcFileId="4" StartOffset="4229"/>
</LocList>
</BasicBoolTerm>
</RootTerm>
</CondStmnt>
</StmntSeq>
</HierarchyLvl>
<HierarchyLvl HierarchyLvlId="1957" HierarchyLvlTypeId="7" Intrnl_Id="568" Name="func30Init">
<Header>
<Loc EndOffset="4369" SrcFileId="4" StartOffset="4345"/>
</Header>
<LocList>
<Loc EndOffset="4446" SrcFileId="4" StartOffset="4345"/>
</LocList>
<StmntSeq Intrnl_Id="569">
<LocList>
<Loc EndOffset="4442" SrcFileId="4" StartOffset="4375"/>
</LocList>
<CondStmnt CovItemId="S53" CovItemPrefix="CardFunc.java" Intrnl_Id="570">
<Branch CovItemId="B41" CovItemPrefix="CardFunc.java" Implct="false" Intrnl_Id="571">
<Cond/>
<LocList>
<Loc EndOffset="4442" SrcFileId="4" StartOffset="4417"/>
</LocList>
<StmntSeq Intrnl_Id="572">
<LocList>
<Loc EndOffset="4437" SrcFileId="4" StartOffset="4423"/>
</LocList>
<BasicStmnt CovItemId="S54" CovItemPrefix="CardFunc.java" Intrnl_Id="573">
<LocList>
<Loc EndOffset="4437" SrcFileId="4" StartOffset="4423"/>
</LocList>
</BasicStmnt>
</StmntSeq>
</Branch>
<Branch CovItemId="B42" CovItemPrefix="CardFunc.java" Implct="true" Intrnl_Id="574">
<Cond/>
<LocList/>
<StmntSeq Intrnl_Id="575">
<LocList/>
</StmntSeq>
</Branch>
<Keyword EndOffset="4377" SrcFileId="4" StartOffset="4375"/>
<LocList>
<Loc EndOffset="4442" SrcFileId="4" StartOffset="4375"/>
</LocList>
<RootTerm CovItemId="C22" CovItemPrefix="CardFunc.java" Intrnl_Id="576">
<BasicBoolTerm Intrnl_Id="577">
<LocList>
<Loc EndOffset="4415" SrcFileId="4" StartOffset="4378"/>
</LocList>
</BasicBoolTerm>
</RootTerm>
</CondStmnt>
</StmntSeq>
</HierarchyLvl>
<HierarchyLvl HierarchyLvlId="1958" HierarchyLvlTypeId="7" Intrnl_Id="578" Name="func30">
<Header>
<Loc EndOffset="4488" SrcFileId="4" StartOffset="4452"/>
</Header>
<LocList>
<Loc EndOffset="4692" SrcFileId="4" StartOffset="4452"/>
</LocList>
<StmntSeq Intrnl_Id="579">
<LocList>
<Loc EndOffset="4688" SrcFileId="4" StartOffset="4550"/>
</LocList>
<CondStmnt CovItemId="S55" CovItemPrefix="CardFunc.java" Intrnl_Id="580">
<Branch CovItemId="B43" CovItemPrefix="CardFunc.java" Implct="false" Intrnl_Id="581">
<Cond/>
<LocList>
<Loc EndOffset="4654" SrcFileId="4" StartOffset="4563"/>
</LocList>
<StmntSeq Intrnl_Id="582">
<LocList>
<Loc EndOffset="4649" SrcFileId="4" StartOffset="4569"/>
</LocList>
<LoopStmnt CovItemId="S56" CovItemPrefix="CardFunc.java" Intrnl_Id="583" MltplExecId="L2-2" MltplExecPrefix="CardFunc.java" NvrExecId="L2-0" NvrExecPrefix="CardFunc.java" OnceExecutedId="L2-1" OnceExecutedPrefix="CardFunc.java" OptBodyExec="true">
<StmntSeq Intrnl_Id="584">
<LocList>
<Loc EndOffset="4643" SrcFileId="4" StartOffset="4603"/>
</LocList>
<BasicStmnt CovItemId="S57" CovItemPrefix="CardFunc.java" Intrnl_Id="585">
<LocList>
<Loc EndOffset="4643" SrcFileId="4" StartOffset="4603"/>
</LocList>
</BasicStmnt>
</StmntSeq>
<Keyword EndOffset="4572" SrcFileId="4" StartOffset="4569"/>
<LocList>
<Loc EndOffset="4649" SrcFileId="4" StartOffset="4569"/>
</LocList>
<RootTerm CovItemId="C24" CovItemPrefix="CardFunc.java" Intrnl_Id="586">
<BasicBoolTerm Intrnl_Id="587">
<LocList>
<Loc EndOffset="4589" SrcFileId="4" StartOffset="4584"/>
</LocList>
</BasicBoolTerm>
</RootTerm>
</LoopStmnt>
</StmntSeq>
</Branch>
<Branch CovItemId="B44" CovItemPrefix="CardFunc.java" Implct="false" Intrnl_Id="588">
<Cond>
<Loc EndOffset="4659" SrcFileId="4" StartOffset="4655"/>
</Cond>
<LocList>
<Loc EndOffset="4688" SrcFileId="4" StartOffset="4660"/>
</LocList>
<StmntSeq Intrnl_Id="589">
<LocList/>
</StmntSeq>
</Branch>
<Keyword EndOffset="4552" SrcFileId="4" StartOffset="4550"/>
<LocList>
<Loc EndOffset="4688" SrcFileId="4" StartOffset="4550"/>
</LocList>
<RootTerm CovItemId="C23" CovItemPrefix="CardFunc.java" Intrnl_Id="590">
<BasicBoolTerm Intrnl_Id="591">
<LocList>
<Loc EndOffset="4561" SrcFileId="4" StartOffset="4553"/>
</LocList>
</BasicBoolTerm>
</RootTerm>
</CondStmnt>
</StmntSeq>
</HierarchyLvl>
<HierarchyLvl HierarchyLvlId="1959" HierarchyLvlTypeId="7" Intrnl_Id="592" Name="func31">
<Header>
<Loc EndOffset="4718" SrcFileId="4" StartOffset="4698"/>
</Header>
<LocList>
<Loc EndOffset="4850" SrcFileId="4" StartOffset="4698"/>
</LocList>
</HierarchyLvl>
<HierarchyLvl HierarchyLvlId="1960" HierarchyLvlTypeId="7" Intrnl_Id="593" Name="func32Init">
<Header>
<Loc EndOffset="4880" SrcFileId="4" StartOffset="4856"/>
</Header>
<LocList>
<Loc EndOffset="4923" SrcFileId="4" StartOffset="4856"/>
</LocList>
</HierarchyLvl>
<HierarchyLvl HierarchyLvlId="1961" HierarchyLvlTypeId="7" Intrnl_Id="594" Name="func32">
<Header>
<Loc EndOffset="4965" SrcFileId="4" StartOffset="4929"/>
</Header>
<LocList>
<Loc EndOffset="5212" SrcFileId="4" StartOffset="4929"/>
</LocList>
<StmntSeq Intrnl_Id="595">
<LocList>
<Loc EndOffset="5208" SrcFileId="4" StartOffset="5052"/>
</LocList>
<CondStmnt CovItemId="S58" CovItemPrefix="CardFunc.java" Intrnl_Id="596">
<Branch CovItemId="B45" CovItemPrefix="CardFunc.java" Implct="false" Intrnl_Id="597">
<Cond/>
<LocList>
<Loc EndOffset="5156" SrcFileId="4" StartOffset="5065"/>
</LocList>
<StmntSeq Intrnl_Id="598">
<LocList>
<Loc EndOffset="5151" SrcFileId="4" StartOffset="5071"/>
</LocList>
<LoopStmnt CovItemId="S59" CovItemPrefix="CardFunc.java" Intrnl_Id="599" MltplExecId="L3-2" MltplExecPrefix="CardFunc.java" NvrExecId="L3-0" NvrExecPrefix="CardFunc.java" OnceExecutedId="L3-1" OnceExecutedPrefix="CardFunc.java" OptBodyExec="true">
<StmntSeq Intrnl_Id="600">
<LocList>
<Loc EndOffset="5145" SrcFileId="4" StartOffset="5105"/>
</LocList>
<BasicStmnt CovItemId="S60" CovItemPrefix="CardFunc.java" Intrnl_Id="601">
<LocList>
<Loc EndOffset="5145" SrcFileId="4" StartOffset="5105"/>
</LocList>
</BasicStmnt>
</StmntSeq>
<Keyword EndOffset="5074" SrcFileId="4" StartOffset="5071"/>
<LocList>
<Loc EndOffset="5151" SrcFileId="4" StartOffset="5071"/>
</LocList>
<RootTerm CovItemId="C26" CovItemPrefix="CardFunc.java" Intrnl_Id="602">
<BasicBoolTerm Intrnl_Id="603">
<LocList>
<Loc EndOffset="5091" SrcFileId="4" StartOffset="5086"/>
</LocList>
</BasicBoolTerm>
</RootTerm>
</LoopStmnt>
</StmntSeq>
</Branch>
<Branch CovItemId="B46" CovItemPrefix="CardFunc.java" Implct="false" Intrnl_Id="604">
<Cond>
<Loc EndOffset="5161" SrcFileId="4" StartOffset="5157"/>
</Cond>
<LocList>
<Loc EndOffset="5208" SrcFileId="4" StartOffset="5162"/>
</LocList>
<StmntSeq Intrnl_Id="605">
<LocList/>
</StmntSeq>
</Branch>
<Keyword EndOffset="5054" SrcFileId="4" StartOffset="5052"/>
<LocList>
<Loc EndOffset="5208" SrcFileId="4" StartOffset="5052"/>
</LocList>
<RootTerm CovItemId="C25" CovItemPrefix="CardFunc.java" Intrnl_Id="606">
<BasicBoolTerm Intrnl_Id="607">
<LocList>
<Loc EndOffset="5063" SrcFileId="4" StartOffset="5055"/>
</LocList>
</BasicBoolTerm>
</RootTerm>
</CondStmnt>
</StmntSeq>
</HierarchyLvl>
<HierarchyLvl HierarchyLvlId="1962" HierarchyLvlTypeId="7" Intrnl_Id="608" Name="func33Init">
<Header>
<Loc EndOffset="5242" SrcFileId="4" StartOffset="5218"/>
</Header>
<LocList>
<Loc EndOffset="5297" SrcFileId="4" StartOffset="5218"/>
</LocList>
<StmntSeq Intrnl_Id="609">
<LocList>
<Loc EndOffset="5293" SrcFileId="4" StartOffset="5248"/>
</LocList>
<CondStmnt CovItemId="S61" CovItemPrefix="CardFunc.java" Intrnl_Id="610">
<Branch CovItemId="B47" CovItemPrefix="CardFunc.java" Implct="false" Intrnl_Id="611">
<Cond/>
<LocList>
<Loc EndOffset="5293" SrcFileId="4" StartOffset="5268"/>
</LocList>
<StmntSeq Intrnl_Id="612">
<LocList>
<Loc EndOffset="5288" SrcFileId="4" StartOffset="5274"/>
</LocList>
<BasicStmnt CovItemId="S62" CovItemPrefix="CardFunc.java" Intrnl_Id="613">
<LocList>
<Loc EndOffset="5288" SrcFileId="4" StartOffset="5274"/>
</LocList>
</BasicStmnt>
</StmntSeq>
</Branch>
<Branch CovItemId="B48" CovItemPrefix="CardFunc.java" Implct="true" Intrnl_Id="614">
<Cond/>
<LocList/>
<StmntSeq Intrnl_Id="615">
<LocList/>
</StmntSeq>
</Branch>
<Keyword EndOffset="5250" SrcFileId="4" StartOffset="5248"/>
<LocList>
<Loc EndOffset="5293" SrcFileId="4" StartOffset="5248"/>
</LocList>
<RootTerm CovItemId="C27" CovItemPrefix="CardFunc.java" Intrnl_Id="616">
<BasicBoolTerm Intrnl_Id="617">
<LocList>
<Loc EndOffset="5266" SrcFileId="4" StartOffset="5251"/>
</LocList>
</BasicBoolTerm>
</RootTerm>
</CondStmnt>
</StmntSeq>
</HierarchyLvl>
<HierarchyLvl HierarchyLvlId="1963" HierarchyLvlTypeId="7" Intrnl_Id="618" Name="func33">
<Header>
<Loc EndOffset="5339" SrcFileId="4" StartOffset="5303"/>
</Header>
<LocList>
<Loc EndOffset="5581" SrcFileId="4" StartOffset="5303"/>
</LocList>
<StmntSeq Intrnl_Id="619">
<LocList>
<Loc EndOffset="5577" SrcFileId="4" StartOffset="5430"/>
</LocList>
<CondStmnt CovItemId="S63" CovItemPrefix="CardFunc.java" Intrnl_Id="620">
<Branch CovItemId="B49" CovItemPrefix="CardFunc.java" Implct="false" Intrnl_Id="621">
<Cond/>
<LocList>
<Loc EndOffset="5539" SrcFileId="4" StartOffset="5443"/>
</LocList>
<StmntSeq Intrnl_Id="622">
<LocList>
<Loc EndOffset="5489" SrcFileId="4" StartOffset="5449"/>
<Loc EndOffset="5534" SrcFileId="4" StartOffset="5494"/>
</LocList>
<BasicStmnt CovItemId="S64" CovItemPrefix="CardFunc.java" Intrnl_Id="623">
<LocList>
<Loc EndOffset="5489" SrcFileId="4" StartOffset="5449"/>
</LocList>
</BasicStmnt>
<BasicStmnt CovItemId="S65" CovItemPrefix="CardFunc.java" Intrnl_Id="624">
<LocList>
<Loc EndOffset="5534" SrcFileId="4" StartOffset="5494"/>
</LocList>
</BasicStmnt>
</StmntSeq>
</Branch>
<Branch CovItemId="B50" CovItemPrefix="CardFunc.java" Implct="false" Intrnl_Id="625">
<Cond>
<Loc EndOffset="5544" SrcFileId="4" StartOffset="5540"/>
</Cond>
<LocList>
<Loc EndOffset="5577" SrcFileId="4" StartOffset="5545"/>
</LocList>
<StmntSeq Intrnl_Id="626">
<LocList/>
</StmntSeq>
</Branch>
<Keyword EndOffset="5432" SrcFileId="4" StartOffset="5430"/>
<LocList>
<Loc EndOffset="5577" SrcFileId="4" StartOffset="5430"/>
</LocList>
<RootTerm CovItemId="C28" CovItemPrefix="CardFunc.java" Intrnl_Id="627">
<BasicBoolTerm Intrnl_Id="628">
<LocList>
<Loc EndOffset="5441" SrcFileId="4" StartOffset="5433"/>
</LocList>
</BasicBoolTerm>
</RootTerm>
</CondStmnt>
</StmntSeq>
</HierarchyLvl>
<HierarchyLvl HierarchyLvlId="1964" HierarchyLvlTypeId="7" Intrnl_Id="629" Name="func34">
<Header>
<Loc EndOffset="5607" SrcFileId="4" StartOffset="5587"/>
</Header>
<LocList>
<Loc EndOffset="5634" SrcFileId="4" StartOffset="5587"/>
</LocList>
</HierarchyLvl>
<HierarchyLvl HierarchyLvlId="1965" HierarchyLvlTypeId="7" Intrnl_Id="630" Name="func35Init">
<Header>
<Loc EndOffset="5664" SrcFileId="4" StartOffset="5640"/>
</Header>
<LocList>
<Loc EndOffset="5804" SrcFileId="4" StartOffset="5640"/>
</LocList>
<StmntSeq Intrnl_Id="631">
<LocList>
<Loc EndOffset="5800" SrcFileId="4" StartOffset="5670"/>
</LocList>
<CondStmnt CovItemId="S66" CovItemPrefix="CardFunc.java" Intrnl_Id="632">
<Branch CovItemId="B51" CovItemPrefix="CardFunc.java" Implct="false" Intrnl_Id="633">
<Cond/>
<LocList>
<Loc EndOffset="5731" SrcFileId="4" StartOffset="5706"/>
</LocList>
<StmntSeq Intrnl_Id="634">
<LocList>
<Loc EndOffset="5726" SrcFileId="4" StartOffset="5712"/>
</LocList>
<BasicStmnt CovItemId="S67" CovItemPrefix="CardFunc.java" Intrnl_Id="635">
<LocList>
<Loc EndOffset="5726" SrcFileId="4" StartOffset="5712"/>
</LocList>
</BasicStmnt>
</StmntSeq>
</Branch>
<Branch CovItemId="B52" CovItemPrefix="CardFunc.java" Implct="false" Intrnl_Id="636">
<Cond>
<Loc EndOffset="5736" SrcFileId="4" StartOffset="5732"/>
</Cond>
<LocList>
<Loc EndOffset="5800" SrcFileId="4" StartOffset="5737"/>
</LocList>
<StmntSeq Intrnl_Id="637">
<LocList>
<Loc EndOffset="5800" SrcFileId="4" StartOffset="5737"/>
</LocList>
<CondStmnt CovItemId="S68" CovItemPrefix="CardFunc.java" Intrnl_Id="638">
<Branch CovItemId="B53" CovItemPrefix="CardFunc.java" Implct="false" Intrnl_Id="639">
<Cond/>
<LocList>
<Loc EndOffset="5800" SrcFileId="4" StartOffset="5775"/>
</LocList>
<StmntSeq Intrnl_Id="640">
<LocList>
<Loc EndOffset="5795" SrcFileId="4" StartOffset="5781"/>
</LocList>
<BasicStmnt CovItemId="S69" CovItemPrefix="CardFunc.java" Intrnl_Id="641">
<LocList>
<Loc EndOffset="5795" SrcFileId="4" StartOffset="5781"/>
</LocList>
</BasicStmnt>
</StmntSeq>
</Branch>
<Branch CovItemId="B54" CovItemPrefix="CardFunc.java" Implct="true" Intrnl_Id="642">
<Cond/>
<LocList/>
<StmntSeq Intrnl_Id="643">
<LocList/>
</StmntSeq>
</Branch>
<Keyword EndOffset="5739" SrcFileId="4" StartOffset="5737"/>
<LocList>
<Loc EndOffset="5800" SrcFileId="4" StartOffset="5737"/>
</LocList>
<RootTerm CovItemId="C30" CovItemPrefix="CardFunc.java" Intrnl_Id="644">
<BasicBoolTerm Intrnl_Id="645">
<LocList>
<Loc EndOffset="5774" SrcFileId="4" StartOffset="5740"/>
</LocList>
</BasicBoolTerm>
</RootTerm>
</CondStmnt>
</StmntSeq>
</Branch>
<Keyword EndOffset="5672" SrcFileId="4" StartOffset="5670"/>
<LocList>
<Loc EndOffset="5800" SrcFileId="4" StartOffset="5670"/>
</LocList>
<RootTerm CovItemId="C29" CovItemPrefix="CardFunc.java" Intrnl_Id="646">
<BasicBoolTerm Intrnl_Id="647">
<LocList>
<Loc EndOffset="5704" SrcFileId="4" StartOffset="5673"/>
</LocList>
</BasicBoolTerm>
</RootTerm>
</CondStmnt>
</StmntSeq>
</HierarchyLvl>
<HierarchyLvl HierarchyLvlId="1966" HierarchyLvlTypeId="7" Intrnl_Id="648" Name="func35">
<Header>
<Loc EndOffset="5846" SrcFileId="4" StartOffset="5810"/>
</Header>
<LocList>
<Loc EndOffset="6086" SrcFileId="4" StartOffset="5810"/>
</LocList>
<StmntSeq Intrnl_Id="649">
<LocList>
<Loc EndOffset="6082" SrcFileId="4" StartOffset="5938"/>
</LocList>
<CondStmnt CovItemId="S70" CovItemPrefix="CardFunc.java" Intrnl_Id="650">
<Branch CovItemId="B55" CovItemPrefix="CardFunc.java" Implct="false" Intrnl_Id="651">
<Cond/>
<LocList>
<Loc EndOffset="6042" SrcFileId="4" StartOffset="5951"/>
</LocList>
<StmntSeq Intrnl_Id="652">
<LocList>
<Loc EndOffset="6037" SrcFileId="4" StartOffset="5957"/>
</LocList>
<LoopStmnt CovItemId="S71" CovItemPrefix="CardFunc.java" Intrnl_Id="653" MltplExecId="L4-2" MltplExecPrefix="CardFunc.java" NvrExecId="L4-0" NvrExecPrefix="CardFunc.java" OnceExecutedId="L4-1" OnceExecutedPrefix="CardFunc.java" OptBodyExec="true">
<StmntSeq Intrnl_Id="654">
<LocList>
<Loc EndOffset="6031" SrcFileId="4" StartOffset="5991"/>
</LocList>
<BasicStmnt CovItemId="S72" CovItemPrefix="CardFunc.java" Intrnl_Id="655">
<LocList>
<Loc EndOffset="6031" SrcFileId="4" StartOffset="5991"/>
</LocList>
</BasicStmnt>
</StmntSeq>
<Keyword EndOffset="5960" SrcFileId="4" StartOffset="5957"/>
<LocList>
<Loc EndOffset="6037" SrcFileId="4" StartOffset="5957"/>
</LocList>
<RootTerm CovItemId="C32" CovItemPrefix="CardFunc.java" Intrnl_Id="656">
<BasicBoolTerm Intrnl_Id="657">
<LocList>
<Loc EndOffset="5977" SrcFileId="4" StartOffset="5972"/>
</LocList>
</BasicBoolTerm>
</RootTerm>
</LoopStmnt>
</StmntSeq>
</Branch>
<Branch CovItemId="B56" CovItemPrefix="CardFunc.java" Implct="false" Intrnl_Id="658">
<Cond>
<Loc EndOffset="6047" SrcFileId="4" StartOffset="6043"/>
</Cond>
<LocList>
<Loc EndOffset="6082" SrcFileId="4" StartOffset="6048"/>
</LocList>
<StmntSeq Intrnl_Id="659">
<LocList/>
</StmntSeq>
</Branch>
<Keyword EndOffset="5940" SrcFileId="4" StartOffset="5938"/>
<LocList>
<Loc EndOffset="6082" SrcFileId="4" StartOffset="5938"/>
</LocList>
<RootTerm CovItemId="C31" CovItemPrefix="CardFunc.java" Intrnl_Id="660">
<BasicBoolTerm Intrnl_Id="661">
<LocList>
<Loc EndOffset="5949" SrcFileId="4" StartOffset="5941"/>
</LocList>
</BasicBoolTerm>
</RootTerm>
</CondStmnt>
</StmntSeq>
</HierarchyLvl>
<HierarchyLvl HierarchyLvlId="1967" HierarchyLvlTypeId="7" Intrnl_Id="662" Name="func36Init">
<Header>
<Loc EndOffset="6116" SrcFileId="4" StartOffset="6092"/>
</Header>
<LocList>
<Loc EndOffset="6171" SrcFileId="4" StartOffset="6092"/>
</LocList>
<StmntSeq Intrnl_Id="663">
<LocList>
<Loc EndOffset="6167" SrcFileId="4" StartOffset="6122"/>
</LocList>
<CondStmnt CovItemId="S73" CovItemPrefix="CardFunc.java" Intrnl_Id="664">
<Branch CovItemId="B57" CovItemPrefix="CardFunc.java" Implct="false" Intrnl_Id="665">
<Cond/>
<LocList>
<Loc EndOffset="6167" SrcFileId="4" StartOffset="6142"/>
</LocList>
<StmntSeq Intrnl_Id="666">
<LocList>
<Loc EndOffset="6162" SrcFileId="4" StartOffset="6148"/>
</LocList>
<BasicStmnt CovItemId="S74" CovItemPrefix="CardFunc.java" Intrnl_Id="667">
<LocList>
<Loc EndOffset="6162" SrcFileId="4" StartOffset="6148"/>
</LocList>
</BasicStmnt>
</StmntSeq>
</Branch>
<Branch CovItemId="B58" CovItemPrefix="CardFunc.java" Implct="true" Intrnl_Id="668">
<Cond/>
<LocList/>
<StmntSeq Intrnl_Id="669">
<LocList/>
</StmntSeq>
</Branch>
<Keyword EndOffset="6124" SrcFileId="4" StartOffset="6122"/>
<LocList>
<Loc EndOffset="6167" SrcFileId="4" StartOffset="6122"/>
</LocList>
<RootTerm CovItemId="C33" CovItemPrefix="CardFunc.java" Intrnl_Id="670">
<BasicBoolTerm Intrnl_Id="671">
<LocList>
<Loc EndOffset="6140" SrcFileId="4" StartOffset="6125"/>
</LocList>
</BasicBoolTerm>
</RootTerm>
</CondStmnt>
</StmntSeq>
</HierarchyLvl>
<HierarchyLvl HierarchyLvlId="1968" HierarchyLvlTypeId="7" Intrnl_Id="672" Name="func36">
<Header>
<Loc EndOffset="6213" SrcFileId="4" StartOffset="6177"/>
</Header>
<LocList>
<Loc EndOffset="6395" SrcFileId="4" StartOffset="6177"/>
</LocList>
<StmntSeq Intrnl_Id="673">
<LocList>
<Loc EndOffset="6391" SrcFileId="4" StartOffset="6296"/>
</LocList>
<CondStmnt CovItemId="S75" CovItemPrefix="CardFunc.java" Intrnl_Id="674">
<Branch CovItemId="B59" CovItemPrefix="CardFunc.java" Implct="false" Intrnl_Id="675">
<Cond/>
<LocList>
<Loc EndOffset="6360" SrcFileId="4" StartOffset="6309"/>
</LocList>
<StmntSeq Intrnl_Id="676">
<LocList>
<Loc EndOffset="6355" SrcFileId="4" StartOffset="6315"/>
</LocList>
<BasicStmnt CovItemId="S76" CovItemPrefix="CardFunc.java" Intrnl_Id="677">
<LocList>
<Loc EndOffset="6355" SrcFileId="4" StartOffset="6315"/>
</LocList>
</BasicStmnt>
</StmntSeq>
</Branch>
<Branch CovItemId="B60" CovItemPrefix="CardFunc.java" Implct="false" Intrnl_Id="678">
<Cond>
<Loc EndOffset="6365" SrcFileId="4" StartOffset="6361"/>
</Cond>
<LocList>
<Loc EndOffset="6391" SrcFileId="4" StartOffset="6366"/>
</LocList>
<StmntSeq Intrnl_Id="679">
<LocList>
<Loc EndOffset="6386" SrcFileId="4" StartOffset="6372"/>
</LocList>
<BasicStmnt CovItemId="S77" CovItemPrefix="CardFunc.java" Intrnl_Id="680">
<LocList>
<Loc EndOffset="6386" SrcFileId="4" StartOffset="6372"/>
</LocList>
</BasicStmnt>
</StmntSeq>
</Branch>
<Keyword EndOffset="6298" SrcFileId="4" StartOffset="6296"/>
<LocList>
<Loc EndOffset="6391" SrcFileId="4" StartOffset="6296"/>
</LocList>
<RootTerm CovItemId="C34" CovItemPrefix="CardFunc.java" Intrnl_Id="681">
<BasicBoolTerm Intrnl_Id="682">
<LocList>
<Loc EndOffset="6307" SrcFileId="4" StartOffset="6299"/>
</LocList>
</BasicBoolTerm>
</RootTerm>
</CondStmnt>
</StmntSeq>
</HierarchyLvl>
<HierarchyLvl HierarchyLvlId="1969" HierarchyLvlTypeId="7" Intrnl_Id="683" Name="func37Init">
<Header>
<Loc EndOffset="6425" SrcFileId="4" StartOffset="6401"/>
</Header>
<LocList>
<Loc EndOffset="6480" SrcFileId="4" StartOffset="6401"/>
</LocList>
<StmntSeq Intrnl_Id="684">
<LocList>
<Loc EndOffset="6476" SrcFileId="4" StartOffset="6431"/>
</LocList>
<CondStmnt CovItemId="S78" CovItemPrefix="CardFunc.java" Intrnl_Id="685">
<Branch CovItemId="B61" CovItemPrefix="CardFunc.java" Implct="false" Intrnl_Id="686">
<Cond/>
<LocList>
<Loc EndOffset="6476" SrcFileId="4" StartOffset="6451"/>
</LocList>
<StmntSeq Intrnl_Id="687">
<LocList>
<Loc EndOffset="6471" SrcFileId="4" StartOffset="6457"/>
</LocList>
<BasicStmnt CovItemId="S79" CovItemPrefix="CardFunc.java" Intrnl_Id="688">
<LocList>
<Loc EndOffset="6471" SrcFileId="4" StartOffset="6457"/>
</LocList>
</BasicStmnt>
</StmntSeq>
</Branch>
<Branch CovItemId="B62" CovItemPrefix="CardFunc.java" Implct="true" Intrnl_Id="689">
<Cond/>
<LocList/>
<StmntSeq Intrnl_Id="690">
<LocList/>
</StmntSeq>
</Branch>
<Keyword EndOffset="6433" SrcFileId="4" StartOffset="6431"/>
<LocList>
<Loc EndOffset="6476" SrcFileId="4" StartOffset="6431"/>
</LocList>
<RootTerm CovItemId="C35" CovItemPrefix="CardFunc.java" Intrnl_Id="691">
<BasicBoolTerm Intrnl_Id="692">
<LocList>
<Loc EndOffset="6449" SrcFileId="4" StartOffset="6434"/>
</LocList>
</BasicBoolTerm>
</RootTerm>
</CondStmnt>
</StmntSeq>
</HierarchyLvl>
<HierarchyLvl HierarchyLvlId="1970" HierarchyLvlTypeId="7" Intrnl_Id="693" Name="func37">
<Header>
<Loc EndOffset="6522" SrcFileId="4" StartOffset="6486"/>
</Header>
<LocList>
<Loc EndOffset="6727" SrcFileId="4" StartOffset="6486"/>
</LocList>
<StmntSeq Intrnl_Id="694">
<LocList>
<Loc EndOffset="6723" SrcFileId="4" StartOffset="6581"/>
</LocList>
<CondStmnt CovItemId="S80" CovItemPrefix="CardFunc.java" Intrnl_Id="695">
<Branch CovItemId="B63" CovItemPrefix="CardFunc.java" Implct="false" Intrnl_Id="696">
<Cond/>
<LocList>
<Loc EndOffset="6685" SrcFileId="4" StartOffset="6594"/>
</LocList>
<StmntSeq Intrnl_Id="697">
<LocList>
<Loc EndOffset="6680" SrcFileId="4" StartOffset="6600"/>
</LocList>
<LoopStmnt CovItemId="S81" CovItemPrefix="CardFunc.java" Intrnl_Id="698" MltplExecId="L5-2" MltplExecPrefix="CardFunc.java" NvrExecId="L5-0" NvrExecPrefix="CardFunc.java" OnceExecutedId="L5-1" OnceExecutedPrefix="CardFunc.java" OptBodyExec="true">
<StmntSeq Intrnl_Id="699">
<LocList>
<Loc EndOffset="6674" SrcFileId="4" StartOffset="6634"/>
</LocList>
<BasicStmnt CovItemId="S82" CovItemPrefix="CardFunc.java" Intrnl_Id="700">
<LocList>
<Loc EndOffset="6674" SrcFileId="4" StartOffset="6634"/>
</LocList>
</BasicStmnt>
</StmntSeq>
<Keyword EndOffset="6603" SrcFileId="4" StartOffset="6600"/>
<LocList>
<Loc EndOffset="6680" SrcFileId="4" StartOffset="6600"/>
</LocList>
<RootTerm CovItemId="C37" CovItemPrefix="CardFunc.java" Intrnl_Id="701">
<BasicBoolTerm Intrnl_Id="702">
<LocList>
<Loc EndOffset="6620" SrcFileId="4" StartOffset="6615"/>
</LocList>
</BasicBoolTerm>
</RootTerm>
</LoopStmnt>
</StmntSeq>
</Branch>
<Branch CovItemId="B64" CovItemPrefix="CardFunc.java" Implct="false" Intrnl_Id="703">
<Cond>
<Loc EndOffset="6690" SrcFileId="4" StartOffset="6686"/>
</Cond>
<LocList>
<Loc EndOffset="6723" SrcFileId="4" StartOffset="6691"/>
</LocList>
<StmntSeq Intrnl_Id="704">
<LocList/>
</StmntSeq>
</Branch>
<Keyword EndOffset="6583" SrcFileId="4" StartOffset="6581"/>
<LocList>
<Loc EndOffset="6723" SrcFileId="4" StartOffset="6581"/>
</LocList>
<RootTerm CovItemId="C36" CovItemPrefix="CardFunc.java" Intrnl_Id="705">
<BasicBoolTerm Intrnl_Id="706">
<LocList>
<Loc EndOffset="6592" SrcFileId="4" StartOffset="6584"/>
</LocList>
</BasicBoolTerm>
</RootTerm>
</CondStmnt>
</StmntSeq>
</HierarchyLvl>
<HierarchyLvl HierarchyLvlId="1971" HierarchyLvlTypeId="7" Intrnl_Id="707" Name="func38Init">
<Header>
<Loc EndOffset="6757" SrcFileId="4" StartOffset="6733"/>
</Header>
<LocList>
<Loc EndOffset="6827" SrcFileId="4" StartOffset="6733"/>
</LocList>
<StmntSeq Intrnl_Id="708">
<LocList>
<Loc EndOffset="6823" SrcFileId="4" StartOffset="6763"/>
</LocList>
<CondStmnt CovItemId="S83" CovItemPrefix="CardFunc.java" Intrnl_Id="709">
<Branch CovItemId="B65" CovItemPrefix="CardFunc.java" Implct="false" Intrnl_Id="710">
<Cond/>
<LocList>
<Loc EndOffset="6823" SrcFileId="4" StartOffset="6798"/>
</LocList>
<StmntSeq Intrnl_Id="711">
<LocList>
<Loc EndOffset="6818" SrcFileId="4" StartOffset="6804"/>
</LocList>
<BasicStmnt CovItemId="S84" CovItemPrefix="CardFunc.java" Intrnl_Id="712">
<LocList>
<Loc EndOffset="6818" SrcFileId="4" StartOffset="6804"/>
</LocList>
</BasicStmnt>
</StmntSeq>
</Branch>
<Branch CovItemId="B66" CovItemPrefix="CardFunc.java" Implct="true" Intrnl_Id="713">
<Cond/>
<LocList/>
<StmntSeq Intrnl_Id="714">
<LocList/>
</StmntSeq>
</Branch>
<Keyword EndOffset="6765" SrcFileId="4" StartOffset="6763"/>
<LocList>
<Loc EndOffset="6823" SrcFileId="4" StartOffset="6763"/>
</LocList>
<RootTerm CovItemId="C38" CovItemPrefix="CardFunc.java" Intrnl_Id="715">
<OpTerm BooleanOpId="6" Intrnl_Id="716">
<BasicBoolTerm Intrnl_Id="717">
<LocList>
<Loc EndOffset="6796" SrcFileId="4" StartOffset="6767"/>
</LocList>
</BasicBoolTerm>
<LocList>
<Loc EndOffset="6767" SrcFileId="4" StartOffset="6766"/>
</LocList>
</OpTerm>
</RootTerm>
</CondStmnt>
</StmntSeq>
</HierarchyLvl>
<HierarchyLvl HierarchyLvlId="1972" HierarchyLvlTypeId="7" Intrnl_Id="718" Name="func38">
<Header>
<Loc EndOffset="6869" SrcFileId="4" StartOffset="6833"/>
</Header>
<LocList>
<Loc EndOffset="7109" SrcFileId="4" StartOffset="6833"/>
</LocList>
<StmntSeq Intrnl_Id="719">
<LocList>
<Loc EndOffset="7105" SrcFileId="4" StartOffset="6946"/>
</LocList>
<CondStmnt CovItemId="S85" CovItemPrefix="CardFunc.java" Intrnl_Id="720">
<Branch CovItemId="B67" CovItemPrefix="CardFunc.java" Implct="false" Intrnl_Id="721">
<Cond/>
<LocList>
<Loc EndOffset="7050" SrcFileId="4" StartOffset="6959"/>
</LocList>
<StmntSeq Intrnl_Id="722">
<LocList>
<Loc EndOffset="7045" SrcFileId="4" StartOffset="6965"/>
</LocList>
<LoopStmnt CovItemId="S86" CovItemPrefix="CardFunc.java" Intrnl_Id="723" MltplExecId="L6-2" MltplExecPrefix="CardFunc.java" NvrExecId="L6-0" NvrExecPrefix="CardFunc.java" OnceExecutedId="L6-1" OnceExecutedPrefix="CardFunc.java" OptBodyExec="true">
<StmntSeq Intrnl_Id="724">
<LocList>
<Loc EndOffset="7039" SrcFileId="4" StartOffset="6999"/>
</LocList>
<BasicStmnt CovItemId="S87" CovItemPrefix="CardFunc.java" Intrnl_Id="725">
<LocList>
<Loc EndOffset="7039" SrcFileId="4" StartOffset="6999"/>
</LocList>
</BasicStmnt>
</StmntSeq>
<Keyword EndOffset="6968" SrcFileId="4" StartOffset="6965"/>
<LocList>
<Loc EndOffset="7045" SrcFileId="4" StartOffset="6965"/>
</LocList>
<RootTerm CovItemId="C40" CovItemPrefix="CardFunc.java" Intrnl_Id="726">
<BasicBoolTerm Intrnl_Id="727">
<LocList>
<Loc EndOffset="6985" SrcFileId="4" StartOffset="6980"/>
</LocList>
</BasicBoolTerm>
</RootTerm>
</LoopStmnt>
</StmntSeq>
</Branch>
<Branch CovItemId="B68" CovItemPrefix="CardFunc.java" Implct="false" Intrnl_Id="728">
<Cond>
<Loc EndOffset="7055" SrcFileId="4" StartOffset="7051"/>
</Cond>
<LocList>
<Loc EndOffset="7105" SrcFileId="4" StartOffset="7056"/>
</LocList>
<StmntSeq Intrnl_Id="729">
<LocList>
<Loc EndOffset="7100" SrcFileId="4" StartOffset="7076"/>
</LocList>
<BasicStmnt CovItemId="S88" CovItemPrefix="CardFunc.java" Intrnl_Id="730">
<LocList>
<Loc EndOffset="7100" SrcFileId="4" StartOffset="7076"/>
</LocList>
</BasicStmnt>
</StmntSeq>
</Branch>
<Keyword EndOffset="6948" SrcFileId="4" StartOffset="6946"/>
<LocList>
<Loc EndOffset="7105" SrcFileId="4" StartOffset="6946"/>
</LocList>
<RootTerm CovItemId="C39" CovItemPrefix="CardFunc.java" Intrnl_Id="731">
<BasicBoolTerm Intrnl_Id="732">
<LocList>
<Loc EndOffset="6957" SrcFileId="4" StartOffset="6949"/>
</LocList>
</BasicBoolTerm>
</RootTerm>
</CondStmnt>
</StmntSeq>
</HierarchyLvl>
<HierarchyLvl HierarchyLvlId="1973" HierarchyLvlTypeId="7" Intrnl_Id="733" Name="func39Init">
<Header>
<Loc EndOffset="7139" SrcFileId="4" StartOffset="7115"/>
</Header>
<LocList>
<Loc EndOffset="7242" SrcFileId="4" StartOffset="7115"/>
</LocList>
<StmntSeq Intrnl_Id="734">
<LocList>
<Loc EndOffset="7210" SrcFileId="4" StartOffset="7145"/>
<Loc EndOffset="7238" SrcFileId="4" StartOffset="7214"/>
</LocList>
<CondStmnt CovItemId="S89" CovItemPrefix="CardFunc.java" Intrnl_Id="735">
<Branch CovItemId="B69" CovItemPrefix="CardFunc.java" Implct="false" Intrnl_Id="736">
<Cond/>
<LocList>
<Loc EndOffset="7210" SrcFileId="4" StartOffset="7185"/>
</LocList>
<StmntSeq Intrnl_Id="737">
<LocList>
<Loc EndOffset="7205" SrcFileId="4" StartOffset="7191"/>
</LocList>
<BasicStmnt CovItemId="S90" CovItemPrefix="CardFunc.java" Intrnl_Id="738">
<LocList>
<Loc EndOffset="7205" SrcFileId="4" StartOffset="7191"/>
</LocList>
</BasicStmnt>
</StmntSeq>
</Branch>
<Branch CovItemId="B70" CovItemPrefix="CardFunc.java" Implct="true" Intrnl_Id="739">
<Cond/>
<LocList/>
<StmntSeq Intrnl_Id="740">
<LocList/>
</StmntSeq>
</Branch>
<Keyword EndOffset="7147" SrcFileId="4" StartOffset="7145"/>
<LocList>
<Loc EndOffset="7210" SrcFileId="4" StartOffset="7145"/>
</LocList>
<RootTerm CovItemId="C41" CovItemPrefix="CardFunc.java" Intrnl_Id="741">
<BasicBoolTerm Intrnl_Id="742">
<LocList>
<Loc EndOffset="7183" SrcFileId="4" StartOffset="7148"/>
</LocList>
</BasicBoolTerm>
</RootTerm>
</CondStmnt>
<BasicStmnt CovItemId="S91" CovItemPrefix="CardFunc.java" Intrnl_Id="743">
<LocList>
<Loc EndOffset="7238" SrcFileId="4" StartOffset="7214"/>
</LocList>
</BasicStmnt>
</StmntSeq>
</HierarchyLvl>
<HierarchyLvl HierarchyLvlId="1974" HierarchyLvlTypeId="7" Intrnl_Id="744" Name="func39">
<Header>
<Loc EndOffset="7284" SrcFileId="4" StartOffset="7248"/>
</Header>
<LocList>
<Loc EndOffset="7553" SrcFileId="4" StartOffset="7248"/>
</LocList>
<StmntSeq Intrnl_Id="745">
<LocList>
<Loc EndOffset="7549" SrcFileId="4" StartOffset="7381"/>
</LocList>
<CondStmnt CovItemId="S92" CovItemPrefix="CardFunc.java" Intrnl_Id="746">
<Branch CovItemId="B71" CovItemPrefix="CardFunc.java" Implct="false" Intrnl_Id="747">
<Cond/>
<LocList>
<Loc EndOffset="7490" SrcFileId="4" StartOffset="7394"/>
</LocList>
<StmntSeq Intrnl_Id="748">
<LocList>
<Loc EndOffset="7440" SrcFileId="4" StartOffset="7400"/>
<Loc EndOffset="7485" SrcFileId="4" StartOffset="7445"/>
</LocList>
<BasicStmnt CovItemId="S93" CovItemPrefix="CardFunc.java" Intrnl_Id="749">
<LocList>
<Loc EndOffset="7440" SrcFileId="4" StartOffset="7400"/>
</LocList>
</BasicStmnt>
<BasicStmnt CovItemId="S94" CovItemPrefix="CardFunc.java" Intrnl_Id="750">
<LocList>
<Loc EndOffset="7485" SrcFileId="4" StartOffset="7445"/>
</LocList>
</BasicStmnt>
</StmntSeq>
</Branch>
<Branch CovItemId="B72" CovItemPrefix="CardFunc.java" Implct="false" Intrnl_Id="751">
<Cond>
<Loc EndOffset="7495" SrcFileId="4" StartOffset="7491"/>
</Cond>
<LocList>
<Loc EndOffset="7549" SrcFileId="4" StartOffset="7496"/>
</LocList>
<StmntSeq Intrnl_Id="752">
<LocList/>
</StmntSeq>
</Branch>
<Keyword EndOffset="7383" SrcFileId="4" StartOffset="7381"/>
<LocList>
<Loc EndOffset="7549" SrcFileId="4" StartOffset="7381"/>
</LocList>
<RootTerm CovItemId="C42" CovItemPrefix="CardFunc.java" Intrnl_Id="753">
<BasicBoolTerm Intrnl_Id="754">
<LocList>
<Loc EndOffset="7392" SrcFileId="4" StartOffset="7384"/>
</LocList>
</BasicBoolTerm>
</RootTerm>
</CondStmnt>
</StmntSeq>
</HierarchyLvl>
<HierarchyLvl HierarchyLvlId="1975" HierarchyLvlTypeId="7" Intrnl_Id="755" Name="func42Init">
<Header>
<Loc EndOffset="7583" SrcFileId="4" StartOffset="7559"/>
</Header>
<LocList>
<Loc EndOffset="7607" SrcFileId="4" StartOffset="7559"/>
</LocList>
<StmntSeq Intrnl_Id="756">
<LocList>
<Loc EndOffset="7603" SrcFileId="4" StartOffset="7589"/>
</LocList>
<BasicStmnt CovItemId="S95" CovItemPrefix="CardFunc.java" Intrnl_Id="757">
<LocList>
<Loc EndOffset="7603" SrcFileId="4" StartOffset="7589"/>
</LocList>
</BasicStmnt>
</StmntSeq>
</HierarchyLvl>
<HierarchyLvl HierarchyLvlId="1976" HierarchyLvlTypeId="7" Intrnl_Id="758" Name="func42">
<Header>
<Loc EndOffset="7649" SrcFileId="4" StartOffset="7613"/>
</Header>
<LocList>
<Loc EndOffset="7831" SrcFileId="4" StartOffset="7613"/>
</LocList>
<StmntSeq Intrnl_Id="759">
<LocList>
<Loc EndOffset="7827" SrcFileId="4" StartOffset="7723"/>
</LocList>
<CondStmnt CovItemId="S96" CovItemPrefix="CardFunc.java" Intrnl_Id="760">
<Branch CovItemId="B73" CovItemPrefix="CardFunc.java" Implct="false" Intrnl_Id="761">
<Cond/>
<LocList>
<Loc EndOffset="7827" SrcFileId="4" StartOffset="7736"/>
</LocList>
<StmntSeq Intrnl_Id="762">
<LocList/>
</StmntSeq>
</Branch>
<Branch CovItemId="B74" CovItemPrefix="CardFunc.java" Implct="true" Intrnl_Id="763">
<Cond/>
<LocList/>
<StmntSeq Intrnl_Id="764">
<LocList/>
</StmntSeq>
</Branch>
<Keyword EndOffset="7725" SrcFileId="4" StartOffset="7723"/>
<LocList>
<Loc EndOffset="7827" SrcFileId="4" StartOffset="7723"/>
</LocList>
<RootTerm CovItemId="C43" CovItemPrefix="CardFunc.java" Intrnl_Id="765">
<BasicBoolTerm Intrnl_Id="766">
<LocList>
<Loc EndOffset="7734" SrcFileId="4" StartOffset="7726"/>
</LocList>
</BasicBoolTerm>
</RootTerm>
</CondStmnt>
</StmntSeq>
</HierarchyLvl>
<HierarchyLvl HierarchyLvlId="1977" HierarchyLvlTypeId="7" Intrnl_Id="767" Name="func43Init">
<Header>
<Loc EndOffset="7861" SrcFileId="4" StartOffset="7837"/>
</Header>
<LocList>
<Loc EndOffset="7886" SrcFileId="4" StartOffset="7837"/>
</LocList>
<StmntSeq Intrnl_Id="768">
<LocList>
<Loc EndOffset="7882" SrcFileId="4" StartOffset="7867"/>
</LocList>
<BasicStmnt CovItemId="S97" CovItemPrefix="CardFunc.java" Intrnl_Id="769">
<LocList>
<Loc EndOffset="7882" SrcFileId="4" StartOffset="7867"/>
</LocList>
</BasicStmnt>
</StmntSeq>
</HierarchyLvl>
<HierarchyLvl HierarchyLvlId="1978" HierarchyLvlTypeId="7" Intrnl_Id="770" Name="func43">
<Header>
<Loc EndOffset="7928" SrcFileId="4" StartOffset="7892"/>
</Header>
<LocList>
<Loc EndOffset="8110" SrcFileId="4" StartOffset="7892"/>
</LocList>
<StmntSeq Intrnl_Id="771">
<LocList>
<Loc EndOffset="8106" SrcFileId="4" StartOffset="7997"/>
</LocList>
<CondStmnt CovItemId="S98" CovItemPrefix="CardFunc.java" Intrnl_Id="772">
<Branch CovItemId="B75" CovItemPrefix="CardFunc.java" Implct="false" Intrnl_Id="773">
<Cond/>
<LocList>
<Loc EndOffset="8106" SrcFileId="4" StartOffset="8010"/>
</LocList>
<StmntSeq Intrnl_Id="774">
<LocList>
<Loc EndOffset="8056" SrcFileId="4" StartOffset="8016"/>
<Loc EndOffset="8101" SrcFileId="4" StartOffset="8061"/>
</LocList>
<BasicStmnt CovItemId="S99" CovItemPrefix="CardFunc.java" Intrnl_Id="775">
<LocList>
<Loc EndOffset="8056" SrcFileId="4" StartOffset="8016"/>
</LocList>
</BasicStmnt>
<BasicStmnt CovItemId="S100" CovItemPrefix="CardFunc.java" Intrnl_Id="776">
<LocList>
<Loc EndOffset="8101" SrcFileId="4" StartOffset="8061"/>
</LocList>
</BasicStmnt>
</StmntSeq>
</Branch>
<Branch CovItemId="B76" CovItemPrefix="CardFunc.java" Implct="true" Intrnl_Id="777">
<Cond/>
<LocList/>
<StmntSeq Intrnl_Id="778">
<LocList/>
</StmntSeq>
</Branch>
<Keyword EndOffset="7999" SrcFileId="4" StartOffset="7997"/>
<LocList>
<Loc EndOffset="8106" SrcFileId="4" StartOffset="7997"/>
</LocList>
<RootTerm CovItemId="C44" CovItemPrefix="CardFunc.java" Intrnl_Id="779">
<BasicBoolTerm Intrnl_Id="780">
<LocList>
<Loc EndOffset="8008" SrcFileId="4" StartOffset="8000"/>
</LocList>
</BasicBoolTerm>
</RootTerm>
</CondStmnt>
</StmntSeq>
</HierarchyLvl>
<HierarchyLvl HierarchyLvlId="1979" HierarchyLvlTypeId="7" Intrnl_Id="781" Name="func44Init">
<Header>
<Loc EndOffset="8140" SrcFileId="4" StartOffset="8116"/>
</Header>
<LocList>
<Loc EndOffset="8179" SrcFileId="4" StartOffset="8116"/>
</LocList>
<StmntSeq Intrnl_Id="782">
<LocList>
<Loc EndOffset="8175" SrcFileId="4" StartOffset="8146"/>
</LocList>
<BasicStmnt CovItemId="S101" CovItemPrefix="CardFunc.java" Intrnl_Id="783">
<LocList>
<Loc EndOffset="8175" SrcFileId="4" StartOffset="8146"/>
</LocList>
</BasicStmnt>
</StmntSeq>
</HierarchyLvl>
<HierarchyLvl HierarchyLvlId="1980" HierarchyLvlTypeId="7" Intrnl_Id="784" Name="func44">
<Header>
<Loc EndOffset="8205" SrcFileId="4" StartOffset="8185"/>
</Header>
<LocList>
<Loc EndOffset="8354" SrcFileId="4" StartOffset="8185"/>
</LocList>
</HierarchyLvl>
<HierarchyLvl HierarchyLvlId="1981" HierarchyLvlTypeId="7" Intrnl_Id="785" Name="func45">
<Header>
<Loc EndOffset="8396" SrcFileId="4" StartOffset="8360"/>
</Header>
<LocList>
<Loc EndOffset="8642" SrcFileId="4" StartOffset="8360"/>
</LocList>
<StmntSeq Intrnl_Id="786">
<LocList>
<Loc EndOffset="8638" SrcFileId="4" StartOffset="8516"/>
</LocList>
<CondStmnt CovItemId="S102" CovItemPrefix="CardFunc.java" Intrnl_Id="787">
<Branch CovItemId="B77" CovItemPrefix="CardFunc.java" Implct="false" Intrnl_Id="788">
<Cond/>
<LocList>
<Loc EndOffset="8580" SrcFileId="4" StartOffset="8529"/>
</LocList>
<StmntSeq Intrnl_Id="789">
<LocList>
<Loc EndOffset="8575" SrcFileId="4" StartOffset="8535"/>
</LocList>
<BasicStmnt CovItemId="S103" CovItemPrefix="CardFunc.java" Intrnl_Id="790">
<LocList>
<Loc EndOffset="8575" SrcFileId="4" StartOffset="8535"/>
</LocList>
</BasicStmnt>
</StmntSeq>
</Branch>
<Branch CovItemId="B78" CovItemPrefix="CardFunc.java" Implct="false" Intrnl_Id="791">
<Cond>
<Loc EndOffset="8585" SrcFileId="4" StartOffset="8581"/>
</Cond>
<LocList>
<Loc EndOffset="8638" SrcFileId="4" StartOffset="8586"/>
</LocList>
<StmntSeq Intrnl_Id="792">
<LocList/>
</StmntSeq>
</Branch>
<Keyword EndOffset="8518" SrcFileId="4" StartOffset="8516"/>
<LocList>
<Loc EndOffset="8638" SrcFileId="4" StartOffset="8516"/>
</LocList>
<RootTerm CovItemId="C45" CovItemPrefix="CardFunc.java" Intrnl_Id="793">
<BasicBoolTerm Intrnl_Id="794">
<LocList>
<Loc EndOffset="8527" SrcFileId="4" StartOffset="8519"/>
</LocList>
</BasicBoolTerm>
</RootTerm>
</CondStmnt>
</StmntSeq>
</HierarchyLvl>
<HierarchyLvl HierarchyLvlId="1982" HierarchyLvlTypeId="7" Intrnl_Id="795" Name="func46Init">
<Header>
<Loc EndOffset="8672" SrcFileId="4" StartOffset="8648"/>
</Header>
<LocList>
<Loc EndOffset="8741" SrcFileId="4" StartOffset="8648"/>
</LocList>
<StmntSeq Intrnl_Id="796">
<LocList>
<Loc EndOffset="8737" SrcFileId="4" StartOffset="8678"/>
</LocList>
<CondStmnt CovItemId="S104" CovItemPrefix="CardFunc.java" Intrnl_Id="797">
<Branch CovItemId="B79" CovItemPrefix="CardFunc.java" Implct="false" Intrnl_Id="798">
<Cond/>
<LocList>
<Loc EndOffset="8737" SrcFileId="4" StartOffset="8712"/>
</LocList>
<StmntSeq Intrnl_Id="799">
<LocList>
<Loc EndOffset="8732" SrcFileId="4" StartOffset="8718"/>
</LocList>
<BasicStmnt CovItemId="S105" CovItemPrefix="CardFunc.java" Intrnl_Id="800">
<LocList>
<Loc EndOffset="8732" SrcFileId="4" StartOffset="8718"/>
</LocList>
</BasicStmnt>
</StmntSeq>
</Branch>
<Branch CovItemId="B80" CovItemPrefix="CardFunc.java" Implct="true" Intrnl_Id="801">
<Cond/>
<LocList/>
<StmntSeq Intrnl_Id="802">
<LocList/>
</StmntSeq>
</Branch>
<Keyword EndOffset="8680" SrcFileId="4" StartOffset="8678"/>
<LocList>
<Loc EndOffset="8737" SrcFileId="4" StartOffset="8678"/>
</LocList>
<RootTerm CovItemId="C46" CovItemPrefix="CardFunc.java" Intrnl_Id="803">
<BasicBoolTerm Intrnl_Id="804">
<LocList>
<Loc EndOffset="8710" SrcFileId="4" StartOffset="8681"/>
</LocList>
</BasicBoolTerm>
</RootTerm>
</CondStmnt>
</StmntSeq>
</HierarchyLvl>
<HierarchyLvl HierarchyLvlId="1983" HierarchyLvlTypeId="7" Intrnl_Id="805" Name="func46">
<Header>
<Loc EndOffset="8780" SrcFileId="4" StartOffset="8744"/>
</Header>
<LocList>
<Loc EndOffset="9007" SrcFileId="4" StartOffset="8744"/>
</LocList>
<StmntSeq Intrnl_Id="806">
<LocList>
<Loc EndOffset="9003" SrcFileId="4" StartOffset="8837"/>
</LocList>
<CondStmnt CovItemId="S106" CovItemPrefix="CardFunc.java" Intrnl_Id="807">
<Branch CovItemId="B81" CovItemPrefix="CardFunc.java" Implct="false" Intrnl_Id="808">
<Cond/>
<LocList>
<Loc EndOffset="8946" SrcFileId="4" StartOffset="8850"/>
</LocList>
<StmntSeq Intrnl_Id="809">
<LocList>
<Loc EndOffset="8896" SrcFileId="4" StartOffset="8856"/>
<Loc EndOffset="8941" SrcFileId="4" StartOffset="8901"/>
</LocList>
<BasicStmnt CovItemId="S107" CovItemPrefix="CardFunc.java" Intrnl_Id="810">
<LocList>
<Loc EndOffset="8896" SrcFileId="4" StartOffset="8856"/>
</LocList>
</BasicStmnt>
<BasicStmnt CovItemId="S108" CovItemPrefix="CardFunc.java" Intrnl_Id="811">
<LocList>
<Loc EndOffset="8941" SrcFileId="4" StartOffset="8901"/>
</LocList>
</BasicStmnt>
</StmntSeq>
</Branch>
<Branch CovItemId="B82" CovItemPrefix="CardFunc.java" Implct="false" Intrnl_Id="812">
<Cond>
<Loc EndOffset="8951" SrcFileId="4" StartOffset="8947"/>
</Cond>
<LocList>
<Loc EndOffset="9003" SrcFileId="4" StartOffset="8952"/>
</LocList>
<StmntSeq Intrnl_Id="813">
<LocList>
<Loc EndOffset="8972" SrcFileId="4" StartOffset="8958"/>
</LocList>
<BasicStmnt CovItemId="S109" CovItemPrefix="CardFunc.java" Intrnl_Id="814">
<LocList>
<Loc EndOffset="8972" SrcFileId="4" StartOffset="8958"/>
</LocList>
</BasicStmnt>
</StmntSeq>
</Branch>
<Keyword EndOffset="8839" SrcFileId="4" StartOffset="8837"/>
<LocList>
<Loc EndOffset="9003" SrcFileId="4" StartOffset="8837"/>
</LocList>
<RootTerm CovItemId="C47" CovItemPrefix="CardFunc.java" Intrnl_Id="815">
<BasicBoolTerm Intrnl_Id="816">
<LocList>
<Loc EndOffset="8848" SrcFileId="4" StartOffset="8840"/>
</LocList>
</BasicBoolTerm>
</RootTerm>
</CondStmnt>
</StmntSeq>
</HierarchyLvl>
<HierarchyLvl HierarchyLvlId="1984" HierarchyLvlTypeId="7" Intrnl_Id="817" Name="func47">
<Header>
<Loc EndOffset="9049" SrcFileId="4" StartOffset="9013"/>
</Header>
<LocList>
<Loc EndOffset="9221" SrcFileId="4" StartOffset="9013"/>
</LocList>
<StmntSeq Intrnl_Id="818">
<LocList>
<Loc EndOffset="9217" SrcFileId="4" StartOffset="9096"/>
</LocList>
<CondStmnt CovItemId="S110" CovItemPrefix="CardFunc.java" Intrnl_Id="819">
<Branch CovItemId="B83" CovItemPrefix="CardFunc.java" Implct="false" Intrnl_Id="820">
<Cond/>
<LocList>
<Loc EndOffset="9160" SrcFileId="4" StartOffset="9109"/>
</LocList>
<StmntSeq Intrnl_Id="821">
<LocList>
<Loc EndOffset="9155" SrcFileId="4" StartOffset="9115"/>
</LocList>
<BasicStmnt CovItemId="S111" CovItemPrefix="CardFunc.java" Intrnl_Id="822">
<LocList>
<Loc EndOffset="9155" SrcFileId="4" StartOffset="9115"/>
</LocList>
</BasicStmnt>
</StmntSeq>
</Branch>
<Branch CovItemId="B84" CovItemPrefix="CardFunc.java" Implct="false" Intrnl_Id="823">
<Cond>
<Loc EndOffset="9165" SrcFileId="4" StartOffset="9161"/>
</Cond>
<LocList>
<Loc EndOffset="9217" SrcFileId="4" StartOffset="9166"/>
</LocList>
<StmntSeq Intrnl_Id="824">
<LocList/>
</StmntSeq>
</Branch>
<Keyword EndOffset="9098" SrcFileId="4" StartOffset="9096"/>
<LocList>
<Loc EndOffset="9217" SrcFileId="4" StartOffset="9096"/>
</LocList>
<RootTerm CovItemId="C48" CovItemPrefix="CardFunc.java" Intrnl_Id="825">
<BasicBoolTerm Intrnl_Id="826">
<LocList>
<Loc EndOffset="9107" SrcFileId="4" StartOffset="9099"/>
</LocList>
</BasicBoolTerm>
</RootTerm>
</CondStmnt>
</StmntSeq>
</HierarchyLvl>
<HierarchyLvl HierarchyLvlId="1985" HierarchyLvlTypeId="7" Intrnl_Id="827" Name="func48Init">
<Header>
<Loc EndOffset="9251" SrcFileId="4" StartOffset="9227"/>
</Header>
<LocList>
<Loc EndOffset="9275" SrcFileId="4" StartOffset="9227"/>
</LocList>
<StmntSeq Intrnl_Id="828">
<LocList>
<Loc EndOffset="9271" SrcFileId="4" StartOffset="9257"/>
</LocList>
<BasicStmnt CovItemId="S112" CovItemPrefix="CardFunc.java" Intrnl_Id="829">
<LocList>
<Loc EndOffset="9271" SrcFileId="4" StartOffset="9257"/>
</LocList>
</BasicStmnt>
</StmntSeq>
</HierarchyLvl>
<HierarchyLvl HierarchyLvlId="1986" HierarchyLvlTypeId="7" Intrnl_Id="830" Name="func48">
<Header>
<Loc EndOffset="9317" SrcFileId="4" StartOffset="9281"/>
</Header>
<LocList>
<Loc EndOffset="9443" SrcFileId="4" StartOffset="9281"/>
</LocList>
<StmntSeq Intrnl_Id="831">
<LocList>
<Loc EndOffset="9439" SrcFileId="4" StartOffset="9375"/>
</LocList>
<CondStmnt CovItemId="S113" CovItemPrefix="CardFunc.java" Intrnl_Id="832">
<Branch CovItemId="B85" CovItemPrefix="CardFunc.java" Implct="false" Intrnl_Id="833">
<Cond/>
<LocList>
<Loc EndOffset="9439" SrcFileId="4" StartOffset="9388"/>
</LocList>
<StmntSeq Intrnl_Id="834">
<LocList>
<Loc EndOffset="9434" SrcFileId="4" StartOffset="9394"/>
</LocList>
<BasicStmnt CovItemId="S114" CovItemPrefix="CardFunc.java" Intrnl_Id="835">
<LocList>
<Loc EndOffset="9434" SrcFileId="4" StartOffset="9394"/>
</LocList>
</BasicStmnt>
</StmntSeq>
</Branch>
<Branch CovItemId="B86" CovItemPrefix="CardFunc.java" Implct="true" Intrnl_Id="836">
<Cond/>
<LocList/>
<StmntSeq Intrnl_Id="837">
<LocList/>
</StmntSeq>
</Branch>
<Keyword EndOffset="9377" SrcFileId="4" StartOffset="9375"/>
<LocList>
<Loc EndOffset="9439" SrcFileId="4" StartOffset="9375"/>
</LocList>
<RootTerm CovItemId="C49" CovItemPrefix="CardFunc.java" Intrnl_Id="838">
<BasicBoolTerm Intrnl_Id="839">
<LocList>
<Loc EndOffset="9386" SrcFileId="4" StartOffset="9378"/>
</LocList>
</BasicBoolTerm>
</RootTerm>
</CondStmnt>
</StmntSeq>
</HierarchyLvl>
<HierarchyLvl HierarchyLvlId="1987" HierarchyLvlTypeId="7" Intrnl_Id="840" Name="func49">
<Header>
<Loc EndOffset="9469" SrcFileId="4" StartOffset="9449"/>
</Header>
<LocList>
<Loc EndOffset="9532" SrcFileId="4" StartOffset="9449"/>
</LocList>
<StmntSeq Intrnl_Id="841">
<LocList>
<Loc EndOffset="9528" SrcFileId="4" StartOffset="9496"/>
</LocList>
<BasicStmnt CovItemId="S115" CovItemPrefix="CardFunc.java" Intrnl_Id="842">
<LocList>
<Loc EndOffset="9528" SrcFileId="4" StartOffset="9496"/>
</LocList>
</BasicStmnt>
</StmntSeq>
</HierarchyLvl>
<HierarchyLvl HierarchyLvlId="1988" HierarchyLvlTypeId="7" Intrnl_Id="843" Name="func51Init">
<Header>
<Loc EndOffset="9562" SrcFileId="4" StartOffset="9538"/>
</Header>
<LocList>
<Loc EndOffset="9617" SrcFileId="4" StartOffset="9538"/>
</LocList>
<StmntSeq Intrnl_Id="844">
<LocList>
<Loc EndOffset="9613" SrcFileId="4" StartOffset="9568"/>
</LocList>
<CondStmnt CovItemId="S116" CovItemPrefix="CardFunc.java" Intrnl_Id="845">
<Branch CovItemId="B87" CovItemPrefix="CardFunc.java" Implct="false" Intrnl_Id="846">
<Cond/>
<LocList>
<Loc EndOffset="9613" SrcFileId="4" StartOffset="9588"/>
</LocList>
<StmntSeq Intrnl_Id="847">
<LocList>
<Loc EndOffset="9608" SrcFileId="4" StartOffset="9594"/>
</LocList>
<BasicStmnt CovItemId="S117" CovItemPrefix="CardFunc.java" Intrnl_Id="848">
<LocList>
<Loc EndOffset="9608" SrcFileId="4" StartOffset="9594"/>
</LocList>
</BasicStmnt>
</StmntSeq>
</Branch>
<Branch CovItemId="B88" CovItemPrefix="CardFunc.java" Implct="true" Intrnl_Id="849">
<Cond/>
<LocList/>
<StmntSeq Intrnl_Id="850">
<LocList/>
</StmntSeq>
</Branch>
<Keyword EndOffset="9570" SrcFileId="4" StartOffset="9568"/>
<LocList>
<Loc EndOffset="9613" SrcFileId="4" StartOffset="9568"/>
</LocList>
<RootTerm CovItemId="C50" CovItemPrefix="CardFunc.java" Intrnl_Id="851">
<BasicBoolTerm Intrnl_Id="852">
<LocList>
<Loc EndOffset="9586" SrcFileId="4" StartOffset="9571"/>
</LocList>
</BasicBoolTerm>
</RootTerm>
</CondStmnt>
</StmntSeq>
</HierarchyLvl>
<HierarchyLvl HierarchyLvlId="1989" HierarchyLvlTypeId="7" Intrnl_Id="853" Name="func51">
<Header>
<Loc EndOffset="9659" SrcFileId="4" StartOffset="9623"/>
</Header>
<LocList>
<Loc EndOffset="9855" SrcFileId="4" StartOffset="9623"/>
</LocList>
<StmntSeq Intrnl_Id="854">
<LocList>
<Loc EndOffset="9851" SrcFileId="4" StartOffset="9713"/>
</LocList>
<CondStmnt CovItemId="S118" CovItemPrefix="CardFunc.java" Intrnl_Id="855">
<Branch CovItemId="B89" CovItemPrefix="CardFunc.java" Implct="false" Intrnl_Id="856">
<Cond/>
<LocList>
<Loc EndOffset="9817" SrcFileId="4" StartOffset="9726"/>
</LocList>
<StmntSeq Intrnl_Id="857">
<LocList>
<Loc EndOffset="9812" SrcFileId="4" StartOffset="9732"/>
</LocList>
<LoopStmnt CovItemId="S119" CovItemPrefix="CardFunc.java" Intrnl_Id="858" MltplExecId="L7-2" MltplExecPrefix="CardFunc.java" NvrExecId="L7-0" NvrExecPrefix="CardFunc.java" OnceExecutedId="L7-1" OnceExecutedPrefix="CardFunc.java" OptBodyExec="true">
<StmntSeq Intrnl_Id="859">
<LocList>
<Loc EndOffset="9806" SrcFileId="4" StartOffset="9766"/>
</LocList>
<BasicStmnt CovItemId="S120" CovItemPrefix="CardFunc.java" Intrnl_Id="860">
<LocList>
<Loc EndOffset="9806" SrcFileId="4" StartOffset="9766"/>
</LocList>
</BasicStmnt>
</StmntSeq>
<Keyword EndOffset="9735" SrcFileId="4" StartOffset="9732"/>
<LocList>
<Loc EndOffset="9812" SrcFileId="4" StartOffset="9732"/>
</LocList>
<RootTerm CovItemId="C52" CovItemPrefix="CardFunc.java" Intrnl_Id="861">
<BasicBoolTerm Intrnl_Id="862">
<LocList>
<Loc EndOffset="9752" SrcFileId="4" StartOffset="9747"/>
</LocList>
</BasicBoolTerm>
</RootTerm>
</LoopStmnt>
</StmntSeq>
</Branch>
<Branch CovItemId="B90" CovItemPrefix="CardFunc.java" Implct="false" Intrnl_Id="863">
<Cond>
<Loc EndOffset="9822" SrcFileId="4" StartOffset="9818"/>
</Cond>
<LocList>
<Loc EndOffset="9851" SrcFileId="4" StartOffset="9823"/>
</LocList>
<StmntSeq Intrnl_Id="864">
<LocList/>
</StmntSeq>
</Branch>
<Keyword EndOffset="9715" SrcFileId="4" StartOffset="9713"/>
<LocList>
<Loc EndOffset="9851" SrcFileId="4" StartOffset="9713"/>
</LocList>
<RootTerm CovItemId="C51" CovItemPrefix="CardFunc.java" Intrnl_Id="865">
<BasicBoolTerm Intrnl_Id="866">
<LocList>
<Loc EndOffset="9724" SrcFileId="4" StartOffset="9716"/>
</LocList>
</BasicBoolTerm>
</RootTerm>
</CondStmnt>
</StmntSeq>
</HierarchyLvl>
<HierarchyLvl HierarchyLvlId="1990" HierarchyLvlTypeId="7" Intrnl_Id="867" Name="func52Init">
<Header>
<Loc EndOffset="9885" SrcFileId="4" StartOffset="9861"/>
</Header>
<LocList>
<Loc EndOffset="10104" SrcFileId="4" StartOffset="9861"/>
</LocList>
<StmntSeq Intrnl_Id="868">
<LocList>
<Loc EndOffset="9920" SrcFileId="4" StartOffset="9891"/>
<Loc EndOffset="10100" SrcFileId="4" StartOffset="9924"/>
</LocList>
<BasicStmnt CovItemId="S121" CovItemPrefix="CardFunc.java" Intrnl_Id="869">
<LocList>
<Loc EndOffset="9920" SrcFileId="4" StartOffset="9891"/>
</LocList>
</BasicStmnt>
<CondStmnt CovItemId="S122" CovItemPrefix="CardFunc.java" Intrnl_Id="870">
<Branch CovItemId="B91" CovItemPrefix="CardFunc.java" Implct="false" Intrnl_Id="871">
<Cond/>
<LocList>
<Loc EndOffset="10016" SrcFileId="4" StartOffset="9938"/>
</LocList>
<StmntSeq Intrnl_Id="872">
<LocList>
<Loc EndOffset="10011" SrcFileId="4" StartOffset="9944"/>
</LocList>
<CondStmnt CovItemId="S123" CovItemPrefix="CardFunc.java" Intrnl_Id="873">
<Branch CovItemId="B93" CovItemPrefix="CardFunc.java" Implct="false" Intrnl_Id="874">
<Cond/>
<LocList>
<Loc EndOffset="10011" SrcFileId="4" StartOffset="9984"/>
</LocList>
<StmntSeq Intrnl_Id="875">
<LocList>
<Loc EndOffset="10005" SrcFileId="4" StartOffset="9991"/>
</LocList>
<BasicStmnt CovItemId="S124" CovItemPrefix="CardFunc.java" Intrnl_Id="876">
<LocList>
<Loc EndOffset="10005" SrcFileId="4" StartOffset="9991"/>
</LocList>
</BasicStmnt>
</StmntSeq>
</Branch>
<Branch CovItemId="B94" CovItemPrefix="CardFunc.java" Implct="true" Intrnl_Id="877">
<Cond/>
<LocList/>
<StmntSeq Intrnl_Id="878">
<LocList/>
</StmntSeq>
</Branch>
<Keyword EndOffset="9946" SrcFileId="4" StartOffset="9944"/>
<LocList>
<Loc EndOffset="10011" SrcFileId="4" StartOffset="9944"/>
</LocList>
<RootTerm CovItemId="C54" CovItemPrefix="CardFunc.java" Intrnl_Id="879">
<BasicBoolTerm Intrnl_Id="880">
<LocList>
<Loc EndOffset="9982" SrcFileId="4" StartOffset="9947"/>
</LocList>
</BasicBoolTerm>
</RootTerm>
</CondStmnt>
</StmntSeq>
</Branch>
<Branch CovItemId="B92" CovItemPrefix="CardFunc.java" Implct="false" Intrnl_Id="881">
<Cond>
<Loc EndOffset="10021" SrcFileId="4" StartOffset="10017"/>
</Cond>
<LocList>
<Loc EndOffset="10100" SrcFileId="4" StartOffset="10022"/>
</LocList>
<StmntSeq Intrnl_Id="882">
<LocList>
<Loc EndOffset="10095" SrcFileId="4" StartOffset="10028"/>
</LocList>
<CondStmnt CovItemId="S125" CovItemPrefix="CardFunc.java" Intrnl_Id="883">
<Branch CovItemId="B95" CovItemPrefix="CardFunc.java" Implct="false" Intrnl_Id="884">
<Cond/>
<LocList>
<Loc EndOffset="10095" SrcFileId="4" StartOffset="10068"/>
</LocList>
<StmntSeq Intrnl_Id="885">
<LocList>
<Loc EndOffset="10089" SrcFileId="4" StartOffset="10075"/>
</LocList>
<BasicStmnt CovItemId="S126" CovItemPrefix="CardFunc.java" Intrnl_Id="886">
<LocList>
<Loc EndOffset="10089" SrcFileId="4" StartOffset="10075"/>
</LocList>
</BasicStmnt>
</StmntSeq>
</Branch>
<Branch CovItemId="B96" CovItemPrefix="CardFunc.java" Implct="true" Intrnl_Id="887">
<Cond/>
<LocList/>
<StmntSeq Intrnl_Id="888">
<LocList/>
</StmntSeq>
</Branch>
<Keyword EndOffset="10030" SrcFileId="4" StartOffset="10028"/>
<LocList>
<Loc EndOffset="10095" SrcFileId="4" StartOffset="10028"/>
</LocList>
<RootTerm CovItemId="C55" CovItemPrefix="CardFunc.java" Intrnl_Id="889">
<BasicBoolTerm Intrnl_Id="890">
<LocList>
<Loc EndOffset="10066" SrcFileId="4" StartOffset="10031"/>
</LocList>
</BasicBoolTerm>
</RootTerm>
</CondStmnt>
</StmntSeq>
</Branch>
<Keyword EndOffset="9926" SrcFileId="4" StartOffset="9924"/>
<LocList>
<Loc EndOffset="10100" SrcFileId="4" StartOffset="9924"/>
</LocList>
<RootTerm CovItemId="C53" CovItemPrefix="CardFunc.java" Intrnl_Id="891">
<BasicBoolTerm Intrnl_Id="892">
<LocList>
<Loc EndOffset="9936" SrcFileId="4" StartOffset="9927"/>
</LocList>
</BasicBoolTerm>
</RootTerm>
</CondStmnt>
</StmntSeq>
</HierarchyLvl>
<HierarchyLvl HierarchyLvlId="1991" HierarchyLvlTypeId="7" Intrnl_Id="893" Name="func52">
<Header>
<Loc EndOffset="10146" SrcFileId="4" StartOffset="10110"/>
</Header>
<LocList>
<Loc EndOffset="10432" SrcFileId="4" StartOffset="10110"/>
</LocList>
<StmntSeq Intrnl_Id="894">
<LocList>
<Loc EndOffset="10428" SrcFileId="4" StartOffset="10256"/>
</LocList>
<CondStmnt CovItemId="S127" CovItemPrefix="CardFunc.java" Intrnl_Id="895">
<Branch CovItemId="B97" CovItemPrefix="CardFunc.java" Implct="false" Intrnl_Id="896">
<Cond/>
<LocList>
<Loc EndOffset="10365" SrcFileId="4" StartOffset="10269"/>
</LocList>
<StmntSeq Intrnl_Id="897">
<LocList>
<Loc EndOffset="10315" SrcFileId="4" StartOffset="10275"/>
<Loc EndOffset="10360" SrcFileId="4" StartOffset="10320"/>
</LocList>
<BasicStmnt CovItemId="S128" CovItemPrefix="CardFunc.java" Intrnl_Id="898">
<LocList>
<Loc EndOffset="10315" SrcFileId="4" StartOffset="10275"/>
</LocList>
</BasicStmnt>
<BasicStmnt CovItemId="S129" CovItemPrefix="CardFunc.java" Intrnl_Id="899">
<LocList>
<Loc EndOffset="10360" SrcFileId="4" StartOffset="10320"/>
</LocList>
</BasicStmnt>
</StmntSeq>
</Branch>
<Branch CovItemId="B98" CovItemPrefix="CardFunc.java" Implct="false" Intrnl_Id="900">
<Cond>
<Loc EndOffset="10370" SrcFileId="4" StartOffset="10366"/>
</Cond>
<LocList>
<Loc EndOffset="10428" SrcFileId="4" StartOffset="10371"/>
</LocList>
<StmntSeq Intrnl_Id="901">
<LocList/>
</StmntSeq>
</Branch>
<Keyword EndOffset="10258" SrcFileId="4" StartOffset="10256"/>
<LocList>
<Loc EndOffset="10428" SrcFileId="4" StartOffset="10256"/>
</LocList>
<RootTerm CovItemId="C56" CovItemPrefix="CardFunc.java" Intrnl_Id="902">
<BasicBoolTerm Intrnl_Id="903">
<LocList>
<Loc EndOffset="10267" SrcFileId="4" StartOffset="10259"/>
</LocList>
</BasicBoolTerm>
</RootTerm>
</CondStmnt>
</StmntSeq>
</HierarchyLvl>
<HierarchyLvl HierarchyLvlId="1992" HierarchyLvlTypeId="7" Intrnl_Id="904" Name="func54">
<Header>
<Loc EndOffset="10474" SrcFileId="4" StartOffset="10438"/>
</Header>
<LocList>
<Loc EndOffset="10766" SrcFileId="4" StartOffset="10438"/>
</LocList>
<StmntSeq Intrnl_Id="905">
<LocList>
<Loc EndOffset="10762" SrcFileId="4" StartOffset="10613"/>
</LocList>
<CondStmnt CovItemId="S130" CovItemPrefix="CardFunc.java" Intrnl_Id="906">
<Branch CovItemId="B99" CovItemPrefix="CardFunc.java" Implct="false" Intrnl_Id="907">
<Cond/>
<LocList>
<Loc EndOffset="10736" SrcFileId="4" StartOffset="10626"/>
</LocList>
<StmntSeq Intrnl_Id="908">
<LocList>
<Loc EndOffset="10712" SrcFileId="4" StartOffset="10632"/>
<Loc EndOffset="10731" SrcFileId="4" StartOffset="10717"/>
</LocList>
<LoopStmnt CovItemId="S131" CovItemPrefix="CardFunc.java" Intrnl_Id="909" MltplExecId="L8-2" MltplExecPrefix="CardFunc.java" NvrExecId="L8-0" NvrExecPrefix="CardFunc.java" OnceExecutedId="L8-1" OnceExecutedPrefix="CardFunc.java" OptBodyExec="true">
<StmntSeq Intrnl_Id="910">
<LocList>
<Loc EndOffset="10706" SrcFileId="4" StartOffset="10666"/>
</LocList>
<BasicStmnt CovItemId="S132" CovItemPrefix="CardFunc.java" Intrnl_Id="911">
<LocList>
<Loc EndOffset="10706" SrcFileId="4" StartOffset="10666"/>
</LocList>
</BasicStmnt>
</StmntSeq>
<Keyword EndOffset="10635" SrcFileId="4" StartOffset="10632"/>
<LocList>
<Loc EndOffset="10712" SrcFileId="4" StartOffset="10632"/>
</LocList>
<RootTerm CovItemId="C58" CovItemPrefix="CardFunc.java" Intrnl_Id="912">
<BasicBoolTerm Intrnl_Id="913">
<LocList>
<Loc EndOffset="10652" SrcFileId="4" StartOffset="10647"/>
</LocList>
</BasicBoolTerm>
</RootTerm>
</LoopStmnt>
<BasicStmnt CovItemId="S133" CovItemPrefix="CardFunc.java" Intrnl_Id="914">
<LocList>
<Loc EndOffset="10731" SrcFileId="4" StartOffset="10717"/>
</LocList>
</BasicStmnt>
</StmntSeq>
</Branch>
<Branch CovItemId="B100" CovItemPrefix="CardFunc.java" Implct="false" Intrnl_Id="915">
<Cond>
<Loc EndOffset="10741" SrcFileId="4" StartOffset="10737"/>
</Cond>
<LocList>
<Loc EndOffset="10762" SrcFileId="4" StartOffset="10742"/>
</LocList>
<StmntSeq Intrnl_Id="916">
<LocList/>
</StmntSeq>
</Branch>
<Keyword EndOffset="10615" SrcFileId="4" StartOffset="10613"/>
<LocList>
<Loc EndOffset="10762" SrcFileId="4" StartOffset="10613"/>
</LocList>
<RootTerm CovItemId="C57" CovItemPrefix="CardFunc.java" Intrnl_Id="917">
<BasicBoolTerm Intrnl_Id="918">
<LocList>
<Loc EndOffset="10624" SrcFileId="4" StartOffset="10616"/>
</LocList>
</BasicBoolTerm>
</RootTerm>
</CondStmnt>
</StmntSeq>
</HierarchyLvl>
<HierarchyLvl HierarchyLvlId="1993" HierarchyLvlTypeId="7" Intrnl_Id="919" Name="func55Init">
<Header>
<Loc EndOffset="10796" SrcFileId="4" StartOffset="10772"/>
</Header>
<LocList>
<Loc EndOffset="10867" SrcFileId="4" StartOffset="10772"/>
</LocList>
<StmntSeq Intrnl_Id="920">
<LocList>
<Loc EndOffset="10863" SrcFileId="4" StartOffset="10802"/>
</LocList>
<CondStmnt CovItemId="S134" CovItemPrefix="CardFunc.java" Intrnl_Id="921">
<Branch CovItemId="B101" CovItemPrefix="CardFunc.java" Implct="false" Intrnl_Id="922">
<Cond/>
<LocList>
<Loc EndOffset="10863" SrcFileId="4" StartOffset="10838"/>
</LocList>
<StmntSeq Intrnl_Id="923">
<LocList>
<Loc EndOffset="10858" SrcFileId="4" StartOffset="10844"/>
</LocList>
<BasicStmnt CovItemId="S135" CovItemPrefix="CardFunc.java" Intrnl_Id="924">
<LocList>
<Loc EndOffset="10858" SrcFileId="4" StartOffset="10844"/>
</LocList>
</BasicStmnt>
</StmntSeq>
</Branch>
<Branch CovItemId="B102" CovItemPrefix="CardFunc.java" Implct="true" Intrnl_Id="925">
<Cond/>
<LocList/>
<StmntSeq Intrnl_Id="926">
<LocList/>
</StmntSeq>
</Branch>
<Keyword EndOffset="10804" SrcFileId="4" StartOffset="10802"/>
<LocList>
<Loc EndOffset="10863" SrcFileId="4" StartOffset="10802"/>
</LocList>
<RootTerm CovItemId="C59" CovItemPrefix="CardFunc.java" Intrnl_Id="927">
<BasicBoolTerm Intrnl_Id="928">
<LocList>
<Loc EndOffset="10836" SrcFileId="4" StartOffset="10805"/>
</LocList>
</BasicBoolTerm>
</RootTerm>
</CondStmnt>
</StmntSeq>
</HierarchyLvl>
<HierarchyLvl HierarchyLvlId="1994" HierarchyLvlTypeId="7" Intrnl_Id="929" Name="func55">
<Header>
<Loc EndOffset="10910" SrcFileId="4" StartOffset="10874"/>
</Header>
<LocList>
<Loc EndOffset="11065" SrcFileId="4" StartOffset="10874"/>
</LocList>
<StmntSeq Intrnl_Id="930">
<LocList>
<Loc EndOffset="11061" SrcFileId="4" StartOffset="10966"/>
</LocList>
<CondStmnt CovItemId="S136" CovItemPrefix="CardFunc.java" Intrnl_Id="931">
<Branch CovItemId="B103" CovItemPrefix="CardFunc.java" Implct="false" Intrnl_Id="932">
<Cond/>
<LocList>
<Loc EndOffset="11030" SrcFileId="4" StartOffset="10979"/>
</LocList>
<StmntSeq Intrnl_Id="933">
<LocList>
<Loc EndOffset="11025" SrcFileId="4" StartOffset="10985"/>
</LocList>
<BasicStmnt CovItemId="S137" CovItemPrefix="CardFunc.java" Intrnl_Id="934">
<LocList>
<Loc EndOffset="11025" SrcFileId="4" StartOffset="10985"/>
</LocList>
</BasicStmnt>
</StmntSeq>
</Branch>
<Branch CovItemId="B104" CovItemPrefix="CardFunc.java" Implct="false" Intrnl_Id="935">
<Cond>
<Loc EndOffset="11035" SrcFileId="4" StartOffset="11031"/>
</Cond>
<LocList>
<Loc EndOffset="11061" SrcFileId="4" StartOffset="11036"/>
</LocList>
<StmntSeq Intrnl_Id="936">
<LocList>
<Loc EndOffset="11056" SrcFileId="4" StartOffset="11042"/>
</LocList>
<BasicStmnt CovItemId="S138" CovItemPrefix="CardFunc.java" Intrnl_Id="937">
<LocList>
<Loc EndOffset="11056" SrcFileId="4" StartOffset="11042"/>
</LocList>
</BasicStmnt>
</StmntSeq>
</Branch>
<Keyword EndOffset="10968" SrcFileId="4" StartOffset="10966"/>
<LocList>
<Loc EndOffset="11061" SrcFileId="4" StartOffset="10966"/>
</LocList>
<RootTerm CovItemId="C60" CovItemPrefix="CardFunc.java" Intrnl_Id="938">
<BasicBoolTerm Intrnl_Id="939">
<LocList>
<Loc EndOffset="10977" SrcFileId="4" StartOffset="10969"/>
</LocList>
</BasicBoolTerm>
</RootTerm>
</CondStmnt>
</StmntSeq>
</HierarchyLvl>
<HierarchyLvl HierarchyLvlId="1995" HierarchyLvlTypeId="7" Intrnl_Id="940" Name="func57">
<Header>
<Loc EndOffset="11091" SrcFileId="4" StartOffset="11071"/>
</Header>
<LocList>
<Loc EndOffset="11142" SrcFileId="4" StartOffset="11071"/>
</LocList>
<StmntSeq Intrnl_Id="941">
<LocList>
<Loc EndOffset="11138" SrcFileId="4" StartOffset="11112"/>
</LocList>
<BasicStmnt CovItemId="S139" CovItemPrefix="CardFunc.java" Intrnl_Id="942">
<LocList>
<Loc EndOffset="11138" SrcFileId="4" StartOffset="11112"/>
</LocList>
</BasicStmnt>
</StmntSeq>
</HierarchyLvl>
<HierarchyLvl HierarchyLvlId="1996" HierarchyLvlTypeId="7" Intrnl_Id="943" Name="func58">
<Header>
<Loc EndOffset="11184" SrcFileId="4" StartOffset="11148"/>
</Header>
<LocList>
<Loc EndOffset="11211" SrcFileId="4" StartOffset="11148"/>
</LocList>
</HierarchyLvl>
<HierarchyLvl HierarchyLvlId="1997" HierarchyLvlTypeId="7" Intrnl_Id="944" Name="func59">
<Header>
<Loc EndOffset="11253" SrcFileId="4" StartOffset="11217"/>
</Header>
<LocList>
<Loc EndOffset="11395" SrcFileId="4" StartOffset="11217"/>
</LocList>
<StmntSeq Intrnl_Id="945">
<LocList>
<Loc EndOffset="11391" SrcFileId="4" StartOffset="11286"/>
</LocList>
<CondStmnt CovItemId="S140" CovItemPrefix="CardFunc.java" Intrnl_Id="946">
<Branch CovItemId="B105" CovItemPrefix="CardFunc.java" Implct="false" Intrnl_Id="947">
<Cond/>
<LocList>
<Loc EndOffset="11350" SrcFileId="4" StartOffset="11299"/>
</LocList>
<StmntSeq Intrnl_Id="948">
<LocList>
<Loc EndOffset="11345" SrcFileId="4" StartOffset="11305"/>
</LocList>
<BasicStmnt CovItemId="S141" CovItemPrefix="CardFunc.java" Intrnl_Id="949">
<LocList>
<Loc EndOffset="11345" SrcFileId="4" StartOffset="11305"/>
</LocList>
</BasicStmnt>
</StmntSeq>
</Branch>
<Branch CovItemId="B106" CovItemPrefix="CardFunc.java" Implct="false" Intrnl_Id="950">
<Cond>
<Loc EndOffset="11355" SrcFileId="4" StartOffset="11351"/>
</Cond>
<LocList>
<Loc EndOffset="11391" SrcFileId="4" StartOffset="11356"/>
</LocList>
<StmntSeq Intrnl_Id="951">
<LocList>
<Loc EndOffset="11386" SrcFileId="4" StartOffset="11362"/>
</LocList>
<BasicStmnt CovItemId="S142" CovItemPrefix="CardFunc.java" Intrnl_Id="952">
<LocList>
<Loc EndOffset="11386" SrcFileId="4" StartOffset="11362"/>
</LocList>
</BasicStmnt>
</StmntSeq>
</Branch>
<Keyword EndOffset="11288" SrcFileId="4" StartOffset="11286"/>
<LocList>
<Loc EndOffset="11391" SrcFileId="4" StartOffset="11286"/>
</LocList>
<RootTerm CovItemId="C61" CovItemPrefix="CardFunc.java" Intrnl_Id="953">
<BasicBoolTerm Intrnl_Id="954">
<LocList>
<Loc EndOffset="11297" SrcFileId="4" StartOffset="11289"/>
</LocList>
</BasicBoolTerm>
</RootTerm>
</CondStmnt>
</StmntSeq>
</HierarchyLvl>
<HierarchyLvl HierarchyLvlId="1998" HierarchyLvlTypeId="7" Intrnl_Id="955" Name="func60Init">
<Header>
<Loc EndOffset="11425" SrcFileId="4" StartOffset="11401"/>
</Header>
<LocList>
<Loc EndOffset="11449" SrcFileId="4" StartOffset="11401"/>
</LocList>
<StmntSeq Intrnl_Id="956">
<LocList>
<Loc EndOffset="11445" SrcFileId="4" StartOffset="11431"/>
</LocList>
<BasicStmnt CovItemId="S143" CovItemPrefix="CardFunc.java" Intrnl_Id="957">
<LocList>
<Loc EndOffset="11445" SrcFileId="4" StartOffset="11431"/>
</LocList>
</BasicStmnt>
</StmntSeq>
</HierarchyLvl>
<HierarchyLvl HierarchyLvlId="1999" HierarchyLvlTypeId="7" Intrnl_Id="958" Name="func60">
<Header>
<Loc EndOffset="11491" SrcFileId="4" StartOffset="11455"/>
</Header>
<LocList>
<Loc EndOffset="11617" SrcFileId="4" StartOffset="11455"/>
</LocList>
<StmntSeq Intrnl_Id="959">
<LocList>
<Loc EndOffset="11613" SrcFileId="4" StartOffset="11549"/>
</LocList>
<CondStmnt CovItemId="S144" CovItemPrefix="CardFunc.java" Intrnl_Id="960">
<Branch CovItemId="B107" CovItemPrefix="CardFunc.java" Implct="false" Intrnl_Id="961">
<Cond/>
<LocList>
<Loc EndOffset="11613" SrcFileId="4" StartOffset="11562"/>
</LocList>
<StmntSeq Intrnl_Id="962">
<LocList>
<Loc EndOffset="11608" SrcFileId="4" StartOffset="11568"/>
</LocList>
<BasicStmnt CovItemId="S145" CovItemPrefix="CardFunc.java" Intrnl_Id="963">
<LocList>
<Loc EndOffset="11608" SrcFileId="4" StartOffset="11568"/>
</LocList>
</BasicStmnt>
</StmntSeq>
</Branch>
<Branch CovItemId="B108" CovItemPrefix="CardFunc.java" Implct="true" Intrnl_Id="964">
<Cond/>
<LocList/>
<StmntSeq Intrnl_Id="965">
<LocList/>
</StmntSeq>
</Branch>
<Keyword EndOffset="11551" SrcFileId="4" StartOffset="11549"/>
<LocList>
<Loc EndOffset="11613" SrcFileId="4" StartOffset="11549"/>
</LocList>
<RootTerm CovItemId="C62" CovItemPrefix="CardFunc.java" Intrnl_Id="966">
<BasicBoolTerm Intrnl_Id="967">
<LocList>
<Loc EndOffset="11560" SrcFileId="4" StartOffset="11552"/>
</LocList>
</BasicBoolTerm>
</RootTerm>
</CondStmnt>
</StmntSeq>
</HierarchyLvl>
<HierarchyLvl HierarchyLvlId="2000" HierarchyLvlTypeId="7" Intrnl_Id="968" Name="func61Init">
<Header>
<Loc EndOffset="11647" SrcFileId="4" StartOffset="11623"/>
</Header>
<LocList>
<Loc EndOffset="11718" SrcFileId="4" StartOffset="11623"/>
</LocList>
<StmntSeq Intrnl_Id="969">
<LocList>
<Loc EndOffset="11714" SrcFileId="4" StartOffset="11653"/>
</LocList>
<CondStmnt CovItemId="S146" CovItemPrefix="CardFunc.java" Intrnl_Id="970">
<Branch CovItemId="B109" CovItemPrefix="CardFunc.java" Implct="false" Intrnl_Id="971">
<Cond/>
<LocList>
<Loc EndOffset="11714" SrcFileId="4" StartOffset="11689"/>
</LocList>
<StmntSeq Intrnl_Id="972">
<LocList>
<Loc EndOffset="11709" SrcFileId="4" StartOffset="11695"/>
</LocList>
<BasicStmnt CovItemId="S147" CovItemPrefix="CardFunc.java" Intrnl_Id="973">
<LocList>
<Loc EndOffset="11709" SrcFileId="4" StartOffset="11695"/>
</LocList>
</BasicStmnt>
</StmntSeq>
</Branch>
<Branch CovItemId="B110" CovItemPrefix="CardFunc.java" Implct="true" Intrnl_Id="974">
<Cond/>
<LocList/>
<StmntSeq Intrnl_Id="975">
<LocList/>
</StmntSeq>
</Branch>
<Keyword EndOffset="11655" SrcFileId="4" StartOffset="11653"/>
<LocList>
<Loc EndOffset="11714" SrcFileId="4" StartOffset="11653"/>
</LocList>
<RootTerm CovItemId="C63" CovItemPrefix="CardFunc.java" Intrnl_Id="976">
<BasicBoolTerm Intrnl_Id="977">
<LocList>
<Loc EndOffset="11687" SrcFileId="4" StartOffset="11656"/>
</LocList>
</BasicBoolTerm>
</RootTerm>
</CondStmnt>
</StmntSeq>
</HierarchyLvl>
<HierarchyLvl HierarchyLvlId="2001" HierarchyLvlTypeId="7" Intrnl_Id="978" Name="func61">
<Header>
<Loc EndOffset="11760" SrcFileId="4" StartOffset="11724"/>
</Header>
<LocList>
<Loc EndOffset="11955" SrcFileId="4" StartOffset="11724"/>
</LocList>
<StmntSeq Intrnl_Id="979">
<LocList>
<Loc EndOffset="11951" SrcFileId="4" StartOffset="11816"/>
</LocList>
<CondStmnt CovItemId="S148" CovItemPrefix="CardFunc.java" Intrnl_Id="980">
<Branch CovItemId="B111" CovItemPrefix="CardFunc.java" Implct="false" Intrnl_Id="981">
<Cond/>
<LocList>
<Loc EndOffset="11925" SrcFileId="4" StartOffset="11829"/>
</LocList>
<StmntSeq Intrnl_Id="982">
<LocList>
<Loc EndOffset="11875" SrcFileId="4" StartOffset="11835"/>
<Loc EndOffset="11920" SrcFileId="4" StartOffset="11880"/>
</LocList>
<BasicStmnt CovItemId="S149" CovItemPrefix="CardFunc.java" Intrnl_Id="983">
<LocList>
<Loc EndOffset="11875" SrcFileId="4" StartOffset="11835"/>
</LocList>
</BasicStmnt>
<BasicStmnt CovItemId="S150" CovItemPrefix="CardFunc.java" Intrnl_Id="984">
<LocList>
<Loc EndOffset="11920" SrcFileId="4" StartOffset="11880"/>
</LocList>
</BasicStmnt>
</StmntSeq>
</Branch>
<Branch CovItemId="B112" CovItemPrefix="CardFunc.java" Implct="false" Intrnl_Id="985">
<Cond>
<Loc EndOffset="11930" SrcFileId="4" StartOffset="11926"/>
</Cond>
<LocList>
<Loc EndOffset="11951" SrcFileId="4" StartOffset="11931"/>
</LocList>
<StmntSeq Intrnl_Id="986">
<LocList/>
</StmntSeq>
</Branch>
<Keyword EndOffset="11818" SrcFileId="4" StartOffset="11816"/>
<LocList>
<Loc EndOffset="11951" SrcFileId="4" StartOffset="11816"/>
</LocList>
<RootTerm CovItemId="C64" CovItemPrefix="CardFunc.java" Intrnl_Id="987">
<BasicBoolTerm Intrnl_Id="988">
<LocList>
<Loc EndOffset="11827" SrcFileId="4" StartOffset="11819"/>
</LocList>
</BasicBoolTerm>
</RootTerm>
</CondStmnt>
</StmntSeq>
</HierarchyLvl>
<HierarchyLvl HierarchyLvlId="2002" HierarchyLvlTypeId="7" Intrnl_Id="989" Name="func62Init">
<Header>
<Loc EndOffset="11985" SrcFileId="4" StartOffset="11961"/>
</Header>
<LocList>
<Loc EndOffset="12054" SrcFileId="4" StartOffset="11961"/>
</LocList>
<StmntSeq Intrnl_Id="990">
<LocList>
<Loc EndOffset="12050" SrcFileId="4" StartOffset="11991"/>
</LocList>
<CondStmnt CovItemId="S151" CovItemPrefix="CardFunc.java" Intrnl_Id="991">
<Branch CovItemId="B113" CovItemPrefix="CardFunc.java" Implct="false" Intrnl_Id="992">
<Cond/>
<LocList>
<Loc EndOffset="12050" SrcFileId="4" StartOffset="12025"/>
</LocList>
<StmntSeq Intrnl_Id="993">
<LocList>
<Loc EndOffset="12045" SrcFileId="4" StartOffset="12031"/>
</LocList>
<BasicStmnt CovItemId="S152" CovItemPrefix="CardFunc.java" Intrnl_Id="994">
<LocList>
<Loc EndOffset="12045" SrcFileId="4" StartOffset="12031"/>
</LocList>
</BasicStmnt>
</StmntSeq>
</Branch>
<Branch CovItemId="B114" CovItemPrefix="CardFunc.java" Implct="true" Intrnl_Id="995">
<Cond/>
<LocList/>
<StmntSeq Intrnl_Id="996">
<LocList/>
</StmntSeq>
</Branch>
<Keyword EndOffset="11993" SrcFileId="4" StartOffset="11991"/>
<LocList>
<Loc EndOffset="12050" SrcFileId="4" StartOffset="11991"/>
</LocList>
<RootTerm CovItemId="C65" CovItemPrefix="CardFunc.java" Intrnl_Id="997">
<BasicBoolTerm Intrnl_Id="998">
<LocList>
<Loc EndOffset="12023" SrcFileId="4" StartOffset="11994"/>
</LocList>
</BasicBoolTerm>
</RootTerm>
</CondStmnt>
</StmntSeq>
</HierarchyLvl>
<HierarchyLvl HierarchyLvlId="2003" HierarchyLvlTypeId="7" Intrnl_Id="999" Name="func62">
<Header>
<Loc EndOffset="12096" SrcFileId="4" StartOffset="12060"/>
</Header>
<LocList>
<Loc EndOffset="12249" SrcFileId="4" StartOffset="12060"/>
</LocList>
<StmntSeq Intrnl_Id="1000">
<LocList>
<Loc EndOffset="12245" SrcFileId="4" StartOffset="12150"/>
</LocList>
<CondStmnt CovItemId="S153" CovItemPrefix="CardFunc.java" Intrnl_Id="1001">
<Branch CovItemId="B115" CovItemPrefix="CardFunc.java" Implct="false" Intrnl_Id="1002">
<Cond/>
<LocList>
<Loc EndOffset="12214" SrcFileId="4" StartOffset="12163"/>
</LocList>
<StmntSeq Intrnl_Id="1003">
<LocList>
<Loc EndOffset="12209" SrcFileId="4" StartOffset="12169"/>
</LocList>
<BasicStmnt CovItemId="S154" CovItemPrefix="CardFunc.java" Intrnl_Id="1004">
<LocList>
<Loc EndOffset="12209" SrcFileId="4" StartOffset="12169"/>
</LocList>
</BasicStmnt>
</StmntSeq>
</Branch>
<Branch CovItemId="B116" CovItemPrefix="CardFunc.java" Implct="false" Intrnl_Id="1005">
<Cond>
<Loc EndOffset="12219" SrcFileId="4" StartOffset="12215"/>
</Cond>
<LocList>
<Loc EndOffset="12245" SrcFileId="4" StartOffset="12220"/>
</LocList>
<StmntSeq Intrnl_Id="1006">
<LocList>
<Loc EndOffset="12240" SrcFileId="4" StartOffset="12226"/>
</LocList>
<BasicStmnt CovItemId="S155" CovItemPrefix="CardFunc.java" Intrnl_Id="1007">
<LocList>
<Loc EndOffset="12240" SrcFileId="4" StartOffset="12226"/>
</LocList>
</BasicStmnt>
</StmntSeq>
</Branch>
<Keyword EndOffset="12152" SrcFileId="4" StartOffset="12150"/>
<LocList>
<Loc EndOffset="12245" SrcFileId="4" StartOffset="12150"/>
</LocList>
<RootTerm CovItemId="C66" CovItemPrefix="CardFunc.java" Intrnl_Id="1008">
<BasicBoolTerm Intrnl_Id="1009">
<LocList>
<Loc EndOffset="12161" SrcFileId="4" StartOffset="12153"/>
</LocList>
</BasicBoolTerm>
</RootTerm>
</CondStmnt>
</StmntSeq>
</HierarchyLvl>
<HierarchyLvl HierarchyLvlId="2004" HierarchyLvlTypeId="7" Intrnl_Id="1010" Name="func63Init">
<Header>
<Loc EndOffset="12279" SrcFileId="4" StartOffset="12255"/>
</Header>
<LocList>
<Loc EndOffset="12353" SrcFileId="4" StartOffset="12255"/>
</LocList>
<StmntSeq Intrnl_Id="1011">
<LocList>
<Loc EndOffset="12349" SrcFileId="4" StartOffset="12285"/>
</LocList>
<CondStmnt CovItemId="S156" CovItemPrefix="CardFunc.java" Intrnl_Id="1012">
<Branch CovItemId="B117" CovItemPrefix="CardFunc.java" Implct="false" Intrnl_Id="1013">
<Cond/>
<LocList>
<Loc EndOffset="12349" SrcFileId="4" StartOffset="12324"/>
</LocList>
<StmntSeq Intrnl_Id="1014">
<LocList>
<Loc EndOffset="12344" SrcFileId="4" StartOffset="12330"/>
</LocList>
<BasicStmnt CovItemId="S157" CovItemPrefix="CardFunc.java" Intrnl_Id="1015">
<LocList>
<Loc EndOffset="12344" SrcFileId="4" StartOffset="12330"/>
</LocList>
</BasicStmnt>
</StmntSeq>
</Branch>
<Branch CovItemId="B118" CovItemPrefix="CardFunc.java" Implct="true" Intrnl_Id="1016">
<Cond/>
<LocList/>
<StmntSeq Intrnl_Id="1017">
<LocList/>
</StmntSeq>
</Branch>
<Keyword EndOffset="12287" SrcFileId="4" StartOffset="12285"/>
<LocList>
<Loc EndOffset="12349" SrcFileId="4" StartOffset="12285"/>
</LocList>
<RootTerm CovItemId="C67" CovItemPrefix="CardFunc.java" Intrnl_Id="1018">
<BasicBoolTerm Intrnl_Id="1019">
<LocList>
<Loc EndOffset="12322" SrcFileId="4" StartOffset="12288"/>
</LocList>
</BasicBoolTerm>
</RootTerm>
</CondStmnt>
</StmntSeq>
</HierarchyLvl>
<HierarchyLvl HierarchyLvlId="2005" HierarchyLvlTypeId="7" Intrnl_Id="1020" Name="func63">
<Header>
<Loc EndOffset="12395" SrcFileId="4" StartOffset="12359"/>
</Header>
<LocList>
<Loc EndOffset="12674" SrcFileId="4" StartOffset="12359"/>
</LocList>
<StmntSeq Intrnl_Id="1021">
<LocList>
<Loc EndOffset="12670" SrcFileId="4" StartOffset="12506"/>
</LocList>
<CondStmnt CovItemId="S158" CovItemPrefix="CardFunc.java" Intrnl_Id="1022">
<Branch CovItemId="B119" CovItemPrefix="CardFunc.java" Implct="false" Intrnl_Id="1023">
<Cond/>
<LocList>
<Loc EndOffset="12629" SrcFileId="4" StartOffset="12519"/>
</LocList>
<StmntSeq Intrnl_Id="1024">
<LocList>
<Loc EndOffset="12605" SrcFileId="4" StartOffset="12525"/>
<Loc EndOffset="12624" SrcFileId="4" StartOffset="12610"/>
</LocList>
<LoopStmnt CovItemId="S159" CovItemPrefix="CardFunc.java" Intrnl_Id="1025" MltplExecId="L9-2" MltplExecPrefix="CardFunc.java" NvrExecId="L9-0" NvrExecPrefix="CardFunc.java" OnceExecutedId="L9-1" OnceExecutedPrefix="CardFunc.java" OptBodyExec="true">
<StmntSeq Intrnl_Id="1026">
<LocList>
<Loc EndOffset="12599" SrcFileId="4" StartOffset="12559"/>
</LocList>
<BasicStmnt CovItemId="S160" CovItemPrefix="CardFunc.java" Intrnl_Id="1027">
<LocList>
<Loc EndOffset="12599" SrcFileId="4" StartOffset="12559"/>
</LocList>
</BasicStmnt>
</StmntSeq>
<Keyword EndOffset="12528" SrcFileId="4" StartOffset="12525"/>
<LocList>
<Loc EndOffset="12605" SrcFileId="4" StartOffset="12525"/>
</LocList>
<RootTerm CovItemId="C69" CovItemPrefix="CardFunc.java" Intrnl_Id="1028">
<BasicBoolTerm Intrnl_Id="1029">
<LocList>
<Loc EndOffset="12545" SrcFileId="4" StartOffset="12540"/>
</LocList>
</BasicBoolTerm>
</RootTerm>
</LoopStmnt>
<BasicStmnt CovItemId="S161" CovItemPrefix="CardFunc.java" Intrnl_Id="1030">
<LocList>
<Loc EndOffset="12624" SrcFileId="4" StartOffset="12610"/>
</LocList>
</BasicStmnt>
</StmntSeq>
</Branch>
<Branch CovItemId="B120" CovItemPrefix="CardFunc.java" Implct="false" Intrnl_Id="1031">
<Cond>
<Loc EndOffset="12634" SrcFileId="4" StartOffset="12630"/>
</Cond>
<LocList>
<Loc EndOffset="12670" SrcFileId="4" StartOffset="12635"/>
</LocList>
<StmntSeq Intrnl_Id="1032">
<LocList>
<Loc EndOffset="12665" SrcFileId="4" StartOffset="12641"/>
</LocList>
<BasicStmnt CovItemId="S162" CovItemPrefix="CardFunc.java" Intrnl_Id="1033">
<LocList>
<Loc EndOffset="12665" SrcFileId="4" StartOffset="12641"/>
</LocList>
</BasicStmnt>
</StmntSeq>
</Branch>
<Keyword EndOffset="12508" SrcFileId="4" StartOffset="12506"/>
<LocList>
<Loc EndOffset="12670" SrcFileId="4" StartOffset="12506"/>
</LocList>
<RootTerm CovItemId="C68" CovItemPrefix="CardFunc.java" Intrnl_Id="1034">
<BasicBoolTerm Intrnl_Id="1035">
<LocList>
<Loc EndOffset="12517" SrcFileId="4" StartOffset="12509"/>
</LocList>
</BasicBoolTerm>
</RootTerm>
</CondStmnt>
</StmntSeq>
</HierarchyLvl>
<HierarchyLvl HierarchyLvlId="2006" HierarchyLvlTypeId="7" Intrnl_Id="1036" Name="func64">
<Header>
<Loc EndOffset="12716" SrcFileId="4" StartOffset="12680"/>
</Header>
<LocList>
<Loc EndOffset="12994" SrcFileId="4" StartOffset="12680"/>
</LocList>
<StmntSeq Intrnl_Id="1037">
<LocList>
<Loc EndOffset="12990" SrcFileId="4" StartOffset="12816"/>
</LocList>
<CondStmnt CovItemId="S163" CovItemPrefix="CardFunc.java" Intrnl_Id="1038">
<Branch CovItemId="B121" CovItemPrefix="CardFunc.java" Implct="false" Intrnl_Id="1039">
<Cond/>
<LocList>
<Loc EndOffset="12939" SrcFileId="4" StartOffset="12829"/>
</LocList>
<StmntSeq Intrnl_Id="1040">
<LocList>
<Loc EndOffset="12915" SrcFileId="4" StartOffset="12835"/>
<Loc EndOffset="12934" SrcFileId="4" StartOffset="12920"/>
</LocList>
<LoopStmnt CovItemId="S164" CovItemPrefix="CardFunc.java" Intrnl_Id="1041" MltplExecId="L10-2" MltplExecPrefix="CardFunc.java" NvrExecId="L10-0" NvrExecPrefix="CardFunc.java" OnceExecutedId="L10-1" OnceExecutedPrefix="CardFunc.java" OptBodyExec="true">
<StmntSeq Intrnl_Id="1042">
<LocList>
<Loc EndOffset="12909" SrcFileId="4" StartOffset="12869"/>
</LocList>
<BasicStmnt CovItemId="S165" CovItemPrefix="CardFunc.java" Intrnl_Id="1043">
<LocList>
<Loc EndOffset="12909" SrcFileId="4" StartOffset="12869"/>
</LocList>
</BasicStmnt>
</StmntSeq>
<Keyword EndOffset="12838" SrcFileId="4" StartOffset="12835"/>
<LocList>
<Loc EndOffset="12915" SrcFileId="4" StartOffset="12835"/>
</LocList>
<RootTerm CovItemId="C71" CovItemPrefix="CardFunc.java" Intrnl_Id="1044">
<BasicBoolTerm Intrnl_Id="1045">
<LocList>
<Loc EndOffset="12855" SrcFileId="4" StartOffset="12850"/>
</LocList>
</BasicBoolTerm>
</RootTerm>
</LoopStmnt>
<BasicStmnt CovItemId="S166" CovItemPrefix="CardFunc.java" Intrnl_Id="1046">
<LocList>
<Loc EndOffset="12934" SrcFileId="4" StartOffset="12920"/>
</LocList>
</BasicStmnt>
</StmntSeq>
</Branch>
<Branch CovItemId="B122" CovItemPrefix="CardFunc.java" Implct="false" Intrnl_Id="1047">
<Cond>
<Loc EndOffset="12944" SrcFileId="4" StartOffset="12940"/>
</Cond>
<LocList>
<Loc EndOffset="12990" SrcFileId="4" StartOffset="12945"/>
</LocList>
<StmntSeq Intrnl_Id="1048">
<LocList>
<Loc EndOffset="12985" SrcFileId="4" StartOffset="12971"/>
</LocList>
<BasicStmnt CovItemId="S167" CovItemPrefix="CardFunc.java" Intrnl_Id="1049">
<LocList>
<Loc EndOffset="12985" SrcFileId="4" StartOffset="12971"/>
</LocList>
</BasicStmnt>
</StmntSeq>
</Branch>
<Keyword EndOffset="12818" SrcFileId="4" StartOffset="12816"/>
<LocList>
<Loc EndOffset="12990" SrcFileId="4" StartOffset="12816"/>
</LocList>
<RootTerm CovItemId="C70" CovItemPrefix="CardFunc.java" Intrnl_Id="1050">
<BasicBoolTerm Intrnl_Id="1051">
<LocList>
<Loc EndOffset="12827" SrcFileId="4" StartOffset="12819"/>
</LocList>
</BasicBoolTerm>
</RootTerm>
</CondStmnt>
</StmntSeq>
</HierarchyLvl>
<HierarchyLvl HierarchyLvlId="2007" HierarchyLvlTypeId="7" Intrnl_Id="1052" Name="func65Init">
<Header>
<Loc EndOffset="13024" SrcFileId="4" StartOffset="13000"/>
</Header>
<LocList>
<Loc EndOffset="13101" SrcFileId="4" StartOffset="13000"/>
</LocList>
<StmntSeq Intrnl_Id="1053">
<LocList>
<Loc EndOffset="13097" SrcFileId="4" StartOffset="13030"/>
</LocList>
<CondStmnt CovItemId="S168" CovItemPrefix="CardFunc.java" Intrnl_Id="1054">
<Branch CovItemId="B123" CovItemPrefix="CardFunc.java" Implct="false" Intrnl_Id="1055">
<Cond/>
<LocList>
<Loc EndOffset="13097" SrcFileId="4" StartOffset="13072"/>
</LocList>
<StmntSeq Intrnl_Id="1056">
<LocList>
<Loc EndOffset="13092" SrcFileId="4" StartOffset="13078"/>
</LocList>
<BasicStmnt CovItemId="S169" CovItemPrefix="CardFunc.java" Intrnl_Id="1057">
<LocList>
<Loc EndOffset="13092" SrcFileId="4" StartOffset="13078"/>
</LocList>
</BasicStmnt>
</StmntSeq>
</Branch>
<Branch CovItemId="B124" CovItemPrefix="CardFunc.java" Implct="true" Intrnl_Id="1058">
<Cond/>
<LocList/>
<StmntSeq Intrnl_Id="1059">
<LocList/>
</StmntSeq>
</Branch>
<Keyword EndOffset="13032" SrcFileId="4" StartOffset="13030"/>
<LocList>
<Loc EndOffset="13097" SrcFileId="4" StartOffset="13030"/>
</LocList>
<RootTerm CovItemId="C72" CovItemPrefix="CardFunc.java" Intrnl_Id="1060">
<BasicBoolTerm Intrnl_Id="1061">
<LocList>
<Loc EndOffset="13070" SrcFileId="4" StartOffset="13033"/>
</LocList>
</BasicBoolTerm>
</RootTerm>
</CondStmnt>
</StmntSeq>
</HierarchyLvl>
<HierarchyLvl HierarchyLvlId="2008" HierarchyLvlTypeId="7" Intrnl_Id="1062" Name="func65">
<Header>
<Loc EndOffset="13143" SrcFileId="4" StartOffset="13107"/>
</Header>
<LocList>
<Loc EndOffset="13464" SrcFileId="4" StartOffset="13107"/>
</LocList>
<StmntSeq Intrnl_Id="1063">
<LocList>
<Loc EndOffset="13460" SrcFileId="4" StartOffset="13265"/>
</LocList>
<CondStmnt CovItemId="S170" CovItemPrefix="CardFunc.java" Intrnl_Id="1064">
<Branch CovItemId="B125" CovItemPrefix="CardFunc.java" Implct="false" Intrnl_Id="1065">
<Cond/>
<LocList>
<Loc EndOffset="13369" SrcFileId="4" StartOffset="13278"/>
</LocList>
<StmntSeq Intrnl_Id="1066">
<LocList>
<Loc EndOffset="13364" SrcFileId="4" StartOffset="13284"/>
</LocList>
<LoopStmnt CovItemId="S171" CovItemPrefix="CardFunc.java" Intrnl_Id="1067" MltplExecId="L11-2" MltplExecPrefix="CardFunc.java" NvrExecId="L11-0" NvrExecPrefix="CardFunc.java" OnceExecutedId="L11-1" OnceExecutedPrefix="CardFunc.java" OptBodyExec="true">
<StmntSeq Intrnl_Id="1068">
<LocList>
<Loc EndOffset="13358" SrcFileId="4" StartOffset="13318"/>
</LocList>
<BasicStmnt CovItemId="S172" CovItemPrefix="CardFunc.java" Intrnl_Id="1069">
<LocList>
<Loc EndOffset="13358" SrcFileId="4" StartOffset="13318"/>
</LocList>
</BasicStmnt>
</StmntSeq>
<Keyword EndOffset="13287" SrcFileId="4" StartOffset="13284"/>
<LocList>
<Loc EndOffset="13364" SrcFileId="4" StartOffset="13284"/>
</LocList>
<RootTerm CovItemId="C74" CovItemPrefix="CardFunc.java" Intrnl_Id="1070">
<BasicBoolTerm Intrnl_Id="1071">
<LocList>
<Loc EndOffset="13304" SrcFileId="4" StartOffset="13299"/>
</LocList>
</BasicBoolTerm>
</RootTerm>
</LoopStmnt>
</StmntSeq>
</Branch>
<Branch CovItemId="B126" CovItemPrefix="CardFunc.java" Implct="false" Intrnl_Id="1072">
<Cond>
<Loc EndOffset="13374" SrcFileId="4" StartOffset="13370"/>
</Cond>
<LocList>
<Loc EndOffset="13460" SrcFileId="4" StartOffset="13375"/>
</LocList>
<StmntSeq Intrnl_Id="1073">
<LocList/>
</StmntSeq>
</Branch>
<Keyword EndOffset="13267" SrcFileId="4" StartOffset="13265"/>
<LocList>
<Loc EndOffset="13460" SrcFileId="4" StartOffset="13265"/>
</LocList>
<RootTerm CovItemId="C73" CovItemPrefix="CardFunc.java" Intrnl_Id="1074">
<BasicBoolTerm Intrnl_Id="1075">
<LocList>
<Loc EndOffset="13276" SrcFileId="4" StartOffset="13268"/>
</LocList>
</BasicBoolTerm>
</RootTerm>
</CondStmnt>
</StmntSeq>
</HierarchyLvl>
<HierarchyLvl HierarchyLvlId="2009" HierarchyLvlTypeId="7" Intrnl_Id="1076" Name="func66Init">
<Header>
<Loc EndOffset="13494" SrcFileId="4" StartOffset="13470"/>
</Header>
<LocList>
<Loc EndOffset="13518" SrcFileId="4" StartOffset="13470"/>
</LocList>
<StmntSeq Intrnl_Id="1077">
<LocList>
<Loc EndOffset="13514" SrcFileId="4" StartOffset="13500"/>
</LocList>
<BasicStmnt CovItemId="S173" CovItemPrefix="CardFunc.java" Intrnl_Id="1078">
<LocList>
<Loc EndOffset="13514" SrcFileId="4" StartOffset="13500"/>
</LocList>
</BasicStmnt>
</StmntSeq>
</HierarchyLvl>
<HierarchyLvl HierarchyLvlId="2010" HierarchyLvlTypeId="7" Intrnl_Id="1079" Name="func66">
<Header>
<Loc EndOffset="13560" SrcFileId="4" StartOffset="13524"/>
</Header>
<LocList>
<Loc EndOffset="13686" SrcFileId="4" StartOffset="13524"/>
</LocList>
<StmntSeq Intrnl_Id="1080">
<LocList>
<Loc EndOffset="13682" SrcFileId="4" StartOffset="13618"/>
</LocList>
<CondStmnt CovItemId="S174" CovItemPrefix="CardFunc.java" Intrnl_Id="1081">
<Branch CovItemId="B127" CovItemPrefix="CardFunc.java" Implct="false" Intrnl_Id="1082">
<Cond/>
<LocList>
<Loc EndOffset="13682" SrcFileId="4" StartOffset="13631"/>
</LocList>
<StmntSeq Intrnl_Id="1083">
<LocList>
<Loc EndOffset="13677" SrcFileId="4" StartOffset="13637"/>
</LocList>
<BasicStmnt CovItemId="S175" CovItemPrefix="CardFunc.java" Intrnl_Id="1084">
<LocList>
<Loc EndOffset="13677" SrcFileId="4" StartOffset="13637"/>
</LocList>
</BasicStmnt>
</StmntSeq>
</Branch>
<Branch CovItemId="B128" CovItemPrefix="CardFunc.java" Implct="true" Intrnl_Id="1085">
<Cond/>
<LocList/>
<StmntSeq Intrnl_Id="1086">
<LocList/>
</StmntSeq>
</Branch>
<Keyword EndOffset="13620" SrcFileId="4" StartOffset="13618"/>
<LocList>
<Loc EndOffset="13682" SrcFileId="4" StartOffset="13618"/>
</LocList>
<RootTerm CovItemId="C75" CovItemPrefix="CardFunc.java" Intrnl_Id="1087">
<BasicBoolTerm Intrnl_Id="1088">
<LocList>
<Loc EndOffset="13629" SrcFileId="4" StartOffset="13621"/>
</LocList>
</BasicBoolTerm>
</RootTerm>
</CondStmnt>
</StmntSeq>
</HierarchyLvl>
<HierarchyLvl HierarchyLvlId="2011" HierarchyLvlTypeId="7" Intrnl_Id="1089" Name="func70">
<Header>
<Loc EndOffset="13728" SrcFileId="4" StartOffset="13692"/>
</Header>
<LocList>
<Loc EndOffset="14022" SrcFileId="4" StartOffset="13692"/>
</LocList>
<StmntSeq Intrnl_Id="1090">
<LocList>
<Loc EndOffset="14018" SrcFileId="4" StartOffset="13824"/>
</LocList>
<CondStmnt CovItemId="S176" CovItemPrefix="CardFunc.java" Intrnl_Id="1091">
<Branch CovItemId="B129" CovItemPrefix="CardFunc.java" Implct="false" Intrnl_Id="1092">
<Cond/>
<LocList>
<Loc EndOffset="13964" SrcFileId="4" StartOffset="13837"/>
</LocList>
<StmntSeq Intrnl_Id="1093">
<LocList>
<Loc EndOffset="13883" SrcFileId="4" StartOffset="13843"/>
<Loc EndOffset="13928" SrcFileId="4" StartOffset="13888"/>
</LocList>
<BasicStmnt CovItemId="S177" CovItemPrefix="CardFunc.java" Intrnl_Id="1094">
<LocList>
<Loc EndOffset="13883" SrcFileId="4" StartOffset="13843"/>
</LocList>
</BasicStmnt>
<BasicStmnt CovItemId="S178" CovItemPrefix="CardFunc.java" Intrnl_Id="1095">
<LocList>
<Loc EndOffset="13928" SrcFileId="4" StartOffset="13888"/>
</LocList>
</BasicStmnt>
</StmntSeq>
</Branch>
<Branch CovItemId="B130" CovItemPrefix="CardFunc.java" Implct="false" Intrnl_Id="1096">
<Cond>
<Loc EndOffset="13969" SrcFileId="4" StartOffset="13965"/>
</Cond>
<LocList>
<Loc EndOffset="14018" SrcFileId="4" StartOffset="13970"/>
</LocList>
<StmntSeq Intrnl_Id="1097">
<LocList/>
</StmntSeq>
</Branch>
<Keyword EndOffset="13826" SrcFileId="4" StartOffset="13824"/>
<LocList>
<Loc EndOffset="14018" SrcFileId="4" StartOffset="13824"/>
</LocList>
<RootTerm CovItemId="C76" CovItemPrefix="CardFunc.java" Intrnl_Id="1098">
<BasicBoolTerm Intrnl_Id="1099">
<LocList>
<Loc EndOffset="13835" SrcFileId="4" StartOffset="13827"/>
</LocList>
</BasicBoolTerm>
</RootTerm>
</CondStmnt>
</StmntSeq>
</HierarchyLvl>
<HierarchyLvl HierarchyLvlId="2012" HierarchyLvlTypeId="7" Intrnl_Id="1100" Name="func71Init">
<Header>
<Loc EndOffset="14052" SrcFileId="4" StartOffset="14028"/>
</Header>
<LocList>
<Loc EndOffset="14107" SrcFileId="4" StartOffset="14028"/>
</LocList>
<StmntSeq Intrnl_Id="1101">
<LocList>
<Loc EndOffset="14103" SrcFileId="4" StartOffset="14058"/>
</LocList>
<CondStmnt CovItemId="S179" CovItemPrefix="CardFunc.java" Intrnl_Id="1102">
<Branch CovItemId="B131" CovItemPrefix="CardFunc.java" Implct="false" Intrnl_Id="1103">
<Cond/>
<LocList>
<Loc EndOffset="14103" SrcFileId="4" StartOffset="14078"/>
</LocList>
<StmntSeq Intrnl_Id="1104">
<LocList>
<Loc EndOffset="14098" SrcFileId="4" StartOffset="14084"/>
</LocList>
<BasicStmnt CovItemId="S180" CovItemPrefix="CardFunc.java" Intrnl_Id="1105">
<LocList>
<Loc EndOffset="14098" SrcFileId="4" StartOffset="14084"/>
</LocList>
</BasicStmnt>
</StmntSeq>
</Branch>
<Branch CovItemId="B132" CovItemPrefix="CardFunc.java" Implct="true" Intrnl_Id="1106">
<Cond/>
<LocList/>
<StmntSeq Intrnl_Id="1107">
<LocList/>
</StmntSeq>
</Branch>
<Keyword EndOffset="14060" SrcFileId="4" StartOffset="14058"/>
<LocList>
<Loc EndOffset="14103" SrcFileId="4" StartOffset="14058"/>
</LocList>
<RootTerm CovItemId="C77" CovItemPrefix="CardFunc.java" Intrnl_Id="1108">
<BasicBoolTerm Intrnl_Id="1109">
<LocList>
<Loc EndOffset="14076" SrcFileId="4" StartOffset="14061"/>
</LocList>
</BasicBoolTerm>
</RootTerm>
</CondStmnt>
</StmntSeq>
</HierarchyLvl>
<HierarchyLvl HierarchyLvlId="2013" HierarchyLvlTypeId="7" Intrnl_Id="1110" Name="func71">
<Header>
<Loc EndOffset="14149" SrcFileId="4" StartOffset="14113"/>
</Header>
<LocList>
<Loc EndOffset="14378" SrcFileId="4" StartOffset="14113"/>
</LocList>
<StmntSeq Intrnl_Id="1111">
<LocList>
<Loc EndOffset="14374" SrcFileId="4" StartOffset="14220"/>
</LocList>
<CondStmnt CovItemId="S181" CovItemPrefix="CardFunc.java" Intrnl_Id="1112">
<Branch CovItemId="B133" CovItemPrefix="CardFunc.java" Implct="false" Intrnl_Id="1113">
<Cond/>
<LocList>
<Loc EndOffset="14324" SrcFileId="4" StartOffset="14233"/>
</LocList>
<StmntSeq Intrnl_Id="1114">
<LocList>
<Loc EndOffset="14319" SrcFileId="4" StartOffset="14239"/>
</LocList>
<LoopStmnt CovItemId="S182" CovItemPrefix="CardFunc.java" Intrnl_Id="1115" MltplExecId="L12-2" MltplExecPrefix="CardFunc.java" NvrExecId="L12-0" NvrExecPrefix="CardFunc.java" OnceExecutedId="L12-1" OnceExecutedPrefix="CardFunc.java" OptBodyExec="true">
<StmntSeq Intrnl_Id="1116">
<LocList>
<Loc EndOffset="14313" SrcFileId="4" StartOffset="14273"/>
</LocList>
<BasicStmnt CovItemId="S183" CovItemPrefix="CardFunc.java" Intrnl_Id="1117">
<LocList>
<Loc EndOffset="14313" SrcFileId="4" StartOffset="14273"/>
</LocList>
</BasicStmnt>
</StmntSeq>
<Keyword EndOffset="14242" SrcFileId="4" StartOffset="14239"/>
<LocList>
<Loc EndOffset="14319" SrcFileId="4" StartOffset="14239"/>
</LocList>
<RootTerm CovItemId="C79" CovItemPrefix="CardFunc.java" Intrnl_Id="1118">
<BasicBoolTerm Intrnl_Id="1119">
<LocList>
<Loc EndOffset="14259" SrcFileId="4" StartOffset="14254"/>
</LocList>
</BasicBoolTerm>
</RootTerm>
</LoopStmnt>
</StmntSeq>
</Branch>
<Branch CovItemId="B134" CovItemPrefix="CardFunc.java" Implct="false" Intrnl_Id="1120">
<Cond>
<Loc EndOffset="14329" SrcFileId="4" StartOffset="14325"/>
</Cond>
<LocList>
<Loc EndOffset="14374" SrcFileId="4" StartOffset="14330"/>
</LocList>
<StmntSeq Intrnl_Id="1121">
<LocList/>
</StmntSeq>
</Branch>
<Keyword EndOffset="14222" SrcFileId="4" StartOffset="14220"/>
<LocList>
<Loc EndOffset="14374" SrcFileId="4" StartOffset="14220"/>
</LocList>
<RootTerm CovItemId="C78" CovItemPrefix="CardFunc.java" Intrnl_Id="1122">
<BasicBoolTerm Intrnl_Id="1123">
<LocList>
<Loc EndOffset="14231" SrcFileId="4" StartOffset="14223"/>
</LocList>
</BasicBoolTerm>
</RootTerm>
</CondStmnt>
</StmntSeq>
</HierarchyLvl>
<HierarchyLvl HierarchyLvlId="2014" HierarchyLvlTypeId="7" Intrnl_Id="1124" Name="func72Init">
<Header>
<Loc EndOffset="14408" SrcFileId="4" StartOffset="14384"/>
</Header>
<LocList>
<Loc EndOffset="14485" SrcFileId="4" StartOffset="14384"/>
</LocList>
<StmntSeq Intrnl_Id="1125">
<LocList>
<Loc EndOffset="14481" SrcFileId="4" StartOffset="14414"/>
</LocList>
<CondStmnt CovItemId="S184" CovItemPrefix="CardFunc.java" Intrnl_Id="1126">
<Branch CovItemId="B135" CovItemPrefix="CardFunc.java" Implct="false" Intrnl_Id="1127">
<Cond/>
<LocList>
<Loc EndOffset="14481" SrcFileId="4" StartOffset="14456"/>
</LocList>
<StmntSeq Intrnl_Id="1128">
<LocList>
<Loc EndOffset="14476" SrcFileId="4" StartOffset="14462"/>
</LocList>
<BasicStmnt CovItemId="S185" CovItemPrefix="CardFunc.java" Intrnl_Id="1129">
<LocList>
<Loc EndOffset="14476" SrcFileId="4" StartOffset="14462"/>
</LocList>
</BasicStmnt>
</StmntSeq>
</Branch>
<Branch CovItemId="B136" CovItemPrefix="CardFunc.java" Implct="true" Intrnl_Id="1130">
<Cond/>
<LocList/>
<StmntSeq Intrnl_Id="1131">
<LocList/>
</StmntSeq>
</Branch>
<Keyword EndOffset="14416" SrcFileId="4" StartOffset="14414"/>
<LocList>
<Loc EndOffset="14481" SrcFileId="4" StartOffset="14414"/>
</LocList>
<RootTerm CovItemId="C80" CovItemPrefix="CardFunc.java" Intrnl_Id="1132">
<BasicBoolTerm Intrnl_Id="1133">
<LocList>
<Loc EndOffset="14454" SrcFileId="4" StartOffset="14417"/>
</LocList>
</BasicBoolTerm>
</RootTerm>
</CondStmnt>
</StmntSeq>
</HierarchyLvl>
<HierarchyLvl HierarchyLvlId="2015" HierarchyLvlTypeId="7" Intrnl_Id="1134" Name="func72">
<Header>
<Loc EndOffset="14527" SrcFileId="4" StartOffset="14491"/>
</Header>
<LocList>
<Loc EndOffset="14774" SrcFileId="4" StartOffset="14491"/>
</LocList>
<StmntSeq Intrnl_Id="1135">
<LocList>
<Loc EndOffset="14770" SrcFileId="4" StartOffset="14608"/>
</LocList>
<CondStmnt CovItemId="S186" CovItemPrefix="CardFunc.java" Intrnl_Id="1136">
<Branch CovItemId="B137" CovItemPrefix="CardFunc.java" Implct="false" Intrnl_Id="1137">
<Cond/>
<LocList>
<Loc EndOffset="14717" SrcFileId="4" StartOffset="14621"/>
</LocList>
<StmntSeq Intrnl_Id="1138">
<LocList>
<Loc EndOffset="14667" SrcFileId="4" StartOffset="14627"/>
<Loc EndOffset="14712" SrcFileId="4" StartOffset="14672"/>
</LocList>
<BasicStmnt CovItemId="S187" CovItemPrefix="CardFunc.java" Intrnl_Id="1139">
<LocList>
<Loc EndOffset="14667" SrcFileId="4" StartOffset="14627"/>
</LocList>
</BasicStmnt>
<BasicStmnt CovItemId="S188" CovItemPrefix="CardFunc.java" Intrnl_Id="1140">
<LocList>
<Loc EndOffset="14712" SrcFileId="4" StartOffset="14672"/>
</LocList>
</BasicStmnt>
</StmntSeq>
</Branch>
<Branch CovItemId="B138" CovItemPrefix="CardFunc.java" Implct="false" Intrnl_Id="1141">
<Cond>
<Loc EndOffset="14722" SrcFileId="4" StartOffset="14718"/>
</Cond>
<LocList>
<Loc EndOffset="14770" SrcFileId="4" StartOffset="14723"/>
</LocList>
<StmntSeq Intrnl_Id="1142">
<LocList/>
</StmntSeq>
</Branch>
<Keyword EndOffset="14610" SrcFileId="4" StartOffset="14608"/>
<LocList>
<Loc EndOffset="14770" SrcFileId="4" StartOffset="14608"/>
</LocList>
<RootTerm CovItemId="C81" CovItemPrefix="CardFunc.java" Intrnl_Id="1143">
<BasicBoolTerm Intrnl_Id="1144">
<LocList>
<Loc EndOffset="14619" SrcFileId="4" StartOffset="14611"/>
</LocList>
</BasicBoolTerm>
</RootTerm>
</CondStmnt>
</StmntSeq>
</HierarchyLvl>
<HierarchyLvl HierarchyLvlId="2016" HierarchyLvlTypeId="7" Intrnl_Id="1145" Name="playClass">
<Header>
<Loc EndOffset="14807" SrcFileId="4" StartOffset="14784"/>
</Header>
<LocList>
<Loc EndOffset="14816" SrcFileId="4" StartOffset="14784"/>
</LocList>
</HierarchyLvl>
<HierarchyLvl HierarchyLvlId="2017" HierarchyLvlTypeId="7" Intrnl_Id="1146" Name="end">
<Header>
<Loc EndOffset="14839" SrcFileId="4" StartOffset="14822"/>
</Header>
<LocList>
<Loc EndOffset="14926" SrcFileId="4" StartOffset="14822"/>
</LocList>
<StmntSeq Intrnl_Id="1147">
<LocList>
<Loc EndOffset="14922" SrcFileId="4" StartOffset="14844"/>
</LocList>
<CondStmnt CovItemId="S189" CovItemPrefix="CardFunc.java" Intrnl_Id="1148">
<Branch CovItemId="B139" CovItemPrefix="CardFunc.java" Implct="false" Intrnl_Id="1149">
<Cond/>
<LocList>
<Loc EndOffset="14891" SrcFileId="4" StartOffset="14868"/>
</LocList>
<StmntSeq Intrnl_Id="1150">
<LocList>
<Loc EndOffset="14886" SrcFileId="4" StartOffset="14874"/>
</LocList>
<BasicStmnt CovItemId="S190" CovItemPrefix="CardFunc.java" Intrnl_Id="1151">
<LocList>
<Loc EndOffset="14886" SrcFileId="4" StartOffset="14874"/>
</LocList>
</BasicStmnt>
</StmntSeq>
</Branch>
<Branch CovItemId="B140" CovItemPrefix="CardFunc.java" Implct="false" Intrnl_Id="1152">
<Cond>
<Loc EndOffset="14899" SrcFileId="4" StartOffset="14895"/>
</Cond>
<LocList>
<Loc EndOffset="14922" SrcFileId="4" StartOffset="14899"/>
</LocList>
<StmntSeq Intrnl_Id="1153">
<LocList>
<Loc EndOffset="14917" SrcFileId="4" StartOffset="14905"/>
</LocList>
<BasicStmnt CovItemId="S191" CovItemPrefix="CardFunc.java" Intrnl_Id="1154">
<LocList>
<Loc EndOffset="14917" SrcFileId="4" StartOffset="14905"/>
</LocList>
</BasicStmnt>
</StmntSeq>
</Branch>
<Keyword EndOffset="14846" SrcFileId="4" StartOffset="14844"/>
<LocList>
<Loc EndOffset="14922" SrcFileId="4" StartOffset="14844"/>
</LocList>
<RootTerm CovItemId="C82" CovItemPrefix="CardFunc.java" Intrnl_Id="1155">
<BasicBoolTerm Intrnl_Id="1156">
<LocList>
<Loc EndOffset="14867" SrcFileId="4" StartOffset="14847"/>
</LocList>
</BasicBoolTerm>
</RootTerm>
</CondStmnt>
</StmntSeq>
</HierarchyLvl>
</HierarchyLvl>
<HierarchyLvl HierarchyLvlId="2022" HierarchyLvlTypeId="8" Intrnl_Id="1157" Name="Card">
<Header>
<Loc EndOffset="46" SrcFileId="5" StartOffset="29"/>
</Header>
<LocList>
<Loc EndOffset="1055" SrcFileId="5" StartOffset="29"/>
</LocList>
<StmntSeq Intrnl_Id="1158">
<LocList>
<Loc EndOffset="82" SrcFileId="5" StartOffset="51"/>
<Loc EndOffset="172" SrcFileId="5" StartOffset="146"/>
<Loc EndOffset="225" SrcFileId="5" StartOffset="199"/>
<Loc EndOffset="377" SrcFileId="5" StartOffset="344"/>
<Loc EndOffset="655" SrcFileId="5" StartOffset="630"/>
<Loc EndOffset="759" SrcFileId="5" StartOffset="732"/>
<Loc EndOffset="788" SrcFileId="5" StartOffset="762"/>
</LocList>
<BasicStmnt CovItemId="S1" CovItemPrefix="Card.java" Intrnl_Id="1159">
<LocList>
<Loc EndOffset="82" SrcFileId="5" StartOffset="51"/>
</LocList>
</BasicStmnt>
<BasicStmnt CovItemId="S2" CovItemPrefix="Card.java" Intrnl_Id="1160">
<LocList>
<Loc EndOffset="172" SrcFileId="5" StartOffset="146"/>
</LocList>
</BasicStmnt>
<BasicStmnt CovItemId="S3" CovItemPrefix="Card.java" Intrnl_Id="1161">
<LocList>
<Loc EndOffset="225" SrcFileId="5" StartOffset="199"/>
</LocList>
</BasicStmnt>
<BasicStmnt CovItemId="S4" CovItemPrefix="Card.java" Intrnl_Id="1162">
<LocList>
<Loc EndOffset="377" SrcFileId="5" StartOffset="344"/>
</LocList>
</BasicStmnt>
<BasicStmnt CovItemId="S5" CovItemPrefix="Card.java" Intrnl_Id="1163">
<LocList>
<Loc EndOffset="655" SrcFileId="5" StartOffset="630"/>
</LocList>
</BasicStmnt>
<BasicStmnt CovItemId="S6" CovItemPrefix="Card.java" Intrnl_Id="1164">
<LocList>
<Loc EndOffset="759" SrcFileId="5" StartOffset="732"/>
</LocList>
</BasicStmnt>
<BasicStmnt CovItemId="S7" CovItemPrefix="Card.java" Intrnl_Id="1165">
<LocList>
<Loc EndOffset="788" SrcFileId="5" StartOffset="762"/>
</LocList>
</BasicStmnt>
</StmntSeq>
<HierarchyLvl HierarchyLvlId="2019" HierarchyLvlTypeId="7" Intrnl_Id="1166" Name="Card">
<Header>
<Loc EndOffset="883" SrcFileId="5" StartOffset="850"/>
</Header>
<LocList>
<Loc EndOffset="942" SrcFileId="5" StartOffset="850"/>
</LocList>
<StmntSeq Intrnl_Id="1167">
<LocList>
<Loc EndOffset="904" SrcFileId="5" StartOffset="889"/>
<Loc EndOffset="925" SrcFileId="5" StartOffset="908"/>
</LocList>
<BasicStmnt CovItemId="S8" CovItemPrefix="Card.java" Intrnl_Id="1168">
<LocList>
<Loc EndOffset="904" SrcFileId="5" StartOffset="889"/>
</LocList>
</BasicStmnt>
<BasicStmnt CovItemId="S9" CovItemPrefix="Card.java" Intrnl_Id="1169">
<LocList>
<Loc EndOffset="925" SrcFileId="5" StartOffset="908"/>
</LocList>
</BasicStmnt>
</StmntSeq>
</HierarchyLvl>
<HierarchyLvl HierarchyLvlId="2020" HierarchyLvlTypeId="7" Intrnl_Id="1170" Name="getName">
<Header>
<Loc EndOffset="971" SrcFileId="5" StartOffset="948"/>
</Header>
<LocList>
<Loc EndOffset="997" SrcFileId="5" StartOffset="948"/>
</LocList>
<StmntSeq Intrnl_Id="1171">
<LocList>
<Loc EndOffset="993" SrcFileId="5" StartOffset="976"/>
</LocList>
<BasicStmnt CovItemId="S10" CovItemPrefix="Card.java" Intrnl_Id="1172">
<LocList>
<Loc EndOffset="993" SrcFileId="5" StartOffset="976"/>
</LocList>
</BasicStmnt>
</StmntSeq>
</HierarchyLvl>
<HierarchyLvl HierarchyLvlId="2021" HierarchyLvlTypeId="7" Intrnl_Id="1173" Name="getNumber">
<Header>
<Loc EndOffset="1025" SrcFileId="5" StartOffset="1003"/>
</Header>
<LocList>
<Loc EndOffset="1050" SrcFileId="5" StartOffset="1003"/>
</LocList>
<StmntSeq Intrnl_Id="1174">
<LocList>
<Loc EndOffset="1046" SrcFileId="5" StartOffset="1030"/>
</LocList>
<BasicStmnt CovItemId="S11" CovItemPrefix="Card.java" Intrnl_Id="1175">
<LocList>
<Loc EndOffset="1046" SrcFileId="5" StartOffset="1030"/>
</LocList>
</BasicStmnt>
</StmntSeq>
</HierarchyLvl>
</HierarchyLvl>
</HierarchyLvl>
</MASTRoot>
</TestSessionContainer>
